<?xml version="1.0" encoding="UTF-8"?>
<testsuite xmlns:xsi="http://www.w3.org/2001/XMLSchema-instance" xsi:noNamespaceSchemaLocation="https://maven.apache.org/surefire/maven-failsafe-plugin/xsd/failsafe-test-report-3.0.xsd" version="3.0" name="Starter.CucumberTestSuite" time="92.387" tests="12" errors="0" skipped="0" failures="0">
  <properties>
    <property name="java.specification.version" value="15"/>
    <property name="webdriver.chrome.driver" value="C:\Users\user\Documents\WebMiniLogin\src\test\resources\webdriver\chromedriver.exe"/>
    <property name="sun.cpu.isalist" value="amd64"/>
    <property name="sun.jnu.encoding" value="Cp1252"/>
    <property name="java.class.path" value="C:\Users\user\Documents\WebMiniLogin\target\test-classes;C:\Users\user\.m2\repository\net\serenity-bdd\serenity-core\3.2.1\serenity-core-3.2.1.jar;C:\Users\user\.m2\repository\net\serenity-bdd\serenity-model\3.2.1\serenity-model-3.2.1.jar;C:\Users\user\.m2\repository\org\apache\commons\commons-text\1.9\commons-text-1.9.jar;C:\Users\user\.m2\repository\commons-net\commons-net\3.8.0\commons-net-3.8.0.jar;C:\Users\user\.m2\repository\com\google\guava\guava\31.1-jre\guava-31.1-jre.jar;C:\Users\user\.m2\repository\com\google\guava\failureaccess\1.0.1\failureaccess-1.0.1.jar;C:\Users\user\.m2\repository\com\google\guava\listenablefuture\9999.0-empty-to-avoid-conflict-with-guava\listenablefuture-9999.0-empty-to-avoid-conflict-with-guava.jar;C:\Users\user\.m2\repository\com\google\code\findbugs\jsr305\3.0.2\jsr305-3.0.2.jar;C:\Users\user\.m2\repository\org\checkerframework\checker-qual\3.12.0\checker-qual-3.12.0.jar;C:\Users\user\.m2\repository\com\google\errorprone\error_prone_annotations\2.11.0\error_prone_annotations-2.11.0.jar;C:\Users\user\.m2\repository\com\google\j2objc\j2objc-annotations\1.3\j2objc-annotations-1.3.jar;C:\Users\user\.m2\repository\com\google\inject\guice\5.1.0\guice-5.1.0.jar;C:\Users\user\.m2\repository\javax\inject\javax.inject\1\javax.inject-1.jar;C:\Users\user\.m2\repository\aopalliance\aopalliance\1.0\aopalliance-1.0.jar;C:\Users\user\.m2\repository\org\jsoup\jsoup\1.14.3\jsoup-1.14.3.jar;C:\Users\user\.m2\repository\com\thoughtworks\xstream\xstream\1.4.19\xstream-1.4.19.jar;C:\Users\user\.m2\repository\io\github\x-stream\mxparser\1.2.2\mxparser-1.2.2.jar;C:\Users\user\.m2\repository\xmlpull\xmlpull\1.1.3.1\xmlpull-1.1.3.1.jar;C:\Users\user\.m2\repository\io\cucumber\cucumber-java\7.2.3\cucumber-java-7.2.3.jar;C:\Users\user\.m2\repository\com\typesafe\config\1.4.2\config-1.4.2.jar;C:\Users\user\.m2\repository\org\imgscalr\imgscalr-lib\4.2\imgscalr-lib-4.2.jar;C:\Users\user\.m2\repository\org\awaitility\awaitility\4.2.0\awaitility-4.2.0.jar;C:\Users\user\.m2\repository\org\freemarker\freemarker\2.3.31\freemarker-2.3.31.jar;C:\Users\user\.m2\repository\io\github\classgraph\classgraph\4.8.138\classgraph-4.8.138.jar;C:\Users\user\.m2\repository\net\sourceforge\jexcelapi\jxl\2.6.12\jxl-2.6.12.jar;C:\Users\user\.m2\repository\net\bytebuddy\byte-buddy\1.12.8\byte-buddy-1.12.8.jar;C:\Users\user\.m2\repository\net\bytebuddy\byte-buddy-agent\1.12.8\byte-buddy-agent-1.12.8.jar;C:\Users\user\.m2\repository\org\objenesis\objenesis\3.1\objenesis-3.1.jar;C:\Users\user\.m2\repository\net\serenity-bdd\serenity-reports\3.2.1\serenity-reports-3.2.1.jar;C:\Users\user\.m2\repository\net\serenity-bdd\serenity-stats\3.2.1\serenity-stats-3.2.1.jar;C:\Users\user\.m2\repository\net\serenity-bdd\serenity-reports-configuration\3.2.1\serenity-reports-configuration-3.2.1.jar;C:\Users\user\.m2\repository\com\vladsch\flexmark\flexmark-all\0.34.30\flexmark-all-0.34.30.jar;C:\Users\user\.m2\repository\com\vladsch\flexmark\flexmark\0.34.30\flexmark-0.34.30.jar;C:\Users\user\.m2\repository\com\vladsch\flexmark\flexmark-ext-abbreviation\0.34.30\flexmark-ext-abbreviation-0.34.30.jar;C:\Users\user\.m2\repository\com\vladsch\flexmark\flexmark-ext-admonition\0.34.30\flexmark-ext-admonition-0.34.30.jar;C:\Users\user\.m2\repository\com\vladsch\flexmark\flexmark-ext-anchorlink\0.34.30\flexmark-ext-anchorlink-0.34.30.jar;C:\Users\user\.m2\repository\com\vladsch\flexmark\flexmark-ext-aside\0.34.30\flexmark-ext-aside-0.34.30.jar;C:\Users\user\.m2\repository\com\vladsch\flexmark\flexmark-ext-attributes\0.34.30\flexmark-ext-attributes-0.34.30.jar;C:\Users\user\.m2\repository\com\vladsch\flexmark\flexmark-ext-autolink\0.34.30\flexmark-ext-autolink-0.34.30.jar;C:\Users\user\.m2\repository\org\nibor\autolink\autolink\0.6.0\autolink-0.6.0.jar;C:\Users\user\.m2\repository\com\vladsch\flexmark\flexmark-ext-definition\0.34.30\flexmark-ext-definition-0.34.30.jar;C:\Users\user\.m2\repository\com\vladsch\flexmark\flexmark-ext-emoji\0.34.30\flexmark-ext-emoji-0.34.30.jar;C:\Users\user\.m2\repository\com\vladsch\flexmark\flexmark-ext-enumerated-reference\0.34.30\flexmark-ext-enumerated-reference-0.34.30.jar;C:\Users\user\.m2\repository\com\vladsch\flexmark\flexmark-ext-escaped-character\0.34.30\flexmark-ext-escaped-character-0.34.30.jar;C:\Users\user\.m2\repository\com\vladsch\flexmark\flexmark-ext-footnotes\0.34.30\flexmark-ext-footnotes-0.34.30.jar;C:\Users\user\.m2\repository\com\vladsch\flexmark\flexmark-ext-gfm-issues\0.34.30\flexmark-ext-gfm-issues-0.34.30.jar;C:\Users\user\.m2\repository\com\vladsch\flexmark\flexmark-ext-gfm-strikethrough\0.34.30\flexmark-ext-gfm-strikethrough-0.34.30.jar;C:\Users\user\.m2\repository\com\vladsch\flexmark\flexmark-ext-gfm-tables\0.34.30\flexmark-ext-gfm-tables-0.34.30.jar;C:\Users\user\.m2\repository\com\vladsch\flexmark\flexmark-ext-gfm-tasklist\0.34.30\flexmark-ext-gfm-tasklist-0.34.30.jar;C:\Users\user\.m2\repository\com\vladsch\flexmark\flexmark-ext-gfm-users\0.34.30\flexmark-ext-gfm-users-0.34.30.jar;C:\Users\user\.m2\repository\com\vladsch\flexmark\flexmark-ext-gitlab\0.34.30\flexmark-ext-gitlab-0.34.30.jar;C:\Users\user\.m2\repository\com\vladsch\flexmark\flexmark-ext-jekyll-front-matter\0.34.30\flexmark-ext-jekyll-front-matter-0.34.30.jar;C:\Users\user\.m2\repository\com\vladsch\flexmark\flexmark-ext-jekyll-tag\0.34.30\flexmark-ext-jekyll-tag-0.34.30.jar;C:\Users\user\.m2\repository\com\vladsch\flexmark\flexmark-ext-media-tags\0.34.30\flexmark-ext-media-tags-0.34.30.jar;C:\Users\user\.m2\repository\com\vladsch\flexmark\flexmark-test-util\0.34.30\flexmark-test-util-0.34.30.jar;C:\Users\user\.m2\repository\com\vladsch\flexmark\flexmark-ext-ins\0.34.30\flexmark-ext-ins-0.34.30.jar;C:\Users\user\.m2\repository\com\vladsch\flexmark\flexmark-ext-xwiki-macros\0.34.30\flexmark-ext-xwiki-macros-0.34.30.jar;C:\Users\user\.m2\repository\com\vladsch\flexmark\flexmark-ext-superscript\0.34.30\flexmark-ext-superscript-0.34.30.jar;C:\Users\user\.m2\repository\com\vladsch\flexmark\flexmark-ext-tables\0.34.30\flexmark-ext-tables-0.34.30.jar;C:\Users\user\.m2\repository\com\vladsch\flexmark\flexmark-ext-toc\0.34.30\flexmark-ext-toc-0.34.30.jar;C:\Users\user\.m2\repository\com\vladsch\flexmark\flexmark-ext-typographic\0.34.30\flexmark-ext-typographic-0.34.30.jar;C:\Users\user\.m2\repository\com\vladsch\flexmark\flexmark-ext-wikilink\0.34.30\flexmark-ext-wikilink-0.34.30.jar;C:\Users\user\.m2\repository\com\vladsch\flexmark\flexmark-ext-yaml-front-matter\0.34.30\flexmark-ext-yaml-front-matter-0.34.30.jar;C:\Users\user\.m2\repository\com\vladsch\flexmark\flexmark-ext-youtube-embedded\0.34.30\flexmark-ext-youtube-embedded-0.34.30.jar;C:\Users\user\.m2\repository\com\vladsch\flexmark\flexmark-formatter\0.34.30\flexmark-formatter-0.34.30.jar;C:\Users\user\.m2\repository\com\vladsch\flexmark\flexmark-html-parser\0.34.30\flexmark-html-parser-0.34.30.jar;C:\Users\user\.m2\repository\com\vladsch\flexmark\flexmark-jira-converter\0.34.30\flexmark-jira-converter-0.34.30.jar;C:\Users\user\.m2\repository\com\vladsch\flexmark\flexmark-pdf-converter\0.34.30\flexmark-pdf-converter-0.34.30.jar;C:\Users\user\.m2\repository\com\openhtmltopdf\openhtmltopdf-core\0.0.1-RC13\openhtmltopdf-core-0.0.1-RC13.jar;C:\Users\user\.m2\repository\com\openhtmltopdf\openhtmltopdf-pdfbox\0.0.1-RC13\openhtmltopdf-pdfbox-0.0.1-RC13.jar;C:\Users\user\.m2\repository\org\apache\pdfbox\pdfbox\2.0.8\pdfbox-2.0.8.jar;C:\Users\user\.m2\repository\org\apache\pdfbox\fontbox\2.0.8\fontbox-2.0.8.jar;C:\Users\user\.m2\repository\commons-logging\commons-logging\1.2\commons-logging-1.2.jar;C:\Users\user\.m2\repository\org\apache\pdfbox\xmpbox\2.0.8\xmpbox-2.0.8.jar;C:\Users\user\.m2\repository\de\rototor\pdfbox\graphics2d\0.12\graphics2d-0.12.jar;C:\Users\user\.m2\repository\com\openhtmltopdf\openhtmltopdf-rtl-support\0.0.1-RC13\openhtmltopdf-rtl-support-0.0.1-RC13.jar;C:\Users\user\.m2\repository\com\ibm\icu\icu4j\59.1\icu4j-59.1.jar;C:\Users\user\.m2\repository\com\openhtmltopdf\openhtmltopdf-jsoup-dom-converter\0.0.1-RC13\openhtmltopdf-jsoup-dom-converter-0.0.1-RC13.jar;C:\Users\user\.m2\repository\com\vladsch\flexmark\flexmark-profile-pegdown\0.34.30\flexmark-profile-pegdown-0.34.30.jar;C:\Users\user\.m2\repository\com\vladsch\flexmark\flexmark-util\0.34.30\flexmark-util-0.34.30.jar;C:\Users\user\.m2\repository\com\vladsch\flexmark\flexmark-youtrack-converter\0.34.30\flexmark-youtrack-converter-0.34.30.jar;C:\Users\user\.m2\repository\es\nitaur\markdown\txtmark\0.16\txtmark-0.16.jar;C:\Users\user\.m2\repository\net\serenity-bdd\serenity-report-resources\3.2.1\serenity-report-resources-3.2.1.jar;C:\Users\user\.m2\repository\com\google\code\gson\gson\2.9.0\gson-2.9.0.jar;C:\Users\user\.m2\repository\com\fasterxml\jackson\core\jackson-core\2.13.2\jackson-core-2.13.2.jar;C:\Users\user\.m2\repository\com\fasterxml\jackson\core\jackson-databind\2.13.2\jackson-databind-2.13.2.jar;C:\Users\user\.m2\repository\com\fasterxml\jackson\core\jackson-annotations\2.13.2\jackson-annotations-2.13.2.jar;C:\Users\user\.m2\repository\commons-codec\commons-codec\1.15\commons-codec-1.15.jar;C:\Users\user\.m2\repository\commons-io\commons-io\2.11.0\commons-io-2.11.0.jar;C:\Users\user\.m2\repository\org\seleniumhq\selenium\selenium-java\4.1.2\selenium-java-4.1.2.jar;C:\Users\user\.m2\repository\org\seleniumhq\selenium\selenium-devtools-v85\4.1.2\selenium-devtools-v85-4.1.2.jar;C:\Users\user\.m2\repository\org\seleniumhq\selenium\selenium-devtools-v95\4.1.2\selenium-devtools-v95-4.1.2.jar;C:\Users\user\.m2\repository\org\seleniumhq\selenium\selenium-devtools-v96\4.1.2\selenium-devtools-v96-4.1.2.jar;C:\Users\user\.m2\repository\org\seleniumhq\selenium\selenium-devtools-v97\4.1.2\selenium-devtools-v97-4.1.2.jar;C:\Users\user\.m2\repository\org\seleniumhq\selenium\selenium-firefox-xpi-driver\4.1.2\selenium-firefox-xpi-driver-4.1.2.jar;C:\Users\user\.m2\repository\org\seleniumhq\selenium\selenium-opera-driver\4.1.2\selenium-opera-driver-4.1.2.jar;C:\Users\user\.m2\repository\org\seleniumhq\selenium\selenium-remote-driver\4.1.2\selenium-remote-driver-4.1.2.jar;C:\Users\user\.m2\repository\com\beust\jcommander\1.82\jcommander-1.82.jar;C:\Users\user\.m2\repository\io\netty\netty-buffer\4.1.73.Final\netty-buffer-4.1.73.Final.jar;C:\Users\user\.m2\repository\io\netty\netty-codec-http\4.1.73.Final\netty-codec-http-4.1.73.Final.jar;C:\Users\user\.m2\repository\io\netty\netty-codec\4.1.73.Final\netty-codec-4.1.73.Final.jar;C:\Users\user\.m2\repository\io\netty\netty-handler\4.1.73.Final\netty-handler-4.1.73.Final.jar;C:\Users\user\.m2\repository\io\netty\netty-tcnative-classes\2.0.46.Final\netty-tcnative-classes-2.0.46.Final.jar;C:\Users\user\.m2\repository\io\netty\netty-common\4.1.73.Final\netty-common-4.1.73.Final.jar;C:\Users\user\.m2\repository\io\netty\netty-transport-classes-epoll\4.1.73.Final\netty-transport-classes-epoll-4.1.73.Final.jar;C:\Users\user\.m2\repository\io\netty\netty-transport-classes-kqueue\4.1.73.Final\netty-transport-classes-kqueue-4.1.73.Final.jar;C:\Users\user\.m2\repository\io\netty\netty-transport-native-epoll\4.1.73.Final\netty-transport-native-epoll-4.1.73.Final.jar;C:\Users\user\.m2\repository\io\netty\netty-transport-native-kqueue\4.1.73.Final\netty-transport-native-kqueue-4.1.73.Final.jar;C:\Users\user\.m2\repository\io\netty\netty-transport-native-unix-common\4.1.73.Final\netty-transport-native-unix-common-4.1.73.Final.jar;C:\Users\user\.m2\repository\io\netty\netty-transport\4.1.73.Final\netty-transport-4.1.73.Final.jar;C:\Users\user\.m2\repository\io\netty\netty-resolver\4.1.73.Final\netty-resolver-4.1.73.Final.jar;C:\Users\user\.m2\repository\io\opentelemetry\opentelemetry-api\1.10.1\opentelemetry-api-1.10.1.jar;C:\Users\user\.m2\repository\io\opentelemetry\opentelemetry-context\1.10.1\opentelemetry-context-1.10.1.jar;C:\Users\user\.m2\repository\io\opentelemetry\opentelemetry-exporter-logging\1.10.1\opentelemetry-exporter-logging-1.10.1.jar;C:\Users\user\.m2\repository\io\opentelemetry\opentelemetry-sdk-metrics\1.10.1-alpha\opentelemetry-sdk-metrics-1.10.1-alpha.jar;C:\Users\user\.m2\repository\io\opentelemetry\opentelemetry-sdk-logs\1.10.1-alpha\opentelemetry-sdk-logs-1.10.1-alpha.jar;C:\Users\user\.m2\repository\io\opentelemetry\opentelemetry-sdk-common\1.10.1\opentelemetry-sdk-common-1.10.1.jar;C:\Users\user\.m2\repository\io\opentelemetry\opentelemetry-sdk-extension-autoconfigure-spi\1.10.1\opentelemetry-sdk-extension-autoconfigure-spi-1.10.1.jar;C:\Users\user\.m2\repository\io\opentelemetry\opentelemetry-sdk-extension-autoconfigure\1.10.1-alpha\opentelemetry-sdk-extension-autoconfigure-1.10.1-alpha.jar;C:\Users\user\.m2\repository\io\opentelemetry\opentelemetry-sdk-trace\1.10.1\opentelemetry-sdk-trace-1.10.1.jar;C:\Users\user\.m2\repository\io\opentelemetry\opentelemetry-sdk\1.10.1\opentelemetry-sdk-1.10.1.jar;C:\Users\user\.m2\repository\io\opentelemetry\opentelemetry-semconv\1.10.1-alpha\opentelemetry-semconv-1.10.1-alpha.jar;C:\Users\user\.m2\repository\io\ous\jtoml\2.0.0\jtoml-2.0.0.jar;C:\Users\user\.m2\repository\org\apache\commons\commons-exec\1.3\commons-exec-1.3.jar;C:\Users\user\.m2\repository\org\asynchttpclient\async-http-client\2.12.3\async-http-client-2.12.3.jar;C:\Users\user\.m2\repository\org\asynchttpclient\async-http-client-netty-utils\2.12.3\async-http-client-netty-utils-2.12.3.jar;C:\Users\user\.m2\repository\io\netty\netty-codec-socks\4.1.60.Final\netty-codec-socks-4.1.60.Final.jar;C:\Users\user\.m2\repository\io\netty\netty-handler-proxy\4.1.60.Final\netty-handler-proxy-4.1.60.Final.jar;C:\Users\user\.m2\repository\io\netty\netty-transport-native-epoll\4.1.60.Final\netty-transport-native-epoll-4.1.60.Final-linux-x86_64.jar;C:\Users\user\.m2\repository\io\netty\netty-transport-native-kqueue\4.1.60.Final\netty-transport-native-kqueue-4.1.60.Final-osx-x86_64.jar;C:\Users\user\.m2\repository\org\reactivestreams\reactive-streams\1.0.3\reactive-streams-1.0.3.jar;C:\Users\user\.m2\repository\com\typesafe\netty\netty-reactive-streams\2.0.4\netty-reactive-streams-2.0.4.jar;C:\Users\user\.m2\repository\org\seleniumhq\selenium\selenium-http\4.1.2\selenium-http-4.1.2.jar;C:\Users\user\.m2\repository\net\jodah\failsafe\2.4.4\failsafe-2.4.4.jar;C:\Users\user\.m2\repository\org\seleniumhq\selenium\selenium-safari-driver\4.1.2\selenium-safari-driver-4.1.2.jar;C:\Users\user\.m2\repository\org\seleniumhq\selenium\selenium-api\4.1.2\selenium-api-4.1.2.jar;C:\Users\user\.m2\repository\org\seleniumhq\selenium\selenium-support\4.1.2\selenium-support-4.1.2.jar;C:\Users\user\.m2\repository\com\google\auto\service\auto-service-annotations\1.0.1\auto-service-annotations-1.0.1.jar;C:\Users\user\.m2\repository\com\google\auto\service\auto-service\1.0.1\auto-service-1.0.1.jar;C:\Users\user\.m2\repository\com\google\auto\auto-common\1.2\auto-common-1.2.jar;C:\Users\user\.m2\repository\org\seleniumhq\selenium\selenium-json\4.1.2\selenium-json-4.1.2.jar;C:\Users\user\.m2\repository\org\seleniumhq\selenium\selenium-chrome-driver\4.1.2\selenium-chrome-driver-4.1.2.jar;C:\Users\user\.m2\repository\org\seleniumhq\selenium\selenium-chromium-driver\4.1.2\selenium-chromium-driver-4.1.2.jar;C:\Users\user\.m2\repository\org\seleniumhq\selenium\selenium-firefox-driver\4.1.2\selenium-firefox-driver-4.1.2.jar;C:\Users\user\.m2\repository\org\seleniumhq\selenium\selenium-edge-driver\4.1.2\selenium-edge-driver-4.1.2.jar;C:\Users\user\.m2\repository\org\seleniumhq\selenium\selenium-ie-driver\4.1.2\selenium-ie-driver-4.1.2.jar;C:\Users\user\.m2\repository\org\projectlombok\lombok\1.18.20\lombok-1.18.20.jar;C:\Users\user\.m2\repository\io\appium\java-client\8.0.0\java-client-8.0.0.jar;C:\Users\user\.m2\repository\commons-validator\commons-validator\1.7\commons-validator-1.7.jar;C:\Users\user\.m2\repository\commons-digester\commons-digester\2.1\commons-digester-2.1.jar;C:\Users\user\.m2\repository\org\aspectj\aspectjweaver\1.9.8\aspectjweaver-1.9.8.jar;C:\Users\user\.m2\repository\org\codehaus\groovy\groovy\3.0.10\groovy-3.0.10.jar;C:\Users\user\.m2\repository\net\sf\opencsv\opencsv\2.0\opencsv-2.0.jar;C:\Users\user\.m2\repository\commons-beanutils\commons-beanutils\1.9.4\commons-beanutils-1.9.4.jar;C:\Users\user\.m2\repository\org\apache\commons\commons-lang3\3.12.0\commons-lang3-3.12.0.jar;C:\Users\user\.m2\repository\commons-collections\commons-collections\3.2.2\commons-collections-3.2.2.jar;C:\Users\user\.m2\repository\org\fluentlenium\fluentlenium-core\0.10.2\fluentlenium-core-0.10.2.jar;C:\Users\user\.m2\repository\io\github\bonigarcia\webdrivermanager\5.1.0\webdrivermanager-5.1.0.jar;C:\Users\user\.m2\repository\com\github\docker-java\docker-java\3.2.13\docker-java-3.2.13.jar;C:\Users\user\.m2\repository\com\github\docker-java\docker-java-core\3.2.13\docker-java-core-3.2.13.jar;C:\Users\user\.m2\repository\com\github\docker-java\docker-java-api\3.2.13\docker-java-api-3.2.13.jar;C:\Users\user\.m2\repository\org\apache\commons\commons-compress\1.21\commons-compress-1.21.jar;C:\Users\user\.m2\repository\org\bouncycastle\bcpkix-jdk15on\1.64\bcpkix-jdk15on-1.64.jar;C:\Users\user\.m2\repository\org\bouncycastle\bcprov-jdk15on\1.64\bcprov-jdk15on-1.64.jar;C:\Users\user\.m2\repository\org\slf4j\jcl-over-slf4j\1.7.30\jcl-over-slf4j-1.7.30.jar;C:\Users\user\.m2\repository\com\github\docker-java\docker-java-transport-httpclient5\3.2.13\docker-java-transport-httpclient5-3.2.13.jar;C:\Users\user\.m2\repository\com\github\docker-java\docker-java-transport\3.2.13\docker-java-transport-3.2.13.jar;C:\Users\user\.m2\repository\org\apache\httpcomponents\client5\httpclient5\5.0.3\httpclient5-5.0.3.jar;C:\Users\user\.m2\repository\org\apache\httpcomponents\core5\httpcore5\5.0.2\httpcore5-5.0.2.jar;C:\Users\user\.m2\repository\net\java\dev\jna\jna\5.8.0\jna-5.8.0.jar;C:\Users\user\.m2\repository\org\brotli\dec\0.1.2\dec-0.1.2.jar;C:\Users\user\.m2\repository\com\jhlabs\filters\2.0.235\filters-2.0.235.jar;C:\Users\user\.m2\repository\com\paulhammant\ngwebdriver\1.1.6\ngwebdriver-1.1.6.jar;C:\Users\user\.m2\repository\joda-time\joda-time\2.8.2\joda-time-2.8.2.jar;C:\Users\user\.m2\repository\org\hamcrest\hamcrest\2.2\hamcrest-2.2.jar;C:\Users\user\.m2\repository\com\google\jimfs\jimfs\1.2\jimfs-1.2.jar;C:\Users\user\.m2\repository\org\mockito\mockito-core\3.3.3\mockito-core-3.3.3.jar;C:\Users\user\.m2\repository\javax\xml\bind\jaxb-api\2.3.1\jaxb-api-2.3.1.jar;C:\Users\user\.m2\repository\javax\activation\javax.activation-api\1.2.0\javax.activation-api-1.2.0.jar;C:\Users\user\.m2\repository\com\sun\xml\bind\jaxb-core\2.3.0.1\jaxb-core-2.3.0.1.jar;C:\Users\user\.m2\repository\com\sun\xml\bind\jaxb-impl\2.3.3\jaxb-impl-2.3.3.jar;C:\Users\user\.m2\repository\jakarta\xml\bind\jakarta.xml.bind-api\2.3.3\jakarta.xml.bind-api-2.3.3.jar;C:\Users\user\.m2\repository\com\sun\activation\jakarta.activation\1.2.2\jakarta.activation-1.2.2.jar;C:\Users\user\.m2\repository\javax\activation\activation\1.1.1\activation-1.1.1.jar;C:\Users\user\.m2\repository\net\serenity-bdd\serenity-cucumber\3.2.1\serenity-cucumber-3.2.1.jar;C:\Users\user\.m2\repository\io\cucumber\cucumber-core\7.2.3\cucumber-core-7.2.3.jar;C:\Users\user\.m2\repository\io\cucumber\cucumber-gherkin\7.2.3\cucumber-gherkin-7.2.3.jar;C:\Users\user\.m2\repository\io\cucumber\cucumber-gherkin-messages\7.2.3\cucumber-gherkin-messages-7.2.3.jar;C:\Users\user\.m2\repository\io\cucumber\messages\17.1.1\messages-17.1.1.jar;C:\Users\user\.m2\repository\io\cucumber\tag-expressions\4.1.0\tag-expressions-4.1.0.jar;C:\Users\user\.m2\repository\io\cucumber\cucumber-expressions\15.0.1\cucumber-expressions-15.0.1.jar;C:\Users\user\.m2\repository\io\cucumber\datatable\7.2.3\datatable-7.2.3.jar;C:\Users\user\.m2\repository\io\cucumber\cucumber-plugin\7.2.3\cucumber-plugin-7.2.3.jar;C:\Users\user\.m2\repository\io\cucumber\docstring\7.2.3\docstring-7.2.3.jar;C:\Users\user\.m2\repository\io\cucumber\html-formatter\17.0.0\html-formatter-17.0.0.jar;C:\Users\user\.m2\repository\io\cucumber\ci-environment\8.1.0\ci-environment-8.1.0.jar;C:\Users\user\.m2\repository\io\cucumber\cucumber-junit\7.2.3\cucumber-junit-7.2.3.jar;C:\Users\user\.m2\repository\org\apache\commons\commons-csv\1.5\commons-csv-1.5.jar;C:\Users\user\.m2\repository\net\serenity-bdd\serenity-screenplay\3.2.1\serenity-screenplay-3.2.1.jar;C:\Users\user\.m2\repository\net\serenity-bdd\serenity-screenplay-webdriver\3.2.1\serenity-screenplay-webdriver-3.2.1.jar;C:\Users\user\.m2\repository\net\serenity-bdd\serenity-ensure\3.2.1\serenity-ensure-3.2.1.jar;C:\Users\user\.m2\repository\net\serenity-bdd\serenity-junit\3.2.1\serenity-junit-3.2.1.jar;C:\Users\user\.m2\repository\org\jetbrains\kotlin\kotlin-stdlib\1.6.0\kotlin-stdlib-1.6.0.jar;C:\Users\user\.m2\repository\org\jetbrains\annotations\13.0\annotations-13.0.jar;C:\Users\user\.m2\repository\org\jetbrains\kotlin\kotlin-stdlib-common\1.6.0\kotlin-stdlib-common-1.6.0.jar;C:\Users\user\.m2\repository\org\junit\platform\junit-platform-launcher\1.8.1\junit-platform-launcher-1.8.1.jar;C:\Users\user\.m2\repository\org\junit\platform\junit-platform-engine\1.8.1\junit-platform-engine-1.8.1.jar;C:\Users\user\.m2\repository\org\opentest4j\opentest4j\1.2.0\opentest4j-1.2.0.jar;C:\Users\user\.m2\repository\org\junit\platform\junit-platform-commons\1.8.1\junit-platform-commons-1.8.1.jar;C:\Users\user\.m2\repository\org\apiguardian\apiguardian-api\1.1.2\apiguardian-api-1.1.2.jar;C:\Users\user\.m2\repository\org\junit\jupiter\junit-jupiter-engine\5.8.2\junit-jupiter-engine-5.8.2.jar;C:\Users\user\.m2\repository\org\junit\jupiter\junit-jupiter-api\5.8.2\junit-jupiter-api-5.8.2.jar;C:\Users\user\.m2\repository\org\junit\vintage\junit-vintage-engine\5.8.2\junit-vintage-engine-5.8.2.jar;C:\Users\user\.m2\repository\junit\junit\4.13.2\junit-4.13.2.jar;C:\Users\user\.m2\repository\org\hamcrest\hamcrest-core\1.3\hamcrest-core-1.3.jar;C:\Users\user\.m2\repository\ch\qos\logback\logback-classic\1.2.10\logback-classic-1.2.10.jar;C:\Users\user\.m2\repository\ch\qos\logback\logback-core\1.2.10\logback-core-1.2.10.jar;C:\Users\user\.m2\repository\org\slf4j\slf4j-api\1.7.32\slf4j-api-1.7.32.jar;C:\Users\user\.m2\repository\org\assertj\assertj-core\3.6.2\assertj-core-3.6.2.jar;"/>
    <property name="java.vm.vendor" value="Oracle Corporation"/>
    <property name="sun.arch.data.model" value="64"/>
    <property name="user.variant" value=""/>
    <property name="java.vendor.url" value="https://java.oracle.com/"/>
    <property name="user.timezone" value="Asia/Jakarta"/>
    <property name="log4j2.formatMsgNoLookups" value="true"/>
    <property name="os.name" value="Windows 10"/>
    <property name="java.vm.specification.version" value="15"/>
    <property name="sun.java.launcher" value="SUN_STANDARD"/>
    <property name="user.country" value="ID"/>
    <property name="sun.boot.library.path" value="C:\Program Files\Java\jdk-15.0.2\bin"/>
    <property name="sun.java.command" value="org.apache.maven.surefire.booter.ForkedBooter C:\Users\user\AppData\Local\Temp\surefire10067830769858233471 2022-05-20T16-17-49_995-jvmRun1 surefire3067614556747632788tmp surefire_09700938607225280119tmp"/>
    <property name="jdk.debug" value="release"/>
    <property name="surefire.test.class.path" value="C:\Users\user\Documents\WebMiniLogin\target\test-classes;C:\Users\user\.m2\repository\net\serenity-bdd\serenity-core\3.2.1\serenity-core-3.2.1.jar;C:\Users\user\.m2\repository\net\serenity-bdd\serenity-model\3.2.1\serenity-model-3.2.1.jar;C:\Users\user\.m2\repository\org\apache\commons\commons-text\1.9\commons-text-1.9.jar;C:\Users\user\.m2\repository\commons-net\commons-net\3.8.0\commons-net-3.8.0.jar;C:\Users\user\.m2\repository\com\google\guava\guava\31.1-jre\guava-31.1-jre.jar;C:\Users\user\.m2\repository\com\google\guava\failureaccess\1.0.1\failureaccess-1.0.1.jar;C:\Users\user\.m2\repository\com\google\guava\listenablefuture\9999.0-empty-to-avoid-conflict-with-guava\listenablefuture-9999.0-empty-to-avoid-conflict-with-guava.jar;C:\Users\user\.m2\repository\com\google\code\findbugs\jsr305\3.0.2\jsr305-3.0.2.jar;C:\Users\user\.m2\repository\org\checkerframework\checker-qual\3.12.0\checker-qual-3.12.0.jar;C:\Users\user\.m2\repository\com\google\errorprone\error_prone_annotations\2.11.0\error_prone_annotations-2.11.0.jar;C:\Users\user\.m2\repository\com\google\j2objc\j2objc-annotations\1.3\j2objc-annotations-1.3.jar;C:\Users\user\.m2\repository\com\google\inject\guice\5.1.0\guice-5.1.0.jar;C:\Users\user\.m2\repository\javax\inject\javax.inject\1\javax.inject-1.jar;C:\Users\user\.m2\repository\aopalliance\aopalliance\1.0\aopalliance-1.0.jar;C:\Users\user\.m2\repository\org\jsoup\jsoup\1.14.3\jsoup-1.14.3.jar;C:\Users\user\.m2\repository\com\thoughtworks\xstream\xstream\1.4.19\xstream-1.4.19.jar;C:\Users\user\.m2\repository\io\github\x-stream\mxparser\1.2.2\mxparser-1.2.2.jar;C:\Users\user\.m2\repository\xmlpull\xmlpull\1.1.3.1\xmlpull-1.1.3.1.jar;C:\Users\user\.m2\repository\io\cucumber\cucumber-java\7.2.3\cucumber-java-7.2.3.jar;C:\Users\user\.m2\repository\com\typesafe\config\1.4.2\config-1.4.2.jar;C:\Users\user\.m2\repository\org\imgscalr\imgscalr-lib\4.2\imgscalr-lib-4.2.jar;C:\Users\user\.m2\repository\org\awaitility\awaitility\4.2.0\awaitility-4.2.0.jar;C:\Users\user\.m2\repository\org\freemarker\freemarker\2.3.31\freemarker-2.3.31.jar;C:\Users\user\.m2\repository\io\github\classgraph\classgraph\4.8.138\classgraph-4.8.138.jar;C:\Users\user\.m2\repository\net\sourceforge\jexcelapi\jxl\2.6.12\jxl-2.6.12.jar;C:\Users\user\.m2\repository\net\bytebuddy\byte-buddy\1.12.8\byte-buddy-1.12.8.jar;C:\Users\user\.m2\repository\net\bytebuddy\byte-buddy-agent\1.12.8\byte-buddy-agent-1.12.8.jar;C:\Users\user\.m2\repository\org\objenesis\objenesis\3.1\objenesis-3.1.jar;C:\Users\user\.m2\repository\net\serenity-bdd\serenity-reports\3.2.1\serenity-reports-3.2.1.jar;C:\Users\user\.m2\repository\net\serenity-bdd\serenity-stats\3.2.1\serenity-stats-3.2.1.jar;C:\Users\user\.m2\repository\net\serenity-bdd\serenity-reports-configuration\3.2.1\serenity-reports-configuration-3.2.1.jar;C:\Users\user\.m2\repository\com\vladsch\flexmark\flexmark-all\0.34.30\flexmark-all-0.34.30.jar;C:\Users\user\.m2\repository\com\vladsch\flexmark\flexmark\0.34.30\flexmark-0.34.30.jar;C:\Users\user\.m2\repository\com\vladsch\flexmark\flexmark-ext-abbreviation\0.34.30\flexmark-ext-abbreviation-0.34.30.jar;C:\Users\user\.m2\repository\com\vladsch\flexmark\flexmark-ext-admonition\0.34.30\flexmark-ext-admonition-0.34.30.jar;C:\Users\user\.m2\repository\com\vladsch\flexmark\flexmark-ext-anchorlink\0.34.30\flexmark-ext-anchorlink-0.34.30.jar;C:\Users\user\.m2\repository\com\vladsch\flexmark\flexmark-ext-aside\0.34.30\flexmark-ext-aside-0.34.30.jar;C:\Users\user\.m2\repository\com\vladsch\flexmark\flexmark-ext-attributes\0.34.30\flexmark-ext-attributes-0.34.30.jar;C:\Users\user\.m2\repository\com\vladsch\flexmark\flexmark-ext-autolink\0.34.30\flexmark-ext-autolink-0.34.30.jar;C:\Users\user\.m2\repository\org\nibor\autolink\autolink\0.6.0\autolink-0.6.0.jar;C:\Users\user\.m2\repository\com\vladsch\flexmark\flexmark-ext-definition\0.34.30\flexmark-ext-definition-0.34.30.jar;C:\Users\user\.m2\repository\com\vladsch\flexmark\flexmark-ext-emoji\0.34.30\flexmark-ext-emoji-0.34.30.jar;C:\Users\user\.m2\repository\com\vladsch\flexmark\flexmark-ext-enumerated-reference\0.34.30\flexmark-ext-enumerated-reference-0.34.30.jar;C:\Users\user\.m2\repository\com\vladsch\flexmark\flexmark-ext-escaped-character\0.34.30\flexmark-ext-escaped-character-0.34.30.jar;C:\Users\user\.m2\repository\com\vladsch\flexmark\flexmark-ext-footnotes\0.34.30\flexmark-ext-footnotes-0.34.30.jar;C:\Users\user\.m2\repository\com\vladsch\flexmark\flexmark-ext-gfm-issues\0.34.30\flexmark-ext-gfm-issues-0.34.30.jar;C:\Users\user\.m2\repository\com\vladsch\flexmark\flexmark-ext-gfm-strikethrough\0.34.30\flexmark-ext-gfm-strikethrough-0.34.30.jar;C:\Users\user\.m2\repository\com\vladsch\flexmark\flexmark-ext-gfm-tables\0.34.30\flexmark-ext-gfm-tables-0.34.30.jar;C:\Users\user\.m2\repository\com\vladsch\flexmark\flexmark-ext-gfm-tasklist\0.34.30\flexmark-ext-gfm-tasklist-0.34.30.jar;C:\Users\user\.m2\repository\com\vladsch\flexmark\flexmark-ext-gfm-users\0.34.30\flexmark-ext-gfm-users-0.34.30.jar;C:\Users\user\.m2\repository\com\vladsch\flexmark\flexmark-ext-gitlab\0.34.30\flexmark-ext-gitlab-0.34.30.jar;C:\Users\user\.m2\repository\com\vladsch\flexmark\flexmark-ext-jekyll-front-matter\0.34.30\flexmark-ext-jekyll-front-matter-0.34.30.jar;C:\Users\user\.m2\repository\com\vladsch\flexmark\flexmark-ext-jekyll-tag\0.34.30\flexmark-ext-jekyll-tag-0.34.30.jar;C:\Users\user\.m2\repository\com\vladsch\flexmark\flexmark-ext-media-tags\0.34.30\flexmark-ext-media-tags-0.34.30.jar;C:\Users\user\.m2\repository\com\vladsch\flexmark\flexmark-test-util\0.34.30\flexmark-test-util-0.34.30.jar;C:\Users\user\.m2\repository\com\vladsch\flexmark\flexmark-ext-ins\0.34.30\flexmark-ext-ins-0.34.30.jar;C:\Users\user\.m2\repository\com\vladsch\flexmark\flexmark-ext-xwiki-macros\0.34.30\flexmark-ext-xwiki-macros-0.34.30.jar;C:\Users\user\.m2\repository\com\vladsch\flexmark\flexmark-ext-superscript\0.34.30\flexmark-ext-superscript-0.34.30.jar;C:\Users\user\.m2\repository\com\vladsch\flexmark\flexmark-ext-tables\0.34.30\flexmark-ext-tables-0.34.30.jar;C:\Users\user\.m2\repository\com\vladsch\flexmark\flexmark-ext-toc\0.34.30\flexmark-ext-toc-0.34.30.jar;C:\Users\user\.m2\repository\com\vladsch\flexmark\flexmark-ext-typographic\0.34.30\flexmark-ext-typographic-0.34.30.jar;C:\Users\user\.m2\repository\com\vladsch\flexmark\flexmark-ext-wikilink\0.34.30\flexmark-ext-wikilink-0.34.30.jar;C:\Users\user\.m2\repository\com\vladsch\flexmark\flexmark-ext-yaml-front-matter\0.34.30\flexmark-ext-yaml-front-matter-0.34.30.jar;C:\Users\user\.m2\repository\com\vladsch\flexmark\flexmark-ext-youtube-embedded\0.34.30\flexmark-ext-youtube-embedded-0.34.30.jar;C:\Users\user\.m2\repository\com\vladsch\flexmark\flexmark-formatter\0.34.30\flexmark-formatter-0.34.30.jar;C:\Users\user\.m2\repository\com\vladsch\flexmark\flexmark-html-parser\0.34.30\flexmark-html-parser-0.34.30.jar;C:\Users\user\.m2\repository\com\vladsch\flexmark\flexmark-jira-converter\0.34.30\flexmark-jira-converter-0.34.30.jar;C:\Users\user\.m2\repository\com\vladsch\flexmark\flexmark-pdf-converter\0.34.30\flexmark-pdf-converter-0.34.30.jar;C:\Users\user\.m2\repository\com\openhtmltopdf\openhtmltopdf-core\0.0.1-RC13\openhtmltopdf-core-0.0.1-RC13.jar;C:\Users\user\.m2\repository\com\openhtmltopdf\openhtmltopdf-pdfbox\0.0.1-RC13\openhtmltopdf-pdfbox-0.0.1-RC13.jar;C:\Users\user\.m2\repository\org\apache\pdfbox\pdfbox\2.0.8\pdfbox-2.0.8.jar;C:\Users\user\.m2\repository\org\apache\pdfbox\fontbox\2.0.8\fontbox-2.0.8.jar;C:\Users\user\.m2\repository\commons-logging\commons-logging\1.2\commons-logging-1.2.jar;C:\Users\user\.m2\repository\org\apache\pdfbox\xmpbox\2.0.8\xmpbox-2.0.8.jar;C:\Users\user\.m2\repository\de\rototor\pdfbox\graphics2d\0.12\graphics2d-0.12.jar;C:\Users\user\.m2\repository\com\openhtmltopdf\openhtmltopdf-rtl-support\0.0.1-RC13\openhtmltopdf-rtl-support-0.0.1-RC13.jar;C:\Users\user\.m2\repository\com\ibm\icu\icu4j\59.1\icu4j-59.1.jar;C:\Users\user\.m2\repository\com\openhtmltopdf\openhtmltopdf-jsoup-dom-converter\0.0.1-RC13\openhtmltopdf-jsoup-dom-converter-0.0.1-RC13.jar;C:\Users\user\.m2\repository\com\vladsch\flexmark\flexmark-profile-pegdown\0.34.30\flexmark-profile-pegdown-0.34.30.jar;C:\Users\user\.m2\repository\com\vladsch\flexmark\flexmark-util\0.34.30\flexmark-util-0.34.30.jar;C:\Users\user\.m2\repository\com\vladsch\flexmark\flexmark-youtrack-converter\0.34.30\flexmark-youtrack-converter-0.34.30.jar;C:\Users\user\.m2\repository\es\nitaur\markdown\txtmark\0.16\txtmark-0.16.jar;C:\Users\user\.m2\repository\net\serenity-bdd\serenity-report-resources\3.2.1\serenity-report-resources-3.2.1.jar;C:\Users\user\.m2\repository\com\google\code\gson\gson\2.9.0\gson-2.9.0.jar;C:\Users\user\.m2\repository\com\fasterxml\jackson\core\jackson-core\2.13.2\jackson-core-2.13.2.jar;C:\Users\user\.m2\repository\com\fasterxml\jackson\core\jackson-databind\2.13.2\jackson-databind-2.13.2.jar;C:\Users\user\.m2\repository\com\fasterxml\jackson\core\jackson-annotations\2.13.2\jackson-annotations-2.13.2.jar;C:\Users\user\.m2\repository\commons-codec\commons-codec\1.15\commons-codec-1.15.jar;C:\Users\user\.m2\repository\commons-io\commons-io\2.11.0\commons-io-2.11.0.jar;C:\Users\user\.m2\repository\org\seleniumhq\selenium\selenium-java\4.1.2\selenium-java-4.1.2.jar;C:\Users\user\.m2\repository\org\seleniumhq\selenium\selenium-devtools-v85\4.1.2\selenium-devtools-v85-4.1.2.jar;C:\Users\user\.m2\repository\org\seleniumhq\selenium\selenium-devtools-v95\4.1.2\selenium-devtools-v95-4.1.2.jar;C:\Users\user\.m2\repository\org\seleniumhq\selenium\selenium-devtools-v96\4.1.2\selenium-devtools-v96-4.1.2.jar;C:\Users\user\.m2\repository\org\seleniumhq\selenium\selenium-devtools-v97\4.1.2\selenium-devtools-v97-4.1.2.jar;C:\Users\user\.m2\repository\org\seleniumhq\selenium\selenium-firefox-xpi-driver\4.1.2\selenium-firefox-xpi-driver-4.1.2.jar;C:\Users\user\.m2\repository\org\seleniumhq\selenium\selenium-opera-driver\4.1.2\selenium-opera-driver-4.1.2.jar;C:\Users\user\.m2\repository\org\seleniumhq\selenium\selenium-remote-driver\4.1.2\selenium-remote-driver-4.1.2.jar;C:\Users\user\.m2\repository\com\beust\jcommander\1.82\jcommander-1.82.jar;C:\Users\user\.m2\repository\io\netty\netty-buffer\4.1.73.Final\netty-buffer-4.1.73.Final.jar;C:\Users\user\.m2\repository\io\netty\netty-codec-http\4.1.73.Final\netty-codec-http-4.1.73.Final.jar;C:\Users\user\.m2\repository\io\netty\netty-codec\4.1.73.Final\netty-codec-4.1.73.Final.jar;C:\Users\user\.m2\repository\io\netty\netty-handler\4.1.73.Final\netty-handler-4.1.73.Final.jar;C:\Users\user\.m2\repository\io\netty\netty-tcnative-classes\2.0.46.Final\netty-tcnative-classes-2.0.46.Final.jar;C:\Users\user\.m2\repository\io\netty\netty-common\4.1.73.Final\netty-common-4.1.73.Final.jar;C:\Users\user\.m2\repository\io\netty\netty-transport-classes-epoll\4.1.73.Final\netty-transport-classes-epoll-4.1.73.Final.jar;C:\Users\user\.m2\repository\io\netty\netty-transport-classes-kqueue\4.1.73.Final\netty-transport-classes-kqueue-4.1.73.Final.jar;C:\Users\user\.m2\repository\io\netty\netty-transport-native-epoll\4.1.73.Final\netty-transport-native-epoll-4.1.73.Final.jar;C:\Users\user\.m2\repository\io\netty\netty-transport-native-kqueue\4.1.73.Final\netty-transport-native-kqueue-4.1.73.Final.jar;C:\Users\user\.m2\repository\io\netty\netty-transport-native-unix-common\4.1.73.Final\netty-transport-native-unix-common-4.1.73.Final.jar;C:\Users\user\.m2\repository\io\netty\netty-transport\4.1.73.Final\netty-transport-4.1.73.Final.jar;C:\Users\user\.m2\repository\io\netty\netty-resolver\4.1.73.Final\netty-resolver-4.1.73.Final.jar;C:\Users\user\.m2\repository\io\opentelemetry\opentelemetry-api\1.10.1\opentelemetry-api-1.10.1.jar;C:\Users\user\.m2\repository\io\opentelemetry\opentelemetry-context\1.10.1\opentelemetry-context-1.10.1.jar;C:\Users\user\.m2\repository\io\opentelemetry\opentelemetry-exporter-logging\1.10.1\opentelemetry-exporter-logging-1.10.1.jar;C:\Users\user\.m2\repository\io\opentelemetry\opentelemetry-sdk-metrics\1.10.1-alpha\opentelemetry-sdk-metrics-1.10.1-alpha.jar;C:\Users\user\.m2\repository\io\opentelemetry\opentelemetry-sdk-logs\1.10.1-alpha\opentelemetry-sdk-logs-1.10.1-alpha.jar;C:\Users\user\.m2\repository\io\opentelemetry\opentelemetry-sdk-common\1.10.1\opentelemetry-sdk-common-1.10.1.jar;C:\Users\user\.m2\repository\io\opentelemetry\opentelemetry-sdk-extension-autoconfigure-spi\1.10.1\opentelemetry-sdk-extension-autoconfigure-spi-1.10.1.jar;C:\Users\user\.m2\repository\io\opentelemetry\opentelemetry-sdk-extension-autoconfigure\1.10.1-alpha\opentelemetry-sdk-extension-autoconfigure-1.10.1-alpha.jar;C:\Users\user\.m2\repository\io\opentelemetry\opentelemetry-sdk-trace\1.10.1\opentelemetry-sdk-trace-1.10.1.jar;C:\Users\user\.m2\repository\io\opentelemetry\opentelemetry-sdk\1.10.1\opentelemetry-sdk-1.10.1.jar;C:\Users\user\.m2\repository\io\opentelemetry\opentelemetry-semconv\1.10.1-alpha\opentelemetry-semconv-1.10.1-alpha.jar;C:\Users\user\.m2\repository\io\ous\jtoml\2.0.0\jtoml-2.0.0.jar;C:\Users\user\.m2\repository\org\apache\commons\commons-exec\1.3\commons-exec-1.3.jar;C:\Users\user\.m2\repository\org\asynchttpclient\async-http-client\2.12.3\async-http-client-2.12.3.jar;C:\Users\user\.m2\repository\org\asynchttpclient\async-http-client-netty-utils\2.12.3\async-http-client-netty-utils-2.12.3.jar;C:\Users\user\.m2\repository\io\netty\netty-codec-socks\4.1.60.Final\netty-codec-socks-4.1.60.Final.jar;C:\Users\user\.m2\repository\io\netty\netty-handler-proxy\4.1.60.Final\netty-handler-proxy-4.1.60.Final.jar;C:\Users\user\.m2\repository\io\netty\netty-transport-native-epoll\4.1.60.Final\netty-transport-native-epoll-4.1.60.Final-linux-x86_64.jar;C:\Users\user\.m2\repository\io\netty\netty-transport-native-kqueue\4.1.60.Final\netty-transport-native-kqueue-4.1.60.Final-osx-x86_64.jar;C:\Users\user\.m2\repository\org\reactivestreams\reactive-streams\1.0.3\reactive-streams-1.0.3.jar;C:\Users\user\.m2\repository\com\typesafe\netty\netty-reactive-streams\2.0.4\netty-reactive-streams-2.0.4.jar;C:\Users\user\.m2\repository\org\seleniumhq\selenium\selenium-http\4.1.2\selenium-http-4.1.2.jar;C:\Users\user\.m2\repository\net\jodah\failsafe\2.4.4\failsafe-2.4.4.jar;C:\Users\user\.m2\repository\org\seleniumhq\selenium\selenium-safari-driver\4.1.2\selenium-safari-driver-4.1.2.jar;C:\Users\user\.m2\repository\org\seleniumhq\selenium\selenium-api\4.1.2\selenium-api-4.1.2.jar;C:\Users\user\.m2\repository\org\seleniumhq\selenium\selenium-support\4.1.2\selenium-support-4.1.2.jar;C:\Users\user\.m2\repository\com\google\auto\service\auto-service-annotations\1.0.1\auto-service-annotations-1.0.1.jar;C:\Users\user\.m2\repository\com\google\auto\service\auto-service\1.0.1\auto-service-1.0.1.jar;C:\Users\user\.m2\repository\com\google\auto\auto-common\1.2\auto-common-1.2.jar;C:\Users\user\.m2\repository\org\seleniumhq\selenium\selenium-json\4.1.2\selenium-json-4.1.2.jar;C:\Users\user\.m2\repository\org\seleniumhq\selenium\selenium-chrome-driver\4.1.2\selenium-chrome-driver-4.1.2.jar;C:\Users\user\.m2\repository\org\seleniumhq\selenium\selenium-chromium-driver\4.1.2\selenium-chromium-driver-4.1.2.jar;C:\Users\user\.m2\repository\org\seleniumhq\selenium\selenium-firefox-driver\4.1.2\selenium-firefox-driver-4.1.2.jar;C:\Users\user\.m2\repository\org\seleniumhq\selenium\selenium-edge-driver\4.1.2\selenium-edge-driver-4.1.2.jar;C:\Users\user\.m2\repository\org\seleniumhq\selenium\selenium-ie-driver\4.1.2\selenium-ie-driver-4.1.2.jar;C:\Users\user\.m2\repository\org\projectlombok\lombok\1.18.20\lombok-1.18.20.jar;C:\Users\user\.m2\repository\io\appium\java-client\8.0.0\java-client-8.0.0.jar;C:\Users\user\.m2\repository\commons-validator\commons-validator\1.7\commons-validator-1.7.jar;C:\Users\user\.m2\repository\commons-digester\commons-digester\2.1\commons-digester-2.1.jar;C:\Users\user\.m2\repository\org\aspectj\aspectjweaver\1.9.8\aspectjweaver-1.9.8.jar;C:\Users\user\.m2\repository\org\codehaus\groovy\groovy\3.0.10\groovy-3.0.10.jar;C:\Users\user\.m2\repository\net\sf\opencsv\opencsv\2.0\opencsv-2.0.jar;C:\Users\user\.m2\repository\commons-beanutils\commons-beanutils\1.9.4\commons-beanutils-1.9.4.jar;C:\Users\user\.m2\repository\org\apache\commons\commons-lang3\3.12.0\commons-lang3-3.12.0.jar;C:\Users\user\.m2\repository\commons-collections\commons-collections\3.2.2\commons-collections-3.2.2.jar;C:\Users\user\.m2\repository\org\fluentlenium\fluentlenium-core\0.10.2\fluentlenium-core-0.10.2.jar;C:\Users\user\.m2\repository\io\github\bonigarcia\webdrivermanager\5.1.0\webdrivermanager-5.1.0.jar;C:\Users\user\.m2\repository\com\github\docker-java\docker-java\3.2.13\docker-java-3.2.13.jar;C:\Users\user\.m2\repository\com\github\docker-java\docker-java-core\3.2.13\docker-java-core-3.2.13.jar;C:\Users\user\.m2\repository\com\github\docker-java\docker-java-api\3.2.13\docker-java-api-3.2.13.jar;C:\Users\user\.m2\repository\org\apache\commons\commons-compress\1.21\commons-compress-1.21.jar;C:\Users\user\.m2\repository\org\bouncycastle\bcpkix-jdk15on\1.64\bcpkix-jdk15on-1.64.jar;C:\Users\user\.m2\repository\org\bouncycastle\bcprov-jdk15on\1.64\bcprov-jdk15on-1.64.jar;C:\Users\user\.m2\repository\org\slf4j\jcl-over-slf4j\1.7.30\jcl-over-slf4j-1.7.30.jar;C:\Users\user\.m2\repository\com\github\docker-java\docker-java-transport-httpclient5\3.2.13\docker-java-transport-httpclient5-3.2.13.jar;C:\Users\user\.m2\repository\com\github\docker-java\docker-java-transport\3.2.13\docker-java-transport-3.2.13.jar;C:\Users\user\.m2\repository\org\apache\httpcomponents\client5\httpclient5\5.0.3\httpclient5-5.0.3.jar;C:\Users\user\.m2\repository\org\apache\httpcomponents\core5\httpcore5\5.0.2\httpcore5-5.0.2.jar;C:\Users\user\.m2\repository\net\java\dev\jna\jna\5.8.0\jna-5.8.0.jar;C:\Users\user\.m2\repository\org\brotli\dec\0.1.2\dec-0.1.2.jar;C:\Users\user\.m2\repository\com\jhlabs\filters\2.0.235\filters-2.0.235.jar;C:\Users\user\.m2\repository\com\paulhammant\ngwebdriver\1.1.6\ngwebdriver-1.1.6.jar;C:\Users\user\.m2\repository\joda-time\joda-time\2.8.2\joda-time-2.8.2.jar;C:\Users\user\.m2\repository\org\hamcrest\hamcrest\2.2\hamcrest-2.2.jar;C:\Users\user\.m2\repository\com\google\jimfs\jimfs\1.2\jimfs-1.2.jar;C:\Users\user\.m2\repository\org\mockito\mockito-core\3.3.3\mockito-core-3.3.3.jar;C:\Users\user\.m2\repository\javax\xml\bind\jaxb-api\2.3.1\jaxb-api-2.3.1.jar;C:\Users\user\.m2\repository\javax\activation\javax.activation-api\1.2.0\javax.activation-api-1.2.0.jar;C:\Users\user\.m2\repository\com\sun\xml\bind\jaxb-core\2.3.0.1\jaxb-core-2.3.0.1.jar;C:\Users\user\.m2\repository\com\sun\xml\bind\jaxb-impl\2.3.3\jaxb-impl-2.3.3.jar;C:\Users\user\.m2\repository\jakarta\xml\bind\jakarta.xml.bind-api\2.3.3\jakarta.xml.bind-api-2.3.3.jar;C:\Users\user\.m2\repository\com\sun\activation\jakarta.activation\1.2.2\jakarta.activation-1.2.2.jar;C:\Users\user\.m2\repository\javax\activation\activation\1.1.1\activation-1.1.1.jar;C:\Users\user\.m2\repository\net\serenity-bdd\serenity-cucumber\3.2.1\serenity-cucumber-3.2.1.jar;C:\Users\user\.m2\repository\io\cucumber\cucumber-core\7.2.3\cucumber-core-7.2.3.jar;C:\Users\user\.m2\repository\io\cucumber\cucumber-gherkin\7.2.3\cucumber-gherkin-7.2.3.jar;C:\Users\user\.m2\repository\io\cucumber\cucumber-gherkin-messages\7.2.3\cucumber-gherkin-messages-7.2.3.jar;C:\Users\user\.m2\repository\io\cucumber\messages\17.1.1\messages-17.1.1.jar;C:\Users\user\.m2\repository\io\cucumber\tag-expressions\4.1.0\tag-expressions-4.1.0.jar;C:\Users\user\.m2\repository\io\cucumber\cucumber-expressions\15.0.1\cucumber-expressions-15.0.1.jar;C:\Users\user\.m2\repository\io\cucumber\datatable\7.2.3\datatable-7.2.3.jar;C:\Users\user\.m2\repository\io\cucumber\cucumber-plugin\7.2.3\cucumber-plugin-7.2.3.jar;C:\Users\user\.m2\repository\io\cucumber\docstring\7.2.3\docstring-7.2.3.jar;C:\Users\user\.m2\repository\io\cucumber\html-formatter\17.0.0\html-formatter-17.0.0.jar;C:\Users\user\.m2\repository\io\cucumber\ci-environment\8.1.0\ci-environment-8.1.0.jar;C:\Users\user\.m2\repository\io\cucumber\cucumber-junit\7.2.3\cucumber-junit-7.2.3.jar;C:\Users\user\.m2\repository\org\apache\commons\commons-csv\1.5\commons-csv-1.5.jar;C:\Users\user\.m2\repository\net\serenity-bdd\serenity-screenplay\3.2.1\serenity-screenplay-3.2.1.jar;C:\Users\user\.m2\repository\net\serenity-bdd\serenity-screenplay-webdriver\3.2.1\serenity-screenplay-webdriver-3.2.1.jar;C:\Users\user\.m2\repository\net\serenity-bdd\serenity-ensure\3.2.1\serenity-ensure-3.2.1.jar;C:\Users\user\.m2\repository\net\serenity-bdd\serenity-junit\3.2.1\serenity-junit-3.2.1.jar;C:\Users\user\.m2\repository\org\jetbrains\kotlin\kotlin-stdlib\1.6.0\kotlin-stdlib-1.6.0.jar;C:\Users\user\.m2\repository\org\jetbrains\annotations\13.0\annotations-13.0.jar;C:\Users\user\.m2\repository\org\jetbrains\kotlin\kotlin-stdlib-common\1.6.0\kotlin-stdlib-common-1.6.0.jar;C:\Users\user\.m2\repository\org\junit\platform\junit-platform-launcher\1.8.1\junit-platform-launcher-1.8.1.jar;C:\Users\user\.m2\repository\org\junit\platform\junit-platform-engine\1.8.1\junit-platform-engine-1.8.1.jar;C:\Users\user\.m2\repository\org\opentest4j\opentest4j\1.2.0\opentest4j-1.2.0.jar;C:\Users\user\.m2\repository\org\junit\platform\junit-platform-commons\1.8.1\junit-platform-commons-1.8.1.jar;C:\Users\user\.m2\repository\org\apiguardian\apiguardian-api\1.1.2\apiguardian-api-1.1.2.jar;C:\Users\user\.m2\repository\org\junit\jupiter\junit-jupiter-engine\5.8.2\junit-jupiter-engine-5.8.2.jar;C:\Users\user\.m2\repository\org\junit\jupiter\junit-jupiter-api\5.8.2\junit-jupiter-api-5.8.2.jar;C:\Users\user\.m2\repository\org\junit\vintage\junit-vintage-engine\5.8.2\junit-vintage-engine-5.8.2.jar;C:\Users\user\.m2\repository\junit\junit\4.13.2\junit-4.13.2.jar;C:\Users\user\.m2\repository\org\hamcrest\hamcrest-core\1.3\hamcrest-core-1.3.jar;C:\Users\user\.m2\repository\ch\qos\logback\logback-classic\1.2.10\logback-classic-1.2.10.jar;C:\Users\user\.m2\repository\ch\qos\logback\logback-core\1.2.10\logback-core-1.2.10.jar;C:\Users\user\.m2\repository\org\slf4j\slf4j-api\1.7.32\slf4j-api-1.7.32.jar;C:\Users\user\.m2\repository\org\assertj\assertj-core\3.6.2\assertj-core-3.6.2.jar;"/>
    <property name="sun.cpu.endian" value="little"/>
    <property name="user.home" value="C:\Users\user"/>
    <property name="user.language" value="en"/>
    <property name="java.specification.vendor" value="Oracle Corporation"/>
    <property name="jdk.module.path" value="C:\Users\user\Documents\WebMiniLogin\target\MiniLogin-1.0-SNAPSHOT.jar"/>
    <property name="java.version.date" value="2021-01-19"/>
    <property name="java.home" value="C:\Program Files\Java\jdk-15.0.2"/>
    <property name="file.separator" value="\"/>
    <property name="basedir" value="C:\Users\user\Documents\WebMiniLogin"/>
    <property name="java.vm.compressedOopsMode" value="Zero based"/>
    <property name="line.separator" value="&#10;"/>
    <property name="java.vm.specification.vendor" value="Oracle Corporation"/>
    <property name="java.specification.name" value="Java Platform API Specification"/>
    <property name="surefire.real.class.path" value="C:\Users\user\.m2\repository\org\apache\maven\surefire\surefire-booter\3.0.0-M5\surefire-booter-3.0.0-M5.jar;C:\Users\user\.m2\repository\org\apache\maven\surefire\surefire-api\3.0.0-M5\surefire-api-3.0.0-M5.jar;C:\Users\user\.m2\repository\org\apache\maven\surefire\surefire-logger-api\3.0.0-M5\surefire-logger-api-3.0.0-M5.jar;C:\Users\user\.m2\repository\org\apache\maven\surefire\surefire-shared-utils\3.0.0-M4\surefire-shared-utils-3.0.0-M4.jar;C:\Users\user\.m2\repository\org\apache\maven\surefire\surefire-extensions-spi\3.0.0-M5\surefire-extensions-spi-3.0.0-M5.jar;C:\Users\user\Documents\WebMiniLogin\target\test-classes;C:\Users\user\.m2\repository\net\serenity-bdd\serenity-core\3.2.1\serenity-core-3.2.1.jar;C:\Users\user\.m2\repository\net\serenity-bdd\serenity-model\3.2.1\serenity-model-3.2.1.jar;C:\Users\user\.m2\repository\org\apache\commons\commons-text\1.9\commons-text-1.9.jar;C:\Users\user\.m2\repository\commons-net\commons-net\3.8.0\commons-net-3.8.0.jar;C:\Users\user\.m2\repository\com\google\guava\guava\31.1-jre\guava-31.1-jre.jar;C:\Users\user\.m2\repository\com\google\guava\failureaccess\1.0.1\failureaccess-1.0.1.jar;C:\Users\user\.m2\repository\com\google\guava\listenablefuture\9999.0-empty-to-avoid-conflict-with-guava\listenablefuture-9999.0-empty-to-avoid-conflict-with-guava.jar;C:\Users\user\.m2\repository\com\google\code\findbugs\jsr305\3.0.2\jsr305-3.0.2.jar;C:\Users\user\.m2\repository\org\checkerframework\checker-qual\3.12.0\checker-qual-3.12.0.jar;C:\Users\user\.m2\repository\com\google\errorprone\error_prone_annotations\2.11.0\error_prone_annotations-2.11.0.jar;C:\Users\user\.m2\repository\com\google\j2objc\j2objc-annotations\1.3\j2objc-annotations-1.3.jar;C:\Users\user\.m2\repository\com\google\inject\guice\5.1.0\guice-5.1.0.jar;C:\Users\user\.m2\repository\javax\inject\javax.inject\1\javax.inject-1.jar;C:\Users\user\.m2\repository\aopalliance\aopalliance\1.0\aopalliance-1.0.jar;C:\Users\user\.m2\repository\org\jsoup\jsoup\1.14.3\jsoup-1.14.3.jar;C:\Users\user\.m2\repository\com\thoughtworks\xstream\xstream\1.4.19\xstream-1.4.19.jar;C:\Users\user\.m2\repository\io\github\x-stream\mxparser\1.2.2\mxparser-1.2.2.jar;C:\Users\user\.m2\repository\xmlpull\xmlpull\1.1.3.1\xmlpull-1.1.3.1.jar;C:\Users\user\.m2\repository\io\cucumber\cucumber-java\7.2.3\cucumber-java-7.2.3.jar;C:\Users\user\.m2\repository\com\typesafe\config\1.4.2\config-1.4.2.jar;C:\Users\user\.m2\repository\org\imgscalr\imgscalr-lib\4.2\imgscalr-lib-4.2.jar;C:\Users\user\.m2\repository\org\awaitility\awaitility\4.2.0\awaitility-4.2.0.jar;C:\Users\user\.m2\repository\org\freemarker\freemarker\2.3.31\freemarker-2.3.31.jar;C:\Users\user\.m2\repository\io\github\classgraph\classgraph\4.8.138\classgraph-4.8.138.jar;C:\Users\user\.m2\repository\net\sourceforge\jexcelapi\jxl\2.6.12\jxl-2.6.12.jar;C:\Users\user\.m2\repository\net\bytebuddy\byte-buddy\1.12.8\byte-buddy-1.12.8.jar;C:\Users\user\.m2\repository\net\bytebuddy\byte-buddy-agent\1.12.8\byte-buddy-agent-1.12.8.jar;C:\Users\user\.m2\repository\org\objenesis\objenesis\3.1\objenesis-3.1.jar;C:\Users\user\.m2\repository\net\serenity-bdd\serenity-reports\3.2.1\serenity-reports-3.2.1.jar;C:\Users\user\.m2\repository\net\serenity-bdd\serenity-stats\3.2.1\serenity-stats-3.2.1.jar;C:\Users\user\.m2\repository\net\serenity-bdd\serenity-reports-configuration\3.2.1\serenity-reports-configuration-3.2.1.jar;C:\Users\user\.m2\repository\com\vladsch\flexmark\flexmark-all\0.34.30\flexmark-all-0.34.30.jar;C:\Users\user\.m2\repository\com\vladsch\flexmark\flexmark\0.34.30\flexmark-0.34.30.jar;C:\Users\user\.m2\repository\com\vladsch\flexmark\flexmark-ext-abbreviation\0.34.30\flexmark-ext-abbreviation-0.34.30.jar;C:\Users\user\.m2\repository\com\vladsch\flexmark\flexmark-ext-admonition\0.34.30\flexmark-ext-admonition-0.34.30.jar;C:\Users\user\.m2\repository\com\vladsch\flexmark\flexmark-ext-anchorlink\0.34.30\flexmark-ext-anchorlink-0.34.30.jar;C:\Users\user\.m2\repository\com\vladsch\flexmark\flexmark-ext-aside\0.34.30\flexmark-ext-aside-0.34.30.jar;C:\Users\user\.m2\repository\com\vladsch\flexmark\flexmark-ext-attributes\0.34.30\flexmark-ext-attributes-0.34.30.jar;C:\Users\user\.m2\repository\com\vladsch\flexmark\flexmark-ext-autolink\0.34.30\flexmark-ext-autolink-0.34.30.jar;C:\Users\user\.m2\repository\org\nibor\autolink\autolink\0.6.0\autolink-0.6.0.jar;C:\Users\user\.m2\repository\com\vladsch\flexmark\flexmark-ext-definition\0.34.30\flexmark-ext-definition-0.34.30.jar;C:\Users\user\.m2\repository\com\vladsch\flexmark\flexmark-ext-emoji\0.34.30\flexmark-ext-emoji-0.34.30.jar;C:\Users\user\.m2\repository\com\vladsch\flexmark\flexmark-ext-enumerated-reference\0.34.30\flexmark-ext-enumerated-reference-0.34.30.jar;C:\Users\user\.m2\repository\com\vladsch\flexmark\flexmark-ext-escaped-character\0.34.30\flexmark-ext-escaped-character-0.34.30.jar;C:\Users\user\.m2\repository\com\vladsch\flexmark\flexmark-ext-footnotes\0.34.30\flexmark-ext-footnotes-0.34.30.jar;C:\Users\user\.m2\repository\com\vladsch\flexmark\flexmark-ext-gfm-issues\0.34.30\flexmark-ext-gfm-issues-0.34.30.jar;C:\Users\user\.m2\repository\com\vladsch\flexmark\flexmark-ext-gfm-strikethrough\0.34.30\flexmark-ext-gfm-strikethrough-0.34.30.jar;C:\Users\user\.m2\repository\com\vladsch\flexmark\flexmark-ext-gfm-tables\0.34.30\flexmark-ext-gfm-tables-0.34.30.jar;C:\Users\user\.m2\repository\com\vladsch\flexmark\flexmark-ext-gfm-tasklist\0.34.30\flexmark-ext-gfm-tasklist-0.34.30.jar;C:\Users\user\.m2\repository\com\vladsch\flexmark\flexmark-ext-gfm-users\0.34.30\flexmark-ext-gfm-users-0.34.30.jar;C:\Users\user\.m2\repository\com\vladsch\flexmark\flexmark-ext-gitlab\0.34.30\flexmark-ext-gitlab-0.34.30.jar;C:\Users\user\.m2\repository\com\vladsch\flexmark\flexmark-ext-jekyll-front-matter\0.34.30\flexmark-ext-jekyll-front-matter-0.34.30.jar;C:\Users\user\.m2\repository\com\vladsch\flexmark\flexmark-ext-jekyll-tag\0.34.30\flexmark-ext-jekyll-tag-0.34.30.jar;C:\Users\user\.m2\repository\com\vladsch\flexmark\flexmark-ext-media-tags\0.34.30\flexmark-ext-media-tags-0.34.30.jar;C:\Users\user\.m2\repository\com\vladsch\flexmark\flexmark-test-util\0.34.30\flexmark-test-util-0.34.30.jar;C:\Users\user\.m2\repository\com\vladsch\flexmark\flexmark-ext-ins\0.34.30\flexmark-ext-ins-0.34.30.jar;C:\Users\user\.m2\repository\com\vladsch\flexmark\flexmark-ext-xwiki-macros\0.34.30\flexmark-ext-xwiki-macros-0.34.30.jar;C:\Users\user\.m2\repository\com\vladsch\flexmark\flexmark-ext-superscript\0.34.30\flexmark-ext-superscript-0.34.30.jar;C:\Users\user\.m2\repository\com\vladsch\flexmark\flexmark-ext-tables\0.34.30\flexmark-ext-tables-0.34.30.jar;C:\Users\user\.m2\repository\com\vladsch\flexmark\flexmark-ext-toc\0.34.30\flexmark-ext-toc-0.34.30.jar;C:\Users\user\.m2\repository\com\vladsch\flexmark\flexmark-ext-typographic\0.34.30\flexmark-ext-typographic-0.34.30.jar;C:\Users\user\.m2\repository\com\vladsch\flexmark\flexmark-ext-wikilink\0.34.30\flexmark-ext-wikilink-0.34.30.jar;C:\Users\user\.m2\repository\com\vladsch\flexmark\flexmark-ext-yaml-front-matter\0.34.30\flexmark-ext-yaml-front-matter-0.34.30.jar;C:\Users\user\.m2\repository\com\vladsch\flexmark\flexmark-ext-youtube-embedded\0.34.30\flexmark-ext-youtube-embedded-0.34.30.jar;C:\Users\user\.m2\repository\com\vladsch\flexmark\flexmark-formatter\0.34.30\flexmark-formatter-0.34.30.jar;C:\Users\user\.m2\repository\com\vladsch\flexmark\flexmark-html-parser\0.34.30\flexmark-html-parser-0.34.30.jar;C:\Users\user\.m2\repository\com\vladsch\flexmark\flexmark-jira-converter\0.34.30\flexmark-jira-converter-0.34.30.jar;C:\Users\user\.m2\repository\com\vladsch\flexmark\flexmark-pdf-converter\0.34.30\flexmark-pdf-converter-0.34.30.jar;C:\Users\user\.m2\repository\com\openhtmltopdf\openhtmltopdf-core\0.0.1-RC13\openhtmltopdf-core-0.0.1-RC13.jar;C:\Users\user\.m2\repository\com\openhtmltopdf\openhtmltopdf-pdfbox\0.0.1-RC13\openhtmltopdf-pdfbox-0.0.1-RC13.jar;C:\Users\user\.m2\repository\org\apache\pdfbox\pdfbox\2.0.8\pdfbox-2.0.8.jar;C:\Users\user\.m2\repository\org\apache\pdfbox\fontbox\2.0.8\fontbox-2.0.8.jar;C:\Users\user\.m2\repository\commons-logging\commons-logging\1.2\commons-logging-1.2.jar;C:\Users\user\.m2\repository\org\apache\pdfbox\xmpbox\2.0.8\xmpbox-2.0.8.jar;C:\Users\user\.m2\repository\de\rototor\pdfbox\graphics2d\0.12\graphics2d-0.12.jar;C:\Users\user\.m2\repository\com\openhtmltopdf\openhtmltopdf-rtl-support\0.0.1-RC13\openhtmltopdf-rtl-support-0.0.1-RC13.jar;C:\Users\user\.m2\repository\com\ibm\icu\icu4j\59.1\icu4j-59.1.jar;C:\Users\user\.m2\repository\com\openhtmltopdf\openhtmltopdf-jsoup-dom-converter\0.0.1-RC13\openhtmltopdf-jsoup-dom-converter-0.0.1-RC13.jar;C:\Users\user\.m2\repository\com\vladsch\flexmark\flexmark-profile-pegdown\0.34.30\flexmark-profile-pegdown-0.34.30.jar;C:\Users\user\.m2\repository\com\vladsch\flexmark\flexmark-util\0.34.30\flexmark-util-0.34.30.jar;C:\Users\user\.m2\repository\com\vladsch\flexmark\flexmark-youtrack-converter\0.34.30\flexmark-youtrack-converter-0.34.30.jar;C:\Users\user\.m2\repository\es\nitaur\markdown\txtmark\0.16\txtmark-0.16.jar;C:\Users\user\.m2\repository\net\serenity-bdd\serenity-report-resources\3.2.1\serenity-report-resources-3.2.1.jar;C:\Users\user\.m2\repository\com\google\code\gson\gson\2.9.0\gson-2.9.0.jar;C:\Users\user\.m2\repository\com\fasterxml\jackson\core\jackson-core\2.13.2\jackson-core-2.13.2.jar;C:\Users\user\.m2\repository\com\fasterxml\jackson\core\jackson-databind\2.13.2\jackson-databind-2.13.2.jar;C:\Users\user\.m2\repository\com\fasterxml\jackson\core\jackson-annotations\2.13.2\jackson-annotations-2.13.2.jar;C:\Users\user\.m2\repository\commons-codec\commons-codec\1.15\commons-codec-1.15.jar;C:\Users\user\.m2\repository\commons-io\commons-io\2.11.0\commons-io-2.11.0.jar;C:\Users\user\.m2\repository\org\seleniumhq\selenium\selenium-java\4.1.2\selenium-java-4.1.2.jar;C:\Users\user\.m2\repository\org\seleniumhq\selenium\selenium-devtools-v85\4.1.2\selenium-devtools-v85-4.1.2.jar;C:\Users\user\.m2\repository\org\seleniumhq\selenium\selenium-devtools-v95\4.1.2\selenium-devtools-v95-4.1.2.jar;C:\Users\user\.m2\repository\org\seleniumhq\selenium\selenium-devtools-v96\4.1.2\selenium-devtools-v96-4.1.2.jar;C:\Users\user\.m2\repository\org\seleniumhq\selenium\selenium-devtools-v97\4.1.2\selenium-devtools-v97-4.1.2.jar;C:\Users\user\.m2\repository\org\seleniumhq\selenium\selenium-firefox-xpi-driver\4.1.2\selenium-firefox-xpi-driver-4.1.2.jar;C:\Users\user\.m2\repository\org\seleniumhq\selenium\selenium-opera-driver\4.1.2\selenium-opera-driver-4.1.2.jar;C:\Users\user\.m2\repository\org\seleniumhq\selenium\selenium-remote-driver\4.1.2\selenium-remote-driver-4.1.2.jar;C:\Users\user\.m2\repository\com\beust\jcommander\1.82\jcommander-1.82.jar;C:\Users\user\.m2\repository\io\netty\netty-buffer\4.1.73.Final\netty-buffer-4.1.73.Final.jar;C:\Users\user\.m2\repository\io\netty\netty-codec-http\4.1.73.Final\netty-codec-http-4.1.73.Final.jar;C:\Users\user\.m2\repository\io\netty\netty-codec\4.1.73.Final\netty-codec-4.1.73.Final.jar;C:\Users\user\.m2\repository\io\netty\netty-handler\4.1.73.Final\netty-handler-4.1.73.Final.jar;C:\Users\user\.m2\repository\io\netty\netty-tcnative-classes\2.0.46.Final\netty-tcnative-classes-2.0.46.Final.jar;C:\Users\user\.m2\repository\io\netty\netty-common\4.1.73.Final\netty-common-4.1.73.Final.jar;C:\Users\user\.m2\repository\io\netty\netty-transport-classes-epoll\4.1.73.Final\netty-transport-classes-epoll-4.1.73.Final.jar;C:\Users\user\.m2\repository\io\netty\netty-transport-classes-kqueue\4.1.73.Final\netty-transport-classes-kqueue-4.1.73.Final.jar;C:\Users\user\.m2\repository\io\netty\netty-transport-native-epoll\4.1.73.Final\netty-transport-native-epoll-4.1.73.Final.jar;C:\Users\user\.m2\repository\io\netty\netty-transport-native-kqueue\4.1.73.Final\netty-transport-native-kqueue-4.1.73.Final.jar;C:\Users\user\.m2\repository\io\netty\netty-transport-native-unix-common\4.1.73.Final\netty-transport-native-unix-common-4.1.73.Final.jar;C:\Users\user\.m2\repository\io\netty\netty-transport\4.1.73.Final\netty-transport-4.1.73.Final.jar;C:\Users\user\.m2\repository\io\netty\netty-resolver\4.1.73.Final\netty-resolver-4.1.73.Final.jar;C:\Users\user\.m2\repository\io\opentelemetry\opentelemetry-api\1.10.1\opentelemetry-api-1.10.1.jar;C:\Users\user\.m2\repository\io\opentelemetry\opentelemetry-context\1.10.1\opentelemetry-context-1.10.1.jar;C:\Users\user\.m2\repository\io\opentelemetry\opentelemetry-exporter-logging\1.10.1\opentelemetry-exporter-logging-1.10.1.jar;C:\Users\user\.m2\repository\io\opentelemetry\opentelemetry-sdk-metrics\1.10.1-alpha\opentelemetry-sdk-metrics-1.10.1-alpha.jar;C:\Users\user\.m2\repository\io\opentelemetry\opentelemetry-sdk-logs\1.10.1-alpha\opentelemetry-sdk-logs-1.10.1-alpha.jar;C:\Users\user\.m2\repository\io\opentelemetry\opentelemetry-sdk-common\1.10.1\opentelemetry-sdk-common-1.10.1.jar;C:\Users\user\.m2\repository\io\opentelemetry\opentelemetry-sdk-extension-autoconfigure-spi\1.10.1\opentelemetry-sdk-extension-autoconfigure-spi-1.10.1.jar;C:\Users\user\.m2\repository\io\opentelemetry\opentelemetry-sdk-extension-autoconfigure\1.10.1-alpha\opentelemetry-sdk-extension-autoconfigure-1.10.1-alpha.jar;C:\Users\user\.m2\repository\io\opentelemetry\opentelemetry-sdk-trace\1.10.1\opentelemetry-sdk-trace-1.10.1.jar;C:\Users\user\.m2\repository\io\opentelemetry\opentelemetry-sdk\1.10.1\opentelemetry-sdk-1.10.1.jar;C:\Users\user\.m2\repository\io\opentelemetry\opentelemetry-semconv\1.10.1-alpha\opentelemetry-semconv-1.10.1-alpha.jar;C:\Users\user\.m2\repository\io\ous\jtoml\2.0.0\jtoml-2.0.0.jar;C:\Users\user\.m2\repository\org\apache\commons\commons-exec\1.3\commons-exec-1.3.jar;C:\Users\user\.m2\repository\org\asynchttpclient\async-http-client\2.12.3\async-http-client-2.12.3.jar;C:\Users\user\.m2\repository\org\asynchttpclient\async-http-client-netty-utils\2.12.3\async-http-client-netty-utils-2.12.3.jar;C:\Users\user\.m2\repository\io\netty\netty-codec-socks\4.1.60.Final\netty-codec-socks-4.1.60.Final.jar;C:\Users\user\.m2\repository\io\netty\netty-handler-proxy\4.1.60.Final\netty-handler-proxy-4.1.60.Final.jar;C:\Users\user\.m2\repository\io\netty\netty-transport-native-epoll\4.1.60.Final\netty-transport-native-epoll-4.1.60.Final-linux-x86_64.jar;C:\Users\user\.m2\repository\io\netty\netty-transport-native-kqueue\4.1.60.Final\netty-transport-native-kqueue-4.1.60.Final-osx-x86_64.jar;C:\Users\user\.m2\repository\org\reactivestreams\reactive-streams\1.0.3\reactive-streams-1.0.3.jar;C:\Users\user\.m2\repository\com\typesafe\netty\netty-reactive-streams\2.0.4\netty-reactive-streams-2.0.4.jar;C:\Users\user\.m2\repository\org\seleniumhq\selenium\selenium-http\4.1.2\selenium-http-4.1.2.jar;C:\Users\user\.m2\repository\net\jodah\failsafe\2.4.4\failsafe-2.4.4.jar;C:\Users\user\.m2\repository\org\seleniumhq\selenium\selenium-safari-driver\4.1.2\selenium-safari-driver-4.1.2.jar;C:\Users\user\.m2\repository\org\seleniumhq\selenium\selenium-api\4.1.2\selenium-api-4.1.2.jar;C:\Users\user\.m2\repository\org\seleniumhq\selenium\selenium-support\4.1.2\selenium-support-4.1.2.jar;C:\Users\user\.m2\repository\com\google\auto\service\auto-service-annotations\1.0.1\auto-service-annotations-1.0.1.jar;C:\Users\user\.m2\repository\com\google\auto\service\auto-service\1.0.1\auto-service-1.0.1.jar;C:\Users\user\.m2\repository\com\google\auto\auto-common\1.2\auto-common-1.2.jar;C:\Users\user\.m2\repository\org\seleniumhq\selenium\selenium-json\4.1.2\selenium-json-4.1.2.jar;C:\Users\user\.m2\repository\org\seleniumhq\selenium\selenium-chrome-driver\4.1.2\selenium-chrome-driver-4.1.2.jar;C:\Users\user\.m2\repository\org\seleniumhq\selenium\selenium-chromium-driver\4.1.2\selenium-chromium-driver-4.1.2.jar;C:\Users\user\.m2\repository\org\seleniumhq\selenium\selenium-firefox-driver\4.1.2\selenium-firefox-driver-4.1.2.jar;C:\Users\user\.m2\repository\org\seleniumhq\selenium\selenium-edge-driver\4.1.2\selenium-edge-driver-4.1.2.jar;C:\Users\user\.m2\repository\org\seleniumhq\selenium\selenium-ie-driver\4.1.2\selenium-ie-driver-4.1.2.jar;C:\Users\user\.m2\repository\org\projectlombok\lombok\1.18.20\lombok-1.18.20.jar;C:\Users\user\.m2\repository\io\appium\java-client\8.0.0\java-client-8.0.0.jar;C:\Users\user\.m2\repository\commons-validator\commons-validator\1.7\commons-validator-1.7.jar;C:\Users\user\.m2\repository\commons-digester\commons-digester\2.1\commons-digester-2.1.jar;C:\Users\user\.m2\repository\org\aspectj\aspectjweaver\1.9.8\aspectjweaver-1.9.8.jar;C:\Users\user\.m2\repository\org\codehaus\groovy\groovy\3.0.10\groovy-3.0.10.jar;C:\Users\user\.m2\repository\net\sf\opencsv\opencsv\2.0\opencsv-2.0.jar;C:\Users\user\.m2\repository\commons-beanutils\commons-beanutils\1.9.4\commons-beanutils-1.9.4.jar;C:\Users\user\.m2\repository\org\apache\commons\commons-lang3\3.12.0\commons-lang3-3.12.0.jar;C:\Users\user\.m2\repository\commons-collections\commons-collections\3.2.2\commons-collections-3.2.2.jar;C:\Users\user\.m2\repository\org\fluentlenium\fluentlenium-core\0.10.2\fluentlenium-core-0.10.2.jar;C:\Users\user\.m2\repository\io\github\bonigarcia\webdrivermanager\5.1.0\webdrivermanager-5.1.0.jar;C:\Users\user\.m2\repository\com\github\docker-java\docker-java\3.2.13\docker-java-3.2.13.jar;C:\Users\user\.m2\repository\com\github\docker-java\docker-java-core\3.2.13\docker-java-core-3.2.13.jar;C:\Users\user\.m2\repository\com\github\docker-java\docker-java-api\3.2.13\docker-java-api-3.2.13.jar;C:\Users\user\.m2\repository\org\apache\commons\commons-compress\1.21\commons-compress-1.21.jar;C:\Users\user\.m2\repository\org\bouncycastle\bcpkix-jdk15on\1.64\bcpkix-jdk15on-1.64.jar;C:\Users\user\.m2\repository\org\bouncycastle\bcprov-jdk15on\1.64\bcprov-jdk15on-1.64.jar;C:\Users\user\.m2\repository\org\slf4j\jcl-over-slf4j\1.7.30\jcl-over-slf4j-1.7.30.jar;C:\Users\user\.m2\repository\com\github\docker-java\docker-java-transport-httpclient5\3.2.13\docker-java-transport-httpclient5-3.2.13.jar;C:\Users\user\.m2\repository\com\github\docker-java\docker-java-transport\3.2.13\docker-java-transport-3.2.13.jar;C:\Users\user\.m2\repository\org\apache\httpcomponents\client5\httpclient5\5.0.3\httpclient5-5.0.3.jar;C:\Users\user\.m2\repository\org\apache\httpcomponents\core5\httpcore5\5.0.2\httpcore5-5.0.2.jar;C:\Users\user\.m2\repository\net\java\dev\jna\jna\5.8.0\jna-5.8.0.jar;C:\Users\user\.m2\repository\org\brotli\dec\0.1.2\dec-0.1.2.jar;C:\Users\user\.m2\repository\com\jhlabs\filters\2.0.235\filters-2.0.235.jar;C:\Users\user\.m2\repository\com\paulhammant\ngwebdriver\1.1.6\ngwebdriver-1.1.6.jar;C:\Users\user\.m2\repository\joda-time\joda-time\2.8.2\joda-time-2.8.2.jar;C:\Users\user\.m2\repository\org\hamcrest\hamcrest\2.2\hamcrest-2.2.jar;C:\Users\user\.m2\repository\com\google\jimfs\jimfs\1.2\jimfs-1.2.jar;C:\Users\user\.m2\repository\org\mockito\mockito-core\3.3.3\mockito-core-3.3.3.jar;C:\Users\user\.m2\repository\javax\xml\bind\jaxb-api\2.3.1\jaxb-api-2.3.1.jar;C:\Users\user\.m2\repository\javax\activation\javax.activation-api\1.2.0\javax.activation-api-1.2.0.jar;C:\Users\user\.m2\repository\com\sun\xml\bind\jaxb-core\2.3.0.1\jaxb-core-2.3.0.1.jar;C:\Users\user\.m2\repository\com\sun\xml\bind\jaxb-impl\2.3.3\jaxb-impl-2.3.3.jar;C:\Users\user\.m2\repository\jakarta\xml\bind\jakarta.xml.bind-api\2.3.3\jakarta.xml.bind-api-2.3.3.jar;C:\Users\user\.m2\repository\com\sun\activation\jakarta.activation\1.2.2\jakarta.activation-1.2.2.jar;C:\Users\user\.m2\repository\javax\activation\activation\1.1.1\activation-1.1.1.jar;C:\Users\user\.m2\repository\net\serenity-bdd\serenity-cucumber\3.2.1\serenity-cucumber-3.2.1.jar;C:\Users\user\.m2\repository\io\cucumber\cucumber-core\7.2.3\cucumber-core-7.2.3.jar;C:\Users\user\.m2\repository\io\cucumber\cucumber-gherkin\7.2.3\cucumber-gherkin-7.2.3.jar;C:\Users\user\.m2\repository\io\cucumber\cucumber-gherkin-messages\7.2.3\cucumber-gherkin-messages-7.2.3.jar;C:\Users\user\.m2\repository\io\cucumber\messages\17.1.1\messages-17.1.1.jar;C:\Users\user\.m2\repository\io\cucumber\tag-expressions\4.1.0\tag-expressions-4.1.0.jar;C:\Users\user\.m2\repository\io\cucumber\cucumber-expressions\15.0.1\cucumber-expressions-15.0.1.jar;C:\Users\user\.m2\repository\io\cucumber\datatable\7.2.3\datatable-7.2.3.jar;C:\Users\user\.m2\repository\io\cucumber\cucumber-plugin\7.2.3\cucumber-plugin-7.2.3.jar;C:\Users\user\.m2\repository\io\cucumber\docstring\7.2.3\docstring-7.2.3.jar;C:\Users\user\.m2\repository\io\cucumber\html-formatter\17.0.0\html-formatter-17.0.0.jar;C:\Users\user\.m2\repository\io\cucumber\ci-environment\8.1.0\ci-environment-8.1.0.jar;C:\Users\user\.m2\repository\io\cucumber\cucumber-junit\7.2.3\cucumber-junit-7.2.3.jar;C:\Users\user\.m2\repository\org\apache\commons\commons-csv\1.5\commons-csv-1.5.jar;C:\Users\user\.m2\repository\net\serenity-bdd\serenity-screenplay\3.2.1\serenity-screenplay-3.2.1.jar;C:\Users\user\.m2\repository\net\serenity-bdd\serenity-screenplay-webdriver\3.2.1\serenity-screenplay-webdriver-3.2.1.jar;C:\Users\user\.m2\repository\net\serenity-bdd\serenity-ensure\3.2.1\serenity-ensure-3.2.1.jar;C:\Users\user\.m2\repository\net\serenity-bdd\serenity-junit\3.2.1\serenity-junit-3.2.1.jar;C:\Users\user\.m2\repository\org\jetbrains\kotlin\kotlin-stdlib\1.6.0\kotlin-stdlib-1.6.0.jar;C:\Users\user\.m2\repository\org\jetbrains\annotations\13.0\annotations-13.0.jar;C:\Users\user\.m2\repository\org\jetbrains\kotlin\kotlin-stdlib-common\1.6.0\kotlin-stdlib-common-1.6.0.jar;C:\Users\user\.m2\repository\org\junit\platform\junit-platform-launcher\1.8.1\junit-platform-launcher-1.8.1.jar;C:\Users\user\.m2\repository\org\junit\platform\junit-platform-engine\1.8.1\junit-platform-engine-1.8.1.jar;C:\Users\user\.m2\repository\org\opentest4j\opentest4j\1.2.0\opentest4j-1.2.0.jar;C:\Users\user\.m2\repository\org\junit\platform\junit-platform-commons\1.8.1\junit-platform-commons-1.8.1.jar;C:\Users\user\.m2\repository\org\apiguardian\apiguardian-api\1.1.2\apiguardian-api-1.1.2.jar;C:\Users\user\.m2\repository\org\junit\jupiter\junit-jupiter-engine\5.8.2\junit-jupiter-engine-5.8.2.jar;C:\Users\user\.m2\repository\org\junit\jupiter\junit-jupiter-api\5.8.2\junit-jupiter-api-5.8.2.jar;C:\Users\user\.m2\repository\org\junit\vintage\junit-vintage-engine\5.8.2\junit-vintage-engine-5.8.2.jar;C:\Users\user\.m2\repository\junit\junit\4.13.2\junit-4.13.2.jar;C:\Users\user\.m2\repository\org\hamcrest\hamcrest-core\1.3\hamcrest-core-1.3.jar;C:\Users\user\.m2\repository\ch\qos\logback\logback-classic\1.2.10\logback-classic-1.2.10.jar;C:\Users\user\.m2\repository\ch\qos\logback\logback-core\1.2.10\logback-core-1.2.10.jar;C:\Users\user\.m2\repository\org\slf4j\slf4j-api\1.7.32\slf4j-api-1.7.32.jar;C:\Users\user\.m2\repository\org\assertj\assertj-core\3.6.2\assertj-core-3.6.2.jar;C:\Users\user\.m2\repository\org\apache\maven\surefire\surefire-junit-platform\3.0.0-M5\surefire-junit-platform-3.0.0-M5.jar;C:\Users\user\.m2\repository\org\apache\maven\surefire\common-java5\3.0.0-M5\common-java5-3.0.0-M5.jar"/>
    <property name="user.script" value=""/>
    <property name="java.protocol.handler.pkgs" value="com.google.common"/>
    <property name="sun.management.compiler" value="HotSpot 64-Bit Tiered Compilers"/>
    <property name="java.runtime.version" value="15.0.2+7-27"/>
    <property name="user.name" value="user"/>
    <property name="path.separator" value=";"/>
    <property name="os.version" value="10.0"/>
    <property name="java.runtime.name" value="Java(TM) SE Runtime Environment"/>
    <property name="file.encoding" value="Cp1252"/>
    <property name="webdriver.base.url" value=""/>
    <property name="java.vm.name" value="Java HotSpot(TM) 64-Bit Server VM"/>
    <property name="localRepository" value="C:\Users\user\.m2\repository"/>
    <property name="java.vendor.url.bug" value="https://bugreport.java.com/bugreport/"/>
    <property name="java.io.tmpdir" value="C:\Users\user\AppData\Local\Temp\"/>
    <property name="java.version" value="15.0.2"/>
    <property name="user.dir" value="C:\Users\user\Documents\WebMiniLogin"/>
    <property name="os.arch" value="amd64"/>
    <property name="java.vm.specification.name" value="Java Virtual Machine Specification"/>
    <property name="sun.os.patch.level" value=""/>
    <property name="java.library.path" value="C:\Program Files\Java\jdk-15.0.2\bin;C:\Windows\Sun\Java\bin;C:\Windows\system32;C:\Windows;C:\Program Files\Java\jdk-15.0.2\bin;C:\Program Files\Common Files\Oracle\Java\javapath;C:\Windows\system32;C:\Windows;C:\Windows\System32\Wbem;C:\Windows\System32\WindowsPowerShell\v1.0\;C:\Windows\System32\OpenSSH\;C:\Program Files\Git\cmd;C:\Program Files (x86)\ZeroTier\One\;C:\Program Files\nodejs\;C:\Users\user\AppData\Local\Android\Sdk;&quot;C:\Users\user\AppData\Local\Android\Sdk\platform-tools;&quot;;C:\Users\user\AppData\Local\Android\Sdk\cmdline-tools\latest\bin;C:\Program Files\Java\jdk-15.0.2\bin;C:\Program Files\Java\jdk-17.0.2\bin;C:\Users\user\AppData\Local\Android\Sdk;C:\Program Files\apache-maven-3.8.5\bin;C:\Users\user\AppData\Local\Programs\Python\Python310\Scripts\;C:\Users\user\AppData\Local\Programs\Python\Python310\;C:\Users\user\AppData\Local\Microsoft\WindowsApps;C:\Users\user\AppData\Local\Programs\Microsoft VS Code\bin;C:\Users\user\AppData\Local\GitHubDesktop\bin;C:\Users\user\AppData\Roaming\npm;&quot;C:\Users\user\AppData\Local\Android\Sdk;C:\Program Files\Java\jdk-15.0.2\bin;&quot;;C:\Program Files\JetBrains\IntelliJ IDEA Community Edition 2022.1.1\bin;;;."/>
    <property name="java.vm.info" value="mixed mode"/>
    <property name="java.vendor" value="Oracle Corporation"/>
    <property name="java.vm.version" value="15.0.2+7-27"/>
    <property name="sun.io.unicode.encoding" value="UnicodeLittle"/>
    <property name="java.class.version" value="59.0"/>
  </properties>
  <testcase name="Login scenario #1" classname="Login" time="14.752">
    <system-out><![CDATA[16:17:53.534 [main] INFO io.cucumber.core.plugin.SerenityReporter - Running feature from file:///C:/Users/user/Documents/WebMiniLogin/src/test/resources/features/Login.feature
16:17:53.732 [main] INFO  - 

-------------------------------------------------------------------------------------
     _______. _______ .______       _______ .__   __.  __  .___________.____    ____ 
    /       ||   ____||   _  \     |   ____||  \ |  | |  | |           |\   \  /   / 
   |   (----`|  |__   |  |_)  |    |  |__   |   \|  | |  | `---|  |----` \   \/   /  
    \   \    |   __|  |      /     |   __|  |  . `  | |  |     |  |       \_    _/   
.----)   |   |  |____ |  |\  \----.|  |____ |  |\   | |  |     |  |         |  |     
|_______/    |_______|| _| `._____||_______||__| \__| |__|     |__|         |__|    
                                                                                     
 News and tutorials at http://www.serenity-bdd.info                                  
 Documentation at https://wakaleo.gitbooks.io/the-serenity-book/content/             
 Join the Serenity Community on Gitter: https://gitter.im/serenity-bdd/serenity-core 
 Serenity BDD Support and Training at http://serenity-bdd.info/#/trainingandsupport  
-------------------------------------------------------------------------------------

16:17:53.735 [main] DEBUG net.thucydides.core.steps.StepEventBus - Test suite started for story net.thucydides.core.model.Story@23282f08
16:17:53.740 [main] INFO  - Test Suite Started: Login
16:17:53.758 [main] INFO io.cucumber.core.plugin.SerenityReporter - Running feature from file:///C:/Users/user/Documents/WebMiniLogin/src/test/resources/features/Logout.feature
16:17:53.765 [main] DEBUG net.thucydides.core.steps.StepEventBus - Test suite started for story net.thucydides.core.model.Story@7960de68
16:17:53.766 [main] INFO  - Test Suite Started: Logout
16:17:53.766 [main] INFO io.cucumber.core.plugin.SerenityReporter - Running feature from file:///C:/Users/user/Documents/WebMiniLogin/src/test/resources/features/Product.feature
16:17:53.772 [main] DEBUG net.thucydides.core.steps.StepEventBus - Test suite started for story net.thucydides.core.model.Story@fdbc81c8
16:17:53.773 [main] INFO  - Test Suite Started: Product
16:17:53.773 [main] INFO io.cucumber.core.plugin.SerenityReporter - Running feature from file:///C:/Users/user/Documents/WebMiniLogin/src/test/resources/features/Register.feature
16:17:53.781 [main] DEBUG net.thucydides.core.steps.StepEventBus - Test suite started for story net.thucydides.core.model.Story@30e75088
16:17:53.781 [main] INFO  - Test Suite Started: Register
16:17:53.782 [main] INFO io.cucumber.core.plugin.SerenityReporter - Running feature from file:///C:/Users/user/Documents/WebMiniLogin/src/test/resources/features/Transaksi.feature
16:17:53.786 [main] DEBUG net.thucydides.core.steps.StepEventBus - Test suite started for story net.thucydides.core.model.Story@e4d277e8
16:17:53.787 [main] INFO  - Test Suite Started: Transaksi
16:17:53.788 [main] INFO io.cucumber.core.plugin.SerenityReporter - Running feature from file:///C:/Users/user/Documents/WebMiniLogin/src/test/resources/features/Login.feature
16:17:53.791 [main] DEBUG net.thucydides.core.steps.StepEventBus - Test suite started for story net.thucydides.core.model.Story@23282f08
16:17:53.791 [main] INFO  - Test Suite Started: Login

@Login
Scenario Outline: Login scenario                      &amp#27;[90m# src/test/resources/features/Login.feature:16&amp#27;[0m
16:17:53.906 [main] INFO io.cucumber.core.plugin.SerenityReporter - Running feature from file:///C:/Users/user/Documents/WebMiniLogin/src/test/resources/features/Login.feature
16:17:54.046 [main] INFO  - 
  _____   ___   ___   _____     ___   _____     _     ___   _____   ___   ___  
 |_   _| | __| / __| |_   _|   / __| |_   _|   /_\   | _ \ |_   _| | __| |   \ 
   | |   | _|  \__ \   | |     \__ \   | |    / _ \  |   /   | |   | _|  | |) |
   |_|   |___| |___/   |_|     |___/   |_|   /_/ \_\ |_|_\   |_|   |___| |___/ 

Login scenario(login;login-scenario)
--------------------------------------------------------------------------------
16:17:54.998 [main] INFO net.serenitybdd.core.webdriver.driverproviders.ChromeDriverProvider - Using automatically driver download
16:17:55.740 [main] DEBUG io.github.bonigarcia.wdm.cache.ResolutionCache - Removing resolution chrome=101 from cache (expired on Thu May 19 00:55:25 WIB 2022)
16:17:55.860 [main] DEBUG org.apache.hc.client5.http.impl.classic.InternalHttpClient - ex-00000001: preparing request execution
16:17:55.865 [main] DEBUG org.apache.hc.client5.http.protocol.RequestAddCookies - Cookie spec selected: strict
16:17:55.870 [main] DEBUG org.apache.hc.client5.http.protocol.RequestAuthCache - Auth cache not set in the context
16:17:55.870 [main] DEBUG org.apache.hc.client5.http.impl.classic.ProtocolExec - ex-00000001: target auth state: UNCHALLENGED
16:17:55.871 [main] DEBUG org.apache.hc.client5.http.impl.classic.ProtocolExec - ex-00000001: proxy auth state: UNCHALLENGED
16:17:55.871 [main] DEBUG org.apache.hc.client5.http.impl.classic.ConnectExec - ex-00000001: acquiring connection with route {s}->https://raw.githubusercontent.com:443
16:17:55.871 [main] DEBUG org.apache.hc.client5.http.impl.classic.InternalHttpClient - ex-00000001: acquiring endpoint (3 MINUTES)
16:17:55.873 [main] DEBUG org.apache.hc.client5.http.impl.io.PoolingHttpClientConnectionManager - ex-00000001: endpoint lease request (3 MINUTES) [route: {s}->https://raw.githubusercontent.com:443][total available: 0; route allocated: 0 of 5; total allocated: 0 of 25]
16:17:55.878 [main] DEBUG org.apache.hc.client5.http.impl.io.PoolingHttpClientConnectionManager - ex-00000001: endpoint leased [route: {s}->https://raw.githubusercontent.com:443][total available: 0; route allocated: 1 of 5; total allocated: 1 of 25]
16:17:55.889 [main] DEBUG org.apache.hc.client5.http.impl.io.PoolingHttpClientConnectionManager - ex-00000001: acquired ep-00000000
16:17:55.889 [main] DEBUG org.apache.hc.client5.http.impl.classic.InternalHttpClient - ex-00000001: acquired endpoint ep-00000000
16:17:55.889 [main] DEBUG org.apache.hc.client5.http.impl.classic.ConnectExec - ex-00000001: opening connection {s}->https://raw.githubusercontent.com:443
16:17:55.889 [main] DEBUG org.apache.hc.client5.http.impl.classic.InternalHttpClient - ep-00000000: connecting endpoint (30 SECONDS)
16:17:55.889 [main] DEBUG org.apache.hc.client5.http.impl.io.PoolingHttpClientConnectionManager - ep-00000000: connecting endpoint to https://raw.githubusercontent.com:443 (30 SECONDS)
16:17:55.922 [main] DEBUG org.apache.hc.client5.http.impl.io.DefaultHttpClientConnectionOperator - http-outgoing-0: connecting to raw.githubusercontent.com/185.199.108.133:443
16:17:55.923 [main] DEBUG org.apache.hc.client5.http.ssl.SSLConnectionSocketFactory - Connecting socket to raw.githubusercontent.com/185.199.108.133:443 with timeout 30 SECONDS
16:17:55.970 [main] DEBUG org.apache.hc.client5.http.ssl.SSLConnectionSocketFactory - Enabled protocols: [TLSv1.3, TLSv1.2]
16:17:55.970 [main] DEBUG org.apache.hc.client5.http.ssl.SSLConnectionSocketFactory - Enabled cipher suites: [TLS_AES_256_GCM_SHA384, TLS_AES_128_GCM_SHA256, TLS_CHACHA20_POLY1305_SHA256, TLS_ECDHE_ECDSA_WITH_AES_256_GCM_SHA384, TLS_ECDHE_ECDSA_WITH_AES_128_GCM_SHA256, TLS_ECDHE_ECDSA_WITH_CHACHA20_POLY1305_SHA256, TLS_ECDHE_RSA_WITH_AES_256_GCM_SHA384, TLS_ECDHE_RSA_WITH_CHACHA20_POLY1305_SHA256, TLS_ECDHE_RSA_WITH_AES_128_GCM_SHA256, TLS_DHE_RSA_WITH_AES_256_GCM_SHA384, TLS_DHE_RSA_WITH_CHACHA20_POLY1305_SHA256, TLS_DHE_DSS_WITH_AES_256_GCM_SHA384, TLS_DHE_RSA_WITH_AES_128_GCM_SHA256, TLS_DHE_DSS_WITH_AES_128_GCM_SHA256, TLS_ECDHE_ECDSA_WITH_AES_256_CBC_SHA384, TLS_ECDHE_RSA_WITH_AES_256_CBC_SHA384, TLS_ECDHE_ECDSA_WITH_AES_128_CBC_SHA256, TLS_ECDHE_RSA_WITH_AES_128_CBC_SHA256, TLS_DHE_RSA_WITH_AES_256_CBC_SHA256, TLS_DHE_DSS_WITH_AES_256_CBC_SHA256, TLS_DHE_RSA_WITH_AES_128_CBC_SHA256, TLS_DHE_DSS_WITH_AES_128_CBC_SHA256, TLS_ECDH_ECDSA_WITH_AES_256_GCM_SHA384, TLS_ECDH_RSA_WITH_AES_256_GCM_SHA384, TLS_ECDH_ECDSA_WITH_AES_128_GCM_SHA256, TLS_ECDH_RSA_WITH_AES_128_GCM_SHA256, TLS_ECDH_ECDSA_WITH_AES_256_CBC_SHA384, TLS_ECDH_RSA_WITH_AES_256_CBC_SHA384, TLS_ECDH_ECDSA_WITH_AES_128_CBC_SHA256, TLS_ECDH_RSA_WITH_AES_128_CBC_SHA256, TLS_ECDHE_ECDSA_WITH_AES_256_CBC_SHA, TLS_ECDHE_RSA_WITH_AES_256_CBC_SHA, TLS_ECDHE_ECDSA_WITH_AES_128_CBC_SHA, TLS_ECDHE_RSA_WITH_AES_128_CBC_SHA, TLS_DHE_RSA_WITH_AES_256_CBC_SHA, TLS_DHE_DSS_WITH_AES_256_CBC_SHA, TLS_DHE_RSA_WITH_AES_128_CBC_SHA, TLS_DHE_DSS_WITH_AES_128_CBC_SHA, TLS_ECDH_ECDSA_WITH_AES_256_CBC_SHA, TLS_ECDH_RSA_WITH_AES_256_CBC_SHA, TLS_ECDH_ECDSA_WITH_AES_128_CBC_SHA, TLS_ECDH_RSA_WITH_AES_128_CBC_SHA, TLS_RSA_WITH_AES_256_GCM_SHA384, TLS_RSA_WITH_AES_128_GCM_SHA256, TLS_RSA_WITH_AES_256_CBC_SHA256, TLS_RSA_WITH_AES_128_CBC_SHA256, TLS_RSA_WITH_AES_256_CBC_SHA, TLS_RSA_WITH_AES_128_CBC_SHA, TLS_EMPTY_RENEGOTIATION_INFO_SCSV]
16:17:55.970 [main] DEBUG org.apache.hc.client5.http.ssl.SSLConnectionSocketFactory - Starting handshake
16:17:56.068 [main] DEBUG org.apache.hc.client5.http.ssl.SSLConnectionSocketFactory - Secure session established
16:17:56.068 [main] DEBUG org.apache.hc.client5.http.ssl.SSLConnectionSocketFactory -  negotiated protocol: TLSv1.3
16:17:56.068 [main] DEBUG org.apache.hc.client5.http.ssl.SSLConnectionSocketFactory -  negotiated cipher suite: TLS_AES_256_GCM_SHA384
16:17:56.068 [main] DEBUG org.apache.hc.client5.http.ssl.SSLConnectionSocketFactory -  peer principal: CN=*.github.io, O="GitHub, Inc.", L=San Francisco, ST=California, C=US
16:17:56.069 [main] DEBUG org.apache.hc.client5.http.ssl.SSLConnectionSocketFactory -  peer alternative names: [*.github.io, github.com, *.github.com, www.github.com, github.io, githubusercontent.com, *.githubusercontent.com]
16:17:56.069 [main] DEBUG org.apache.hc.client5.http.ssl.SSLConnectionSocketFactory -  issuer principal: CN=DigiCert TLS RSA SHA256 2020 CA1, O=DigiCert Inc, C=US
16:17:56.070 [main] DEBUG org.apache.hc.client5.http.impl.io.DefaultHttpClientConnectionOperator - http-outgoing-0: connection established 192.168.18.76:63508<->185.199.108.133:443
16:17:56.071 [main] DEBUG org.apache.hc.client5.http.impl.io.PoolingHttpClientConnectionManager - ep-00000000: connected http-outgoing-0
16:17:56.071 [main] DEBUG org.apache.hc.client5.http.impl.classic.InternalHttpClient - ep-00000000: endpoint connected
16:17:56.071 [main] DEBUG org.apache.hc.client5.http.impl.classic.MainClientExec - ex-00000001: executing GET /bonigarcia/webdrivermanager/master/src/main/resources/commands.properties HTTP/1.1
16:17:56.072 [main] DEBUG org.apache.hc.client5.http.impl.classic.InternalHttpClient - ep-00000000: start execution ex-00000001
16:17:56.073 [main] DEBUG org.apache.hc.client5.http.impl.io.PoolingHttpClientConnectionManager - ep-00000000: executing exchange ex-00000001 over http-outgoing-0
16:17:56.073 [main] DEBUG org.apache.hc.client5.http.headers - http-outgoing-0 >> GET /bonigarcia/webdrivermanager/master/src/main/resources/commands.properties HTTP/1.1
16:17:56.073 [main] DEBUG org.apache.hc.client5.http.headers - http-outgoing-0 >> user-agent: Apache-HttpClient/5.0
16:17:56.073 [main] DEBUG org.apache.hc.client5.http.headers - http-outgoing-0 >> accept-encoding: gzip, deflate, br
16:17:56.073 [main] DEBUG org.apache.hc.client5.http.headers - http-outgoing-0 >> cache-control: max-age=0
16:17:56.073 [main] DEBUG org.apache.hc.client5.http.headers - http-outgoing-0 >> connection: keep-alive
16:17:56.073 [main] DEBUG org.apache.hc.client5.http.headers - http-outgoing-0 >> Host: raw.githubusercontent.com
16:17:56.073 [main] DEBUG org.apache.hc.client5.http.wire - http-outgoing-0 >> "GET /bonigarcia/webdrivermanager/master/src/main/resources/commands.properties HTTP/1.1[\r][\n]"
16:17:56.073 [main] DEBUG org.apache.hc.client5.http.wire - http-outgoing-0 >> "user-agent: Apache-HttpClient/5.0[\r][\n]"
16:17:56.073 [main] DEBUG org.apache.hc.client5.http.wire - http-outgoing-0 >> "accept-encoding: gzip, deflate, br[\r][\n]"
16:17:56.073 [main] DEBUG org.apache.hc.client5.http.wire - http-outgoing-0 >> "cache-control: max-age=0[\r][\n]"
16:17:56.073 [main] DEBUG org.apache.hc.client5.http.wire - http-outgoing-0 >> "connection: keep-alive[\r][\n]"
16:17:56.074 [main] DEBUG org.apache.hc.client5.http.wire - http-outgoing-0 >> "Host: raw.githubusercontent.com[\r][\n]"
16:17:56.074 [main] DEBUG org.apache.hc.client5.http.wire - http-outgoing-0 >> "[\r][\n]"
16:17:56.098 [main] DEBUG org.apache.hc.client5.http.wire - http-outgoing-0 << "HTTP/1.1 200 OK[\r][\n]"
16:17:56.098 [main] DEBUG org.apache.hc.client5.http.wire - http-outgoing-0 << "Connection: keep-alive[\r][\n]"
16:17:56.098 [main] DEBUG org.apache.hc.client5.http.wire - http-outgoing-0 << "Content-Length: 723[\r][\n]"
16:17:56.098 [main] DEBUG org.apache.hc.client5.http.wire - http-outgoing-0 << "Cache-Control: max-age=300[\r][\n]"
16:17:56.098 [main] DEBUG org.apache.hc.client5.http.wire - http-outgoing-0 << "Content-Security-Policy: default-src 'none'; style-src 'unsafe-inline'; sandbox[\r][\n]"
16:17:56.098 [main] DEBUG org.apache.hc.client5.http.wire - http-outgoing-0 << "Content-Type: text/plain; charset=utf-8[\r][\n]"
16:17:56.098 [main] DEBUG org.apache.hc.client5.http.wire - http-outgoing-0 << "ETag: W/"e82b438271e9e8680c688b0b680efd0bdd22faa6d6f0a32fc1fd8accc486b67e"[\r][\n]"
16:17:56.098 [main] DEBUG org.apache.hc.client5.http.wire - http-outgoing-0 << "Strict-Transport-Security: max-age=31536000[\r][\n]"
16:17:56.098 [main] DEBUG org.apache.hc.client5.http.wire - http-outgoing-0 << "X-Content-Type-Options: nosniff[\r][\n]"
16:17:56.098 [main] DEBUG org.apache.hc.client5.http.wire - http-outgoing-0 << "X-Frame-Options: deny[\r][\n]"
16:17:56.098 [main] DEBUG org.apache.hc.client5.http.wire - http-outgoing-0 << "X-XSS-Protection: 1; mode=block[\r][\n]"
16:17:56.098 [main] DEBUG org.apache.hc.client5.http.wire - http-outgoing-0 << "X-GitHub-Request-Id: 3374:5D11:E3835:12A035:6284182F[\r][\n]"
16:17:56.098 [main] DEBUG org.apache.hc.client5.http.wire - http-outgoing-0 << "Content-Encoding: gzip[\r][\n]"
16:17:56.098 [main] DEBUG org.apache.hc.client5.http.wire - http-outgoing-0 << "Accept-Ranges: bytes[\r][\n]"
16:17:56.098 [main] DEBUG org.apache.hc.client5.http.wire - http-outgoing-0 << "Date: Fri, 20 May 2022 09:17:56 GMT[\r][\n]"
16:17:56.098 [main] DEBUG org.apache.hc.client5.http.wire - http-outgoing-0 << "Via: 1.1 varnish[\r][\n]"
16:17:56.099 [main] DEBUG org.apache.hc.client5.http.wire - http-outgoing-0 << "X-Served-By: cache-qpg1243-QPG[\r][\n]"
16:17:56.099 [main] DEBUG org.apache.hc.client5.http.wire - http-outgoing-0 << "X-Cache: HIT[\r][\n]"
16:17:56.099 [main] DEBUG org.apache.hc.client5.http.wire - http-outgoing-0 << "X-Cache-Hits: 4[\r][\n]"
16:17:56.099 [main] DEBUG org.apache.hc.client5.http.wire - http-outgoing-0 << "X-Timer: S1653038276.301948,VS0,VE0[\r][\n]"
16:17:56.099 [main] DEBUG org.apache.hc.client5.http.wire - http-outgoing-0 << "Vary: Authorization,Accept-Encoding,Origin[\r][\n]"
16:17:56.099 [main] DEBUG org.apache.hc.client5.http.wire - http-outgoing-0 << "Access-Control-Allow-Origin: *[\r][\n]"
16:17:56.099 [main] DEBUG org.apache.hc.client5.http.wire - http-outgoing-0 << "X-Fastly-Request-ID: 86ea22ae02985bbcc2bd03f2554a62a503923f46[\r][\n]"
16:17:56.099 [main] DEBUG org.apache.hc.client5.http.wire - http-outgoing-0 << "Expires: Fri, 20 May 2022 09:22:56 GMT[\r][\n]"
16:17:56.099 [main] DEBUG org.apache.hc.client5.http.wire - http-outgoing-0 << "Source-Age: 31[\r][\n]"
16:17:56.099 [main] DEBUG org.apache.hc.client5.http.wire - http-outgoing-0 << "[\r][\n]"
16:17:56.102 [main] DEBUG org.apache.hc.client5.http.headers - http-outgoing-0 << HTTP/1.1 200 OK
16:17:56.102 [main] DEBUG org.apache.hc.client5.http.headers - http-outgoing-0 << Connection: keep-alive
16:17:56.102 [main] DEBUG org.apache.hc.client5.http.headers - http-outgoing-0 << Content-Length: 723
16:17:56.102 [main] DEBUG org.apache.hc.client5.http.headers - http-outgoing-0 << Cache-Control: max-age=300
16:17:56.102 [main] DEBUG org.apache.hc.client5.http.headers - http-outgoing-0 << Content-Security-Policy: default-src 'none'; style-src 'unsafe-inline'; sandbox
16:17:56.102 [main] DEBUG org.apache.hc.client5.http.headers - http-outgoing-0 << Content-Type: text/plain; charset=utf-8
16:17:56.102 [main] DEBUG org.apache.hc.client5.http.headers - http-outgoing-0 << ETag: W/"e82b438271e9e8680c688b0b680efd0bdd22faa6d6f0a32fc1fd8accc486b67e"
16:17:56.102 [main] DEBUG org.apache.hc.client5.http.headers - http-outgoing-0 << Strict-Transport-Security: max-age=31536000
16:17:56.102 [main] DEBUG org.apache.hc.client5.http.headers - http-outgoing-0 << X-Content-Type-Options: nosniff
16:17:56.102 [main] DEBUG org.apache.hc.client5.http.headers - http-outgoing-0 << X-Frame-Options: deny
16:17:56.102 [main] DEBUG org.apache.hc.client5.http.headers - http-outgoing-0 << X-XSS-Protection: 1; mode=block
16:17:56.102 [main] DEBUG org.apache.hc.client5.http.headers - http-outgoing-0 << X-GitHub-Request-Id: 3374:5D11:E3835:12A035:6284182F
16:17:56.102 [main] DEBUG org.apache.hc.client5.http.headers - http-outgoing-0 << Content-Encoding: gzip
16:17:56.102 [main] DEBUG org.apache.hc.client5.http.headers - http-outgoing-0 << Accept-Ranges: bytes
16:17:56.102 [main] DEBUG org.apache.hc.client5.http.headers - http-outgoing-0 << Date: Fri, 20 May 2022 09:17:56 GMT
16:17:56.102 [main] DEBUG org.apache.hc.client5.http.headers - http-outgoing-0 << Via: 1.1 varnish
16:17:56.102 [main] DEBUG org.apache.hc.client5.http.headers - http-outgoing-0 << X-Served-By: cache-qpg1243-QPG
16:17:56.102 [main] DEBUG org.apache.hc.client5.http.headers - http-outgoing-0 << X-Cache: HIT
16:17:56.102 [main] DEBUG org.apache.hc.client5.http.headers - http-outgoing-0 << X-Cache-Hits: 4
16:17:56.103 [main] DEBUG org.apache.hc.client5.http.headers - http-outgoing-0 << X-Timer: S1653038276.301948,VS0,VE0
16:17:56.103 [main] DEBUG org.apache.hc.client5.http.headers - http-outgoing-0 << Vary: Authorization,Accept-Encoding,Origin
16:17:56.103 [main] DEBUG org.apache.hc.client5.http.headers - http-outgoing-0 << Access-Control-Allow-Origin: *
16:17:56.103 [main] DEBUG org.apache.hc.client5.http.headers - http-outgoing-0 << X-Fastly-Request-ID: 86ea22ae02985bbcc2bd03f2554a62a503923f46
16:17:56.103 [main] DEBUG org.apache.hc.client5.http.headers - http-outgoing-0 << Expires: Fri, 20 May 2022 09:22:56 GMT
16:17:56.103 [main] DEBUG org.apache.hc.client5.http.headers - http-outgoing-0 << Source-Age: 31
16:17:56.106 [main] DEBUG org.apache.hc.client5.http.impl.classic.MainClientExec - ex-00000001: connection can be kept alive for 3 MINUTES
16:17:56.109 [main] DEBUG org.apache.hc.client5.http.wire - http-outgoing-0 << "[0x1f][0xffffff8b][0x8][0x0][0x0][0x0][0x0][0x0][0x0][0x3][0xffffffb5]V]o[0xffffffda]0[0x14]}[0xffffffe7]W\[0xffffff81]*[0xffffffb5][0x12][0x1f][[M[0xffffffd3]$[0x1e]hF[0xffffffbb]i [0x18][0xffffffb4][0xffffffdd]&[0xfffffff9][0xffffffc5]$7[0xffffffc1]R[0x12]#;[0xffffff94]v[0xffffffbf]~[0xffffffb6][0xfffffff3]1[0xffffff92][0xffffff9a][0xffffffc1][0x1a]x[0xffffffcb][0xffffffb5][0xffffffaf][0xffffffcf]9[0xffffffbe][0xfffffff7]8v[0xb][0x1c][0x1e]E4[0xfffffff6]$x4[0xffffffa1][0xb]*[0xffffffb1][0xffffffd1][0xffffff82][0xfffffffb]%[0xffffff93][0xffffffe0][0xffffffb3][0x10][0xffffffc1][0xffffffe5]qBY,!Y[0xffffffea] KM8,[0x10][0xfffffff0][0x19][0xffffffdd]u[0xffffff82][0x1e][0xffffffb0][0xffffffd8]L[0xffffffcb]%[0xffffff86][0xffffffa1][0xe][0xffffffb8][0xfffffff0]P[0xffffffe8]$[0xf][0x13]t[0x13]3[0xfffffff9][0xffffff84]B2[0xffffffae][0xffffffe6]|@[0xfffffff5][0x1d][0x8][0xffffffc4][0x18][0x16][0xffffff82]o[0xffffffa4][0xffffff9a]P[0xffffff94][0xffffffe7][0xffffffce]R[0xfffffff0][0x8][0xffffffdb]p[0xffffffcb][0x4][0xfffffffa][0xfffffffc][0xffffffb9][\r][0xffffff93][0x15][\n]"
16:17:56.110 [main] DEBUG org.apache.hc.client5.http.wire - http-outgoing-0 << "[0xffffffda][0xffffff86][0xffffffa1][0x17][0xffffffa8]Q3[0xffffffcb][0xffffffd6][0xffffffd1][0xffffff85][0xffffffc6][0xfffffff7][0xffffff98][0xffffffef][0xffffffa3][0xffffffc0]8[0x1][0xffffffae]s[0x12][0x16][0x7] _d[0xffffff82][0xffffff91][0xffffff84][0xfffffff3][0x1f],[0xfffffff6][0x14]j[0x1b]F,^+[0xffffff98]1ua2[0xffffffbf]h([0xffffff8e][0xffffff94][0xffffffa2][0xffffff91]m[0xffffffa3][0xffffffeb][0xffffff9a][0xffffffb0][0xffffffbb]I[0x17]t[0xffffffdf][0xffffffbd][0xffffffef][0xffffffbb][0xffffff91][0xffffffd7]U[0xffffffbb][0xffffff82][0xffffff9e][0x3][0xffffff9b][0xffffff88][0xffffffb9][0xffffffa6]$[0xffffffa6][0xc][0xffffff9b][0xffffffa5][0xffffffe2][0xffffff83][0xffffff98]F[0xffffffd8]o[0xffffff9e]Mg[0xffffff93][0xffffffbb][0xffffffd9]`|[0xfffffffb]u4[0xffffff9c][0x7f]"}B[0xffffffce][0x8][0xffffffb9][0xffffffe3]<[0x8][0xffffff91][0xffffff90][0xffffff94][0xffffff82][0xffffff90][0xffffffc1]j[0x15]2WI[0xffffffe3]1![0x19][0xffffff91]BnB[0xffffff80][0x9]<f[0xffffffb5][0xffffffe8]=[0xffffffd1]p[0xffffffbd][[0xffffffcf][0xffffffe5][0x1b][0xfffffff4][0xffffff9c][0xffffffff][0xfffffffc][0xfffffff8][0xffffffe1][0xffffffe2][0xffffff94][0xffffffa2][0xffffffae][0xe][0x14]5[0xffffff9a]8[0xffffff83][0xffffffd1]`:[0xfffffffd]<[0xffffffb8][0x1f][0xffffff9c]R[0xffffffcf]u[0x7f]6[0xffffffbc][0xffffff83][0xffffffef][0xf][0xffffffc3][0xffffffd9]/[0xfffffff8][0xfffffff2][0xffffffcd]y s[0xffffffee]'[0x1b]*0g[0xffffffcb][0xffffffc8]nF7H][0xffffff83][0xffffff97]{[0xffffffb1]Q[0x5][\r][0xffffffb5]c[0xffffffb4][0xf][0x2][0xffffffb3][0xffffffb4][0xffffff93][0xe]C[0xffffffa7][0xffffffb3]kAD][0xffffff9d][0xffffffde][0xffffffdb][0xffffffda][0xffffff88][0xffffffec][0xffffffa5][0xffffffbc][0xffffff99][0xffffffd9][0xffffffba]t[0xffffffb5][0xffffffea]9[0xffffffea][0x10])[0xffffffb7][0xffffffca][0xffffff9e][0xfffffff2][0xffffffe2]d^N[0xffffffd8]FW[0x16][0xffffffcd][0xffffffdc]_[0x10][0xfffffff9]i|[0x1c][0xffffff93][0xffffff8e][0xfffffff9]o[0x16][0xffffff86]4'!$G[0xffffffdf]W[0xfffffff4]W*j[[0xfffffff3]xR[0xffffffae][0xffffffb6][0xc][0xffffffd0],; #[0xffffffa9][0xffffff92]5[0xffffffb5][0x7][0xffffff9c][0xffffffb5][0xffffffd0][0x7f][0xffffff90][0xffffffc7]jgs[0xfffffffc][0xffffffc2][0xb][0xffffffd9][0x0]t[0xffffff9e]^'Y[0xfffffffb][0xffffff9f][0xffffffb1][0xffffffd8]:[0xffffffbf][0xffffff8d][0xffffffa5][0xffffff9a][0xffffffad][0x7f]m[0x5]&[0xffffffaa][0xffffffa0]^[0xffffff9b][0xffffffcb][0x5]f[0xffffffae][0xffffffe0]RU[0xffffff82][0x10]MS9l[0xffffff91]4t[0xfffffffb][0xffffff8a]][0xffffffd6][0xfffffff4][0xffffff96][0xffffffa6][0xffffff9f]P[0xffffffce][0xffffffd5][0xffffffce][0xffffff93][0xffffffff][0xffffff97][0xffffffcc]p[0xfffffffd][0xfffffff3][0xffffffe8][0x1b][0xffffffcc][0xffffffa2][0xffffffd9]Q[0xffffffbe][0xffffffb2][0xffffffa3][0xffffffc7]m'[0xffffffdf][0xffffffe4][[0xfffffffb]^[0xffffffb0][0xffffff9a][0xffffffbe][0xffffffda][0xffffffda]_[0xffffffce][0xffffff80][0xffffffd2][0xffffffc1]7[0xffffffb7]][0xffffffc1]b[0xffffffee][0xffffffb5][0xffffffff]w[0xffffff83][0xffffffed][0xffffffa7];[0x15]<[0x10]4[0xffffff92][0xffffff84][0x18][\n]"
16:17:56.110 [main] DEBUG org.apache.hc.client5.http.wire - http-outgoing-0 << "BB[0xffffffba][0xffffff8e]][0xffffffb5]jo[0xffffffb9]+"[0xffffffea][0xffffffb4][0xffffffff]h"[0xffffffea]\?5[0xffffffa9][0xffffffaf]k[0xffffffec][0xffffffff]P[0xffffffea][\n]"
16:17:56.110 [main] DEBUG org.apache.hc.client5.http.wire - http-outgoing-0 << "w[0xffffffe1]K[0x13][0xffffffda][0xffffffec][0xffffff98][0xffffffe6]Y[0xfffffffd]h8m6[0xffffff9c]T[0xffffffc1][0xfffffff2][0xffffffa7][0xffffff91]z_[0xffffff95]o85p[0x1c][0x13][0xffffffe6][0xfffffff0]5[0xffffffee][0xfffffffc][0xffffff92][0xffffff96][0xffffffda][0xfffffff7][0xffffffcf][0xffffffb1][0x5][0x1d][0xffffffea]K[0xffffff9b]9[0xffffff8e][0xffffffad]e[0xfffffff7][0xffffff93][0xffffffa8]`[0xffffffda][0xffffffff][0x1a][0xffffffd2][0xffffff88][0xffffff85][0xfffffffd][0xfffffff2][0xffffff91]N[0xfffffff6]`[0xffffffdf]2[0xffffffcf][0xffffffae]E[0xffffff97][0xffffffc5][0xffffffa2][0xffffff9d][0xffffffef]'[0xffffff9d]mun.[0xffffffd3]f^[0xffffffc7][0xffffff82][0xffffffda][0xffffff82]9[0xfffffff5][0xffffffa9]`[0x5][0xffffffbc]4[0xffffffa1][0x1d]<M[0xffffffb5]A[0xffffffa7]3[[0xffffffc0][0x7f][0x0][0xffffffc1][0xffffffd0]$[0xffffff85][0x1d][\r][0x0][0x0]"
16:17:56.111 [main] DEBUG org.apache.hc.client5.http.impl.classic.InternalHttpClient - ep-00000000: releasing valid endpoint
16:17:56.111 [main] DEBUG org.apache.hc.client5.http.impl.io.PoolingHttpClientConnectionManager - ep-00000000: releasing endpoint
16:17:56.111 [main] DEBUG org.apache.hc.client5.http.impl.io.PoolingHttpClientConnectionManager - ep-00000000: connection http-outgoing-0 can be kept alive for 3 MINUTES
16:17:56.112 [main] DEBUG org.apache.hc.client5.http.impl.io.PoolingHttpClientConnectionManager - ep-00000000: connection released [route: {s}->https://raw.githubusercontent.com:443][total available: 1; route allocated: 1 of 5; total allocated: 1 of 25]
16:17:56.112 [main] DEBUG io.github.bonigarcia.wdm.versions.VersionDetector - Detecting chrome version using online commands.properties
16:17:56.114 [main] DEBUG io.github.bonigarcia.wdm.versions.Shell - Running command on the shell: [cmd.exe, /C, wmic, datafile, where, name="%PROGRAMFILES:\=\\%\\Google\\Chrome\\Application\\chrome.exe", get, Version, /value]
16:17:56.447 [main] DEBUG io.github.bonigarcia.wdm.versions.Shell - Result: Version=101.0.4951.67
16:17:56.457 [main] DEBUG io.github.bonigarcia.wdm.cache.ResolutionCache - Removing resolution chrome101=101.0.4951.41 from cache (expired on Thu May 19 20:04:20 WIB 2022)
16:17:56.461 [main] DEBUG org.apache.hc.client5.http.impl.classic.InternalHttpClient - ex-00000002: preparing request execution
16:17:56.461 [main] DEBUG org.apache.hc.client5.http.protocol.RequestAddCookies - Cookie spec selected: strict
16:17:56.461 [main] DEBUG org.apache.hc.client5.http.protocol.RequestAuthCache - Auth cache not set in the context
16:17:56.461 [main] DEBUG org.apache.hc.client5.http.impl.classic.ProtocolExec - ex-00000002: target auth state: UNCHALLENGED
16:17:56.461 [main] DEBUG org.apache.hc.client5.http.impl.classic.ProtocolExec - ex-00000002: proxy auth state: UNCHALLENGED
16:17:56.461 [main] DEBUG org.apache.hc.client5.http.impl.classic.ConnectExec - ex-00000002: acquiring connection with route {s}->https://chromedriver.storage.googleapis.com:443
16:17:56.461 [main] DEBUG org.apache.hc.client5.http.impl.classic.InternalHttpClient - ex-00000002: acquiring endpoint (3 MINUTES)
16:17:56.461 [main] DEBUG org.apache.hc.client5.http.impl.io.PoolingHttpClientConnectionManager - ex-00000002: endpoint lease request (3 MINUTES) [route: {s}->https://chromedriver.storage.googleapis.com:443][total available: 1; route allocated: 0 of 5; total allocated: 1 of 25]
16:17:56.461 [main] DEBUG org.apache.hc.client5.http.impl.io.PoolingHttpClientConnectionManager - ex-00000002: endpoint leased [route: {s}->https://chromedriver.storage.googleapis.com:443][total available: 1; route allocated: 1 of 5; total allocated: 2 of 25]
16:17:56.461 [main] DEBUG org.apache.hc.client5.http.impl.io.PoolingHttpClientConnectionManager - ex-00000002: acquired ep-00000001
16:17:56.461 [main] DEBUG org.apache.hc.client5.http.impl.classic.InternalHttpClient - ex-00000002: acquired endpoint ep-00000001
16:17:56.461 [main] DEBUG org.apache.hc.client5.http.impl.classic.ConnectExec - ex-00000002: opening connection {s}->https://chromedriver.storage.googleapis.com:443
16:17:56.461 [main] DEBUG org.apache.hc.client5.http.impl.classic.InternalHttpClient - ep-00000001: connecting endpoint (30 SECONDS)
16:17:56.462 [main] DEBUG org.apache.hc.client5.http.impl.io.PoolingHttpClientConnectionManager - ep-00000001: connecting endpoint to https://chromedriver.storage.googleapis.com:443 (30 SECONDS)
16:17:56.501 [main] DEBUG org.apache.hc.client5.http.impl.io.DefaultHttpClientConnectionOperator - http-outgoing-1: connecting to chromedriver.storage.googleapis.com/34.101.5.112:443
16:17:56.501 [main] DEBUG org.apache.hc.client5.http.ssl.SSLConnectionSocketFactory - Connecting socket to chromedriver.storage.googleapis.com/34.101.5.112:443 with timeout 30 SECONDS
16:17:56.517 [main] DEBUG org.apache.hc.client5.http.ssl.SSLConnectionSocketFactory - Enabled protocols: [TLSv1.3, TLSv1.2]
16:17:56.517 [main] DEBUG org.apache.hc.client5.http.ssl.SSLConnectionSocketFactory - Enabled cipher suites: [TLS_AES_256_GCM_SHA384, TLS_AES_128_GCM_SHA256, TLS_CHACHA20_POLY1305_SHA256, TLS_ECDHE_ECDSA_WITH_AES_256_GCM_SHA384, TLS_ECDHE_ECDSA_WITH_AES_128_GCM_SHA256, TLS_ECDHE_ECDSA_WITH_CHACHA20_POLY1305_SHA256, TLS_ECDHE_RSA_WITH_AES_256_GCM_SHA384, TLS_ECDHE_RSA_WITH_CHACHA20_POLY1305_SHA256, TLS_ECDHE_RSA_WITH_AES_128_GCM_SHA256, TLS_DHE_RSA_WITH_AES_256_GCM_SHA384, TLS_DHE_RSA_WITH_CHACHA20_POLY1305_SHA256, TLS_DHE_DSS_WITH_AES_256_GCM_SHA384, TLS_DHE_RSA_WITH_AES_128_GCM_SHA256, TLS_DHE_DSS_WITH_AES_128_GCM_SHA256, TLS_ECDHE_ECDSA_WITH_AES_256_CBC_SHA384, TLS_ECDHE_RSA_WITH_AES_256_CBC_SHA384, TLS_ECDHE_ECDSA_WITH_AES_128_CBC_SHA256, TLS_ECDHE_RSA_WITH_AES_128_CBC_SHA256, TLS_DHE_RSA_WITH_AES_256_CBC_SHA256, TLS_DHE_DSS_WITH_AES_256_CBC_SHA256, TLS_DHE_RSA_WITH_AES_128_CBC_SHA256, TLS_DHE_DSS_WITH_AES_128_CBC_SHA256, TLS_ECDH_ECDSA_WITH_AES_256_GCM_SHA384, TLS_ECDH_RSA_WITH_AES_256_GCM_SHA384, TLS_ECDH_ECDSA_WITH_AES_128_GCM_SHA256, TLS_ECDH_RSA_WITH_AES_128_GCM_SHA256, TLS_ECDH_ECDSA_WITH_AES_256_CBC_SHA384, TLS_ECDH_RSA_WITH_AES_256_CBC_SHA384, TLS_ECDH_ECDSA_WITH_AES_128_CBC_SHA256, TLS_ECDH_RSA_WITH_AES_128_CBC_SHA256, TLS_ECDHE_ECDSA_WITH_AES_256_CBC_SHA, TLS_ECDHE_RSA_WITH_AES_256_CBC_SHA, TLS_ECDHE_ECDSA_WITH_AES_128_CBC_SHA, TLS_ECDHE_RSA_WITH_AES_128_CBC_SHA, TLS_DHE_RSA_WITH_AES_256_CBC_SHA, TLS_DHE_DSS_WITH_AES_256_CBC_SHA, TLS_DHE_RSA_WITH_AES_128_CBC_SHA, TLS_DHE_DSS_WITH_AES_128_CBC_SHA, TLS_ECDH_ECDSA_WITH_AES_256_CBC_SHA, TLS_ECDH_RSA_WITH_AES_256_CBC_SHA, TLS_ECDH_ECDSA_WITH_AES_128_CBC_SHA, TLS_ECDH_RSA_WITH_AES_128_CBC_SHA, TLS_RSA_WITH_AES_256_GCM_SHA384, TLS_RSA_WITH_AES_128_GCM_SHA256, TLS_RSA_WITH_AES_256_CBC_SHA256, TLS_RSA_WITH_AES_128_CBC_SHA256, TLS_RSA_WITH_AES_256_CBC_SHA, TLS_RSA_WITH_AES_128_CBC_SHA, TLS_EMPTY_RENEGOTIATION_INFO_SCSV]
16:17:56.517 [main] DEBUG org.apache.hc.client5.http.ssl.SSLConnectionSocketFactory - Starting handshake
16:17:56.599 [main] DEBUG org.apache.hc.client5.http.ssl.SSLConnectionSocketFactory - Secure session established
16:17:56.599 [main] DEBUG org.apache.hc.client5.http.ssl.SSLConnectionSocketFactory -  negotiated protocol: TLSv1.3
16:17:56.599 [main] DEBUG org.apache.hc.client5.http.ssl.SSLConnectionSocketFactory -  negotiated cipher suite: TLS_AES_256_GCM_SHA384
16:17:56.599 [main] DEBUG org.apache.hc.client5.http.ssl.SSLConnectionSocketFactory -  peer principal: CN=*.storage.googleapis.com
16:17:56.599 [main] DEBUG org.apache.hc.client5.http.ssl.SSLConnectionSocketFactory -  peer alternative names: [*.storage.googleapis.com, *.googleapis.com, commondatastorage.googleapis.com, *.commondatastorage.googleapis.com, storage.googleapis.com, storage.mtls.googleapis.com, *.appspot.com.storage.googleapis.com, *.content-storage.googleapis.com, *.content-storage-p2.googleapis.com, *.content-storage-upload.googleapis.com, *.content-storage-download.googleapis.com, *.storage-upload.googleapis.com, *.storage-download.googleapis.com]
16:17:56.599 [main] DEBUG org.apache.hc.client5.http.ssl.SSLConnectionSocketFactory -  issuer principal: CN=GTS CA 1C3, O=Google Trust Services LLC, C=US
16:17:56.600 [main] DEBUG org.apache.hc.client5.http.impl.io.DefaultHttpClientConnectionOperator - http-outgoing-1: connection established 192.168.18.76:63509<->34.101.5.112:443
16:17:56.600 [main] DEBUG org.apache.hc.client5.http.impl.io.PoolingHttpClientConnectionManager - ep-00000001: connected http-outgoing-1
16:17:56.600 [main] DEBUG org.apache.hc.client5.http.impl.classic.InternalHttpClient - ep-00000001: endpoint connected
16:17:56.600 [main] DEBUG org.apache.hc.client5.http.impl.classic.MainClientExec - ex-00000002: executing GET /LATEST_RELEASE_101 HTTP/1.1
16:17:56.600 [main] DEBUG org.apache.hc.client5.http.impl.classic.InternalHttpClient - ep-00000001: start execution ex-00000002
16:17:56.600 [main] DEBUG org.apache.hc.client5.http.impl.io.PoolingHttpClientConnectionManager - ep-00000001: executing exchange ex-00000002 over http-outgoing-1
16:17:56.600 [main] DEBUG org.apache.hc.client5.http.headers - http-outgoing-1 >> GET /LATEST_RELEASE_101 HTTP/1.1
16:17:56.600 [main] DEBUG org.apache.hc.client5.http.headers - http-outgoing-1 >> user-agent: Apache-HttpClient/5.0
16:17:56.600 [main] DEBUG org.apache.hc.client5.http.headers - http-outgoing-1 >> accept-encoding: gzip, deflate, br
16:17:56.600 [main] DEBUG org.apache.hc.client5.http.headers - http-outgoing-1 >> cache-control: max-age=0
16:17:56.600 [main] DEBUG org.apache.hc.client5.http.headers - http-outgoing-1 >> connection: keep-alive
16:17:56.600 [main] DEBUG org.apache.hc.client5.http.headers - http-outgoing-1 >> Host: chromedriver.storage.googleapis.com
16:17:56.600 [main] DEBUG org.apache.hc.client5.http.wire - http-outgoing-1 >> "GET /LATEST_RELEASE_101 HTTP/1.1[\r][\n]"
16:17:56.600 [main] DEBUG org.apache.hc.client5.http.wire - http-outgoing-1 >> "user-agent: Apache-HttpClient/5.0[\r][\n]"
16:17:56.600 [main] DEBUG org.apache.hc.client5.http.wire - http-outgoing-1 >> "accept-encoding: gzip, deflate, br[\r][\n]"
16:17:56.600 [main] DEBUG org.apache.hc.client5.http.wire - http-outgoing-1 >> "cache-control: max-age=0[\r][\n]"
16:17:56.600 [main] DEBUG org.apache.hc.client5.http.wire - http-outgoing-1 >> "connection: keep-alive[\r][\n]"
16:17:56.600 [main] DEBUG org.apache.hc.client5.http.wire - http-outgoing-1 >> "Host: chromedriver.storage.googleapis.com[\r][\n]"
16:17:56.600 [main] DEBUG org.apache.hc.client5.http.wire - http-outgoing-1 >> "[\r][\n]"
16:17:56.628 [main] DEBUG org.apache.hc.client5.http.wire - http-outgoing-1 << "HTTP/1.1 200 OK[\r][\n]"
16:17:56.628 [main] DEBUG org.apache.hc.client5.http.wire - http-outgoing-1 << "X-GUploader-UploadID: ADPycdv6zOKXhoZnN08nXHObD9Dov9OCwFAYMq-5Gd9UjJvKcXdjV2wrFQCXv_r2tVbDlj6GbNYt-HW6z_Td2y2Hshcx7WFSwloU[\r][\n]"
16:17:56.628 [main] DEBUG org.apache.hc.client5.http.wire - http-outgoing-1 << "x-goog-generation: 1651042960642521[\r][\n]"
16:17:56.628 [main] DEBUG org.apache.hc.client5.http.wire - http-outgoing-1 << "x-goog-metageneration: 1[\r][\n]"
16:17:56.628 [main] DEBUG org.apache.hc.client5.http.wire - http-outgoing-1 << "x-goog-stored-content-encoding: identity[\r][\n]"
16:17:56.628 [main] DEBUG org.apache.hc.client5.http.wire - http-outgoing-1 << "x-goog-stored-content-length: 13[\r][\n]"
16:17:56.628 [main] DEBUG org.apache.hc.client5.http.wire - http-outgoing-1 << "x-goog-hash: crc32c=/STjMw==[\r][\n]"
16:17:56.628 [main] DEBUG org.apache.hc.client5.http.wire - http-outgoing-1 << "x-goog-hash: md5=TI/RrWwfmTd7fF5pgl1BgQ==[\r][\n]"
16:17:56.628 [main] DEBUG org.apache.hc.client5.http.wire - http-outgoing-1 << "x-goog-storage-class: STANDARD[\r][\n]"
16:17:56.628 [main] DEBUG org.apache.hc.client5.http.wire - http-outgoing-1 << "Accept-Ranges: bytes[\r][\n]"
16:17:56.628 [main] DEBUG org.apache.hc.client5.http.wire - http-outgoing-1 << "Content-Length: 13[\r][\n]"
16:17:56.628 [main] DEBUG org.apache.hc.client5.http.wire - http-outgoing-1 << "Server: UploadServer[\r][\n]"
16:17:56.628 [main] DEBUG org.apache.hc.client5.http.wire - http-outgoing-1 << "Date: Fri, 20 May 2022 09:00:24 GMT[\r][\n]"
16:17:56.628 [main] DEBUG org.apache.hc.client5.http.wire - http-outgoing-1 << "Expires: Fri, 20 May 2022 10:00:24 GMT[\r][\n]"
16:17:56.628 [main] DEBUG org.apache.hc.client5.http.wire - http-outgoing-1 << "Cache-Control: public, max-age=3600[\r][\n]"
16:17:56.628 [main] DEBUG org.apache.hc.client5.http.wire - http-outgoing-1 << "Age: 1052[\r][\n]"
16:17:56.628 [main] DEBUG org.apache.hc.client5.http.wire - http-outgoing-1 << "Last-Modified: Wed, 27 Apr 2022 07:02:40 GMT[\r][\n]"
16:17:56.628 [main] DEBUG org.apache.hc.client5.http.wire - http-outgoing-1 << "ETag: "4c8fd1ad6c1f99377b7c5e69825d4181"[\r][\n]"
16:17:56.628 [main] DEBUG org.apache.hc.client5.http.wire - http-outgoing-1 << "Content-Type: text/plain[\r][\n]"
16:17:56.628 [main] DEBUG org.apache.hc.client5.http.wire - http-outgoing-1 << "Alt-Svc: h3=":443"; ma=2592000,h3-29=":443"; ma=2592000,h3-Q050=":443"; ma=2592000,h3-Q046=":443"; ma=2592000,h3-Q043=":443"; ma=2592000,quic=":443"; ma=2592000; v="46,43"[\r][\n]"
16:17:56.628 [main] DEBUG org.apache.hc.client5.http.wire - http-outgoing-1 << "[\r][\n]"
16:17:56.628 [main] DEBUG org.apache.hc.client5.http.wire - http-outgoing-1 << "101.0.4951.41"
16:17:56.629 [main] DEBUG org.apache.hc.client5.http.headers - http-outgoing-1 << HTTP/1.1 200 OK
16:17:56.629 [main] DEBUG org.apache.hc.client5.http.headers - http-outgoing-1 << X-GUploader-UploadID: ADPycdv6zOKXhoZnN08nXHObD9Dov9OCwFAYMq-5Gd9UjJvKcXdjV2wrFQCXv_r2tVbDlj6GbNYt-HW6z_Td2y2Hshcx7WFSwloU
16:17:56.629 [main] DEBUG org.apache.hc.client5.http.headers - http-outgoing-1 << x-goog-generation: 1651042960642521
16:17:56.629 [main] DEBUG org.apache.hc.client5.http.headers - http-outgoing-1 << x-goog-metageneration: 1
16:17:56.629 [main] DEBUG org.apache.hc.client5.http.headers - http-outgoing-1 << x-goog-stored-content-encoding: identity
16:17:56.629 [main] DEBUG org.apache.hc.client5.http.headers - http-outgoing-1 << x-goog-stored-content-length: 13
16:17:56.629 [main] DEBUG org.apache.hc.client5.http.headers - http-outgoing-1 << x-goog-hash: crc32c=/STjMw==
16:17:56.629 [main] DEBUG org.apache.hc.client5.http.headers - http-outgoing-1 << x-goog-hash: md5=TI/RrWwfmTd7fF5pgl1BgQ==
16:17:56.629 [main] DEBUG org.apache.hc.client5.http.headers - http-outgoing-1 << x-goog-storage-class: STANDARD
16:17:56.629 [main] DEBUG org.apache.hc.client5.http.headers - http-outgoing-1 << Accept-Ranges: bytes
16:17:56.629 [main] DEBUG org.apache.hc.client5.http.headers - http-outgoing-1 << Content-Length: 13
16:17:56.629 [main] DEBUG org.apache.hc.client5.http.headers - http-outgoing-1 << Server: UploadServer
16:17:56.629 [main] DEBUG org.apache.hc.client5.http.headers - http-outgoing-1 << Date: Fri, 20 May 2022 09:00:24 GMT
16:17:56.629 [main] DEBUG org.apache.hc.client5.http.headers - http-outgoing-1 << Expires: Fri, 20 May 2022 10:00:24 GMT
16:17:56.629 [main] DEBUG org.apache.hc.client5.http.headers - http-outgoing-1 << Cache-Control: public, max-age=3600
16:17:56.629 [main] DEBUG org.apache.hc.client5.http.headers - http-outgoing-1 << Age: 1052
16:17:56.629 [main] DEBUG org.apache.hc.client5.http.headers - http-outgoing-1 << Last-Modified: Wed, 27 Apr 2022 07:02:40 GMT
16:17:56.629 [main] DEBUG org.apache.hc.client5.http.headers - http-outgoing-1 << ETag: "4c8fd1ad6c1f99377b7c5e69825d4181"
16:17:56.629 [main] DEBUG org.apache.hc.client5.http.headers - http-outgoing-1 << Content-Type: text/plain
16:17:56.629 [main] DEBUG org.apache.hc.client5.http.headers - http-outgoing-1 << Alt-Svc: h3=":443"; ma=2592000,h3-29=":443"; ma=2592000,h3-Q050=":443"; ma=2592000,h3-Q046=":443"; ma=2592000,h3-Q043=":443"; ma=2592000,quic=":443"; ma=2592000; v="46,43"
16:17:56.630 [main] DEBUG org.apache.hc.client5.http.impl.classic.MainClientExec - ex-00000002: connection can be kept alive for 3 MINUTES
16:17:56.630 [main] DEBUG org.apache.hc.client5.http.impl.classic.InternalHttpClient - ep-00000001: releasing valid endpoint
16:17:56.630 [main] DEBUG org.apache.hc.client5.http.impl.io.PoolingHttpClientConnectionManager - ep-00000001: releasing endpoint
16:17:56.630 [main] DEBUG org.apache.hc.client5.http.impl.io.PoolingHttpClientConnectionManager - ep-00000001: connection http-outgoing-1 can be kept alive for 3 MINUTES
16:17:56.630 [main] DEBUG org.apache.hc.client5.http.impl.io.PoolingHttpClientConnectionManager - ep-00000001: connection released [route: {s}->https://chromedriver.storage.googleapis.com:443][total available: 2; route allocated: 1 of 5; total allocated: 2 of 25]
16:17:56.630 [main] DEBUG io.github.bonigarcia.wdm.versions.VersionDetector - Latest version of chromedriver according to https://chromedriver.storage.googleapis.com/LATEST_RELEASE_101 is 101.0.4951.41
16:17:56.630 [main] INFO io.github.bonigarcia.wdm.WebDriverManager - Using chromedriver 101.0.4951.41 (resolved driver for Chrome 101)
16:17:56.637 [main] DEBUG io.github.bonigarcia.wdm.cache.ResolutionCache - Storing resolution chrome=101 in cache (valid until 17:17:56 20/05/2022 WIB)
16:17:56.639 [main] DEBUG io.github.bonigarcia.wdm.cache.ResolutionCache - Storing resolution chrome101=101.0.4951.41 in cache (valid until 16:17:56 21/05/2022 WIB)
16:17:56.651 [main] DEBUG io.github.bonigarcia.wdm.WebDriverManager - Driver chromedriver 101.0.4951.41 found in cache
16:17:56.651 [main] INFO io.github.bonigarcia.wdm.WebDriverManager - Exporting webdriver.chrome.driver as C:\Users\user\.cache\selenium\chromedriver\win32\101.0.4951.41\chromedriver.exe
16:17:57.199 [main] DEBUG net.thucydides.core.reflection.ClassFinder - Could not load class .Starter.CucumberTestSuite
16:17:57.200 [main] DEBUG net.thucydides.core.reflection.ClassFinder - Could not load class .Starter.Pages.HomePage
16:17:57.200 [main] DEBUG net.thucydides.core.reflection.ClassFinder - Could not load class .Starter.Pages.LoginPage
16:17:57.200 [main] DEBUG net.thucydides.core.reflection.ClassFinder - Could not load class .Starter.Pages.RegisterPage
16:17:57.200 [main] DEBUG net.thucydides.core.reflection.ClassFinder - Could not load class .Starter.StepDefinitions.LoginStep
16:17:57.200 [main] DEBUG net.thucydides.core.reflection.ClassFinder - Could not load class .Starter.StepDefinitions.LogoutStep
16:17:57.200 [main] DEBUG net.thucydides.core.reflection.ClassFinder - Could not load class .Starter.StepDefinitions.ProductStep
16:17:57.200 [main] DEBUG net.thucydides.core.reflection.ClassFinder - Could not load class .Starter.StepDefinitions.RegisterStep
16:17:57.200 [main] DEBUG net.thucydides.core.reflection.ClassFinder - Could not load class .Starter.StepDefinitions.TransaksiStep
16:17:57.200 [main] DEBUG net.thucydides.core.reflection.ClassFinder - Could not load class .Utils.General
16:17:57.201 [main] DEBUG net.thucydides.core.reflection.ClassFinder - Could not load class META-INF.versions.9.com.sun.istack.logging.StackHelper
16:17:57.201 [main] DEBUG net.thucydides.core.reflection.ClassFinder - Could not load class META-INF.versions.9.com.sun.xml.bind.v2.runtime.reflect.opt.AccessorInjector
16:17:57.202 [main] DEBUG net.thucydides.core.reflection.ClassFinder - Could not load class META-INF.versions.9.com.sun.xml.bind.v2.runtime.reflect.opt.Injector
16:17:57.202 [main] DEBUG net.thucydides.core.reflection.ClassFinder - Could not load class META-INF.versions.9.com.sun.xml.bind.v2.runtime.reflect.opt.OptimizedAccessorFactory
16:17:57.203 [main] DEBUG net.thucydides.core.reflection.ClassFinder - Could not load class META-INF.versions.9.com.sun.xml.bind.v2.runtime.reflect.opt.OptimizedTransducedAccessorFactory
16:17:57.203 [main] DEBUG net.thucydides.core.reflection.ClassFinder - Could not load class META-INF.versions.9.io.opentelemetry.sdk.internal.CurrentJavaVersionSpecific
16:17:57.204 [main] DEBUG net.thucydides.core.reflection.ClassFinder - Could not load class META-INF.versions.9.io.opentelemetry.sdk.internal.Java9VersionSpecific
16:17:57.205 [main] DEBUG net.thucydides.core.reflection.ClassFinder - Could not load class META-INF.versions.9.javax.xml.bind.ModuleUtil
16:17:57.207 [main] DEBUG net.thucydides.core.reflection.ClassFinder - Could not load class META-INF.versions.9.module-info
16:17:57.208 [main] DEBUG net.thucydides.core.reflection.ClassFinder - Could not load class META-INF.versions.9.org.junit.platform.commons.util.ModuleUtils
16:17:57.584 [main] DEBUG net.thucydides.core.reflection.ClassFinder - Could not load class com.google.gson.internal.
16:17:57.782 [main] DEBUG net.thucydides.core.reflection.ClassFinder - Could not load class com.sun.xml.bind.v2.runtime.output.FastInfosetStreamWriterOutput
16:17:58.224 [main] DEBUG net.thucydides.core.reflection.ClassFinder - Could not load class module-info
16:18:00.979 [main] DEBUG io.netty.util.internal.logging.InternalLoggerFactory - Using SLF4J as the default logging framework
16:18:00.984 [main] DEBUG io.netty.util.ResourceLeakDetector - -Dio.netty.leakDetection.level: simple
16:18:00.984 [main] DEBUG io.netty.util.ResourceLeakDetector - -Dio.netty.leakDetection.targetRecords: 4
16:18:00.988 [main] DEBUG io.netty.util.ResourceLeakDetectorFactory - Loaded default ResourceLeakDetector: io.netty.util.ResourceLeakDetector@26e42464
16:18:01.008 [main] DEBUG io.netty.util.internal.PlatformDependent0 - -Dio.netty.noUnsafe: false
16:18:01.008 [main] DEBUG io.netty.util.internal.PlatformDependent0 - Java version: 15
16:18:01.009 [main] DEBUG io.netty.util.internal.PlatformDependent0 - sun.misc.Unsafe.theUnsafe: available
16:18:01.010 [main] DEBUG io.netty.util.internal.PlatformDependent0 - sun.misc.Unsafe.copyMemory: available
16:18:01.011 [main] DEBUG io.netty.util.internal.PlatformDependent0 - java.nio.Buffer.address: available
16:18:01.011 [main] DEBUG io.netty.util.internal.PlatformDependent0 - direct buffer constructor: unavailable: Reflective setAccessible(true) disabled
16:18:01.012 [main] DEBUG io.netty.util.internal.PlatformDependent0 - java.nio.Bits.unaligned: available, true
16:18:01.013 [main] DEBUG io.netty.util.internal.PlatformDependent0 - jdk.internal.misc.Unsafe.allocateUninitializedArray(int): unavailable: class io.netty.util.internal.PlatformDependent0$6 cannot access class jdk.internal.misc.Unsafe (in module java.base) because module java.base does not export jdk.internal.misc to unnamed module @7249dadf
16:18:01.014 [main] DEBUG io.netty.util.internal.PlatformDependent0 - java.nio.DirectByteBuffer.<init>(long, int): unavailable
16:18:01.014 [main] DEBUG io.netty.util.internal.PlatformDependent - sun.misc.Unsafe: available
16:18:01.016 [main] DEBUG io.netty.util.internal.PlatformDependent - maxDirectMemory: 3741319168 bytes (maybe)
16:18:01.016 [main] DEBUG io.netty.util.internal.PlatformDependent - -Dio.netty.tmpdir: C:\Users\user\AppData\Local\Temp (java.io.tmpdir)
16:18:01.016 [main] DEBUG io.netty.util.internal.PlatformDependent - -Dio.netty.bitMode: 64 (sun.arch.data.model)
16:18:01.016 [main] DEBUG io.netty.util.internal.PlatformDependent - Platform: Windows
16:18:01.017 [main] DEBUG io.netty.util.internal.PlatformDependent - -Dio.netty.maxDirectMemory: -1 bytes
16:18:01.017 [main] DEBUG io.netty.util.internal.PlatformDependent - -Dio.netty.uninitializedArrayAllocationThreshold: -1
16:18:01.018 [main] DEBUG io.netty.util.internal.CleanerJava9 - java.nio.ByteBuffer.cleaner(): available
16:18:01.018 [main] DEBUG io.netty.util.internal.PlatformDependent - -Dio.netty.noPreferDirect: false
16:18:01.026 [main] DEBUG io.netty.util.internal.PlatformDependent - org.jctools-core.MpscChunkedArrayQueue: available
16:18:01.050 [main] DEBUG io.netty.util.internal.InternalThreadLocalMap - -Dio.netty.threadLocalMap.stringBuilder.initialSize: 1024
16:18:01.051 [main] DEBUG io.netty.util.internal.InternalThreadLocalMap - -Dio.netty.threadLocalMap.stringBuilder.maxSize: 4096
16:18:01.070 [main] DEBUG io.netty.handler.ssl.JdkSslContext - Default protocols (JDK): [TLSv1.3, TLSv1.2, TLSv1.1, TLSv1] 
16:18:01.070 [main] DEBUG io.netty.handler.ssl.JdkSslContext - Default cipher suites (JDK): [TLS_ECDHE_ECDSA_WITH_AES_256_GCM_SHA384, TLS_ECDHE_ECDSA_WITH_AES_128_GCM_SHA256, TLS_ECDHE_RSA_WITH_AES_128_GCM_SHA256, TLS_ECDHE_RSA_WITH_AES_256_GCM_SHA384, TLS_ECDHE_RSA_WITH_AES_128_CBC_SHA, TLS_ECDHE_RSA_WITH_AES_256_CBC_SHA, TLS_RSA_WITH_AES_128_GCM_SHA256, TLS_RSA_WITH_AES_128_CBC_SHA, TLS_RSA_WITH_AES_256_CBC_SHA, TLS_AES_128_GCM_SHA256, TLS_AES_256_GCM_SHA384]
16:18:01.103 [main] DEBUG io.netty.channel.MultithreadEventLoopGroup - -Dio.netty.eventLoopThreads: 16
16:18:01.115 [main] DEBUG io.netty.channel.nio.NioEventLoop - -Dio.netty.noKeySetOptimization: false
16:18:01.115 [main] DEBUG io.netty.channel.nio.NioEventLoop - -Dio.netty.selectorAutoRebuildThreshold: 512
16:18:01.158 [main] DEBUG io.netty.buffer.PooledByteBufAllocator - -Dio.netty.allocator.numHeapArenas: 16
16:18:01.158 [main] DEBUG io.netty.buffer.PooledByteBufAllocator - -Dio.netty.allocator.numDirectArenas: 16
16:18:01.158 [main] DEBUG io.netty.buffer.PooledByteBufAllocator - -Dio.netty.allocator.pageSize: 8192
16:18:01.158 [main] DEBUG io.netty.buffer.PooledByteBufAllocator - -Dio.netty.allocator.maxOrder: 11
16:18:01.158 [main] DEBUG io.netty.buffer.PooledByteBufAllocator - -Dio.netty.allocator.chunkSize: 16777216
16:18:01.158 [main] DEBUG io.netty.buffer.PooledByteBufAllocator - -Dio.netty.allocator.smallCacheSize: 256
16:18:01.158 [main] DEBUG io.netty.buffer.PooledByteBufAllocator - -Dio.netty.allocator.normalCacheSize: 64
16:18:01.158 [main] DEBUG io.netty.buffer.PooledByteBufAllocator - -Dio.netty.allocator.maxCachedBufferCapacity: 32768
16:18:01.158 [main] DEBUG io.netty.buffer.PooledByteBufAllocator - -Dio.netty.allocator.cacheTrimInterval: 8192
16:18:01.158 [main] DEBUG io.netty.buffer.PooledByteBufAllocator - -Dio.netty.allocator.cacheTrimIntervalMillis: 0
16:18:01.158 [main] DEBUG io.netty.buffer.PooledByteBufAllocator - -Dio.netty.allocator.useCacheForAllThreads: true
16:18:01.158 [main] DEBUG io.netty.buffer.PooledByteBufAllocator - -Dio.netty.allocator.maxCachedByteBuffersPerChunk: 1023
16:18:01.170 [main] DEBUG io.netty.buffer.ByteBufUtil - -Dio.netty.allocator.type: pooled
16:18:01.170 [main] DEBUG io.netty.buffer.ByteBufUtil - -Dio.netty.threadLocalDirectBufferSize: 0
16:18:01.170 [main] DEBUG io.netty.buffer.ByteBufUtil - -Dio.netty.maxThreadLocalCharBufferSize: 16384
16:18:01.343 [main] DEBUG net.serenitybdd.core.webdriver.driverproviders.ProvideNewDriver - Instantiating driver
16:18:01.343 [main] DEBUG net.serenitybdd.core.webdriver.driverproviders.ProvideNewDriver - Driver capabilities: Capabilities {acceptInsecureCerts: false, base.url: https://qa.alta.id/, browserName: chrome, chrome.driver: src/test/resources/webdrive..., driver: chrome, goog:chromeOptions: {args: [], extensions: []}}
16:18:02.557 [Forwarding newSession on session null to remote] DEBUG io.netty.channel.DefaultChannelId - -Dio.netty.processId: 1632 (auto-detected)
16:18:02.559 [Forwarding newSession on session null to remote] DEBUG io.netty.util.NetUtil - -Djava.net.preferIPv4Stack: false
16:18:02.559 [Forwarding newSession on session null to remote] DEBUG io.netty.util.NetUtil - -Djava.net.preferIPv6Addresses: false
16:18:02.565 [Forwarding newSession on session null to remote] DEBUG io.netty.util.NetUtilInitializations - Loopback interface: lo (Software Loopback Interface 1, 127.0.0.1)
16:18:02.566 [Forwarding newSession on session null to remote] DEBUG io.netty.util.NetUtil - Failed to get SOMAXCONN from sysctl and file \proc\sys\net\core\somaxconn. Default: 200
16:18:02.576 [Forwarding newSession on session null to remote] DEBUG io.netty.channel.DefaultChannelId - -Dio.netty.machineId: a8:5e:45:ff:fe:a2:42:fb (auto-detected)
16:18:02.622 [AsyncHttpClient-1-2] DEBUG io.netty.buffer.AbstractByteBuf - -Dio.netty.buffer.checkAccessible: true
16:18:02.622 [AsyncHttpClient-1-2] DEBUG io.netty.buffer.AbstractByteBuf - -Dio.netty.buffer.checkBounds: true
16:18:02.622 [AsyncHttpClient-1-2] DEBUG io.netty.util.ResourceLeakDetectorFactory - Loaded default ResourceLeakDetector: io.netty.util.ResourceLeakDetector@540875a9
16:18:02.633 [AsyncHttpClient-1-2] DEBUG org.asynchttpclient.netty.channel.NettyConnectListener - Using new Channel '[id: 0xb22210fc, L:/127.0.0.1:63549 - R:localhost/127.0.0.1:65293]' for 'POST' to '/session'
16:18:02.648 [AsyncHttpClient-1-2] DEBUG io.netty.util.Recycler - -Dio.netty.recycler.maxCapacityPerThread: 4096
16:18:02.648 [AsyncHttpClient-1-2] DEBUG io.netty.util.Recycler - -Dio.netty.recycler.ratio: 8
16:18:02.648 [AsyncHttpClient-1-2] DEBUG io.netty.util.Recycler - -Dio.netty.recycler.chunkSize: 32
16:18:02.648 [AsyncHttpClient-1-2] DEBUG io.netty.util.Recycler - -Dio.netty.recycler.blocking: false
16:18:03.316 [AsyncHttpClient-1-2] DEBUG io.netty.handler.codec.compression.Brotli - brotli4j not in the classpath; Brotli support will be unavailable.
16:18:03.317 [AsyncHttpClient-1-2] DEBUG org.asynchttpclient.netty.handler.HttpHandler - 

Request DefaultHttpRequest(decodeResult: success, version: HTTP/1.1)
POST /session HTTP/1.1
User-Agent: selenium/4.1.2 (java windows)
Content-Length: 605
Content-Type: application/json; charset=utf-8
host: localhost:65293
accept: */*

Response DefaultHttpResponse(decodeResult: success, version: HTTP/1.1)
HTTP/1.1 200 OK
Content-Type: application/json; charset=utf-8
cache-control: no-cache
content-length: 787

16:18:03.334 [AsyncHttpClient-1-2] DEBUG org.asynchttpclient.netty.channel.ChannelManager - Adding key: http://localhost:65293 for channel [id: 0xb22210fc, L:/127.0.0.1:63549 - R:localhost/127.0.0.1:65293]
16:18:03.419 [AsyncHttpClient-1-3] DEBUG org.asynchttpclient.netty.channel.NettyConnectListener - Using new Channel '[id: 0xc96108b2, L:/127.0.0.1:63556 - R:localhost/127.0.0.1:63550]' for 'GET' to '/json/version'
16:18:03.428 [AsyncHttpClient-1-3] DEBUG org.asynchttpclient.netty.handler.HttpHandler - 

Request DefaultFullHttpRequest(decodeResult: success, version: HTTP/1.1, content: EmptyByteBufBE)
GET /json/version HTTP/1.1
User-Agent: selenium/4.1.2 (java windows)
host: localhost:63550
accept: */*

Response DefaultHttpResponse(decodeResult: success, version: HTTP/1.1)
HTTP/1.1 200 OK
Content-Type: application/json; charset=UTF-8
content-length: 427

16:18:03.428 [AsyncHttpClient-1-3] DEBUG org.asynchttpclient.netty.channel.ChannelManager - Adding key: http://localhost:63550 for channel [id: 0xc96108b2, L:/127.0.0.1:63556 - R:localhost/127.0.0.1:63550]
16:18:03.440 [main] DEBUG io.netty.util.internal.ThreadLocalRandom - -Dio.netty.initialSeedUniquifier: 0x6313ce2a428870fc
16:18:03.444 [AsyncHttpClient-1-4] DEBUG org.asynchttpclient.netty.channel.NettyConnectListener - Using new Channel '[id: 0x7c397263, L:/127.0.0.1:63557 - R:localhost/127.0.0.1:63550]' for 'GET' to '/devtools/browser/1a427b86-cb3c-4789-8910-3fc1979e41c9'
16:18:03.452 [AsyncHttpClient-1-4] DEBUG org.asynchttpclient.netty.handler.WebSocketHandler - 

Request DefaultFullHttpRequest(decodeResult: success, version: HTTP/1.1, content: EmptyByteBufBE)
GET /devtools/browser/1a427b86-cb3c-4789-8910-3fc1979e41c9 HTTP/1.1
upgrade: websocket
connection: upgrade
sec-websocket-key: mKsHM7J/PLBWApIaFtj5Rg==
sec-websocket-version: 13
origin: http://localhost:63550
host: localhost:63550
accept: */*
user-agent: AHC/2.1

Response DefaultHttpResponse(decodeResult: success, version: HTTP/1.1)
HTTP/1.1 101 WebSocket Protocol Handshake
Upgrade: WebSocket
Connection: Upgrade
Sec-WebSocket-Accept: /1ZanrZwybZsT92YuPtntEbC0Pg=

16:18:03.496 [Forwarding maximizeCurrentWindow on session a3b45177deb4be38976135c10ccdbfb6 to remote] DEBUG org.asynchttpclient.netty.request.NettyRequestSender - Using pooled Channel '[id: 0xb22210fc, L:/127.0.0.1:63549 - R:localhost/127.0.0.1:65293]' for 'POST' to 'http://localhost:65293/session/a3b45177deb4be38976135c10ccdbfb6/window/maximize'
16:18:03.496 [Forwarding maximizeCurrentWindow on session a3b45177deb4be38976135c10ccdbfb6 to remote] DEBUG org.asynchttpclient.netty.request.NettyRequestSender - Using open Channel [id: 0xb22210fc, L:/127.0.0.1:63549 - R:localhost/127.0.0.1:65293] for POST '/session/a3b45177deb4be38976135c10ccdbfb6/window/maximize'
16:18:03.623 [AsyncHttpClient-1-2] DEBUG org.asynchttpclient.netty.handler.HttpHandler - 

Request DefaultHttpRequest(decodeResult: success, version: HTTP/1.1)
POST /session/a3b45177deb4be38976135c10ccdbfb6/window/maximize HTTP/1.1
User-Agent: selenium/4.1.2 (java windows)
Content-Length: 3
Content-Type: application/json; charset=utf-8
host: localhost:65293
accept: */*

Response DefaultHttpResponse(decodeResult: success, version: HTTP/1.1)
HTTP/1.1 200 OK
Content-Type: application/json; charset=utf-8
cache-control: no-cache
content-length: 52

16:18:03.623 [AsyncHttpClient-1-2] DEBUG org.asynchttpclient.netty.channel.ChannelManager - Adding key: http://localhost:65293 for channel [id: 0xb22210fc, L:/127.0.0.1:63549 - R:localhost/127.0.0.1:65293]
16:18:04.241 [main] DEBUG net.thucydides.core.reflection.ClassFinder - Could not load class .Starter.CucumberTestSuite
16:18:04.241 [main] DEBUG net.thucydides.core.reflection.ClassFinder - Could not load class .Starter.Pages.HomePage
16:18:04.241 [main] DEBUG net.thucydides.core.reflection.ClassFinder - Could not load class .Starter.Pages.LoginPage
16:18:04.241 [main] DEBUG net.thucydides.core.reflection.ClassFinder - Could not load class .Starter.Pages.RegisterPage
16:18:04.241 [main] DEBUG net.thucydides.core.reflection.ClassFinder - Could not load class .Starter.StepDefinitions.LoginStep
16:18:04.241 [main] DEBUG net.thucydides.core.reflection.ClassFinder - Could not load class .Starter.StepDefinitions.LogoutStep
16:18:04.241 [main] DEBUG net.thucydides.core.reflection.ClassFinder - Could not load class .Starter.StepDefinitions.ProductStep
16:18:04.241 [main] DEBUG net.thucydides.core.reflection.ClassFinder - Could not load class .Starter.StepDefinitions.RegisterStep
16:18:04.241 [main] DEBUG net.thucydides.core.reflection.ClassFinder - Could not load class .Starter.StepDefinitions.TransaksiStep
16:18:04.241 [main] DEBUG net.thucydides.core.reflection.ClassFinder - Could not load class .Utils.General
16:18:04.242 [main] DEBUG net.thucydides.core.reflection.ClassFinder - Could not load class META-INF.versions.9.com.sun.istack.logging.StackHelper
16:18:04.243 [main] DEBUG net.thucydides.core.reflection.ClassFinder - Could not load class META-INF.versions.9.com.sun.xml.bind.v2.runtime.reflect.opt.AccessorInjector
16:18:04.244 [main] DEBUG net.thucydides.core.reflection.ClassFinder - Could not load class META-INF.versions.9.com.sun.xml.bind.v2.runtime.reflect.opt.Injector
16:18:04.245 [main] DEBUG net.thucydides.core.reflection.ClassFinder - Could not load class META-INF.versions.9.com.sun.xml.bind.v2.runtime.reflect.opt.OptimizedAccessorFactory
16:18:04.245 [main] DEBUG net.thucydides.core.reflection.ClassFinder - Could not load class META-INF.versions.9.com.sun.xml.bind.v2.runtime.reflect.opt.OptimizedTransducedAccessorFactory
16:18:04.246 [main] DEBUG net.thucydides.core.reflection.ClassFinder - Could not load class META-INF.versions.9.io.opentelemetry.sdk.internal.CurrentJavaVersionSpecific
16:18:04.247 [main] DEBUG net.thucydides.core.reflection.ClassFinder - Could not load class META-INF.versions.9.io.opentelemetry.sdk.internal.Java9VersionSpecific
16:18:04.248 [main] DEBUG net.thucydides.core.reflection.ClassFinder - Could not load class META-INF.versions.9.javax.xml.bind.ModuleUtil
16:18:04.248 [main] DEBUG net.thucydides.core.reflection.ClassFinder - Could not load class META-INF.versions.9.module-info
16:18:04.249 [main] DEBUG net.thucydides.core.reflection.ClassFinder - Could not load class META-INF.versions.9.org.junit.platform.commons.util.ModuleUtils
16:18:04.252 [main] DEBUG net.thucydides.core.reflection.ClassFinder - Could not load class com.google.gson.internal.
16:18:04.253 [main] DEBUG net.thucydides.core.reflection.ClassFinder - Could not load class com.sun.xml.bind.v2.runtime.output.FastInfosetStreamWriterOutput
16:18:04.256 [main] DEBUG net.thucydides.core.reflection.ClassFinder - Could not load class module-info
16:18:04.280 [Forwarding get on session a3b45177deb4be38976135c10ccdbfb6 to remote] DEBUG org.asynchttpclient.netty.request.NettyRequestSender - Using pooled Channel '[id: 0xb22210fc, L:/127.0.0.1:63549 - R:localhost/127.0.0.1:65293]' for 'POST' to 'http://localhost:65293/session/a3b45177deb4be38976135c10ccdbfb6/url'
16:18:04.280 [Forwarding get on session a3b45177deb4be38976135c10ccdbfb6 to remote] DEBUG org.asynchttpclient.netty.request.NettyRequestSender - Using open Channel [id: 0xb22210fc, L:/127.0.0.1:63549 - R:localhost/127.0.0.1:65293] for POST '/session/a3b45177deb4be38976135c10ccdbfb6/url'
16:18:04.337 [AsyncHttpClient-1-1] DEBUG org.asynchttpclient.netty.channel.DefaultChannelPool - Entry count for : http://localhost:63550 : 1
16:18:05.047 [AsyncHttpClient-1-2] DEBUG org.asynchttpclient.netty.handler.HttpHandler - 

Request DefaultHttpRequest(decodeResult: success, version: HTTP/1.1)
POST /session/a3b45177deb4be38976135c10ccdbfb6/url HTTP/1.1
User-Agent: selenium/4.1.2 (java windows)
Content-Length: 64
Content-Type: application/json; charset=utf-8
host: localhost:65293
accept: */*

Response DefaultHttpResponse(decodeResult: success, version: HTTP/1.1)
HTTP/1.1 200 OK
Content-Type: application/json; charset=utf-8
cache-control: no-cache
content-length: 14

16:18:05.047 [AsyncHttpClient-1-2] DEBUG org.asynchttpclient.netty.channel.ChannelManager - Adding key: http://localhost:65293 for channel [id: 0xb22210fc, L:/127.0.0.1:63549 - R:localhost/127.0.0.1:65293]
16:18:05.055 [Forwarding setTimeout on session a3b45177deb4be38976135c10ccdbfb6 to remote] DEBUG org.asynchttpclient.netty.request.NettyRequestSender - Using pooled Channel '[id: 0xb22210fc, L:/127.0.0.1:63549 - R:localhost/127.0.0.1:65293]' for 'POST' to 'http://localhost:65293/session/a3b45177deb4be38976135c10ccdbfb6/timeouts'
16:18:05.056 [Forwarding setTimeout on session a3b45177deb4be38976135c10ccdbfb6 to remote] DEBUG org.asynchttpclient.netty.request.NettyRequestSender - Using open Channel [id: 0xb22210fc, L:/127.0.0.1:63549 - R:localhost/127.0.0.1:65293] for POST '/session/a3b45177deb4be38976135c10ccdbfb6/timeouts'
16:18:05.093 [AsyncHttpClient-1-2] DEBUG org.asynchttpclient.netty.handler.HttpHandler - 

Request DefaultHttpRequest(decodeResult: success, version: HTTP/1.1)
POST /session/a3b45177deb4be38976135c10ccdbfb6/timeouts HTTP/1.1
User-Agent: selenium/4.1.2 (java windows)
Content-Length: 22
Content-Type: application/json; charset=utf-8
host: localhost:65293
accept: */*

Response DefaultHttpResponse(decodeResult: success, version: HTTP/1.1)
HTTP/1.1 200 OK
Content-Type: application/json; charset=utf-8
cache-control: no-cache
content-length: 14

16:18:05.094 [AsyncHttpClient-1-2] DEBUG org.asynchttpclient.netty.channel.ChannelManager - Adding key: http://localhost:65293 for channel [id: 0xb22210fc, L:/127.0.0.1:63549 - R:localhost/127.0.0.1:65293]
16:18:05.103 [Forwarding getCurrentUrl on session a3b45177deb4be38976135c10ccdbfb6 to remote] DEBUG org.asynchttpclient.netty.request.NettyRequestSender - Using pooled Channel '[id: 0xb22210fc, L:/127.0.0.1:63549 - R:localhost/127.0.0.1:65293]' for 'GET' to 'http://localhost:65293/session/a3b45177deb4be38976135c10ccdbfb6/url'
16:18:05.103 [Forwarding getCurrentUrl on session a3b45177deb4be38976135c10ccdbfb6 to remote] DEBUG org.asynchttpclient.netty.request.NettyRequestSender - Using open Channel [id: 0xb22210fc, L:/127.0.0.1:63549 - R:localhost/127.0.0.1:65293] for GET '/session/a3b45177deb4be38976135c10ccdbfb6/url'
16:18:05.139 [AsyncHttpClient-1-2] DEBUG org.asynchttpclient.netty.handler.HttpHandler - 

Request DefaultFullHttpRequest(decodeResult: success, version: HTTP/1.1, content: EmptyByteBufBE)
GET /session/a3b45177deb4be38976135c10ccdbfb6/url HTTP/1.1
User-Agent: selenium/4.1.2 (java windows)
Cache-Control: no-cache
Content-Type: application/json; charset=utf-8
host: localhost:65293
accept: */*

Response DefaultHttpResponse(decodeResult: success, version: HTTP/1.1)
HTTP/1.1 200 OK
Content-Type: application/json; charset=utf-8
cache-control: no-cache
content-length: 41

16:18:05.139 [AsyncHttpClient-1-2] DEBUG org.asynchttpclient.netty.channel.ChannelManager - Adding key: http://localhost:65293 for channel [id: 0xb22210fc, L:/127.0.0.1:63549 - R:localhost/127.0.0.1:65293]
16:18:05.276 [main] DEBUG net.serenitybdd.core.photography.Darkroom - Opening darkroom
16:18:05.280 [Forwarding screenshot on session a3b45177deb4be38976135c10ccdbfb6 to remote] DEBUG org.asynchttpclient.netty.request.NettyRequestSender - Using pooled Channel '[id: 0xb22210fc, L:/127.0.0.1:63549 - R:localhost/127.0.0.1:65293]' for 'GET' to 'http://localhost:65293/session/a3b45177deb4be38976135c10ccdbfb6/screenshot'
16:18:05.280 [Forwarding screenshot on session a3b45177deb4be38976135c10ccdbfb6 to remote] DEBUG org.asynchttpclient.netty.request.NettyRequestSender - Using open Channel [id: 0xb22210fc, L:/127.0.0.1:63549 - R:localhost/127.0.0.1:65293] for GET '/session/a3b45177deb4be38976135c10ccdbfb6/screenshot'
16:18:05.329 [Darkroom Processing Line] DEBUG net.serenitybdd.core.photography.DarkroomProcessingLine - Darkroom processing line starting up
16:18:05.449 [AsyncHttpClient-1-1] DEBUG org.asynchttpclient.netty.channel.DefaultChannelPool - Entry count for : http://localhost:63550 : 1
16:18:05.592 [AsyncHttpClient-1-2] DEBUG org.asynchttpclient.netty.handler.HttpHandler - 

Request DefaultFullHttpRequest(decodeResult: success, version: HTTP/1.1, content: EmptyByteBufBE)
GET /session/a3b45177deb4be38976135c10ccdbfb6/screenshot HTTP/1.1
User-Agent: selenium/4.1.2 (java windows)
Cache-Control: no-cache
Content-Type: application/json; charset=utf-8
host: localhost:65293
accept: */*

Response DefaultHttpResponse(decodeResult: success, version: HTTP/1.1)
HTTP/1.1 200 OK
Content-Type: application/json; charset=utf-8
cache-control: no-cache
content-length: 31092

16:18:05.593 [AsyncHttpClient-1-2] DEBUG org.asynchttpclient.netty.channel.ChannelManager - Adding key: http://localhost:65293 for channel [id: 0xb22210fc, L:/127.0.0.1:63549 - R:localhost/127.0.0.1:65293]
16:18:05.713 [main] DEBUG net.serenitybdd.core.photography.Darkroom - Send negative for processing for target\site\serenity\b625743ee732bdb87af642911c7f9583a57576024640458a3bdf0adf445bf9cb.png
16:18:05.714 [Darkroom Processing Line] DEBUG net.serenitybdd.core.photography.DarkroomProcessingLine - Processing screenshot image in /var/screenshots/screenshot-14984103578863462558
16:18:05.714 [Darkroom Processing Line] DEBUG net.serenitybdd.core.photography.DarkroomProcessingLine - Saving screenshot to target\site\serenity\b625743ee732bdb87af642911c7f9583a57576024640458a3bdf0adf445bf9cb.png
16:18:05.716 [main] DEBUG net.thucydides.core.steps.StepInterceptor - STARTING STEP: LoginStep.iAmOnTheLoginPage - validateOnLoginPage
16:18:05.722 [Forwarding findElement on session a3b45177deb4be38976135c10ccdbfb6 to remote] DEBUG org.asynchttpclient.netty.request.NettyRequestSender - Using pooled Channel '[id: 0xb22210fc, L:/127.0.0.1:63549 - R:localhost/127.0.0.1:65293]' for 'POST' to 'http://localhost:65293/session/a3b45177deb4be38976135c10ccdbfb6/element'
16:18:05.722 [Forwarding findElement on session a3b45177deb4be38976135c10ccdbfb6 to remote] DEBUG org.asynchttpclient.netty.request.NettyRequestSender - Using open Channel [id: 0xb22210fc, L:/127.0.0.1:63549 - R:localhost/127.0.0.1:65293] for POST '/session/a3b45177deb4be38976135c10ccdbfb6/element'
16:18:05.736 [AsyncHttpClient-1-2] DEBUG org.asynchttpclient.netty.handler.HttpHandler - 

Request DefaultHttpRequest(decodeResult: success, version: HTTP/1.1)
POST /session/a3b45177deb4be38976135c10ccdbfb6/element HTTP/1.1
User-Agent: selenium/4.1.2 (java windows)
Content-Length: 136
Content-Type: application/json; charset=utf-8
host: localhost:65293
accept: */*

Response DefaultHttpResponse(decodeResult: success, version: HTTP/1.1)
HTTP/1.1 200 OK
Content-Type: application/json; charset=utf-8
cache-control: no-cache
content-length: 88

16:18:05.737 [AsyncHttpClient-1-2] DEBUG org.asynchttpclient.netty.channel.ChannelManager - Adding key: http://localhost:65293 for channel [id: 0xb22210fc, L:/127.0.0.1:63549 - R:localhost/127.0.0.1:65293]
16:18:05.747 [Forwarding isElementDisplayed on session a3b45177deb4be38976135c10ccdbfb6 to remote] DEBUG org.asynchttpclient.netty.request.NettyRequestSender - Using pooled Channel '[id: 0xb22210fc, L:/127.0.0.1:63549 - R:localhost/127.0.0.1:65293]' for 'POST' to 'http://localhost:65293/session/a3b45177deb4be38976135c10ccdbfb6/execute/sync'
16:18:05.748 [Forwarding isElementDisplayed on session a3b45177deb4be38976135c10ccdbfb6 to remote] DEBUG org.asynchttpclient.netty.request.NettyRequestSender - Using open Channel [id: 0xb22210fc, L:/127.0.0.1:63549 - R:localhost/127.0.0.1:65293] for POST '/session/a3b45177deb4be38976135c10ccdbfb6/execute/sync'
16:18:05.776 [AsyncHttpClient-1-2] DEBUG org.asynchttpclient.netty.handler.HttpHandler - 

Request DefaultHttpRequest(decodeResult: success, version: HTTP/1.1)
POST /session/a3b45177deb4be38976135c10ccdbfb6/execute/sync HTTP/1.1
User-Agent: selenium/4.1.2 (java windows)
Content-Length: 48780
Content-Type: application/json; charset=utf-8
host: localhost:65293
accept: */*

Response DefaultHttpResponse(decodeResult: success, version: HTTP/1.1)
HTTP/1.1 200 OK
Content-Type: application/json; charset=utf-8
cache-control: no-cache
content-length: 14

16:18:05.776 [AsyncHttpClient-1-2] DEBUG org.asynchttpclient.netty.channel.ChannelManager - Adding key: http://localhost:65293 for channel [id: 0xb22210fc, L:/127.0.0.1:63549 - R:localhost/127.0.0.1:65293]
16:18:05.786 [Forwarding screenshot on session a3b45177deb4be38976135c10ccdbfb6 to remote] DEBUG org.asynchttpclient.netty.request.NettyRequestSender - Using pooled Channel '[id: 0xb22210fc, L:/127.0.0.1:63549 - R:localhost/127.0.0.1:65293]' for 'GET' to 'http://localhost:65293/session/a3b45177deb4be38976135c10ccdbfb6/screenshot'
16:18:05.786 [Forwarding screenshot on session a3b45177deb4be38976135c10ccdbfb6 to remote] DEBUG org.asynchttpclient.netty.request.NettyRequestSender - Using open Channel [id: 0xb22210fc, L:/127.0.0.1:63549 - R:localhost/127.0.0.1:65293] for GET '/session/a3b45177deb4be38976135c10ccdbfb6/screenshot'
16:18:05.933 [AsyncHttpClient-1-2] DEBUG org.asynchttpclient.netty.handler.HttpHandler - 

Request DefaultFullHttpRequest(decodeResult: success, version: HTTP/1.1, content: EmptyByteBufBE)
GET /session/a3b45177deb4be38976135c10ccdbfb6/screenshot HTTP/1.1
User-Agent: selenium/4.1.2 (java windows)
Cache-Control: no-cache
Content-Type: application/json; charset=utf-8
host: localhost:65293
accept: */*

Response DefaultHttpResponse(decodeResult: success, version: HTTP/1.1)
HTTP/1.1 200 OK
Content-Type: application/json; charset=utf-8
cache-control: no-cache
content-length: 31092

16:18:05.934 [AsyncHttpClient-1-2] DEBUG org.asynchttpclient.netty.channel.ChannelManager - Adding key: http://localhost:65293 for channel [id: 0xb22210fc, L:/127.0.0.1:63549 - R:localhost/127.0.0.1:65293]
16:18:05.940 [main] DEBUG net.serenitybdd.core.photography.Darkroom - Send negative for processing for target\site\serenity\b625743ee732bdb87af642911c7f9583a57576024640458a3bdf0adf445bf9cb.png
16:18:05.948 [main] DEBUG net.thucydides.core.steps.StepInterceptor - STEP DONE: validateOnLoginPage
  &amp#27;[32mGiven &amp#27;[0m&amp#27;[32mI am on the login page&amp#27;[0m                        &amp#27;[90m# Starter.StepDefinitions.LoginStep.iAmOnTheLoginPage()&amp#27;[0m
16:18:06.010 [Forwarding screenshot on session a3b45177deb4be38976135c10ccdbfb6 to remote] DEBUG org.asynchttpclient.netty.request.NettyRequestSender - Using pooled Channel '[id: 0xb22210fc, L:/127.0.0.1:63549 - R:localhost/127.0.0.1:65293]' for 'GET' to 'http://localhost:65293/session/a3b45177deb4be38976135c10ccdbfb6/screenshot'
16:18:06.010 [Forwarding screenshot on session a3b45177deb4be38976135c10ccdbfb6 to remote] DEBUG org.asynchttpclient.netty.request.NettyRequestSender - Using open Channel [id: 0xb22210fc, L:/127.0.0.1:63549 - R:localhost/127.0.0.1:65293] for GET '/session/a3b45177deb4be38976135c10ccdbfb6/screenshot'
16:18:06.259 [AsyncHttpClient-1-2] DEBUG org.asynchttpclient.netty.handler.HttpHandler - 

Request DefaultFullHttpRequest(decodeResult: success, version: HTTP/1.1, content: EmptyByteBufBE)
GET /session/a3b45177deb4be38976135c10ccdbfb6/screenshot HTTP/1.1
User-Agent: selenium/4.1.2 (java windows)
Cache-Control: no-cache
Content-Type: application/json; charset=utf-8
host: localhost:65293
accept: */*

Response DefaultHttpResponse(decodeResult: success, version: HTTP/1.1)
HTTP/1.1 200 OK
Content-Type: application/json; charset=utf-8
cache-control: no-cache
content-length: 31092

16:18:06.259 [AsyncHttpClient-1-2] DEBUG org.asynchttpclient.netty.channel.ChannelManager - Adding key: http://localhost:65293 for channel [id: 0xb22210fc, L:/127.0.0.1:63549 - R:localhost/127.0.0.1:65293]
16:18:06.265 [main] DEBUG net.serenitybdd.core.photography.Darkroom - Send negative for processing for target\site\serenity\b625743ee732bdb87af642911c7f9583a57576024640458a3bdf0adf445bf9cb.png
16:18:06.266 [main] DEBUG net.thucydides.core.steps.StepInterceptor - STARTING STEP: LoginStep.iInputEmail - inputEmail
16:18:06.272 [Forwarding findElement on session a3b45177deb4be38976135c10ccdbfb6 to remote] DEBUG org.asynchttpclient.netty.request.NettyRequestSender - Using pooled Channel '[id: 0xb22210fc, L:/127.0.0.1:63549 - R:localhost/127.0.0.1:65293]' for 'POST' to 'http://localhost:65293/session/a3b45177deb4be38976135c10ccdbfb6/element'
16:18:06.272 [Forwarding findElement on session a3b45177deb4be38976135c10ccdbfb6 to remote] DEBUG org.asynchttpclient.netty.request.NettyRequestSender - Using open Channel [id: 0xb22210fc, L:/127.0.0.1:63549 - R:localhost/127.0.0.1:65293] for POST '/session/a3b45177deb4be38976135c10ccdbfb6/element'
16:18:06.296 [AsyncHttpClient-1-2] DEBUG org.asynchttpclient.netty.handler.HttpHandler - 

Request DefaultHttpRequest(decodeResult: success, version: HTTP/1.1)
POST /session/a3b45177deb4be38976135c10ccdbfb6/element HTTP/1.1
User-Agent: selenium/4.1.2 (java windows)
Content-Length: 91
Content-Type: application/json; charset=utf-8
host: localhost:65293
accept: */*

Response DefaultHttpResponse(decodeResult: success, version: HTTP/1.1)
HTTP/1.1 200 OK
Content-Type: application/json; charset=utf-8
cache-control: no-cache
content-length: 88

16:18:06.296 [AsyncHttpClient-1-2] DEBUG org.asynchttpclient.netty.channel.ChannelManager - Adding key: http://localhost:65293 for channel [id: 0xb22210fc, L:/127.0.0.1:63549 - R:localhost/127.0.0.1:65293]
16:18:06.299 [Forwarding clearElement on session a3b45177deb4be38976135c10ccdbfb6 to remote] DEBUG org.asynchttpclient.netty.request.NettyRequestSender - Using pooled Channel '[id: 0xb22210fc, L:/127.0.0.1:63549 - R:localhost/127.0.0.1:65293]' for 'POST' to 'http://localhost:65293/session/a3b45177deb4be38976135c10ccdbfb6/element/e5a566a1-c170-4ce1-b303-511b1cb56170/clear'
16:18:06.299 [Forwarding clearElement on session a3b45177deb4be38976135c10ccdbfb6 to remote] DEBUG org.asynchttpclient.netty.request.NettyRequestSender - Using open Channel [id: 0xb22210fc, L:/127.0.0.1:63549 - R:localhost/127.0.0.1:65293] for POST '/session/a3b45177deb4be38976135c10ccdbfb6/element/e5a566a1-c170-4ce1-b303-511b1cb56170/clear'
16:18:06.339 [AsyncHttpClient-1-2] DEBUG org.asynchttpclient.netty.handler.HttpHandler - 

Request DefaultHttpRequest(decodeResult: success, version: HTTP/1.1)
POST /session/a3b45177deb4be38976135c10ccdbfb6/element/e5a566a1-c170-4ce1-b303-511b1cb56170/clear HTTP/1.1
User-Agent: selenium/4.1.2 (java windows)
Content-Length: 50
Content-Type: application/json; charset=utf-8
host: localhost:65293
accept: */*

Response DefaultHttpResponse(decodeResult: success, version: HTTP/1.1)
HTTP/1.1 200 OK
Content-Type: application/json; charset=utf-8
cache-control: no-cache
content-length: 14

16:18:06.340 [AsyncHttpClient-1-2] DEBUG org.asynchttpclient.netty.channel.ChannelManager - Adding key: http://localhost:65293 for channel [id: 0xb22210fc, L:/127.0.0.1:63549 - R:localhost/127.0.0.1:65293]
16:18:06.348 [Forwarding sendKeysToElement on session a3b45177deb4be38976135c10ccdbfb6 to remote] DEBUG org.asynchttpclient.netty.request.NettyRequestSender - Using pooled Channel '[id: 0xb22210fc, L:/127.0.0.1:63549 - R:localhost/127.0.0.1:65293]' for 'POST' to 'http://localhost:65293/session/a3b45177deb4be38976135c10ccdbfb6/element/e5a566a1-c170-4ce1-b303-511b1cb56170/value'
16:18:06.348 [Forwarding sendKeysToElement on session a3b45177deb4be38976135c10ccdbfb6 to remote] DEBUG org.asynchttpclient.netty.request.NettyRequestSender - Using open Channel [id: 0xb22210fc, L:/127.0.0.1:63549 - R:localhost/127.0.0.1:65293] for POST '/session/a3b45177deb4be38976135c10ccdbfb6/element/e5a566a1-c170-4ce1-b303-511b1cb56170/value'
16:18:06.536 [AsyncHttpClient-1-1] DEBUG org.asynchttpclient.netty.channel.DefaultChannelPool - Entry count for : http://localhost:63550 : 1
16:18:06.639 [AsyncHttpClient-1-2] DEBUG org.asynchttpclient.netty.handler.HttpHandler - 

Request DefaultHttpRequest(decodeResult: success, version: HTTP/1.1)
POST /session/a3b45177deb4be38976135c10ccdbfb6/element/e5a566a1-c170-4ce1-b303-511b1cb56170/value HTTP/1.1
User-Agent: selenium/4.1.2 (java windows)
Content-Length: 381
Content-Type: application/json; charset=utf-8
host: localhost:65293
accept: */*

Response DefaultHttpResponse(decodeResult: success, version: HTTP/1.1)
HTTP/1.1 200 OK
Content-Type: application/json; charset=utf-8
cache-control: no-cache
content-length: 14

16:18:06.639 [AsyncHttpClient-1-2] DEBUG org.asynchttpclient.netty.channel.ChannelManager - Adding key: http://localhost:65293 for channel [id: 0xb22210fc, L:/127.0.0.1:63549 - R:localhost/127.0.0.1:65293]
16:18:06.647 [Forwarding screenshot on session a3b45177deb4be38976135c10ccdbfb6 to remote] DEBUG org.asynchttpclient.netty.request.NettyRequestSender - Using pooled Channel '[id: 0xb22210fc, L:/127.0.0.1:63549 - R:localhost/127.0.0.1:65293]' for 'GET' to 'http://localhost:65293/session/a3b45177deb4be38976135c10ccdbfb6/screenshot'
16:18:06.647 [Forwarding screenshot on session a3b45177deb4be38976135c10ccdbfb6 to remote] DEBUG org.asynchttpclient.netty.request.NettyRequestSender - Using open Channel [id: 0xb22210fc, L:/127.0.0.1:63549 - R:localhost/127.0.0.1:65293] for GET '/session/a3b45177deb4be38976135c10ccdbfb6/screenshot'
16:18:06.826 [AsyncHttpClient-1-2] DEBUG org.asynchttpclient.netty.handler.HttpHandler - 

Request DefaultFullHttpRequest(decodeResult: success, version: HTTP/1.1, content: EmptyByteBufBE)
GET /session/a3b45177deb4be38976135c10ccdbfb6/screenshot HTTP/1.1
User-Agent: selenium/4.1.2 (java windows)
Cache-Control: no-cache
Content-Type: application/json; charset=utf-8
host: localhost:65293
accept: */*

Response DefaultHttpResponse(decodeResult: success, version: HTTP/1.1)
HTTP/1.1 200 OK
Content-Type: application/json; charset=utf-8
cache-control: no-cache
content-length: 36512

16:18:06.826 [AsyncHttpClient-1-2] DEBUG org.asynchttpclient.netty.channel.ChannelManager - Adding key: http://localhost:65293 for channel [id: 0xb22210fc, L:/127.0.0.1:63549 - R:localhost/127.0.0.1:65293]
16:18:06.828 [main] DEBUG net.serenitybdd.core.photography.Darkroom - Send negative for processing for target\site\serenity\b031a3594e6b2daaea5e8492a93402f159688d91b2a508b177982056fdbcd856.png
16:18:06.828 [main] DEBUG net.thucydides.core.steps.StepInterceptor - STEP DONE: inputEmail
  &amp#27;[32mWhen &amp#27;[0m&amp#27;[32mI input &amp#27;[0m&amp#27;[32m&amp#27;[1m"imamrayhanekadinataa@gmail.com"&amp#27;[0m&amp#27;[32m email&amp#27;[0m &amp#27;[90m# Starter.StepDefinitions.LoginStep.iInputEmail(java.lang.String)&amp#27;[0m
16:18:06.829 [Darkroom Processing Line] DEBUG net.serenitybdd.core.photography.DarkroomProcessingLine - Processing screenshot image in /var/screenshots/screenshot-6672446059736062638
16:18:06.829 [Darkroom Processing Line] DEBUG net.serenitybdd.core.photography.DarkroomProcessingLine - Saving screenshot to target\site\serenity\b031a3594e6b2daaea5e8492a93402f159688d91b2a508b177982056fdbcd856.png
16:18:06.844 [main] DEBUG net.thucydides.core.steps.StepInterceptor - STARTING STEP: LoginStep.iInputPassword - inputPassword
16:18:06.846 [Forwarding findElement on session a3b45177deb4be38976135c10ccdbfb6 to remote] DEBUG org.asynchttpclient.netty.request.NettyRequestSender - Using pooled Channel '[id: 0xb22210fc, L:/127.0.0.1:63549 - R:localhost/127.0.0.1:65293]' for 'POST' to 'http://localhost:65293/session/a3b45177deb4be38976135c10ccdbfb6/element'
16:18:06.846 [Forwarding findElement on session a3b45177deb4be38976135c10ccdbfb6 to remote] DEBUG org.asynchttpclient.netty.request.NettyRequestSender - Using open Channel [id: 0xb22210fc, L:/127.0.0.1:63549 - R:localhost/127.0.0.1:65293] for POST '/session/a3b45177deb4be38976135c10ccdbfb6/element'
16:18:06.856 [AsyncHttpClient-1-2] DEBUG org.asynchttpclient.netty.handler.HttpHandler - 

Request DefaultHttpRequest(decodeResult: success, version: HTTP/1.1)
POST /session/a3b45177deb4be38976135c10ccdbfb6/element HTTP/1.1
User-Agent: selenium/4.1.2 (java windows)
Content-Length: 94
Content-Type: application/json; charset=utf-8
host: localhost:65293
accept: */*

Response DefaultHttpResponse(decodeResult: success, version: HTTP/1.1)
HTTP/1.1 200 OK
Content-Type: application/json; charset=utf-8
cache-control: no-cache
content-length: 88

16:18:06.856 [AsyncHttpClient-1-2] DEBUG org.asynchttpclient.netty.channel.ChannelManager - Adding key: http://localhost:65293 for channel [id: 0xb22210fc, L:/127.0.0.1:63549 - R:localhost/127.0.0.1:65293]
16:18:06.858 [Forwarding clearElement on session a3b45177deb4be38976135c10ccdbfb6 to remote] DEBUG org.asynchttpclient.netty.request.NettyRequestSender - Using pooled Channel '[id: 0xb22210fc, L:/127.0.0.1:63549 - R:localhost/127.0.0.1:65293]' for 'POST' to 'http://localhost:65293/session/a3b45177deb4be38976135c10ccdbfb6/element/13794ac5-c84a-463e-9a3d-f27675cd2172/clear'
16:18:06.858 [Forwarding clearElement on session a3b45177deb4be38976135c10ccdbfb6 to remote] DEBUG org.asynchttpclient.netty.request.NettyRequestSender - Using open Channel [id: 0xb22210fc, L:/127.0.0.1:63549 - R:localhost/127.0.0.1:65293] for POST '/session/a3b45177deb4be38976135c10ccdbfb6/element/13794ac5-c84a-463e-9a3d-f27675cd2172/clear'
16:18:06.882 [AsyncHttpClient-1-2] DEBUG org.asynchttpclient.netty.handler.HttpHandler - 

Request DefaultHttpRequest(decodeResult: success, version: HTTP/1.1)
POST /session/a3b45177deb4be38976135c10ccdbfb6/element/13794ac5-c84a-463e-9a3d-f27675cd2172/clear HTTP/1.1
User-Agent: selenium/4.1.2 (java windows)
Content-Length: 50
Content-Type: application/json; charset=utf-8
host: localhost:65293
accept: */*

Response DefaultHttpResponse(decodeResult: success, version: HTTP/1.1)
HTTP/1.1 200 OK
Content-Type: application/json; charset=utf-8
cache-control: no-cache
content-length: 14

16:18:06.882 [AsyncHttpClient-1-2] DEBUG org.asynchttpclient.netty.channel.ChannelManager - Adding key: http://localhost:65293 for channel [id: 0xb22210fc, L:/127.0.0.1:63549 - R:localhost/127.0.0.1:65293]
16:18:06.884 [Forwarding sendKeysToElement on session a3b45177deb4be38976135c10ccdbfb6 to remote] DEBUG org.asynchttpclient.netty.request.NettyRequestSender - Using pooled Channel '[id: 0xb22210fc, L:/127.0.0.1:63549 - R:localhost/127.0.0.1:65293]' for 'POST' to 'http://localhost:65293/session/a3b45177deb4be38976135c10ccdbfb6/element/13794ac5-c84a-463e-9a3d-f27675cd2172/value'
16:18:06.884 [Forwarding sendKeysToElement on session a3b45177deb4be38976135c10ccdbfb6 to remote] DEBUG org.asynchttpclient.netty.request.NettyRequestSender - Using open Channel [id: 0xb22210fc, L:/127.0.0.1:63549 - R:localhost/127.0.0.1:65293] for POST '/session/a3b45177deb4be38976135c10ccdbfb6/element/13794ac5-c84a-463e-9a3d-f27675cd2172/value'
16:18:06.941 [AsyncHttpClient-1-2] DEBUG org.asynchttpclient.netty.handler.HttpHandler - 

Request DefaultHttpRequest(decodeResult: success, version: HTTP/1.1)
POST /session/a3b45177deb4be38976135c10ccdbfb6/element/13794ac5-c84a-463e-9a3d-f27675cd2172/value HTTP/1.1
User-Agent: selenium/4.1.2 (java windows)
Content-Length: 181
Content-Type: application/json; charset=utf-8
host: localhost:65293
accept: */*

Response DefaultHttpResponse(decodeResult: success, version: HTTP/1.1)
HTTP/1.1 200 OK
Content-Type: application/json; charset=utf-8
cache-control: no-cache
content-length: 14

16:18:06.942 [AsyncHttpClient-1-2] DEBUG org.asynchttpclient.netty.channel.ChannelManager - Adding key: http://localhost:65293 for channel [id: 0xb22210fc, L:/127.0.0.1:63549 - R:localhost/127.0.0.1:65293]
16:18:06.948 [Forwarding screenshot on session a3b45177deb4be38976135c10ccdbfb6 to remote] DEBUG org.asynchttpclient.netty.request.NettyRequestSender - Using pooled Channel '[id: 0xb22210fc, L:/127.0.0.1:63549 - R:localhost/127.0.0.1:65293]' for 'GET' to 'http://localhost:65293/session/a3b45177deb4be38976135c10ccdbfb6/screenshot'
16:18:06.948 [Forwarding screenshot on session a3b45177deb4be38976135c10ccdbfb6 to remote] DEBUG org.asynchttpclient.netty.request.NettyRequestSender - Using open Channel [id: 0xb22210fc, L:/127.0.0.1:63549 - R:localhost/127.0.0.1:65293] for GET '/session/a3b45177deb4be38976135c10ccdbfb6/screenshot'
16:18:07.117 [AsyncHttpClient-1-2] DEBUG org.asynchttpclient.netty.handler.HttpHandler - 

Request DefaultFullHttpRequest(decodeResult: success, version: HTTP/1.1, content: EmptyByteBufBE)
GET /session/a3b45177deb4be38976135c10ccdbfb6/screenshot HTTP/1.1
User-Agent: selenium/4.1.2 (java windows)
Cache-Control: no-cache
Content-Type: application/json; charset=utf-8
host: localhost:65293
accept: */*

Response DefaultHttpResponse(decodeResult: success, version: HTTP/1.1)
HTTP/1.1 200 OK
Content-Type: application/json; charset=utf-8
cache-control: no-cache
content-length: 39180

16:18:07.118 [AsyncHttpClient-1-2] DEBUG org.asynchttpclient.netty.channel.ChannelManager - Adding key: http://localhost:65293 for channel [id: 0xb22210fc, L:/127.0.0.1:63549 - R:localhost/127.0.0.1:65293]
16:18:07.120 [main] DEBUG net.serenitybdd.core.photography.Darkroom - Send negative for processing for target\site\serenity\3b5813535028d125ff81ff9f18dfab06b38790adadecee263ccaba4ec1cbe131.png
16:18:07.120 [main] DEBUG net.thucydides.core.steps.StepInterceptor - STEP DONE: inputPassword
  &amp#27;[32mAnd &amp#27;[0m&amp#27;[32mI input &amp#27;[0m&amp#27;[32m&amp#27;[1m"rayhan1234"&amp#27;[0m&amp#27;[32m password&amp#27;[0m                   &amp#27;[90m# Starter.StepDefinitions.LoginStep.iInputPassword(java.lang.String)&amp#27;[0m
16:18:07.120 [Darkroom Processing Line] DEBUG net.serenitybdd.core.photography.DarkroomProcessingLine - Processing screenshot image in /var/screenshots/screenshot-12548431884014280365
16:18:07.120 [Darkroom Processing Line] DEBUG net.serenitybdd.core.photography.DarkroomProcessingLine - Saving screenshot to target\site\serenity\3b5813535028d125ff81ff9f18dfab06b38790adadecee263ccaba4ec1cbe131.png
16:18:07.134 [main] DEBUG net.thucydides.core.steps.StepInterceptor - STARTING STEP: LoginStep.clickLoginButton - clickLoginButton
16:18:07.139 [Forwarding findElement on session a3b45177deb4be38976135c10ccdbfb6 to remote] DEBUG org.asynchttpclient.netty.request.NettyRequestSender - Using pooled Channel '[id: 0xb22210fc, L:/127.0.0.1:63549 - R:localhost/127.0.0.1:65293]' for 'POST' to 'http://localhost:65293/session/a3b45177deb4be38976135c10ccdbfb6/element'
16:18:07.139 [Forwarding findElement on session a3b45177deb4be38976135c10ccdbfb6 to remote] DEBUG org.asynchttpclient.netty.request.NettyRequestSender - Using open Channel [id: 0xb22210fc, L:/127.0.0.1:63549 - R:localhost/127.0.0.1:65293] for POST '/session/a3b45177deb4be38976135c10ccdbfb6/element'
16:18:07.145 [AsyncHttpClient-1-2] DEBUG org.asynchttpclient.netty.handler.HttpHandler - 

Request DefaultHttpRequest(decodeResult: success, version: HTTP/1.1)
POST /session/a3b45177deb4be38976135c10ccdbfb6/element HTTP/1.1
User-Agent: selenium/4.1.2 (java windows)
Content-Length: 136
Content-Type: application/json; charset=utf-8
host: localhost:65293
accept: */*

Response DefaultHttpResponse(decodeResult: success, version: HTTP/1.1)
HTTP/1.1 200 OK
Content-Type: application/json; charset=utf-8
cache-control: no-cache
content-length: 88

16:18:07.146 [AsyncHttpClient-1-2] DEBUG org.asynchttpclient.netty.channel.ChannelManager - Adding key: http://localhost:65293 for channel [id: 0xb22210fc, L:/127.0.0.1:63549 - R:localhost/127.0.0.1:65293]
16:18:07.148 [Forwarding getElementTagName on session a3b45177deb4be38976135c10ccdbfb6 to remote] DEBUG org.asynchttpclient.netty.request.NettyRequestSender - Using pooled Channel '[id: 0xb22210fc, L:/127.0.0.1:63549 - R:localhost/127.0.0.1:65293]' for 'GET' to 'http://localhost:65293/session/a3b45177deb4be38976135c10ccdbfb6/element/917f5216-5fcd-4232-946c-aa76f1edc067/name'
16:18:07.148 [Forwarding getElementTagName on session a3b45177deb4be38976135c10ccdbfb6 to remote] DEBUG org.asynchttpclient.netty.request.NettyRequestSender - Using open Channel [id: 0xb22210fc, L:/127.0.0.1:63549 - R:localhost/127.0.0.1:65293] for GET '/session/a3b45177deb4be38976135c10ccdbfb6/element/917f5216-5fcd-4232-946c-aa76f1edc067/name'
16:18:07.151 [AsyncHttpClient-1-2] DEBUG org.asynchttpclient.netty.handler.HttpHandler - 

Request DefaultFullHttpRequest(decodeResult: success, version: HTTP/1.1, content: EmptyByteBufBE)
GET /session/a3b45177deb4be38976135c10ccdbfb6/element/917f5216-5fcd-4232-946c-aa76f1edc067/name HTTP/1.1
User-Agent: selenium/4.1.2 (java windows)
Cache-Control: no-cache
Content-Type: application/json; charset=utf-8
host: localhost:65293
accept: */*

Response DefaultHttpResponse(decodeResult: success, version: HTTP/1.1)
HTTP/1.1 200 OK
Content-Type: application/json; charset=utf-8
cache-control: no-cache
content-length: 18

16:18:07.151 [AsyncHttpClient-1-2] DEBUG org.asynchttpclient.netty.channel.ChannelManager - Adding key: http://localhost:65293 for channel [id: 0xb22210fc, L:/127.0.0.1:63549 - R:localhost/127.0.0.1:65293]
16:18:07.153 [Forwarding getElementTagName on session a3b45177deb4be38976135c10ccdbfb6 to remote] DEBUG org.asynchttpclient.netty.request.NettyRequestSender - Using pooled Channel '[id: 0xb22210fc, L:/127.0.0.1:63549 - R:localhost/127.0.0.1:65293]' for 'GET' to 'http://localhost:65293/session/a3b45177deb4be38976135c10ccdbfb6/element/917f5216-5fcd-4232-946c-aa76f1edc067/name'
16:18:07.153 [Forwarding getElementTagName on session a3b45177deb4be38976135c10ccdbfb6 to remote] DEBUG org.asynchttpclient.netty.request.NettyRequestSender - Using open Channel [id: 0xb22210fc, L:/127.0.0.1:63549 - R:localhost/127.0.0.1:65293] for GET '/session/a3b45177deb4be38976135c10ccdbfb6/element/917f5216-5fcd-4232-946c-aa76f1edc067/name'
16:18:07.155 [AsyncHttpClient-1-2] DEBUG org.asynchttpclient.netty.handler.HttpHandler - 

Request DefaultFullHttpRequest(decodeResult: success, version: HTTP/1.1, content: EmptyByteBufBE)
GET /session/a3b45177deb4be38976135c10ccdbfb6/element/917f5216-5fcd-4232-946c-aa76f1edc067/name HTTP/1.1
User-Agent: selenium/4.1.2 (java windows)
Cache-Control: no-cache
Content-Type: application/json; charset=utf-8
host: localhost:65293
accept: */*

Response DefaultHttpResponse(decodeResult: success, version: HTTP/1.1)
HTTP/1.1 200 OK
Content-Type: application/json; charset=utf-8
cache-control: no-cache
content-length: 18

16:18:07.156 [AsyncHttpClient-1-2] DEBUG org.asynchttpclient.netty.channel.ChannelManager - Adding key: http://localhost:65293 for channel [id: 0xb22210fc, L:/127.0.0.1:63549 - R:localhost/127.0.0.1:65293]
16:18:07.161 [Forwarding isElementEnabled on session a3b45177deb4be38976135c10ccdbfb6 to remote] DEBUG org.asynchttpclient.netty.request.NettyRequestSender - Using pooled Channel '[id: 0xb22210fc, L:/127.0.0.1:63549 - R:localhost/127.0.0.1:65293]' for 'GET' to 'http://localhost:65293/session/a3b45177deb4be38976135c10ccdbfb6/element/917f5216-5fcd-4232-946c-aa76f1edc067/enabled'
16:18:07.161 [Forwarding isElementEnabled on session a3b45177deb4be38976135c10ccdbfb6 to remote] DEBUG org.asynchttpclient.netty.request.NettyRequestSender - Using open Channel [id: 0xb22210fc, L:/127.0.0.1:63549 - R:localhost/127.0.0.1:65293] for GET '/session/a3b45177deb4be38976135c10ccdbfb6/element/917f5216-5fcd-4232-946c-aa76f1edc067/enabled'
16:18:07.168 [AsyncHttpClient-1-2] DEBUG org.asynchttpclient.netty.handler.HttpHandler - 

Request DefaultFullHttpRequest(decodeResult: success, version: HTTP/1.1, content: EmptyByteBufBE)
GET /session/a3b45177deb4be38976135c10ccdbfb6/element/917f5216-5fcd-4232-946c-aa76f1edc067/enabled HTTP/1.1
User-Agent: selenium/4.1.2 (java windows)
Cache-Control: no-cache
Content-Type: application/json; charset=utf-8
host: localhost:65293
accept: */*

Response DefaultHttpResponse(decodeResult: success, version: HTTP/1.1)
HTTP/1.1 200 OK
Content-Type: application/json; charset=utf-8
cache-control: no-cache
content-length: 14

16:18:07.168 [AsyncHttpClient-1-2] DEBUG org.asynchttpclient.netty.channel.ChannelManager - Adding key: http://localhost:65293 for channel [id: 0xb22210fc, L:/127.0.0.1:63549 - R:localhost/127.0.0.1:65293]
16:18:07.171 [Forwarding isElementEnabled on session a3b45177deb4be38976135c10ccdbfb6 to remote] DEBUG org.asynchttpclient.netty.request.NettyRequestSender - Using pooled Channel '[id: 0xb22210fc, L:/127.0.0.1:63549 - R:localhost/127.0.0.1:65293]' for 'GET' to 'http://localhost:65293/session/a3b45177deb4be38976135c10ccdbfb6/element/917f5216-5fcd-4232-946c-aa76f1edc067/enabled'
16:18:07.171 [Forwarding isElementEnabled on session a3b45177deb4be38976135c10ccdbfb6 to remote] DEBUG org.asynchttpclient.netty.request.NettyRequestSender - Using open Channel [id: 0xb22210fc, L:/127.0.0.1:63549 - R:localhost/127.0.0.1:65293] for GET '/session/a3b45177deb4be38976135c10ccdbfb6/element/917f5216-5fcd-4232-946c-aa76f1edc067/enabled'
16:18:07.176 [AsyncHttpClient-1-2] DEBUG org.asynchttpclient.netty.handler.HttpHandler - 

Request DefaultFullHttpRequest(decodeResult: success, version: HTTP/1.1, content: EmptyByteBufBE)
GET /session/a3b45177deb4be38976135c10ccdbfb6/element/917f5216-5fcd-4232-946c-aa76f1edc067/enabled HTTP/1.1
User-Agent: selenium/4.1.2 (java windows)
Cache-Control: no-cache
Content-Type: application/json; charset=utf-8
host: localhost:65293
accept: */*

Response DefaultHttpResponse(decodeResult: success, version: HTTP/1.1)
HTTP/1.1 200 OK
Content-Type: application/json; charset=utf-8
cache-control: no-cache
content-length: 14

16:18:07.176 [AsyncHttpClient-1-2] DEBUG org.asynchttpclient.netty.channel.ChannelManager - Adding key: http://localhost:65293 for channel [id: 0xb22210fc, L:/127.0.0.1:63549 - R:localhost/127.0.0.1:65293]
16:18:07.178 [Forwarding findElement on session a3b45177deb4be38976135c10ccdbfb6 to remote] DEBUG org.asynchttpclient.netty.request.NettyRequestSender - Using pooled Channel '[id: 0xb22210fc, L:/127.0.0.1:63549 - R:localhost/127.0.0.1:65293]' for 'POST' to 'http://localhost:65293/session/a3b45177deb4be38976135c10ccdbfb6/element'
16:18:07.178 [Forwarding findElement on session a3b45177deb4be38976135c10ccdbfb6 to remote] DEBUG org.asynchttpclient.netty.request.NettyRequestSender - Using open Channel [id: 0xb22210fc, L:/127.0.0.1:63549 - R:localhost/127.0.0.1:65293] for POST '/session/a3b45177deb4be38976135c10ccdbfb6/element'
16:18:07.185 [AsyncHttpClient-1-2] DEBUG org.asynchttpclient.netty.handler.HttpHandler - 

Request DefaultHttpRequest(decodeResult: success, version: HTTP/1.1)
POST /session/a3b45177deb4be38976135c10ccdbfb6/element HTTP/1.1
User-Agent: selenium/4.1.2 (java windows)
Content-Length: 136
Content-Type: application/json; charset=utf-8
host: localhost:65293
accept: */*

Response DefaultHttpResponse(decodeResult: success, version: HTTP/1.1)
HTTP/1.1 200 OK
Content-Type: application/json; charset=utf-8
cache-control: no-cache
content-length: 88

16:18:07.185 [AsyncHttpClient-1-2] DEBUG org.asynchttpclient.netty.channel.ChannelManager - Adding key: http://localhost:65293 for channel [id: 0xb22210fc, L:/127.0.0.1:63549 - R:localhost/127.0.0.1:65293]
16:18:07.187 [Forwarding clickElement on session a3b45177deb4be38976135c10ccdbfb6 to remote] DEBUG org.asynchttpclient.netty.request.NettyRequestSender - Using pooled Channel '[id: 0xb22210fc, L:/127.0.0.1:63549 - R:localhost/127.0.0.1:65293]' for 'POST' to 'http://localhost:65293/session/a3b45177deb4be38976135c10ccdbfb6/element/917f5216-5fcd-4232-946c-aa76f1edc067/click'
16:18:07.187 [Forwarding clickElement on session a3b45177deb4be38976135c10ccdbfb6 to remote] DEBUG org.asynchttpclient.netty.request.NettyRequestSender - Using open Channel [id: 0xb22210fc, L:/127.0.0.1:63549 - R:localhost/127.0.0.1:65293] for POST '/session/a3b45177deb4be38976135c10ccdbfb6/element/917f5216-5fcd-4232-946c-aa76f1edc067/click'
16:18:07.221 [AsyncHttpClient-1-2] DEBUG org.asynchttpclient.netty.handler.HttpHandler - 

Request DefaultHttpRequest(decodeResult: success, version: HTTP/1.1)
POST /session/a3b45177deb4be38976135c10ccdbfb6/element/917f5216-5fcd-4232-946c-aa76f1edc067/click HTTP/1.1
User-Agent: selenium/4.1.2 (java windows)
Content-Length: 50
Content-Type: application/json; charset=utf-8
host: localhost:65293
accept: */*

Response DefaultHttpResponse(decodeResult: success, version: HTTP/1.1)
HTTP/1.1 200 OK
Content-Type: application/json; charset=utf-8
cache-control: no-cache
content-length: 14

16:18:07.222 [AsyncHttpClient-1-2] DEBUG org.asynchttpclient.netty.channel.ChannelManager - Adding key: http://localhost:65293 for channel [id: 0xb22210fc, L:/127.0.0.1:63549 - R:localhost/127.0.0.1:65293]
16:18:07.227 [Forwarding screenshot on session a3b45177deb4be38976135c10ccdbfb6 to remote] DEBUG org.asynchttpclient.netty.request.NettyRequestSender - Using pooled Channel '[id: 0xb22210fc, L:/127.0.0.1:63549 - R:localhost/127.0.0.1:65293]' for 'GET' to 'http://localhost:65293/session/a3b45177deb4be38976135c10ccdbfb6/screenshot'
16:18:07.227 [Forwarding screenshot on session a3b45177deb4be38976135c10ccdbfb6 to remote] DEBUG org.asynchttpclient.netty.request.NettyRequestSender - Using open Channel [id: 0xb22210fc, L:/127.0.0.1:63549 - R:localhost/127.0.0.1:65293] for GET '/session/a3b45177deb4be38976135c10ccdbfb6/screenshot'
16:18:07.417 [AsyncHttpClient-1-2] DEBUG org.asynchttpclient.netty.handler.HttpHandler - 

Request DefaultFullHttpRequest(decodeResult: success, version: HTTP/1.1, content: EmptyByteBufBE)
GET /session/a3b45177deb4be38976135c10ccdbfb6/screenshot HTTP/1.1
User-Agent: selenium/4.1.2 (java windows)
Cache-Control: no-cache
Content-Type: application/json; charset=utf-8
host: localhost:65293
accept: */*

Response DefaultHttpResponse(decodeResult: success, version: HTTP/1.1)
HTTP/1.1 200 OK
Content-Type: application/json; charset=utf-8
cache-control: no-cache
content-length: 38536

16:18:07.418 [AsyncHttpClient-1-2] DEBUG org.asynchttpclient.netty.channel.ChannelManager - Adding key: http://localhost:65293 for channel [id: 0xb22210fc, L:/127.0.0.1:63549 - R:localhost/127.0.0.1:65293]
16:18:07.421 [main] DEBUG net.serenitybdd.core.photography.Darkroom - Send negative for processing for target\site\serenity\0dd1203ad3db5f10387eb4b0c0aa0a215f95e97fcea87d8be68dd1d9b6ddeb8d.png
16:18:07.421 [main] DEBUG net.thucydides.core.steps.StepInterceptor - STEP DONE: clickLoginButton
  &amp#27;[32mAnd &amp#27;[0m&amp#27;[32mclick login button&amp#27;[0m                              &amp#27;[90m# Starter.StepDefinitions.LoginStep.clickLoginButton()&amp#27;[0m
16:18:07.421 [Darkroom Processing Line] DEBUG net.serenitybdd.core.photography.DarkroomProcessingLine - Processing screenshot image in /var/screenshots/screenshot-318631050035805700
16:18:07.421 [Darkroom Processing Line] DEBUG net.serenitybdd.core.photography.DarkroomProcessingLine - Saving screenshot to target\site\serenity\0dd1203ad3db5f10387eb4b0c0aa0a215f95e97fcea87d8be68dd1d9b6ddeb8d.png
16:18:07.444 [main] DEBUG net.thucydides.core.steps.StepInterceptor - STARTING STEP: LoginStep.iGetThe - headerAppears
16:18:07.448 [Forwarding findElement on session a3b45177deb4be38976135c10ccdbfb6 to remote] DEBUG org.asynchttpclient.netty.request.NettyRequestSender - Using pooled Channel '[id: 0xb22210fc, L:/127.0.0.1:63549 - R:localhost/127.0.0.1:65293]' for 'POST' to 'http://localhost:65293/session/a3b45177deb4be38976135c10ccdbfb6/element'
16:18:07.448 [Forwarding findElement on session a3b45177deb4be38976135c10ccdbfb6 to remote] DEBUG org.asynchttpclient.netty.request.NettyRequestSender - Using open Channel [id: 0xb22210fc, L:/127.0.0.1:63549 - R:localhost/127.0.0.1:65293] for POST '/session/a3b45177deb4be38976135c10ccdbfb6/element'
16:18:07.453 [AsyncHttpClient-1-2] DEBUG org.asynchttpclient.netty.handler.HttpHandler - 

Request DefaultHttpRequest(decodeResult: success, version: HTTP/1.1)
POST /session/a3b45177deb4be38976135c10ccdbfb6/element HTTP/1.1
User-Agent: selenium/4.1.2 (java windows)
Content-Length: 53
Content-Type: application/json; charset=utf-8
host: localhost:65293
accept: */*

Response DefaultHttpResponse(decodeResult: success, version: HTTP/1.1)
HTTP/1.1 400 Bad Request
Content-Type: application/json; charset=utf-8
cache-control: no-cache
content-length: 957

16:18:07.453 [AsyncHttpClient-1-2] DEBUG org.asynchttpclient.netty.channel.ChannelManager - Adding key: http://localhost:65293 for channel [id: 0xb22210fc, L:/127.0.0.1:63549 - R:localhost/127.0.0.1:65293]
16:18:07.461 [Forwarding findElement on session a3b45177deb4be38976135c10ccdbfb6 to remote] DEBUG org.asynchttpclient.netty.request.NettyRequestSender - Using pooled Channel '[id: 0xb22210fc, L:/127.0.0.1:63549 - R:localhost/127.0.0.1:65293]' for 'POST' to 'http://localhost:65293/session/a3b45177deb4be38976135c10ccdbfb6/element'
16:18:07.461 [Forwarding findElement on session a3b45177deb4be38976135c10ccdbfb6 to remote] DEBUG org.asynchttpclient.netty.request.NettyRequestSender - Using open Channel [id: 0xb22210fc, L:/127.0.0.1:63549 - R:localhost/127.0.0.1:65293] for POST '/session/a3b45177deb4be38976135c10ccdbfb6/element'
16:18:07.472 [AsyncHttpClient-1-2] DEBUG org.asynchttpclient.netty.handler.HttpHandler - 

Request DefaultHttpRequest(decodeResult: success, version: HTTP/1.1)
POST /session/a3b45177deb4be38976135c10ccdbfb6/element HTTP/1.1
User-Agent: selenium/4.1.2 (java windows)
Content-Length: 63
Content-Type: application/json; charset=utf-8
host: localhost:65293
accept: */*

Response DefaultHttpResponse(decodeResult: success, version: HTTP/1.1)
HTTP/1.1 200 OK
Content-Type: application/json; charset=utf-8
cache-control: no-cache
content-length: 88

16:18:07.472 [AsyncHttpClient-1-2] DEBUG org.asynchttpclient.netty.channel.ChannelManager - Adding key: http://localhost:65293 for channel [id: 0xb22210fc, L:/127.0.0.1:63549 - R:localhost/127.0.0.1:65293]
16:18:07.478 [Forwarding isElementDisplayed on session a3b45177deb4be38976135c10ccdbfb6 to remote] DEBUG org.asynchttpclient.netty.request.NettyRequestSender - Using pooled Channel '[id: 0xb22210fc, L:/127.0.0.1:63549 - R:localhost/127.0.0.1:65293]' for 'POST' to 'http://localhost:65293/session/a3b45177deb4be38976135c10ccdbfb6/execute/sync'
16:18:07.478 [Forwarding isElementDisplayed on session a3b45177deb4be38976135c10ccdbfb6 to remote] DEBUG org.asynchttpclient.netty.request.NettyRequestSender - Using open Channel [id: 0xb22210fc, L:/127.0.0.1:63549 - R:localhost/127.0.0.1:65293] for POST '/session/a3b45177deb4be38976135c10ccdbfb6/execute/sync'
16:18:07.495 [AsyncHttpClient-1-2] DEBUG org.asynchttpclient.netty.handler.HttpHandler - 

Request DefaultHttpRequest(decodeResult: success, version: HTTP/1.1)
POST /session/a3b45177deb4be38976135c10ccdbfb6/execute/sync HTTP/1.1
User-Agent: selenium/4.1.2 (java windows)
Content-Length: 48780
Content-Type: application/json; charset=utf-8
host: localhost:65293
accept: */*

Response DefaultHttpResponse(decodeResult: success, version: HTTP/1.1)
HTTP/1.1 200 OK
Content-Type: application/json; charset=utf-8
cache-control: no-cache
content-length: 14

16:18:07.495 [AsyncHttpClient-1-2] DEBUG org.asynchttpclient.netty.channel.ChannelManager - Adding key: http://localhost:65293 for channel [id: 0xb22210fc, L:/127.0.0.1:63549 - R:localhost/127.0.0.1:65293]
16:18:07.503 [Forwarding screenshot on session a3b45177deb4be38976135c10ccdbfb6 to remote] DEBUG org.asynchttpclient.netty.request.NettyRequestSender - Using pooled Channel '[id: 0xb22210fc, L:/127.0.0.1:63549 - R:localhost/127.0.0.1:65293]' for 'GET' to 'http://localhost:65293/session/a3b45177deb4be38976135c10ccdbfb6/screenshot'
16:18:07.503 [Forwarding screenshot on session a3b45177deb4be38976135c10ccdbfb6 to remote] DEBUG org.asynchttpclient.netty.request.NettyRequestSender - Using open Channel [id: 0xb22210fc, L:/127.0.0.1:63549 - R:localhost/127.0.0.1:65293] for GET '/session/a3b45177deb4be38976135c10ccdbfb6/screenshot'
16:18:07.631 [AsyncHttpClient-1-1] DEBUG org.asynchttpclient.netty.channel.DefaultChannelPool - Entry count for : http://localhost:63550 : 1
16:18:07.689 [AsyncHttpClient-1-2] DEBUG org.asynchttpclient.netty.handler.HttpHandler - 

Request DefaultFullHttpRequest(decodeResult: success, version: HTTP/1.1, content: EmptyByteBufBE)
GET /session/a3b45177deb4be38976135c10ccdbfb6/screenshot HTTP/1.1
User-Agent: selenium/4.1.2 (java windows)
Cache-Control: no-cache
Content-Type: application/json; charset=utf-8
host: localhost:65293
accept: */*

Response DefaultHttpResponse(decodeResult: success, version: HTTP/1.1)
HTTP/1.1 200 OK
Content-Type: application/json; charset=utf-8
cache-control: no-cache
content-length: 36956

16:18:07.689 [AsyncHttpClient-1-2] DEBUG org.asynchttpclient.netty.channel.ChannelManager - Adding key: http://localhost:65293 for channel [id: 0xb22210fc, L:/127.0.0.1:63549 - R:localhost/127.0.0.1:65293]
16:18:07.693 [main] DEBUG net.serenitybdd.core.photography.Darkroom - Send negative for processing for target\site\serenity\ff00ba690739be4acbcf1e3cdfa445d4fe25ae2638928bf5ffc2891fe550e2e9.png
16:18:07.693 [main] DEBUG net.thucydides.core.steps.StepInterceptor - STEP DONE: headerAppears
16:18:07.693 [Darkroom Processing Line] DEBUG net.serenitybdd.core.photography.DarkroomProcessingLine - Processing screenshot image in /var/screenshots/screenshot-3056485617354640357
16:18:07.693 [Darkroom Processing Line] DEBUG net.serenitybdd.core.photography.DarkroomProcessingLine - Saving screenshot to target\site\serenity\ff00ba690739be4acbcf1e3cdfa445d4fe25ae2638928bf5ffc2891fe550e2e9.png
16:18:07.700 [main] DEBUG net.thucydides.core.steps.StepInterceptor - STARTING STEP: LoginStep.iGetThe - headerTextEqual
16:18:07.702 [Forwarding findElement on session a3b45177deb4be38976135c10ccdbfb6 to remote] DEBUG org.asynchttpclient.netty.request.NettyRequestSender - Using pooled Channel '[id: 0xb22210fc, L:/127.0.0.1:63549 - R:localhost/127.0.0.1:65293]' for 'POST' to 'http://localhost:65293/session/a3b45177deb4be38976135c10ccdbfb6/element'
16:18:07.703 [Forwarding findElement on session a3b45177deb4be38976135c10ccdbfb6 to remote] DEBUG org.asynchttpclient.netty.request.NettyRequestSender - Using open Channel [id: 0xb22210fc, L:/127.0.0.1:63549 - R:localhost/127.0.0.1:65293] for POST '/session/a3b45177deb4be38976135c10ccdbfb6/element'
16:18:07.710 [AsyncHttpClient-1-2] DEBUG org.asynchttpclient.netty.handler.HttpHandler - 

Request DefaultHttpRequest(decodeResult: success, version: HTTP/1.1)
POST /session/a3b45177deb4be38976135c10ccdbfb6/element HTTP/1.1
User-Agent: selenium/4.1.2 (java windows)
Content-Length: 63
Content-Type: application/json; charset=utf-8
host: localhost:65293
accept: */*

Response DefaultHttpResponse(decodeResult: success, version: HTTP/1.1)
HTTP/1.1 200 OK
Content-Type: application/json; charset=utf-8
cache-control: no-cache
content-length: 88

16:18:07.711 [AsyncHttpClient-1-2] DEBUG org.asynchttpclient.netty.channel.ChannelManager - Adding key: http://localhost:65293 for channel [id: 0xb22210fc, L:/127.0.0.1:63549 - R:localhost/127.0.0.1:65293]
16:18:07.713 [Forwarding getElementText on session a3b45177deb4be38976135c10ccdbfb6 to remote] DEBUG org.asynchttpclient.netty.request.NettyRequestSender - Using pooled Channel '[id: 0xb22210fc, L:/127.0.0.1:63549 - R:localhost/127.0.0.1:65293]' for 'GET' to 'http://localhost:65293/session/a3b45177deb4be38976135c10ccdbfb6/element/32eb861c-d451-41f9-aa2d-7009a353ab83/text'
16:18:07.713 [Forwarding getElementText on session a3b45177deb4be38976135c10ccdbfb6 to remote] DEBUG org.asynchttpclient.netty.request.NettyRequestSender - Using open Channel [id: 0xb22210fc, L:/127.0.0.1:63549 - R:localhost/127.0.0.1:65293] for GET '/session/a3b45177deb4be38976135c10ccdbfb6/element/32eb861c-d451-41f9-aa2d-7009a353ab83/text'
16:18:07.726 [AsyncHttpClient-1-2] DEBUG org.asynchttpclient.netty.handler.HttpHandler - 

Request DefaultFullHttpRequest(decodeResult: success, version: HTTP/1.1, content: EmptyByteBufBE)
GET /session/a3b45177deb4be38976135c10ccdbfb6/element/32eb861c-d451-41f9-aa2d-7009a353ab83/text HTTP/1.1
User-Agent: selenium/4.1.2 (java windows)
Cache-Control: no-cache
Content-Type: application/json; charset=utf-8
host: localhost:65293
accept: */*

Response DefaultHttpResponse(decodeResult: success, version: HTTP/1.1)
HTTP/1.1 200 OK
Content-Type: application/json; charset=utf-8
cache-control: no-cache
content-length: 20

16:18:07.726 [AsyncHttpClient-1-2] DEBUG org.asynchttpclient.netty.channel.ChannelManager - Adding key: http://localhost:65293 for channel [id: 0xb22210fc, L:/127.0.0.1:63549 - R:localhost/127.0.0.1:65293]
16:18:07.731 [main] DEBUG net.thucydides.core.steps.StepInterceptor - STEP DONE: headerTextEqual
  &amp#27;[32mThen &amp#27;[0m&amp#27;[32mI get the &amp#27;[0m&amp#27;[32m&amp#27;[1m"home page"&amp#27;[0m                          &amp#27;[90m# Starter.StepDefinitions.LoginStep.iGetThe(java.lang.String)&amp#27;[0m
16:18:07.845 [Driver Command Executor] DEBUG org.asynchttpclient.netty.request.NettyRequestSender - Using pooled Channel '[id: 0xb22210fc, L:/127.0.0.1:63549 - R:localhost/127.0.0.1:65293]' for 'DELETE' to 'http://localhost:65293/session/a3b45177deb4be38976135c10ccdbfb6'
16:18:07.845 [Driver Command Executor] DEBUG org.asynchttpclient.netty.request.NettyRequestSender - Using open Channel [id: 0xb22210fc, L:/127.0.0.1:63549 - R:localhost/127.0.0.1:65293] for DELETE '/session/a3b45177deb4be38976135c10ccdbfb6'
16:18:07.846 [AsyncHttpClient-1-4] DEBUG org.asynchttpclient.netty.handler.WebSocketHandler - Channel Closed: [id: 0x7c397263, L:/127.0.0.1:63557 ! R:localhost/127.0.0.1:63550] with attribute NettyResponseFuture{currentRetry=5,
	isDone=1,
	isCancelled=0,
	asyncHandler=org.asynchttpclient.ws.WebSocketUpgradeHandler@6ca36b64,
	nettyRequest=org.asynchttpclient.netty.request.NettyRequest@650659ab,
	future=java.util.concurrent.CompletableFuture@379a1c5[Completed normally],
	uri=ws://localhost:63550/devtools/browser/1a427b86-cb3c-4789-8910-3fc1979e41c9,
	keepAlive=true,
	redirectCount=0,
	timeoutsHolder=null,
	inAuth=0,
	touch=1653038283471}
16:18:07.847 [AsyncHttpClient-1-4] DEBUG org.asynchttpclient.netty.channel.ChannelManager - Closing Channel [id: 0x7c397263, L:/127.0.0.1:63557 ! R:localhost/127.0.0.1:63550] 
16:18:07.880 [AsyncHttpClient-1-3] DEBUG org.asynchttpclient.netty.handler.HttpHandler - Unexpected I/O exception on channel [id: 0xc96108b2, L:/127.0.0.1:63556 - R:localhost/127.0.0.1:63550]
java.net.SocketException: Connection reset
	at java.base/sun.nio.ch.SocketChannelImpl.throwConnectionReset(SocketChannelImpl.java:367)
	at java.base/sun.nio.ch.SocketChannelImpl.read(SocketChannelImpl.java:398)
	at io.netty.buffer.PooledByteBuf.setBytes(PooledByteBuf.java:258)
	at io.netty.buffer.AbstractByteBuf.writeBytes(AbstractByteBuf.java:1132)
	at io.netty.channel.socket.nio.NioSocketChannel.doReadBytes(NioSocketChannel.java:350)
	at io.netty.channel.nio.AbstractNioByteChannel$NioByteUnsafe.read(AbstractNioByteChannel.java:151)
	at io.netty.channel.nio.NioEventLoop.processSelectedKey(NioEventLoop.java:722)
	at io.netty.channel.nio.NioEventLoop.processSelectedKeysOptimized(NioEventLoop.java:658)
	at io.netty.channel.nio.NioEventLoop.processSelectedKeys(NioEventLoop.java:584)
	at io.netty.channel.nio.NioEventLoop.run(NioEventLoop.java:496)
	at io.netty.util.concurrent.SingleThreadEventExecutor$4.run(SingleThreadEventExecutor.java:986)
	at io.netty.util.internal.ThreadExecutorMap$2.run(ThreadExecutorMap.java:74)
	at io.netty.util.concurrent.FastThreadLocalRunnable.run(FastThreadLocalRunnable.java:30)
	at java.base/java.lang.Thread.run(Thread.java:832)
16:18:07.887 [AsyncHttpClient-1-3] DEBUG org.asynchttpclient.netty.channel.ChannelManager - Closing Channel [id: 0xc96108b2, L:/127.0.0.1:63556 - R:localhost/127.0.0.1:63550] 
16:18:07.887 [AsyncHttpClient-1-2] DEBUG org.asynchttpclient.netty.handler.HttpHandler - 

Request DefaultFullHttpRequest(decodeResult: success, version: HTTP/1.1, content: EmptyByteBufBE)
DELETE /session/a3b45177deb4be38976135c10ccdbfb6 HTTP/1.1
User-Agent: selenium/4.1.2 (java windows)
Content-Type: application/json; charset=utf-8
host: localhost:65293
accept: */*

Response DefaultHttpResponse(decodeResult: success, version: HTTP/1.1)
HTTP/1.1 200 OK
Content-Type: application/json; charset=utf-8
cache-control: no-cache
content-length: 14

16:18:07.887 [AsyncHttpClient-1-2] DEBUG org.asynchttpclient.netty.channel.ChannelManager - Adding key: http://localhost:65293 for channel [id: 0xb22210fc, L:/127.0.0.1:63549 - R:localhost/127.0.0.1:65293]
16:18:07.889 [AsyncHttpClient-1-3] DEBUG org.asynchttpclient.netty.handler.HttpHandler - Channel Closed: [id: 0xc96108b2, L:/127.0.0.1:63556 ! R:localhost/127.0.0.1:63550] with attribute DISCARD
16:18:08.008 [AsyncHttpClient-1-2] DEBUG org.asynchttpclient.netty.handler.HttpHandler - Channel Closed: [id: 0xb22210fc, L:/127.0.0.1:63549 ! R:localhost/127.0.0.1:65293] with attribute DISCARD
16:18:08.541 [main] INFO  - 
  _____   ___   ___   _____     ___     _     ___   ___   ___   ___  
 |_   _| | __| / __| |_   _|   | _ \   /_\   / __| / __| | __| |   \ 
   | |   | _|  \__ \   | |     |  _/  / _ \  \__ \ \__ \ | _|  | |) |
   |_|   |___| |___/   |_|     |_|   /_/ \_\ |___/ |___/ |___| |___/ 

Login scenario
----------------------------------------------------------------------
]]></system-out>
    <system-err><![CDATA[Starting ChromeDriver 101.0.4951.41 (93c720db8323b3ec10d056025ab95c23a31997c9-refs/branch-heads/4951@{#904}) on port 65293
Only local connections are allowed.
Please see https://chromedriver.chromium.org/security-considerations for suggestions on keeping ChromeDriver safe.
ChromeDriver was started successfully.
May 20, 2022 4:18:03 PM org.openqa.selenium.remote.ProtocolHandshake createSession
INFO: Detected dialect: W3C
May 20, 2022 4:18:03 PM org.openqa.selenium.devtools.CdpVersionFinder findNearestMatch
WARNING: Unable to find an exact match for CDP version 101, so returning the closest version found: 97
May 20, 2022 4:18:03 PM org.openqa.selenium.devtools.CdpVersionFinder findNearestMatch
INFO: Found CDP implementation for version 101 of 97
]]></system-err>
  </testcase>
  <testcase name="Login scenario #2" classname="Login" time="5.088">
    <system-out><![CDATA[
@Login
Scenario Outline: Login scenario                      &amp#27;[90m# src/test/resources/features/Login.feature:17&amp#27;[0m
16:18:08.561 [main] INFO io.cucumber.core.plugin.SerenityReporter - Running feature from file:///C:/Users/user/Documents/WebMiniLogin/src/test/resources/features/Login.feature
16:18:08.581 [main] INFO net.serenitybdd.core.webdriver.driverproviders.ChromeDriverProvider - Using automatically driver download
16:18:08.742 [AsyncHttpClient-1-1] DEBUG org.asynchttpclient.netty.channel.DefaultChannelPool - Entry count for : http://localhost:65293 : 1
16:18:08.743 [AsyncHttpClient-1-1] DEBUG org.asynchttpclient.netty.channel.DefaultChannelPool - Entry count for : http://localhost:63550 : 1
16:18:08.743 [AsyncHttpClient-1-1] DEBUG org.asynchttpclient.netty.channel.DefaultChannelPool - Adding Candidate expired Channel [id: 0xb22210fc, L:/127.0.0.1:63549 ! R:localhost/127.0.0.1:65293] isIdleTimeoutExpired=false isRemotelyClosed=true isTtlExpired=false
16:18:08.743 [AsyncHttpClient-1-1] DEBUG org.asynchttpclient.netty.channel.DefaultChannelPool - Closing Idle Channel [id: 0xb22210fc, L:/127.0.0.1:63549 ! R:localhost/127.0.0.1:65293]
16:18:08.743 [AsyncHttpClient-1-1] DEBUG org.asynchttpclient.netty.channel.DefaultChannelPool - Adding Candidate expired Channel [id: 0xc96108b2, L:/127.0.0.1:63556 ! R:localhost/127.0.0.1:63550] isIdleTimeoutExpired=false isRemotelyClosed=true isTtlExpired=false
16:18:08.743 [AsyncHttpClient-1-1] DEBUG org.asynchttpclient.netty.channel.DefaultChannelPool - Closing Idle Channel [id: 0xc96108b2, L:/127.0.0.1:63556 ! R:localhost/127.0.0.1:63550]
16:18:08.743 [AsyncHttpClient-1-1] DEBUG org.asynchttpclient.netty.channel.DefaultChannelPool - Closed 2 connections out of 2 in 0 ms
16:18:08.823 [main] DEBUG io.github.bonigarcia.wdm.cache.ResolutionCache - Resolution chrome=101 in cache (valid until 17:17:56 20/05/2022 WIB)
16:18:08.844 [main] DEBUG io.github.bonigarcia.wdm.cache.ResolutionCache - Resolution chrome101=101.0.4951.41 in cache (valid until 16:17:56 21/05/2022 WIB)
16:18:08.849 [main] INFO io.github.bonigarcia.wdm.WebDriverManager - Using chromedriver 101.0.4951.41 (resolved driver for Chrome 101)
16:18:08.874 [main] DEBUG io.github.bonigarcia.wdm.WebDriverManager - Driver chromedriver 101.0.4951.41 found in cache
16:18:08.875 [main] INFO io.github.bonigarcia.wdm.WebDriverManager - Exporting webdriver.chrome.driver as C:\Users\user\.cache\selenium\chromedriver\win32\101.0.4951.41\chromedriver.exe
16:18:09.138 [main] DEBUG net.serenitybdd.core.webdriver.driverproviders.ProvideNewDriver - Instantiating driver
16:18:09.138 [main] DEBUG net.serenitybdd.core.webdriver.driverproviders.ProvideNewDriver - Driver capabilities: Capabilities {acceptInsecureCerts: false, base.url: https://qa.alta.id/, browserName: chrome, chrome.driver: src/test/resources/webdrive..., driver: chrome, goog:chromeOptions: {args: [], extensions: []}}
16:18:09.690 [AsyncHttpClient-1-5] DEBUG org.asynchttpclient.netty.channel.NettyConnectListener - Using new Channel '[id: 0x7d0103a5, L:/127.0.0.1:63579 - R:localhost/127.0.0.1:57714]' for 'POST' to '/session'
16:18:10.311 [AsyncHttpClient-1-5] DEBUG org.asynchttpclient.netty.handler.HttpHandler - 

Request DefaultHttpRequest(decodeResult: success, version: HTTP/1.1)
POST /session HTTP/1.1
User-Agent: selenium/4.1.2 (java windows)
Content-Length: 605
Content-Type: application/json; charset=utf-8
host: localhost:57714
accept: */*

Response DefaultHttpResponse(decodeResult: success, version: HTTP/1.1)
HTTP/1.1 200 OK
Content-Type: application/json; charset=utf-8
cache-control: no-cache
content-length: 788

16:18:10.311 [AsyncHttpClient-1-5] DEBUG org.asynchttpclient.netty.channel.ChannelManager - Adding key: http://localhost:57714 for channel [id: 0x7d0103a5, L:/127.0.0.1:63579 - R:localhost/127.0.0.1:57714]
16:18:10.325 [AsyncHttpClient-1-6] DEBUG org.asynchttpclient.netty.channel.NettyConnectListener - Using new Channel '[id: 0x3e9651e0, L:/127.0.0.1:63590 - R:localhost/127.0.0.1:63580]' for 'GET' to '/json/version'
16:18:10.334 [AsyncHttpClient-1-6] DEBUG org.asynchttpclient.netty.handler.HttpHandler - 

Request DefaultFullHttpRequest(decodeResult: success, version: HTTP/1.1, content: EmptyByteBufBE)
GET /json/version HTTP/1.1
User-Agent: selenium/4.1.2 (java windows)
host: localhost:63580
accept: */*

Response DefaultHttpResponse(decodeResult: success, version: HTTP/1.1)
HTTP/1.1 200 OK
Content-Type: application/json; charset=UTF-8
content-length: 427

16:18:10.334 [AsyncHttpClient-1-6] DEBUG org.asynchttpclient.netty.channel.ChannelManager - Adding key: http://localhost:63580 for channel [id: 0x3e9651e0, L:/127.0.0.1:63590 - R:localhost/127.0.0.1:63580]
16:18:10.339 [AsyncHttpClient-1-7] DEBUG org.asynchttpclient.netty.channel.NettyConnectListener - Using new Channel '[id: 0xa36e7a61, L:/127.0.0.1:63591 - R:localhost/127.0.0.1:63580]' for 'GET' to '/devtools/browser/4fed300e-aafc-4724-bdc5-55b6b1a43a72'
16:18:10.348 [AsyncHttpClient-1-7] DEBUG org.asynchttpclient.netty.handler.WebSocketHandler - 

Request DefaultFullHttpRequest(decodeResult: success, version: HTTP/1.1, content: EmptyByteBufBE)
GET /devtools/browser/4fed300e-aafc-4724-bdc5-55b6b1a43a72 HTTP/1.1
upgrade: websocket
connection: upgrade
sec-websocket-key: Tj8LQ3/2A/oPHAtcSFBJ0g==
sec-websocket-version: 13
origin: http://localhost:63580
host: localhost:63580
accept: */*
user-agent: AHC/2.1

Response DefaultHttpResponse(decodeResult: success, version: HTTP/1.1)
HTTP/1.1 101 WebSocket Protocol Handshake
Upgrade: WebSocket
Connection: Upgrade
Sec-WebSocket-Accept: etzjZLM3HGBv/kClxMEpplXCDeY=

16:18:10.358 [Forwarding maximizeCurrentWindow on session 369f31d31812370b9b76b4bb0814933c to remote] DEBUG org.asynchttpclient.netty.request.NettyRequestSender - Using pooled Channel '[id: 0x7d0103a5, L:/127.0.0.1:63579 - R:localhost/127.0.0.1:57714]' for 'POST' to 'http://localhost:57714/session/369f31d31812370b9b76b4bb0814933c/window/maximize'
16:18:10.358 [Forwarding maximizeCurrentWindow on session 369f31d31812370b9b76b4bb0814933c to remote] DEBUG org.asynchttpclient.netty.request.NettyRequestSender - Using open Channel [id: 0x7d0103a5, L:/127.0.0.1:63579 - R:localhost/127.0.0.1:57714] for POST '/session/369f31d31812370b9b76b4bb0814933c/window/maximize'
16:18:10.495 [AsyncHttpClient-1-5] DEBUG org.asynchttpclient.netty.handler.HttpHandler - 

Request DefaultHttpRequest(decodeResult: success, version: HTTP/1.1)
POST /session/369f31d31812370b9b76b4bb0814933c/window/maximize HTTP/1.1
User-Agent: selenium/4.1.2 (java windows)
Content-Length: 3
Content-Type: application/json; charset=utf-8
host: localhost:57714
accept: */*

Response DefaultHttpResponse(decodeResult: success, version: HTTP/1.1)
HTTP/1.1 200 OK
Content-Type: application/json; charset=utf-8
cache-control: no-cache
content-length: 52

16:18:10.495 [AsyncHttpClient-1-5] DEBUG org.asynchttpclient.netty.channel.ChannelManager - Adding key: http://localhost:57714 for channel [id: 0x7d0103a5, L:/127.0.0.1:63579 - R:localhost/127.0.0.1:57714]
16:18:10.497 [Forwarding get on session 369f31d31812370b9b76b4bb0814933c to remote] DEBUG org.asynchttpclient.netty.request.NettyRequestSender - Using pooled Channel '[id: 0x7d0103a5, L:/127.0.0.1:63579 - R:localhost/127.0.0.1:57714]' for 'POST' to 'http://localhost:57714/session/369f31d31812370b9b76b4bb0814933c/url'
16:18:10.497 [Forwarding get on session 369f31d31812370b9b76b4bb0814933c to remote] DEBUG org.asynchttpclient.netty.request.NettyRequestSender - Using open Channel [id: 0x7d0103a5, L:/127.0.0.1:63579 - R:localhost/127.0.0.1:57714] for POST '/session/369f31d31812370b9b76b4bb0814933c/url'
16:18:10.933 [AsyncHttpClient-1-1] DEBUG org.asynchttpclient.netty.channel.DefaultChannelPool - Entry count for : http://localhost:63580 : 1
16:18:11.262 [AsyncHttpClient-1-5] DEBUG org.asynchttpclient.netty.handler.HttpHandler - 

Request DefaultHttpRequest(decodeResult: success, version: HTTP/1.1)
POST /session/369f31d31812370b9b76b4bb0814933c/url HTTP/1.1
User-Agent: selenium/4.1.2 (java windows)
Content-Length: 64
Content-Type: application/json; charset=utf-8
host: localhost:57714
accept: */*

Response DefaultHttpResponse(decodeResult: success, version: HTTP/1.1)
HTTP/1.1 200 OK
Content-Type: application/json; charset=utf-8
cache-control: no-cache
content-length: 14

16:18:11.262 [AsyncHttpClient-1-5] DEBUG org.asynchttpclient.netty.channel.ChannelManager - Adding key: http://localhost:57714 for channel [id: 0x7d0103a5, L:/127.0.0.1:63579 - R:localhost/127.0.0.1:57714]
16:18:11.264 [Forwarding setTimeout on session 369f31d31812370b9b76b4bb0814933c to remote] DEBUG org.asynchttpclient.netty.request.NettyRequestSender - Using pooled Channel '[id: 0x7d0103a5, L:/127.0.0.1:63579 - R:localhost/127.0.0.1:57714]' for 'POST' to 'http://localhost:57714/session/369f31d31812370b9b76b4bb0814933c/timeouts'
16:18:11.264 [Forwarding setTimeout on session 369f31d31812370b9b76b4bb0814933c to remote] DEBUG org.asynchttpclient.netty.request.NettyRequestSender - Using open Channel [id: 0x7d0103a5, L:/127.0.0.1:63579 - R:localhost/127.0.0.1:57714] for POST '/session/369f31d31812370b9b76b4bb0814933c/timeouts'
16:18:11.265 [AsyncHttpClient-1-5] DEBUG org.asynchttpclient.netty.handler.HttpHandler - 

Request DefaultHttpRequest(decodeResult: success, version: HTTP/1.1)
POST /session/369f31d31812370b9b76b4bb0814933c/timeouts HTTP/1.1
User-Agent: selenium/4.1.2 (java windows)
Content-Length: 22
Content-Type: application/json; charset=utf-8
host: localhost:57714
accept: */*

Response DefaultHttpResponse(decodeResult: success, version: HTTP/1.1)
HTTP/1.1 200 OK
Content-Type: application/json; charset=utf-8
cache-control: no-cache
content-length: 14

16:18:11.265 [AsyncHttpClient-1-5] DEBUG org.asynchttpclient.netty.channel.ChannelManager - Adding key: http://localhost:57714 for channel [id: 0x7d0103a5, L:/127.0.0.1:63579 - R:localhost/127.0.0.1:57714]
16:18:11.268 [Forwarding getCurrentUrl on session 369f31d31812370b9b76b4bb0814933c to remote] DEBUG org.asynchttpclient.netty.request.NettyRequestSender - Using pooled Channel '[id: 0x7d0103a5, L:/127.0.0.1:63579 - R:localhost/127.0.0.1:57714]' for 'GET' to 'http://localhost:57714/session/369f31d31812370b9b76b4bb0814933c/url'
16:18:11.268 [Forwarding getCurrentUrl on session 369f31d31812370b9b76b4bb0814933c to remote] DEBUG org.asynchttpclient.netty.request.NettyRequestSender - Using open Channel [id: 0x7d0103a5, L:/127.0.0.1:63579 - R:localhost/127.0.0.1:57714] for GET '/session/369f31d31812370b9b76b4bb0814933c/url'
16:18:11.275 [AsyncHttpClient-1-5] DEBUG org.asynchttpclient.netty.handler.HttpHandler - 

Request DefaultFullHttpRequest(decodeResult: success, version: HTTP/1.1, content: EmptyByteBufBE)
GET /session/369f31d31812370b9b76b4bb0814933c/url HTTP/1.1
User-Agent: selenium/4.1.2 (java windows)
Cache-Control: no-cache
Content-Type: application/json; charset=utf-8
host: localhost:57714
accept: */*

Response DefaultHttpResponse(decodeResult: success, version: HTTP/1.1)
HTTP/1.1 200 OK
Content-Type: application/json; charset=utf-8
cache-control: no-cache
content-length: 41

16:18:11.275 [AsyncHttpClient-1-5] DEBUG org.asynchttpclient.netty.channel.ChannelManager - Adding key: http://localhost:57714 for channel [id: 0x7d0103a5, L:/127.0.0.1:63579 - R:localhost/127.0.0.1:57714]
16:18:11.284 [Forwarding screenshot on session 369f31d31812370b9b76b4bb0814933c to remote] DEBUG org.asynchttpclient.netty.request.NettyRequestSender - Using pooled Channel '[id: 0x7d0103a5, L:/127.0.0.1:63579 - R:localhost/127.0.0.1:57714]' for 'GET' to 'http://localhost:57714/session/369f31d31812370b9b76b4bb0814933c/screenshot'
16:18:11.284 [Forwarding screenshot on session 369f31d31812370b9b76b4bb0814933c to remote] DEBUG org.asynchttpclient.netty.request.NettyRequestSender - Using open Channel [id: 0x7d0103a5, L:/127.0.0.1:63579 - R:localhost/127.0.0.1:57714] for GET '/session/369f31d31812370b9b76b4bb0814933c/screenshot'
16:18:11.527 [AsyncHttpClient-1-5] DEBUG org.asynchttpclient.netty.handler.HttpHandler - 

Request DefaultFullHttpRequest(decodeResult: success, version: HTTP/1.1, content: EmptyByteBufBE)
GET /session/369f31d31812370b9b76b4bb0814933c/screenshot HTTP/1.1
User-Agent: selenium/4.1.2 (java windows)
Cache-Control: no-cache
Content-Type: application/json; charset=utf-8
host: localhost:57714
accept: */*

Response DefaultHttpResponse(decodeResult: success, version: HTTP/1.1)
HTTP/1.1 200 OK
Content-Type: application/json; charset=utf-8
cache-control: no-cache
content-length: 31092

16:18:11.528 [AsyncHttpClient-1-5] DEBUG org.asynchttpclient.netty.channel.ChannelManager - Adding key: http://localhost:57714 for channel [id: 0x7d0103a5, L:/127.0.0.1:63579 - R:localhost/127.0.0.1:57714]
16:18:11.530 [main] DEBUG net.serenitybdd.core.photography.Darkroom - Send negative for processing for target\site\serenity\b625743ee732bdb87af642911c7f9583a57576024640458a3bdf0adf445bf9cb.png
16:18:11.530 [main] DEBUG net.thucydides.core.steps.StepInterceptor - STARTING STEP: LoginStep.iAmOnTheLoginPage - validateOnLoginPage
16:18:11.532 [Forwarding findElement on session 369f31d31812370b9b76b4bb0814933c to remote] DEBUG org.asynchttpclient.netty.request.NettyRequestSender - Using pooled Channel '[id: 0x7d0103a5, L:/127.0.0.1:63579 - R:localhost/127.0.0.1:57714]' for 'POST' to 'http://localhost:57714/session/369f31d31812370b9b76b4bb0814933c/element'
16:18:11.532 [Forwarding findElement on session 369f31d31812370b9b76b4bb0814933c to remote] DEBUG org.asynchttpclient.netty.request.NettyRequestSender - Using open Channel [id: 0x7d0103a5, L:/127.0.0.1:63579 - R:localhost/127.0.0.1:57714] for POST '/session/369f31d31812370b9b76b4bb0814933c/element'
16:18:11.542 [AsyncHttpClient-1-5] DEBUG org.asynchttpclient.netty.handler.HttpHandler - 

Request DefaultHttpRequest(decodeResult: success, version: HTTP/1.1)
POST /session/369f31d31812370b9b76b4bb0814933c/element HTTP/1.1
User-Agent: selenium/4.1.2 (java windows)
Content-Length: 136
Content-Type: application/json; charset=utf-8
host: localhost:57714
accept: */*

Response DefaultHttpResponse(decodeResult: success, version: HTTP/1.1)
HTTP/1.1 200 OK
Content-Type: application/json; charset=utf-8
cache-control: no-cache
content-length: 88

16:18:11.542 [AsyncHttpClient-1-5] DEBUG org.asynchttpclient.netty.channel.ChannelManager - Adding key: http://localhost:57714 for channel [id: 0x7d0103a5, L:/127.0.0.1:63579 - R:localhost/127.0.0.1:57714]
16:18:11.546 [Forwarding isElementDisplayed on session 369f31d31812370b9b76b4bb0814933c to remote] DEBUG org.asynchttpclient.netty.request.NettyRequestSender - Using pooled Channel '[id: 0x7d0103a5, L:/127.0.0.1:63579 - R:localhost/127.0.0.1:57714]' for 'POST' to 'http://localhost:57714/session/369f31d31812370b9b76b4bb0814933c/execute/sync'
16:18:11.546 [Forwarding isElementDisplayed on session 369f31d31812370b9b76b4bb0814933c to remote] DEBUG org.asynchttpclient.netty.request.NettyRequestSender - Using open Channel [id: 0x7d0103a5, L:/127.0.0.1:63579 - R:localhost/127.0.0.1:57714] for POST '/session/369f31d31812370b9b76b4bb0814933c/execute/sync'
16:18:11.556 [AsyncHttpClient-1-5] DEBUG org.asynchttpclient.netty.handler.HttpHandler - 

Request DefaultHttpRequest(decodeResult: success, version: HTTP/1.1)
POST /session/369f31d31812370b9b76b4bb0814933c/execute/sync HTTP/1.1
User-Agent: selenium/4.1.2 (java windows)
Content-Length: 48780
Content-Type: application/json; charset=utf-8
host: localhost:57714
accept: */*

Response DefaultHttpResponse(decodeResult: success, version: HTTP/1.1)
HTTP/1.1 200 OK
Content-Type: application/json; charset=utf-8
cache-control: no-cache
content-length: 14

16:18:11.557 [AsyncHttpClient-1-5] DEBUG org.asynchttpclient.netty.channel.ChannelManager - Adding key: http://localhost:57714 for channel [id: 0x7d0103a5, L:/127.0.0.1:63579 - R:localhost/127.0.0.1:57714]
16:18:11.561 [main] DEBUG net.thucydides.core.steps.StepInterceptor - STEP DONE: validateOnLoginPage
  &amp#27;[32mGiven &amp#27;[0m&amp#27;[32mI am on the login page&amp#27;[0m                        &amp#27;[90m# Starter.StepDefinitions.LoginStep.iAmOnTheLoginPage()&amp#27;[0m
16:18:11.574 [main] DEBUG net.thucydides.core.steps.StepInterceptor - STARTING STEP: LoginStep.iInputEmail - inputEmail
16:18:11.578 [Forwarding findElement on session 369f31d31812370b9b76b4bb0814933c to remote] DEBUG org.asynchttpclient.netty.request.NettyRequestSender - Using pooled Channel '[id: 0x7d0103a5, L:/127.0.0.1:63579 - R:localhost/127.0.0.1:57714]' for 'POST' to 'http://localhost:57714/session/369f31d31812370b9b76b4bb0814933c/element'
16:18:11.578 [Forwarding findElement on session 369f31d31812370b9b76b4bb0814933c to remote] DEBUG org.asynchttpclient.netty.request.NettyRequestSender - Using open Channel [id: 0x7d0103a5, L:/127.0.0.1:63579 - R:localhost/127.0.0.1:57714] for POST '/session/369f31d31812370b9b76b4bb0814933c/element'
16:18:11.586 [AsyncHttpClient-1-5] DEBUG org.asynchttpclient.netty.handler.HttpHandler - 

Request DefaultHttpRequest(decodeResult: success, version: HTTP/1.1)
POST /session/369f31d31812370b9b76b4bb0814933c/element HTTP/1.1
User-Agent: selenium/4.1.2 (java windows)
Content-Length: 91
Content-Type: application/json; charset=utf-8
host: localhost:57714
accept: */*

Response DefaultHttpResponse(decodeResult: success, version: HTTP/1.1)
HTTP/1.1 200 OK
Content-Type: application/json; charset=utf-8
cache-control: no-cache
content-length: 88

16:18:11.586 [AsyncHttpClient-1-5] DEBUG org.asynchttpclient.netty.channel.ChannelManager - Adding key: http://localhost:57714 for channel [id: 0x7d0103a5, L:/127.0.0.1:63579 - R:localhost/127.0.0.1:57714]
16:18:11.588 [Forwarding clearElement on session 369f31d31812370b9b76b4bb0814933c to remote] DEBUG org.asynchttpclient.netty.request.NettyRequestSender - Using pooled Channel '[id: 0x7d0103a5, L:/127.0.0.1:63579 - R:localhost/127.0.0.1:57714]' for 'POST' to 'http://localhost:57714/session/369f31d31812370b9b76b4bb0814933c/element/a3bc1c92-8f48-488f-ae20-cf0f13e07749/clear'
16:18:11.588 [Forwarding clearElement on session 369f31d31812370b9b76b4bb0814933c to remote] DEBUG org.asynchttpclient.netty.request.NettyRequestSender - Using open Channel [id: 0x7d0103a5, L:/127.0.0.1:63579 - R:localhost/127.0.0.1:57714] for POST '/session/369f31d31812370b9b76b4bb0814933c/element/a3bc1c92-8f48-488f-ae20-cf0f13e07749/clear'
16:18:11.611 [AsyncHttpClient-1-5] DEBUG org.asynchttpclient.netty.handler.HttpHandler - 

Request DefaultHttpRequest(decodeResult: success, version: HTTP/1.1)
POST /session/369f31d31812370b9b76b4bb0814933c/element/a3bc1c92-8f48-488f-ae20-cf0f13e07749/clear HTTP/1.1
User-Agent: selenium/4.1.2 (java windows)
Content-Length: 50
Content-Type: application/json; charset=utf-8
host: localhost:57714
accept: */*

Response DefaultHttpResponse(decodeResult: success, version: HTTP/1.1)
HTTP/1.1 200 OK
Content-Type: application/json; charset=utf-8
cache-control: no-cache
content-length: 14

16:18:11.611 [AsyncHttpClient-1-5] DEBUG org.asynchttpclient.netty.channel.ChannelManager - Adding key: http://localhost:57714 for channel [id: 0x7d0103a5, L:/127.0.0.1:63579 - R:localhost/127.0.0.1:57714]
16:18:11.613 [Forwarding sendKeysToElement on session 369f31d31812370b9b76b4bb0814933c to remote] DEBUG org.asynchttpclient.netty.request.NettyRequestSender - Using pooled Channel '[id: 0x7d0103a5, L:/127.0.0.1:63579 - R:localhost/127.0.0.1:57714]' for 'POST' to 'http://localhost:57714/session/369f31d31812370b9b76b4bb0814933c/element/a3bc1c92-8f48-488f-ae20-cf0f13e07749/value'
16:18:11.613 [Forwarding sendKeysToElement on session 369f31d31812370b9b76b4bb0814933c to remote] DEBUG org.asynchttpclient.netty.request.NettyRequestSender - Using open Channel [id: 0x7d0103a5, L:/127.0.0.1:63579 - R:localhost/127.0.0.1:57714] for POST '/session/369f31d31812370b9b76b4bb0814933c/element/a3bc1c92-8f48-488f-ae20-cf0f13e07749/value'
16:18:11.741 [AsyncHttpClient-1-5] DEBUG org.asynchttpclient.netty.handler.HttpHandler - 

Request DefaultHttpRequest(decodeResult: success, version: HTTP/1.1)
POST /session/369f31d31812370b9b76b4bb0814933c/element/a3bc1c92-8f48-488f-ae20-cf0f13e07749/value HTTP/1.1
User-Agent: selenium/4.1.2 (java windows)
Content-Length: 381
Content-Type: application/json; charset=utf-8
host: localhost:57714
accept: */*

Response DefaultHttpResponse(decodeResult: success, version: HTTP/1.1)
HTTP/1.1 200 OK
Content-Type: application/json; charset=utf-8
cache-control: no-cache
content-length: 14

16:18:11.742 [AsyncHttpClient-1-5] DEBUG org.asynchttpclient.netty.channel.ChannelManager - Adding key: http://localhost:57714 for channel [id: 0x7d0103a5, L:/127.0.0.1:63579 - R:localhost/127.0.0.1:57714]
16:18:11.747 [Forwarding screenshot on session 369f31d31812370b9b76b4bb0814933c to remote] DEBUG org.asynchttpclient.netty.request.NettyRequestSender - Using pooled Channel '[id: 0x7d0103a5, L:/127.0.0.1:63579 - R:localhost/127.0.0.1:57714]' for 'GET' to 'http://localhost:57714/session/369f31d31812370b9b76b4bb0814933c/screenshot'
16:18:11.747 [Forwarding screenshot on session 369f31d31812370b9b76b4bb0814933c to remote] DEBUG org.asynchttpclient.netty.request.NettyRequestSender - Using open Channel [id: 0x7d0103a5, L:/127.0.0.1:63579 - R:localhost/127.0.0.1:57714] for GET '/session/369f31d31812370b9b76b4bb0814933c/screenshot'
16:18:11.890 [AsyncHttpClient-1-5] DEBUG org.asynchttpclient.netty.handler.HttpHandler - 

Request DefaultFullHttpRequest(decodeResult: success, version: HTTP/1.1, content: EmptyByteBufBE)
GET /session/369f31d31812370b9b76b4bb0814933c/screenshot HTTP/1.1
User-Agent: selenium/4.1.2 (java windows)
Cache-Control: no-cache
Content-Type: application/json; charset=utf-8
host: localhost:57714
accept: */*

Response DefaultHttpResponse(decodeResult: success, version: HTTP/1.1)
HTTP/1.1 200 OK
Content-Type: application/json; charset=utf-8
cache-control: no-cache
content-length: 36912

16:18:11.891 [AsyncHttpClient-1-5] DEBUG org.asynchttpclient.netty.channel.ChannelManager - Adding key: http://localhost:57714 for channel [id: 0x7d0103a5, L:/127.0.0.1:63579 - R:localhost/127.0.0.1:57714]
16:18:11.894 [main] DEBUG net.serenitybdd.core.photography.Darkroom - Send negative for processing for target\site\serenity\130605c19b9dfc9afd39a7a4e5362c6c6d8f06d4a7c24c0acb113a48bdfa94b4.png
16:18:11.894 [main] DEBUG net.thucydides.core.steps.StepInterceptor - STEP DONE: inputEmail
  &amp#27;[32mWhen &amp#27;[0m&amp#27;[32mI input &amp#27;[0m&amp#27;[32m&amp#27;[1m"imamrayhanekadinataa@gmail.com"&amp#27;[0m&amp#27;[32m email&amp#27;[0m &amp#27;[90m# Starter.StepDefinitions.LoginStep.iInputEmail(java.lang.String)&amp#27;[0m
16:18:11.894 [Darkroom Processing Line] DEBUG net.serenitybdd.core.photography.DarkroomProcessingLine - Processing screenshot image in /var/screenshots/screenshot-15475944974377782771
16:18:11.894 [Darkroom Processing Line] DEBUG net.serenitybdd.core.photography.DarkroomProcessingLine - Saving screenshot to target\site\serenity\130605c19b9dfc9afd39a7a4e5362c6c6d8f06d4a7c24c0acb113a48bdfa94b4.png
16:18:11.907 [main] DEBUG net.thucydides.core.steps.StepInterceptor - STARTING STEP: LoginStep.iInputPassword - inputPassword
16:18:11.909 [Forwarding findElement on session 369f31d31812370b9b76b4bb0814933c to remote] DEBUG org.asynchttpclient.netty.request.NettyRequestSender - Using pooled Channel '[id: 0x7d0103a5, L:/127.0.0.1:63579 - R:localhost/127.0.0.1:57714]' for 'POST' to 'http://localhost:57714/session/369f31d31812370b9b76b4bb0814933c/element'
16:18:11.909 [Forwarding findElement on session 369f31d31812370b9b76b4bb0814933c to remote] DEBUG org.asynchttpclient.netty.request.NettyRequestSender - Using open Channel [id: 0x7d0103a5, L:/127.0.0.1:63579 - R:localhost/127.0.0.1:57714] for POST '/session/369f31d31812370b9b76b4bb0814933c/element'
16:18:11.917 [AsyncHttpClient-1-5] DEBUG org.asynchttpclient.netty.handler.HttpHandler - 

Request DefaultHttpRequest(decodeResult: success, version: HTTP/1.1)
POST /session/369f31d31812370b9b76b4bb0814933c/element HTTP/1.1
User-Agent: selenium/4.1.2 (java windows)
Content-Length: 94
Content-Type: application/json; charset=utf-8
host: localhost:57714
accept: */*

Response DefaultHttpResponse(decodeResult: success, version: HTTP/1.1)
HTTP/1.1 200 OK
Content-Type: application/json; charset=utf-8
cache-control: no-cache
content-length: 88

16:18:11.918 [AsyncHttpClient-1-5] DEBUG org.asynchttpclient.netty.channel.ChannelManager - Adding key: http://localhost:57714 for channel [id: 0x7d0103a5, L:/127.0.0.1:63579 - R:localhost/127.0.0.1:57714]
16:18:11.920 [Forwarding clearElement on session 369f31d31812370b9b76b4bb0814933c to remote] DEBUG org.asynchttpclient.netty.request.NettyRequestSender - Using pooled Channel '[id: 0x7d0103a5, L:/127.0.0.1:63579 - R:localhost/127.0.0.1:57714]' for 'POST' to 'http://localhost:57714/session/369f31d31812370b9b76b4bb0814933c/element/8ca24161-acae-40db-b93f-f075bcc096f0/clear'
16:18:11.920 [Forwarding clearElement on session 369f31d31812370b9b76b4bb0814933c to remote] DEBUG org.asynchttpclient.netty.request.NettyRequestSender - Using open Channel [id: 0x7d0103a5, L:/127.0.0.1:63579 - R:localhost/127.0.0.1:57714] for POST '/session/369f31d31812370b9b76b4bb0814933c/element/8ca24161-acae-40db-b93f-f075bcc096f0/clear'
16:18:11.947 [AsyncHttpClient-1-5] DEBUG org.asynchttpclient.netty.handler.HttpHandler - 

Request DefaultHttpRequest(decodeResult: success, version: HTTP/1.1)
POST /session/369f31d31812370b9b76b4bb0814933c/element/8ca24161-acae-40db-b93f-f075bcc096f0/clear HTTP/1.1
User-Agent: selenium/4.1.2 (java windows)
Content-Length: 50
Content-Type: application/json; charset=utf-8
host: localhost:57714
accept: */*

Response DefaultHttpResponse(decodeResult: success, version: HTTP/1.1)
HTTP/1.1 200 OK
Content-Type: application/json; charset=utf-8
cache-control: no-cache
content-length: 14

16:18:11.947 [AsyncHttpClient-1-5] DEBUG org.asynchttpclient.netty.channel.ChannelManager - Adding key: http://localhost:57714 for channel [id: 0x7d0103a5, L:/127.0.0.1:63579 - R:localhost/127.0.0.1:57714]
16:18:11.950 [Forwarding sendKeysToElement on session 369f31d31812370b9b76b4bb0814933c to remote] DEBUG org.asynchttpclient.netty.request.NettyRequestSender - Using pooled Channel '[id: 0x7d0103a5, L:/127.0.0.1:63579 - R:localhost/127.0.0.1:57714]' for 'POST' to 'http://localhost:57714/session/369f31d31812370b9b76b4bb0814933c/element/8ca24161-acae-40db-b93f-f075bcc096f0/value'
16:18:11.950 [Forwarding sendKeysToElement on session 369f31d31812370b9b76b4bb0814933c to remote] DEBUG org.asynchttpclient.netty.request.NettyRequestSender - Using open Channel [id: 0x7d0103a5, L:/127.0.0.1:63579 - R:localhost/127.0.0.1:57714] for POST '/session/369f31d31812370b9b76b4bb0814933c/element/8ca24161-acae-40db-b93f-f075bcc096f0/value'
16:18:12.018 [AsyncHttpClient-1-5] DEBUG org.asynchttpclient.netty.handler.HttpHandler - 

Request DefaultHttpRequest(decodeResult: success, version: HTTP/1.1)
POST /session/369f31d31812370b9b76b4bb0814933c/element/8ca24161-acae-40db-b93f-f075bcc096f0/value HTTP/1.1
User-Agent: selenium/4.1.2 (java windows)
Content-Length: 191
Content-Type: application/json; charset=utf-8
host: localhost:57714
accept: */*

Response DefaultHttpResponse(decodeResult: success, version: HTTP/1.1)
HTTP/1.1 200 OK
Content-Type: application/json; charset=utf-8
cache-control: no-cache
content-length: 14

16:18:12.018 [AsyncHttpClient-1-5] DEBUG org.asynchttpclient.netty.channel.ChannelManager - Adding key: http://localhost:57714 for channel [id: 0x7d0103a5, L:/127.0.0.1:63579 - R:localhost/127.0.0.1:57714]
16:18:12.024 [Forwarding screenshot on session 369f31d31812370b9b76b4bb0814933c to remote] DEBUG org.asynchttpclient.netty.request.NettyRequestSender - Using pooled Channel '[id: 0x7d0103a5, L:/127.0.0.1:63579 - R:localhost/127.0.0.1:57714]' for 'GET' to 'http://localhost:57714/session/369f31d31812370b9b76b4bb0814933c/screenshot'
16:18:12.024 [Forwarding screenshot on session 369f31d31812370b9b76b4bb0814933c to remote] DEBUG org.asynchttpclient.netty.request.NettyRequestSender - Using open Channel [id: 0x7d0103a5, L:/127.0.0.1:63579 - R:localhost/127.0.0.1:57714] for GET '/session/369f31d31812370b9b76b4bb0814933c/screenshot'
16:18:12.039 [AsyncHttpClient-1-1] DEBUG org.asynchttpclient.netty.channel.DefaultChannelPool - Entry count for : http://localhost:63580 : 1
16:18:12.176 [AsyncHttpClient-1-5] DEBUG org.asynchttpclient.netty.handler.HttpHandler - 

Request DefaultFullHttpRequest(decodeResult: success, version: HTTP/1.1, content: EmptyByteBufBE)
GET /session/369f31d31812370b9b76b4bb0814933c/screenshot HTTP/1.1
User-Agent: selenium/4.1.2 (java windows)
Cache-Control: no-cache
Content-Type: application/json; charset=utf-8
host: localhost:57714
accept: */*

Response DefaultHttpResponse(decodeResult: success, version: HTTP/1.1)
HTTP/1.1 200 OK
Content-Type: application/json; charset=utf-8
cache-control: no-cache
content-length: 39452

16:18:12.176 [AsyncHttpClient-1-5] DEBUG org.asynchttpclient.netty.channel.ChannelManager - Adding key: http://localhost:57714 for channel [id: 0x7d0103a5, L:/127.0.0.1:63579 - R:localhost/127.0.0.1:57714]
16:18:12.179 [main] DEBUG net.serenitybdd.core.photography.Darkroom - Send negative for processing for target\site\serenity\81ceecfd9bd04a759e2eb49b20f9dd61973565abcf806e1d9cb7b0beaef94c74.png
16:18:12.179 [main] DEBUG net.thucydides.core.steps.StepInterceptor - STEP DONE: inputPassword
  &amp#27;[32mAnd &amp#27;[0m&amp#27;[32mI input &amp#27;[0m&amp#27;[32m&amp#27;[1m"bocahtampan"&amp#27;[0m&amp#27;[32m password&amp#27;[0m                  &amp#27;[90m# Starter.StepDefinitions.LoginStep.iInputPassword(java.lang.String)&amp#27;[0m
16:18:12.179 [Darkroom Processing Line] DEBUG net.serenitybdd.core.photography.DarkroomProcessingLine - Processing screenshot image in /var/screenshots/screenshot-16970799403813690453
16:18:12.179 [Darkroom Processing Line] DEBUG net.serenitybdd.core.photography.DarkroomProcessingLine - Saving screenshot to target\site\serenity\81ceecfd9bd04a759e2eb49b20f9dd61973565abcf806e1d9cb7b0beaef94c74.png
16:18:12.197 [main] DEBUG net.thucydides.core.steps.StepInterceptor - STARTING STEP: LoginStep.clickLoginButton - clickLoginButton
16:18:12.203 [Forwarding findElement on session 369f31d31812370b9b76b4bb0814933c to remote] DEBUG org.asynchttpclient.netty.request.NettyRequestSender - Using pooled Channel '[id: 0x7d0103a5, L:/127.0.0.1:63579 - R:localhost/127.0.0.1:57714]' for 'POST' to 'http://localhost:57714/session/369f31d31812370b9b76b4bb0814933c/element'
16:18:12.203 [Forwarding findElement on session 369f31d31812370b9b76b4bb0814933c to remote] DEBUG org.asynchttpclient.netty.request.NettyRequestSender - Using open Channel [id: 0x7d0103a5, L:/127.0.0.1:63579 - R:localhost/127.0.0.1:57714] for POST '/session/369f31d31812370b9b76b4bb0814933c/element'
16:18:12.215 [AsyncHttpClient-1-5] DEBUG org.asynchttpclient.netty.handler.HttpHandler - 

Request DefaultHttpRequest(decodeResult: success, version: HTTP/1.1)
POST /session/369f31d31812370b9b76b4bb0814933c/element HTTP/1.1
User-Agent: selenium/4.1.2 (java windows)
Content-Length: 136
Content-Type: application/json; charset=utf-8
host: localhost:57714
accept: */*

Response DefaultHttpResponse(decodeResult: success, version: HTTP/1.1)
HTTP/1.1 200 OK
Content-Type: application/json; charset=utf-8
cache-control: no-cache
content-length: 88

16:18:12.215 [AsyncHttpClient-1-5] DEBUG org.asynchttpclient.netty.channel.ChannelManager - Adding key: http://localhost:57714 for channel [id: 0x7d0103a5, L:/127.0.0.1:63579 - R:localhost/127.0.0.1:57714]
16:18:12.220 [Forwarding getElementTagName on session 369f31d31812370b9b76b4bb0814933c to remote] DEBUG org.asynchttpclient.netty.request.NettyRequestSender - Using pooled Channel '[id: 0x7d0103a5, L:/127.0.0.1:63579 - R:localhost/127.0.0.1:57714]' for 'GET' to 'http://localhost:57714/session/369f31d31812370b9b76b4bb0814933c/element/4ebf1ad2-393e-459a-bc73-ccbbdfe36c8a/name'
16:18:12.220 [Forwarding getElementTagName on session 369f31d31812370b9b76b4bb0814933c to remote] DEBUG org.asynchttpclient.netty.request.NettyRequestSender - Using open Channel [id: 0x7d0103a5, L:/127.0.0.1:63579 - R:localhost/127.0.0.1:57714] for GET '/session/369f31d31812370b9b76b4bb0814933c/element/4ebf1ad2-393e-459a-bc73-ccbbdfe36c8a/name'
16:18:12.229 [AsyncHttpClient-1-5] DEBUG org.asynchttpclient.netty.handler.HttpHandler - 

Request DefaultFullHttpRequest(decodeResult: success, version: HTTP/1.1, content: EmptyByteBufBE)
GET /session/369f31d31812370b9b76b4bb0814933c/element/4ebf1ad2-393e-459a-bc73-ccbbdfe36c8a/name HTTP/1.1
User-Agent: selenium/4.1.2 (java windows)
Cache-Control: no-cache
Content-Type: application/json; charset=utf-8
host: localhost:57714
accept: */*

Response DefaultHttpResponse(decodeResult: success, version: HTTP/1.1)
HTTP/1.1 200 OK
Content-Type: application/json; charset=utf-8
cache-control: no-cache
content-length: 18

16:18:12.229 [AsyncHttpClient-1-5] DEBUG org.asynchttpclient.netty.channel.ChannelManager - Adding key: http://localhost:57714 for channel [id: 0x7d0103a5, L:/127.0.0.1:63579 - R:localhost/127.0.0.1:57714]
16:18:12.232 [Forwarding getElementTagName on session 369f31d31812370b9b76b4bb0814933c to remote] DEBUG org.asynchttpclient.netty.request.NettyRequestSender - Using pooled Channel '[id: 0x7d0103a5, L:/127.0.0.1:63579 - R:localhost/127.0.0.1:57714]' for 'GET' to 'http://localhost:57714/session/369f31d31812370b9b76b4bb0814933c/element/4ebf1ad2-393e-459a-bc73-ccbbdfe36c8a/name'
16:18:12.232 [Forwarding getElementTagName on session 369f31d31812370b9b76b4bb0814933c to remote] DEBUG org.asynchttpclient.netty.request.NettyRequestSender - Using open Channel [id: 0x7d0103a5, L:/127.0.0.1:63579 - R:localhost/127.0.0.1:57714] for GET '/session/369f31d31812370b9b76b4bb0814933c/element/4ebf1ad2-393e-459a-bc73-ccbbdfe36c8a/name'
16:18:12.237 [AsyncHttpClient-1-5] DEBUG org.asynchttpclient.netty.handler.HttpHandler - 

Request DefaultFullHttpRequest(decodeResult: success, version: HTTP/1.1, content: EmptyByteBufBE)
GET /session/369f31d31812370b9b76b4bb0814933c/element/4ebf1ad2-393e-459a-bc73-ccbbdfe36c8a/name HTTP/1.1
User-Agent: selenium/4.1.2 (java windows)
Cache-Control: no-cache
Content-Type: application/json; charset=utf-8
host: localhost:57714
accept: */*

Response DefaultHttpResponse(decodeResult: success, version: HTTP/1.1)
HTTP/1.1 200 OK
Content-Type: application/json; charset=utf-8
cache-control: no-cache
content-length: 18

16:18:12.238 [AsyncHttpClient-1-5] DEBUG org.asynchttpclient.netty.channel.ChannelManager - Adding key: http://localhost:57714 for channel [id: 0x7d0103a5, L:/127.0.0.1:63579 - R:localhost/127.0.0.1:57714]
16:18:12.242 [Forwarding isElementEnabled on session 369f31d31812370b9b76b4bb0814933c to remote] DEBUG org.asynchttpclient.netty.request.NettyRequestSender - Using pooled Channel '[id: 0x7d0103a5, L:/127.0.0.1:63579 - R:localhost/127.0.0.1:57714]' for 'GET' to 'http://localhost:57714/session/369f31d31812370b9b76b4bb0814933c/element/4ebf1ad2-393e-459a-bc73-ccbbdfe36c8a/enabled'
16:18:12.242 [Forwarding isElementEnabled on session 369f31d31812370b9b76b4bb0814933c to remote] DEBUG org.asynchttpclient.netty.request.NettyRequestSender - Using open Channel [id: 0x7d0103a5, L:/127.0.0.1:63579 - R:localhost/127.0.0.1:57714] for GET '/session/369f31d31812370b9b76b4bb0814933c/element/4ebf1ad2-393e-459a-bc73-ccbbdfe36c8a/enabled'
16:18:12.251 [AsyncHttpClient-1-5] DEBUG org.asynchttpclient.netty.handler.HttpHandler - 

Request DefaultFullHttpRequest(decodeResult: success, version: HTTP/1.1, content: EmptyByteBufBE)
GET /session/369f31d31812370b9b76b4bb0814933c/element/4ebf1ad2-393e-459a-bc73-ccbbdfe36c8a/enabled HTTP/1.1
User-Agent: selenium/4.1.2 (java windows)
Cache-Control: no-cache
Content-Type: application/json; charset=utf-8
host: localhost:57714
accept: */*

Response DefaultHttpResponse(decodeResult: success, version: HTTP/1.1)
HTTP/1.1 200 OK
Content-Type: application/json; charset=utf-8
cache-control: no-cache
content-length: 14

16:18:12.252 [AsyncHttpClient-1-5] DEBUG org.asynchttpclient.netty.channel.ChannelManager - Adding key: http://localhost:57714 for channel [id: 0x7d0103a5, L:/127.0.0.1:63579 - R:localhost/127.0.0.1:57714]
16:18:12.255 [Forwarding isElementEnabled on session 369f31d31812370b9b76b4bb0814933c to remote] DEBUG org.asynchttpclient.netty.request.NettyRequestSender - Using pooled Channel '[id: 0x7d0103a5, L:/127.0.0.1:63579 - R:localhost/127.0.0.1:57714]' for 'GET' to 'http://localhost:57714/session/369f31d31812370b9b76b4bb0814933c/element/4ebf1ad2-393e-459a-bc73-ccbbdfe36c8a/enabled'
16:18:12.255 [Forwarding isElementEnabled on session 369f31d31812370b9b76b4bb0814933c to remote] DEBUG org.asynchttpclient.netty.request.NettyRequestSender - Using open Channel [id: 0x7d0103a5, L:/127.0.0.1:63579 - R:localhost/127.0.0.1:57714] for GET '/session/369f31d31812370b9b76b4bb0814933c/element/4ebf1ad2-393e-459a-bc73-ccbbdfe36c8a/enabled'
16:18:12.262 [AsyncHttpClient-1-5] DEBUG org.asynchttpclient.netty.handler.HttpHandler - 

Request DefaultFullHttpRequest(decodeResult: success, version: HTTP/1.1, content: EmptyByteBufBE)
GET /session/369f31d31812370b9b76b4bb0814933c/element/4ebf1ad2-393e-459a-bc73-ccbbdfe36c8a/enabled HTTP/1.1
User-Agent: selenium/4.1.2 (java windows)
Cache-Control: no-cache
Content-Type: application/json; charset=utf-8
host: localhost:57714
accept: */*

Response DefaultHttpResponse(decodeResult: success, version: HTTP/1.1)
HTTP/1.1 200 OK
Content-Type: application/json; charset=utf-8
cache-control: no-cache
content-length: 14

16:18:12.263 [AsyncHttpClient-1-5] DEBUG org.asynchttpclient.netty.channel.ChannelManager - Adding key: http://localhost:57714 for channel [id: 0x7d0103a5, L:/127.0.0.1:63579 - R:localhost/127.0.0.1:57714]
16:18:12.266 [Forwarding findElement on session 369f31d31812370b9b76b4bb0814933c to remote] DEBUG org.asynchttpclient.netty.request.NettyRequestSender - Using pooled Channel '[id: 0x7d0103a5, L:/127.0.0.1:63579 - R:localhost/127.0.0.1:57714]' for 'POST' to 'http://localhost:57714/session/369f31d31812370b9b76b4bb0814933c/element'
16:18:12.266 [Forwarding findElement on session 369f31d31812370b9b76b4bb0814933c to remote] DEBUG org.asynchttpclient.netty.request.NettyRequestSender - Using open Channel [id: 0x7d0103a5, L:/127.0.0.1:63579 - R:localhost/127.0.0.1:57714] for POST '/session/369f31d31812370b9b76b4bb0814933c/element'
16:18:12.277 [AsyncHttpClient-1-5] DEBUG org.asynchttpclient.netty.handler.HttpHandler - 

Request DefaultHttpRequest(decodeResult: success, version: HTTP/1.1)
POST /session/369f31d31812370b9b76b4bb0814933c/element HTTP/1.1
User-Agent: selenium/4.1.2 (java windows)
Content-Length: 136
Content-Type: application/json; charset=utf-8
host: localhost:57714
accept: */*

Response DefaultHttpResponse(decodeResult: success, version: HTTP/1.1)
HTTP/1.1 200 OK
Content-Type: application/json; charset=utf-8
cache-control: no-cache
content-length: 88

16:18:12.277 [AsyncHttpClient-1-5] DEBUG org.asynchttpclient.netty.channel.ChannelManager - Adding key: http://localhost:57714 for channel [id: 0x7d0103a5, L:/127.0.0.1:63579 - R:localhost/127.0.0.1:57714]
16:18:12.281 [Forwarding clickElement on session 369f31d31812370b9b76b4bb0814933c to remote] DEBUG org.asynchttpclient.netty.request.NettyRequestSender - Using pooled Channel '[id: 0x7d0103a5, L:/127.0.0.1:63579 - R:localhost/127.0.0.1:57714]' for 'POST' to 'http://localhost:57714/session/369f31d31812370b9b76b4bb0814933c/element/4ebf1ad2-393e-459a-bc73-ccbbdfe36c8a/click'
16:18:12.281 [Forwarding clickElement on session 369f31d31812370b9b76b4bb0814933c to remote] DEBUG org.asynchttpclient.netty.request.NettyRequestSender - Using open Channel [id: 0x7d0103a5, L:/127.0.0.1:63579 - R:localhost/127.0.0.1:57714] for POST '/session/369f31d31812370b9b76b4bb0814933c/element/4ebf1ad2-393e-459a-bc73-ccbbdfe36c8a/click'
16:18:12.326 [AsyncHttpClient-1-5] DEBUG org.asynchttpclient.netty.handler.HttpHandler - 

Request DefaultHttpRequest(decodeResult: success, version: HTTP/1.1)
POST /session/369f31d31812370b9b76b4bb0814933c/element/4ebf1ad2-393e-459a-bc73-ccbbdfe36c8a/click HTTP/1.1
User-Agent: selenium/4.1.2 (java windows)
Content-Length: 50
Content-Type: application/json; charset=utf-8
host: localhost:57714
accept: */*

Response DefaultHttpResponse(decodeResult: success, version: HTTP/1.1)
HTTP/1.1 200 OK
Content-Type: application/json; charset=utf-8
cache-control: no-cache
content-length: 14

16:18:12.326 [AsyncHttpClient-1-5] DEBUG org.asynchttpclient.netty.channel.ChannelManager - Adding key: http://localhost:57714 for channel [id: 0x7d0103a5, L:/127.0.0.1:63579 - R:localhost/127.0.0.1:57714]
16:18:12.332 [Forwarding screenshot on session 369f31d31812370b9b76b4bb0814933c to remote] DEBUG org.asynchttpclient.netty.request.NettyRequestSender - Using pooled Channel '[id: 0x7d0103a5, L:/127.0.0.1:63579 - R:localhost/127.0.0.1:57714]' for 'GET' to 'http://localhost:57714/session/369f31d31812370b9b76b4bb0814933c/screenshot'
16:18:12.332 [Forwarding screenshot on session 369f31d31812370b9b76b4bb0814933c to remote] DEBUG org.asynchttpclient.netty.request.NettyRequestSender - Using open Channel [id: 0x7d0103a5, L:/127.0.0.1:63579 - R:localhost/127.0.0.1:57714] for GET '/session/369f31d31812370b9b76b4bb0814933c/screenshot'
16:18:12.537 [AsyncHttpClient-1-5] DEBUG org.asynchttpclient.netty.handler.HttpHandler - 

Request DefaultFullHttpRequest(decodeResult: success, version: HTTP/1.1, content: EmptyByteBufBE)
GET /session/369f31d31812370b9b76b4bb0814933c/screenshot HTTP/1.1
User-Agent: selenium/4.1.2 (java windows)
Cache-Control: no-cache
Content-Type: application/json; charset=utf-8
host: localhost:57714
accept: */*

Response DefaultHttpResponse(decodeResult: success, version: HTTP/1.1)
HTTP/1.1 200 OK
Content-Type: application/json; charset=utf-8
cache-control: no-cache
content-length: 38972

16:18:12.538 [AsyncHttpClient-1-5] DEBUG org.asynchttpclient.netty.channel.ChannelManager - Adding key: http://localhost:57714 for channel [id: 0x7d0103a5, L:/127.0.0.1:63579 - R:localhost/127.0.0.1:57714]
16:18:12.539 [main] DEBUG net.serenitybdd.core.photography.Darkroom - Send negative for processing for target\site\serenity\722b3ad0760b2d89131f9c2fa40759c477f3a49b144c462605c4b26ea811f6c8.png
16:18:12.540 [main] DEBUG net.thucydides.core.steps.StepInterceptor - STEP DONE: clickLoginButton
  &amp#27;[32mAnd &amp#27;[0m&amp#27;[32mclick login button&amp#27;[0m                              &amp#27;[90m# Starter.StepDefinitions.LoginStep.clickLoginButton()&amp#27;[0m
16:18:12.540 [Darkroom Processing Line] DEBUG net.serenitybdd.core.photography.DarkroomProcessingLine - Processing screenshot image in /var/screenshots/screenshot-15576546490791062788
16:18:12.540 [Darkroom Processing Line] DEBUG net.serenitybdd.core.photography.DarkroomProcessingLine - Saving screenshot to target\site\serenity\722b3ad0760b2d89131f9c2fa40759c477f3a49b144c462605c4b26ea811f6c8.png
16:18:12.553 [main] DEBUG net.thucydides.core.steps.StepInterceptor - STARTING STEP: LoginStep.iGetThe - errorMessageAppears
16:18:12.555 [Forwarding findElement on session 369f31d31812370b9b76b4bb0814933c to remote] DEBUG org.asynchttpclient.netty.request.NettyRequestSender - Using pooled Channel '[id: 0x7d0103a5, L:/127.0.0.1:63579 - R:localhost/127.0.0.1:57714]' for 'POST' to 'http://localhost:57714/session/369f31d31812370b9b76b4bb0814933c/element'
16:18:12.555 [Forwarding findElement on session 369f31d31812370b9b76b4bb0814933c to remote] DEBUG org.asynchttpclient.netty.request.NettyRequestSender - Using open Channel [id: 0x7d0103a5, L:/127.0.0.1:63579 - R:localhost/127.0.0.1:57714] for POST '/session/369f31d31812370b9b76b4bb0814933c/element'
16:18:12.565 [AsyncHttpClient-1-5] DEBUG org.asynchttpclient.netty.handler.HttpHandler - 

Request DefaultHttpRequest(decodeResult: success, version: HTTP/1.1)
POST /session/369f31d31812370b9b76b4bb0814933c/element HTTP/1.1
User-Agent: selenium/4.1.2 (java windows)
Content-Length: 137
Content-Type: application/json; charset=utf-8
host: localhost:57714
accept: */*

Response DefaultHttpResponse(decodeResult: success, version: HTTP/1.1)
HTTP/1.1 200 OK
Content-Type: application/json; charset=utf-8
cache-control: no-cache
content-length: 88

16:18:12.566 [AsyncHttpClient-1-5] DEBUG org.asynchttpclient.netty.channel.ChannelManager - Adding key: http://localhost:57714 for channel [id: 0x7d0103a5, L:/127.0.0.1:63579 - R:localhost/127.0.0.1:57714]
16:18:12.569 [Forwarding isElementDisplayed on session 369f31d31812370b9b76b4bb0814933c to remote] DEBUG org.asynchttpclient.netty.request.NettyRequestSender - Using pooled Channel '[id: 0x7d0103a5, L:/127.0.0.1:63579 - R:localhost/127.0.0.1:57714]' for 'POST' to 'http://localhost:57714/session/369f31d31812370b9b76b4bb0814933c/execute/sync'
16:18:12.569 [Forwarding isElementDisplayed on session 369f31d31812370b9b76b4bb0814933c to remote] DEBUG org.asynchttpclient.netty.request.NettyRequestSender - Using open Channel [id: 0x7d0103a5, L:/127.0.0.1:63579 - R:localhost/127.0.0.1:57714] for POST '/session/369f31d31812370b9b76b4bb0814933c/execute/sync'
16:18:12.581 [AsyncHttpClient-1-5] DEBUG org.asynchttpclient.netty.handler.HttpHandler - 

Request DefaultHttpRequest(decodeResult: success, version: HTTP/1.1)
POST /session/369f31d31812370b9b76b4bb0814933c/execute/sync HTTP/1.1
User-Agent: selenium/4.1.2 (java windows)
Content-Length: 48780
Content-Type: application/json; charset=utf-8
host: localhost:57714
accept: */*

Response DefaultHttpResponse(decodeResult: success, version: HTTP/1.1)
HTTP/1.1 200 OK
Content-Type: application/json; charset=utf-8
cache-control: no-cache
content-length: 14

16:18:12.581 [AsyncHttpClient-1-5] DEBUG org.asynchttpclient.netty.channel.ChannelManager - Adding key: http://localhost:57714 for channel [id: 0x7d0103a5, L:/127.0.0.1:63579 - R:localhost/127.0.0.1:57714]
16:18:12.584 [main] DEBUG net.thucydides.core.steps.StepInterceptor - STEP DONE: errorMessageAppears
16:18:12.590 [Forwarding screenshot on session 369f31d31812370b9b76b4bb0814933c to remote] DEBUG org.asynchttpclient.netty.request.NettyRequestSender - Using pooled Channel '[id: 0x7d0103a5, L:/127.0.0.1:63579 - R:localhost/127.0.0.1:57714]' for 'GET' to 'http://localhost:57714/session/369f31d31812370b9b76b4bb0814933c/screenshot'
16:18:12.590 [Forwarding screenshot on session 369f31d31812370b9b76b4bb0814933c to remote] DEBUG org.asynchttpclient.netty.request.NettyRequestSender - Using open Channel [id: 0x7d0103a5, L:/127.0.0.1:63579 - R:localhost/127.0.0.1:57714] for GET '/session/369f31d31812370b9b76b4bb0814933c/screenshot'
16:18:12.791 [AsyncHttpClient-1-5] DEBUG org.asynchttpclient.netty.handler.HttpHandler - 

Request DefaultFullHttpRequest(decodeResult: success, version: HTTP/1.1, content: EmptyByteBufBE)
GET /session/369f31d31812370b9b76b4bb0814933c/screenshot HTTP/1.1
User-Agent: selenium/4.1.2 (java windows)
Cache-Control: no-cache
Content-Type: application/json; charset=utf-8
host: localhost:57714
accept: */*

Response DefaultHttpResponse(decodeResult: success, version: HTTP/1.1)
HTTP/1.1 200 OK
Content-Type: application/json; charset=utf-8
cache-control: no-cache
content-length: 44908

16:18:12.791 [AsyncHttpClient-1-5] DEBUG org.asynchttpclient.netty.channel.ChannelManager - Adding key: http://localhost:57714 for channel [id: 0x7d0103a5, L:/127.0.0.1:63579 - R:localhost/127.0.0.1:57714]
16:18:12.793 [main] DEBUG net.serenitybdd.core.photography.Darkroom - Send negative for processing for target\site\serenity\9172dd430fea4c5a6a55e47b632e1cb464fa2a6c8c70a8d7888de68605ef9bb7.png
16:18:12.793 [main] DEBUG net.thucydides.core.steps.StepInterceptor - STARTING STEP: LoginStep.iGetThe - errorMessageEquals
16:18:12.793 [Darkroom Processing Line] DEBUG net.serenitybdd.core.photography.DarkroomProcessingLine - Processing screenshot image in /var/screenshots/screenshot-7451929705221370528
16:18:12.794 [Darkroom Processing Line] DEBUG net.serenitybdd.core.photography.DarkroomProcessingLine - Saving screenshot to target\site\serenity\9172dd430fea4c5a6a55e47b632e1cb464fa2a6c8c70a8d7888de68605ef9bb7.png
16:18:12.796 [Forwarding findElement on session 369f31d31812370b9b76b4bb0814933c to remote] DEBUG org.asynchttpclient.netty.request.NettyRequestSender - Using pooled Channel '[id: 0x7d0103a5, L:/127.0.0.1:63579 - R:localhost/127.0.0.1:57714]' for 'POST' to 'http://localhost:57714/session/369f31d31812370b9b76b4bb0814933c/element'
16:18:12.796 [Forwarding findElement on session 369f31d31812370b9b76b4bb0814933c to remote] DEBUG org.asynchttpclient.netty.request.NettyRequestSender - Using open Channel [id: 0x7d0103a5, L:/127.0.0.1:63579 - R:localhost/127.0.0.1:57714] for POST '/session/369f31d31812370b9b76b4bb0814933c/element'
16:18:12.803 [AsyncHttpClient-1-5] DEBUG org.asynchttpclient.netty.handler.HttpHandler - 

Request DefaultHttpRequest(decodeResult: success, version: HTTP/1.1)
POST /session/369f31d31812370b9b76b4bb0814933c/element HTTP/1.1
User-Agent: selenium/4.1.2 (java windows)
Content-Length: 137
Content-Type: application/json; charset=utf-8
host: localhost:57714
accept: */*

Response DefaultHttpResponse(decodeResult: success, version: HTTP/1.1)
HTTP/1.1 200 OK
Content-Type: application/json; charset=utf-8
cache-control: no-cache
content-length: 88

16:18:12.803 [AsyncHttpClient-1-5] DEBUG org.asynchttpclient.netty.channel.ChannelManager - Adding key: http://localhost:57714 for channel [id: 0x7d0103a5, L:/127.0.0.1:63579 - R:localhost/127.0.0.1:57714]
16:18:12.804 [Forwarding getElementText on session 369f31d31812370b9b76b4bb0814933c to remote] DEBUG org.asynchttpclient.netty.request.NettyRequestSender - Using pooled Channel '[id: 0x7d0103a5, L:/127.0.0.1:63579 - R:localhost/127.0.0.1:57714]' for 'GET' to 'http://localhost:57714/session/369f31d31812370b9b76b4bb0814933c/element/8aca4ab6-4023-443c-aa86-958a903736d8/text'
16:18:12.804 [Forwarding getElementText on session 369f31d31812370b9b76b4bb0814933c to remote] DEBUG org.asynchttpclient.netty.request.NettyRequestSender - Using open Channel [id: 0x7d0103a5, L:/127.0.0.1:63579 - R:localhost/127.0.0.1:57714] for GET '/session/369f31d31812370b9b76b4bb0814933c/element/8aca4ab6-4023-443c-aa86-958a903736d8/text'
16:18:12.818 [AsyncHttpClient-1-5] DEBUG org.asynchttpclient.netty.handler.HttpHandler - 

Request DefaultFullHttpRequest(decodeResult: success, version: HTTP/1.1, content: EmptyByteBufBE)
GET /session/369f31d31812370b9b76b4bb0814933c/element/8aca4ab6-4023-443c-aa86-958a903736d8/text HTTP/1.1
User-Agent: selenium/4.1.2 (java windows)
Cache-Control: no-cache
Content-Type: application/json; charset=utf-8
host: localhost:57714
accept: */*

Response DefaultHttpResponse(decodeResult: success, version: HTTP/1.1)
HTTP/1.1 200 OK
Content-Type: application/json; charset=utf-8
cache-control: no-cache
content-length: 40

16:18:12.818 [AsyncHttpClient-1-5] DEBUG org.asynchttpclient.netty.channel.ChannelManager - Adding key: http://localhost:57714 for channel [id: 0x7d0103a5, L:/127.0.0.1:63579 - R:localhost/127.0.0.1:57714]
16:18:12.822 [main] DEBUG net.thucydides.core.steps.StepInterceptor - STEP DONE: errorMessageEquals
  &amp#27;[32mThen &amp#27;[0m&amp#27;[32mI get the &amp#27;[0m&amp#27;[32m&amp#27;[1m"login page"&amp#27;[0m                         &amp#27;[90m# Starter.StepDefinitions.LoginStep.iGetThe(java.lang.String)&amp#27;[0m
16:18:12.831 [AsyncHttpClient-1-7] DEBUG org.asynchttpclient.netty.handler.WebSocketHandler - Channel Closed: [id: 0xa36e7a61, L:/127.0.0.1:63591 ! R:localhost/127.0.0.1:63580] with attribute NettyResponseFuture{currentRetry=5,
	isDone=1,
	isCancelled=0,
	asyncHandler=org.asynchttpclient.ws.WebSocketUpgradeHandler@3a211f4e,
	nettyRequest=org.asynchttpclient.netty.request.NettyRequest@7f23966e,
	future=java.util.concurrent.CompletableFuture@4206530[Completed normally],
	uri=ws://localhost:63580/devtools/browser/4fed300e-aafc-4724-bdc5-55b6b1a43a72,
	keepAlive=true,
	redirectCount=0,
	timeoutsHolder=null,
	inAuth=0,
	touch=1653038290349}
16:18:12.831 [AsyncHttpClient-1-7] DEBUG org.asynchttpclient.netty.channel.ChannelManager - Closing Channel [id: 0xa36e7a61, L:/127.0.0.1:63591 ! R:localhost/127.0.0.1:63580] 
16:18:12.831 [Driver Command Executor] DEBUG org.asynchttpclient.netty.request.NettyRequestSender - Using pooled Channel '[id: 0x7d0103a5, L:/127.0.0.1:63579 - R:localhost/127.0.0.1:57714]' for 'DELETE' to 'http://localhost:57714/session/369f31d31812370b9b76b4bb0814933c'
16:18:12.831 [Driver Command Executor] DEBUG org.asynchttpclient.netty.request.NettyRequestSender - Using open Channel [id: 0x7d0103a5, L:/127.0.0.1:63579 - R:localhost/127.0.0.1:57714] for DELETE '/session/369f31d31812370b9b76b4bb0814933c'
16:18:12.976 [AsyncHttpClient-1-6] DEBUG org.asynchttpclient.netty.handler.HttpHandler - Unexpected I/O exception on channel [id: 0x3e9651e0, L:/127.0.0.1:63590 - R:localhost/127.0.0.1:63580]
java.net.SocketException: Connection reset
	at java.base/sun.nio.ch.SocketChannelImpl.throwConnectionReset(SocketChannelImpl.java:367)
	at java.base/sun.nio.ch.SocketChannelImpl.read(SocketChannelImpl.java:398)
	at io.netty.buffer.PooledByteBuf.setBytes(PooledByteBuf.java:258)
	at io.netty.buffer.AbstractByteBuf.writeBytes(AbstractByteBuf.java:1132)
	at io.netty.channel.socket.nio.NioSocketChannel.doReadBytes(NioSocketChannel.java:350)
	at io.netty.channel.nio.AbstractNioByteChannel$NioByteUnsafe.read(AbstractNioByteChannel.java:151)
	at io.netty.channel.nio.NioEventLoop.processSelectedKey(NioEventLoop.java:722)
	at io.netty.channel.nio.NioEventLoop.processSelectedKeysOptimized(NioEventLoop.java:658)
	at io.netty.channel.nio.NioEventLoop.processSelectedKeys(NioEventLoop.java:584)
	at io.netty.channel.nio.NioEventLoop.run(NioEventLoop.java:496)
	at io.netty.util.concurrent.SingleThreadEventExecutor$4.run(SingleThreadEventExecutor.java:986)
	at io.netty.util.internal.ThreadExecutorMap$2.run(ThreadExecutorMap.java:74)
	at io.netty.util.concurrent.FastThreadLocalRunnable.run(FastThreadLocalRunnable.java:30)
	at java.base/java.lang.Thread.run(Thread.java:832)
16:18:12.976 [AsyncHttpClient-1-6] DEBUG org.asynchttpclient.netty.channel.ChannelManager - Closing Channel [id: 0x3e9651e0, L:/127.0.0.1:63590 - R:localhost/127.0.0.1:63580] 
16:18:12.976 [AsyncHttpClient-1-6] DEBUG org.asynchttpclient.netty.handler.HttpHandler - Channel Closed: [id: 0x3e9651e0, L:/127.0.0.1:63590 ! R:localhost/127.0.0.1:63580] with attribute DISCARD
16:18:12.991 [AsyncHttpClient-1-5] DEBUG org.asynchttpclient.netty.handler.HttpHandler - 

Request DefaultFullHttpRequest(decodeResult: success, version: HTTP/1.1, content: EmptyByteBufBE)
DELETE /session/369f31d31812370b9b76b4bb0814933c HTTP/1.1
User-Agent: selenium/4.1.2 (java windows)
Content-Type: application/json; charset=utf-8
host: localhost:57714
accept: */*

Response DefaultHttpResponse(decodeResult: success, version: HTTP/1.1)
HTTP/1.1 200 OK
Content-Type: application/json; charset=utf-8
cache-control: no-cache
content-length: 14

16:18:12.992 [AsyncHttpClient-1-5] DEBUG org.asynchttpclient.netty.channel.ChannelManager - Adding key: http://localhost:57714 for channel [id: 0x7d0103a5, L:/127.0.0.1:63579 - R:localhost/127.0.0.1:57714]
16:18:13.072 [AsyncHttpClient-1-5] DEBUG org.asynchttpclient.netty.handler.HttpHandler - Channel Closed: [id: 0x7d0103a5, L:/127.0.0.1:63579 ! R:localhost/127.0.0.1:57714] with attribute DISCARD
16:18:13.131 [AsyncHttpClient-1-1] DEBUG org.asynchttpclient.netty.channel.DefaultChannelPool - Entry count for : http://localhost:63580 : 1
16:18:13.131 [AsyncHttpClient-1-1] DEBUG org.asynchttpclient.netty.channel.DefaultChannelPool - Entry count for : http://localhost:57714 : 1
16:18:13.131 [AsyncHttpClient-1-1] DEBUG org.asynchttpclient.netty.channel.DefaultChannelPool - Adding Candidate expired Channel [id: 0x3e9651e0, L:/127.0.0.1:63590 ! R:localhost/127.0.0.1:63580] isIdleTimeoutExpired=false isRemotelyClosed=true isTtlExpired=false
16:18:13.131 [AsyncHttpClient-1-1] DEBUG org.asynchttpclient.netty.channel.DefaultChannelPool - Closing Idle Channel [id: 0x3e9651e0, L:/127.0.0.1:63590 ! R:localhost/127.0.0.1:63580]
16:18:13.131 [AsyncHttpClient-1-1] DEBUG org.asynchttpclient.netty.channel.DefaultChannelPool - Adding Candidate expired Channel [id: 0x7d0103a5, L:/127.0.0.1:63579 ! R:localhost/127.0.0.1:57714] isIdleTimeoutExpired=false isRemotelyClosed=true isTtlExpired=false
16:18:13.131 [AsyncHttpClient-1-1] DEBUG org.asynchttpclient.netty.channel.DefaultChannelPool - Closing Idle Channel [id: 0x7d0103a5, L:/127.0.0.1:63579 ! R:localhost/127.0.0.1:57714]
16:18:13.131 [AsyncHttpClient-1-1] DEBUG org.asynchttpclient.netty.channel.DefaultChannelPool - Closed 2 connections out of 2 in 0 ms
16:18:13.635 [main] INFO  - 
  _____   ___   ___   _____     ___     _     ___   ___   ___   ___  
 |_   _| | __| / __| |_   _|   | _ \   /_\   / __| / __| | __| |   \ 
   | |   | _|  \__ \   | |     |  _/  / _ \  \__ \ \__ \ | _|  | |) |
   |_|   |___| |___/   |_|     |_|   /_/ \_\ |___/ |___/ |___| |___/ 

Login scenario
----------------------------------------------------------------------
]]></system-out>
    <system-err><![CDATA[Starting ChromeDriver 101.0.4951.41 (93c720db8323b3ec10d056025ab95c23a31997c9-refs/branch-heads/4951@{#904}) on port 57714
Only local connections are allowed.
Please see https://chromedriver.chromium.org/security-considerations for suggestions on keeping ChromeDriver safe.
ChromeDriver was started successfully.
May 20, 2022 4:18:10 PM org.openqa.selenium.remote.ProtocolHandshake createSession
INFO: Detected dialect: W3C
May 20, 2022 4:18:10 PM org.openqa.selenium.devtools.CdpVersionFinder findNearestMatch
WARNING: Unable to find an exact match for CDP version 101, so returning the closest version found: 97
May 20, 2022 4:18:10 PM org.openqa.selenium.devtools.CdpVersionFinder findNearestMatch
INFO: Found CDP implementation for version 101 of 97
]]></system-err>
  </testcase>
  <testcase name="Login scenario #3" classname="Login" time="7.478">
    <system-out><![CDATA[
@Login
Scenario Outline: Login scenario          &amp#27;[90m# src/test/resources/features/Login.feature:18&amp#27;[0m
16:18:13.652 [main] INFO io.cucumber.core.plugin.SerenityReporter - Running feature from file:///C:/Users/user/Documents/WebMiniLogin/src/test/resources/features/Login.feature
16:18:13.768 [main] INFO net.serenitybdd.core.webdriver.driverproviders.ChromeDriverProvider - Using automatically driver download
16:18:13.939 [main] DEBUG io.github.bonigarcia.wdm.cache.ResolutionCache - Resolution chrome=101 in cache (valid until 17:17:56 20/05/2022 WIB)
16:18:13.952 [main] DEBUG io.github.bonigarcia.wdm.cache.ResolutionCache - Resolution chrome101=101.0.4951.41 in cache (valid until 16:17:56 21/05/2022 WIB)
16:18:13.956 [main] INFO io.github.bonigarcia.wdm.WebDriverManager - Using chromedriver 101.0.4951.41 (resolved driver for Chrome 101)
16:18:14.059 [main] DEBUG io.github.bonigarcia.wdm.WebDriverManager - Driver chromedriver 101.0.4951.41 found in cache
16:18:14.060 [main] INFO io.github.bonigarcia.wdm.WebDriverManager - Exporting webdriver.chrome.driver as C:\Users\user\.cache\selenium\chromedriver\win32\101.0.4951.41\chromedriver.exe
16:18:14.269 [main] DEBUG net.serenitybdd.core.webdriver.driverproviders.ProvideNewDriver - Instantiating driver
16:18:14.269 [main] DEBUG net.serenitybdd.core.webdriver.driverproviders.ProvideNewDriver - Driver capabilities: Capabilities {acceptInsecureCerts: false, base.url: https://qa.alta.id/, browserName: chrome, chrome.driver: src/test/resources/webdrive..., driver: chrome, goog:chromeOptions: {args: [], extensions: []}}
16:18:14.806 [AsyncHttpClient-1-8] DEBUG org.asynchttpclient.netty.channel.NettyConnectListener - Using new Channel '[id: 0xb9dc7024, L:/127.0.0.1:63609 - R:localhost/127.0.0.1:60829]' for 'POST' to '/session'
16:18:15.421 [AsyncHttpClient-1-8] DEBUG org.asynchttpclient.netty.handler.HttpHandler - 

Request DefaultHttpRequest(decodeResult: success, version: HTTP/1.1)
POST /session HTTP/1.1
User-Agent: selenium/4.1.2 (java windows)
Content-Length: 605
Content-Type: application/json; charset=utf-8
host: localhost:60829
accept: */*

Response DefaultHttpResponse(decodeResult: success, version: HTTP/1.1)
HTTP/1.1 200 OK
Content-Type: application/json; charset=utf-8
cache-control: no-cache
content-length: 789

16:18:15.421 [AsyncHttpClient-1-8] DEBUG org.asynchttpclient.netty.channel.ChannelManager - Adding key: http://localhost:60829 for channel [id: 0xb9dc7024, L:/127.0.0.1:63609 - R:localhost/127.0.0.1:60829]
16:18:15.433 [AsyncHttpClient-1-9] DEBUG org.asynchttpclient.netty.channel.NettyConnectListener - Using new Channel '[id: 0xc856c4af, L:/127.0.0.1:63616 - R:localhost/127.0.0.1:63610]' for 'GET' to '/json/version'
16:18:15.441 [AsyncHttpClient-1-9] DEBUG org.asynchttpclient.netty.handler.HttpHandler - 

Request DefaultFullHttpRequest(decodeResult: success, version: HTTP/1.1, content: EmptyByteBufBE)
GET /json/version HTTP/1.1
User-Agent: selenium/4.1.2 (java windows)
host: localhost:63610
accept: */*

Response DefaultHttpResponse(decodeResult: success, version: HTTP/1.1)
HTTP/1.1 200 OK
Content-Type: application/json; charset=UTF-8
content-length: 427

16:18:15.441 [AsyncHttpClient-1-9] DEBUG org.asynchttpclient.netty.channel.ChannelManager - Adding key: http://localhost:63610 for channel [id: 0xc856c4af, L:/127.0.0.1:63616 - R:localhost/127.0.0.1:63610]
16:18:15.446 [AsyncHttpClient-1-10] DEBUG org.asynchttpclient.netty.channel.NettyConnectListener - Using new Channel '[id: 0xcf253e87, L:/127.0.0.1:63617 - R:localhost/127.0.0.1:63610]' for 'GET' to '/devtools/browser/25b7a90b-c8e1-4658-bd9b-56e05051a212'
16:18:15.455 [AsyncHttpClient-1-10] DEBUG org.asynchttpclient.netty.handler.WebSocketHandler - 

Request DefaultFullHttpRequest(decodeResult: success, version: HTTP/1.1, content: EmptyByteBufBE)
GET /devtools/browser/25b7a90b-c8e1-4658-bd9b-56e05051a212 HTTP/1.1
upgrade: websocket
connection: upgrade
sec-websocket-key: 3a/1flDANHoyrZ9O+WrnzQ==
sec-websocket-version: 13
origin: http://localhost:63610
host: localhost:63610
accept: */*
user-agent: AHC/2.1

Response DefaultHttpResponse(decodeResult: success, version: HTTP/1.1)
HTTP/1.1 101 WebSocket Protocol Handshake
Upgrade: WebSocket
Connection: Upgrade
Sec-WebSocket-Accept: 6mMmjp6dkg4YMPmujklTIT0AawQ=

16:18:15.464 [Forwarding maximizeCurrentWindow on session 68bd75ad2dc1031410bcf3672a0c2c15 to remote] DEBUG org.asynchttpclient.netty.request.NettyRequestSender - Using pooled Channel '[id: 0xb9dc7024, L:/127.0.0.1:63609 - R:localhost/127.0.0.1:60829]' for 'POST' to 'http://localhost:60829/session/68bd75ad2dc1031410bcf3672a0c2c15/window/maximize'
16:18:15.464 [Forwarding maximizeCurrentWindow on session 68bd75ad2dc1031410bcf3672a0c2c15 to remote] DEBUG org.asynchttpclient.netty.request.NettyRequestSender - Using open Channel [id: 0xb9dc7024, L:/127.0.0.1:63609 - R:localhost/127.0.0.1:60829] for POST '/session/68bd75ad2dc1031410bcf3672a0c2c15/window/maximize'
16:18:15.595 [AsyncHttpClient-1-8] DEBUG org.asynchttpclient.netty.handler.HttpHandler - 

Request DefaultHttpRequest(decodeResult: success, version: HTTP/1.1)
POST /session/68bd75ad2dc1031410bcf3672a0c2c15/window/maximize HTTP/1.1
User-Agent: selenium/4.1.2 (java windows)
Content-Length: 3
Content-Type: application/json; charset=utf-8
host: localhost:60829
accept: */*

Response DefaultHttpResponse(decodeResult: success, version: HTTP/1.1)
HTTP/1.1 200 OK
Content-Type: application/json; charset=utf-8
cache-control: no-cache
content-length: 52

16:18:15.595 [AsyncHttpClient-1-8] DEBUG org.asynchttpclient.netty.channel.ChannelManager - Adding key: http://localhost:60829 for channel [id: 0xb9dc7024, L:/127.0.0.1:63609 - R:localhost/127.0.0.1:60829]
16:18:15.597 [Forwarding get on session 68bd75ad2dc1031410bcf3672a0c2c15 to remote] DEBUG org.asynchttpclient.netty.request.NettyRequestSender - Using pooled Channel '[id: 0xb9dc7024, L:/127.0.0.1:63609 - R:localhost/127.0.0.1:60829]' for 'POST' to 'http://localhost:60829/session/68bd75ad2dc1031410bcf3672a0c2c15/url'
16:18:15.597 [Forwarding get on session 68bd75ad2dc1031410bcf3672a0c2c15 to remote] DEBUG org.asynchttpclient.netty.request.NettyRequestSender - Using open Channel [id: 0xb9dc7024, L:/127.0.0.1:63609 - R:localhost/127.0.0.1:60829] for POST '/session/68bd75ad2dc1031410bcf3672a0c2c15/url'
16:18:16.445 [AsyncHttpClient-1-1] DEBUG org.asynchttpclient.netty.channel.DefaultChannelPool - Entry count for : http://localhost:63610 : 1
16:18:17.534 [AsyncHttpClient-1-1] DEBUG org.asynchttpclient.netty.channel.DefaultChannelPool - Entry count for : http://localhost:63610 : 1
16:18:18.423 [AsyncHttpClient-1-8] DEBUG org.asynchttpclient.netty.handler.HttpHandler - 

Request DefaultHttpRequest(decodeResult: success, version: HTTP/1.1)
POST /session/68bd75ad2dc1031410bcf3672a0c2c15/url HTTP/1.1
User-Agent: selenium/4.1.2 (java windows)
Content-Length: 64
Content-Type: application/json; charset=utf-8
host: localhost:60829
accept: */*

Response DefaultHttpResponse(decodeResult: success, version: HTTP/1.1)
HTTP/1.1 200 OK
Content-Type: application/json; charset=utf-8
cache-control: no-cache
content-length: 14

16:18:18.423 [AsyncHttpClient-1-8] DEBUG org.asynchttpclient.netty.channel.ChannelManager - Adding key: http://localhost:60829 for channel [id: 0xb9dc7024, L:/127.0.0.1:63609 - R:localhost/127.0.0.1:60829]
16:18:18.425 [Forwarding setTimeout on session 68bd75ad2dc1031410bcf3672a0c2c15 to remote] DEBUG org.asynchttpclient.netty.request.NettyRequestSender - Using pooled Channel '[id: 0xb9dc7024, L:/127.0.0.1:63609 - R:localhost/127.0.0.1:60829]' for 'POST' to 'http://localhost:60829/session/68bd75ad2dc1031410bcf3672a0c2c15/timeouts'
16:18:18.425 [Forwarding setTimeout on session 68bd75ad2dc1031410bcf3672a0c2c15 to remote] DEBUG org.asynchttpclient.netty.request.NettyRequestSender - Using open Channel [id: 0xb9dc7024, L:/127.0.0.1:63609 - R:localhost/127.0.0.1:60829] for POST '/session/68bd75ad2dc1031410bcf3672a0c2c15/timeouts'
16:18:18.426 [AsyncHttpClient-1-8] DEBUG org.asynchttpclient.netty.handler.HttpHandler - 

Request DefaultHttpRequest(decodeResult: success, version: HTTP/1.1)
POST /session/68bd75ad2dc1031410bcf3672a0c2c15/timeouts HTTP/1.1
User-Agent: selenium/4.1.2 (java windows)
Content-Length: 22
Content-Type: application/json; charset=utf-8
host: localhost:60829
accept: */*

Response DefaultHttpResponse(decodeResult: success, version: HTTP/1.1)
HTTP/1.1 200 OK
Content-Type: application/json; charset=utf-8
cache-control: no-cache
content-length: 14

16:18:18.426 [AsyncHttpClient-1-8] DEBUG org.asynchttpclient.netty.channel.ChannelManager - Adding key: http://localhost:60829 for channel [id: 0xb9dc7024, L:/127.0.0.1:63609 - R:localhost/127.0.0.1:60829]
16:18:18.430 [Forwarding getCurrentUrl on session 68bd75ad2dc1031410bcf3672a0c2c15 to remote] DEBUG org.asynchttpclient.netty.request.NettyRequestSender - Using pooled Channel '[id: 0xb9dc7024, L:/127.0.0.1:63609 - R:localhost/127.0.0.1:60829]' for 'GET' to 'http://localhost:60829/session/68bd75ad2dc1031410bcf3672a0c2c15/url'
16:18:18.430 [Forwarding getCurrentUrl on session 68bd75ad2dc1031410bcf3672a0c2c15 to remote] DEBUG org.asynchttpclient.netty.request.NettyRequestSender - Using open Channel [id: 0xb9dc7024, L:/127.0.0.1:63609 - R:localhost/127.0.0.1:60829] for GET '/session/68bd75ad2dc1031410bcf3672a0c2c15/url'
16:18:18.434 [AsyncHttpClient-1-8] DEBUG org.asynchttpclient.netty.handler.HttpHandler - 

Request DefaultFullHttpRequest(decodeResult: success, version: HTTP/1.1, content: EmptyByteBufBE)
GET /session/68bd75ad2dc1031410bcf3672a0c2c15/url HTTP/1.1
User-Agent: selenium/4.1.2 (java windows)
Cache-Control: no-cache
Content-Type: application/json; charset=utf-8
host: localhost:60829
accept: */*

Response DefaultHttpResponse(decodeResult: success, version: HTTP/1.1)
HTTP/1.1 200 OK
Content-Type: application/json; charset=utf-8
cache-control: no-cache
content-length: 41

16:18:18.434 [AsyncHttpClient-1-8] DEBUG org.asynchttpclient.netty.channel.ChannelManager - Adding key: http://localhost:60829 for channel [id: 0xb9dc7024, L:/127.0.0.1:63609 - R:localhost/127.0.0.1:60829]
16:18:18.441 [Forwarding screenshot on session 68bd75ad2dc1031410bcf3672a0c2c15 to remote] DEBUG org.asynchttpclient.netty.request.NettyRequestSender - Using pooled Channel '[id: 0xb9dc7024, L:/127.0.0.1:63609 - R:localhost/127.0.0.1:60829]' for 'GET' to 'http://localhost:60829/session/68bd75ad2dc1031410bcf3672a0c2c15/screenshot'
16:18:18.441 [Forwarding screenshot on session 68bd75ad2dc1031410bcf3672a0c2c15 to remote] DEBUG org.asynchttpclient.netty.request.NettyRequestSender - Using open Channel [id: 0xb9dc7024, L:/127.0.0.1:63609 - R:localhost/127.0.0.1:60829] for GET '/session/68bd75ad2dc1031410bcf3672a0c2c15/screenshot'
16:18:18.589 [AsyncHttpClient-1-8] DEBUG org.asynchttpclient.netty.handler.HttpHandler - 

Request DefaultFullHttpRequest(decodeResult: success, version: HTTP/1.1, content: EmptyByteBufBE)
GET /session/68bd75ad2dc1031410bcf3672a0c2c15/screenshot HTTP/1.1
User-Agent: selenium/4.1.2 (java windows)
Cache-Control: no-cache
Content-Type: application/json; charset=utf-8
host: localhost:60829
accept: */*

Response DefaultHttpResponse(decodeResult: success, version: HTTP/1.1)
HTTP/1.1 200 OK
Content-Type: application/json; charset=utf-8
cache-control: no-cache
content-length: 31092

16:18:18.590 [AsyncHttpClient-1-8] DEBUG org.asynchttpclient.netty.channel.ChannelManager - Adding key: http://localhost:60829 for channel [id: 0xb9dc7024, L:/127.0.0.1:63609 - R:localhost/127.0.0.1:60829]
16:18:18.591 [main] DEBUG net.serenitybdd.core.photography.Darkroom - Send negative for processing for target\site\serenity\b625743ee732bdb87af642911c7f9583a57576024640458a3bdf0adf445bf9cb.png
16:18:18.592 [main] DEBUG net.thucydides.core.steps.StepInterceptor - STARTING STEP: LoginStep.iAmOnTheLoginPage - validateOnLoginPage
16:18:18.594 [Forwarding findElement on session 68bd75ad2dc1031410bcf3672a0c2c15 to remote] DEBUG org.asynchttpclient.netty.request.NettyRequestSender - Using pooled Channel '[id: 0xb9dc7024, L:/127.0.0.1:63609 - R:localhost/127.0.0.1:60829]' for 'POST' to 'http://localhost:60829/session/68bd75ad2dc1031410bcf3672a0c2c15/element'
16:18:18.594 [Forwarding findElement on session 68bd75ad2dc1031410bcf3672a0c2c15 to remote] DEBUG org.asynchttpclient.netty.request.NettyRequestSender - Using open Channel [id: 0xb9dc7024, L:/127.0.0.1:63609 - R:localhost/127.0.0.1:60829] for POST '/session/68bd75ad2dc1031410bcf3672a0c2c15/element'
16:18:18.604 [AsyncHttpClient-1-8] DEBUG org.asynchttpclient.netty.handler.HttpHandler - 

Request DefaultHttpRequest(decodeResult: success, version: HTTP/1.1)
POST /session/68bd75ad2dc1031410bcf3672a0c2c15/element HTTP/1.1
User-Agent: selenium/4.1.2 (java windows)
Content-Length: 136
Content-Type: application/json; charset=utf-8
host: localhost:60829
accept: */*

Response DefaultHttpResponse(decodeResult: success, version: HTTP/1.1)
HTTP/1.1 200 OK
Content-Type: application/json; charset=utf-8
cache-control: no-cache
content-length: 88

16:18:18.604 [AsyncHttpClient-1-8] DEBUG org.asynchttpclient.netty.channel.ChannelManager - Adding key: http://localhost:60829 for channel [id: 0xb9dc7024, L:/127.0.0.1:63609 - R:localhost/127.0.0.1:60829]
16:18:18.609 [Forwarding isElementDisplayed on session 68bd75ad2dc1031410bcf3672a0c2c15 to remote] DEBUG org.asynchttpclient.netty.request.NettyRequestSender - Using pooled Channel '[id: 0xb9dc7024, L:/127.0.0.1:63609 - R:localhost/127.0.0.1:60829]' for 'POST' to 'http://localhost:60829/session/68bd75ad2dc1031410bcf3672a0c2c15/execute/sync'
16:18:18.609 [Forwarding isElementDisplayed on session 68bd75ad2dc1031410bcf3672a0c2c15 to remote] DEBUG org.asynchttpclient.netty.request.NettyRequestSender - Using open Channel [id: 0xb9dc7024, L:/127.0.0.1:63609 - R:localhost/127.0.0.1:60829] for POST '/session/68bd75ad2dc1031410bcf3672a0c2c15/execute/sync'
16:18:18.621 [AsyncHttpClient-1-8] DEBUG org.asynchttpclient.netty.handler.HttpHandler - 

Request DefaultHttpRequest(decodeResult: success, version: HTTP/1.1)
POST /session/68bd75ad2dc1031410bcf3672a0c2c15/execute/sync HTTP/1.1
User-Agent: selenium/4.1.2 (java windows)
Content-Length: 48780
Content-Type: application/json; charset=utf-8
host: localhost:60829
accept: */*

Response DefaultHttpResponse(decodeResult: success, version: HTTP/1.1)
HTTP/1.1 200 OK
Content-Type: application/json; charset=utf-8
cache-control: no-cache
content-length: 14

16:18:18.622 [AsyncHttpClient-1-8] DEBUG org.asynchttpclient.netty.channel.ChannelManager - Adding key: http://localhost:60829 for channel [id: 0xb9dc7024, L:/127.0.0.1:63609 - R:localhost/127.0.0.1:60829]
16:18:18.626 [main] DEBUG net.thucydides.core.steps.StepInterceptor - STEP DONE: validateOnLoginPage
  &amp#27;[32mGiven &amp#27;[0m&amp#27;[32mI am on the login page&amp#27;[0m            &amp#27;[90m# Starter.StepDefinitions.LoginStep.iAmOnTheLoginPage()&amp#27;[0m
16:18:18.631 [AsyncHttpClient-1-1] DEBUG org.asynchttpclient.netty.channel.DefaultChannelPool - Entry count for : http://localhost:63610 : 1
16:18:18.631 [AsyncHttpClient-1-1] DEBUG org.asynchttpclient.netty.channel.DefaultChannelPool - Entry count for : http://localhost:60829 : 1
16:18:18.641 [Forwarding screenshot on session 68bd75ad2dc1031410bcf3672a0c2c15 to remote] DEBUG org.asynchttpclient.netty.request.NettyRequestSender - Using pooled Channel '[id: 0xb9dc7024, L:/127.0.0.1:63609 - R:localhost/127.0.0.1:60829]' for 'GET' to 'http://localhost:60829/session/68bd75ad2dc1031410bcf3672a0c2c15/screenshot'
16:18:18.641 [Forwarding screenshot on session 68bd75ad2dc1031410bcf3672a0c2c15 to remote] DEBUG org.asynchttpclient.netty.request.NettyRequestSender - Using open Channel [id: 0xb9dc7024, L:/127.0.0.1:63609 - R:localhost/127.0.0.1:60829] for GET '/session/68bd75ad2dc1031410bcf3672a0c2c15/screenshot'
16:18:18.774 [AsyncHttpClient-1-8] DEBUG org.asynchttpclient.netty.handler.HttpHandler - 

Request DefaultFullHttpRequest(decodeResult: success, version: HTTP/1.1, content: EmptyByteBufBE)
GET /session/68bd75ad2dc1031410bcf3672a0c2c15/screenshot HTTP/1.1
User-Agent: selenium/4.1.2 (java windows)
Cache-Control: no-cache
Content-Type: application/json; charset=utf-8
host: localhost:60829
accept: */*

Response DefaultHttpResponse(decodeResult: success, version: HTTP/1.1)
HTTP/1.1 200 OK
Content-Type: application/json; charset=utf-8
cache-control: no-cache
content-length: 31092

16:18:18.775 [AsyncHttpClient-1-8] DEBUG org.asynchttpclient.netty.channel.ChannelManager - Adding key: http://localhost:60829 for channel [id: 0xb9dc7024, L:/127.0.0.1:63609 - R:localhost/127.0.0.1:60829]
16:18:18.777 [main] DEBUG net.serenitybdd.core.photography.Darkroom - Send negative for processing for target\site\serenity\b625743ee732bdb87af642911c7f9583a57576024640458a3bdf0adf445bf9cb.png
16:18:18.777 [main] DEBUG net.thucydides.core.steps.StepInterceptor - STARTING STEP: LoginStep.iInputEmail - inputEmail
16:18:18.780 [Forwarding findElement on session 68bd75ad2dc1031410bcf3672a0c2c15 to remote] DEBUG org.asynchttpclient.netty.request.NettyRequestSender - Using pooled Channel '[id: 0xb9dc7024, L:/127.0.0.1:63609 - R:localhost/127.0.0.1:60829]' for 'POST' to 'http://localhost:60829/session/68bd75ad2dc1031410bcf3672a0c2c15/element'
16:18:18.780 [Forwarding findElement on session 68bd75ad2dc1031410bcf3672a0c2c15 to remote] DEBUG org.asynchttpclient.netty.request.NettyRequestSender - Using open Channel [id: 0xb9dc7024, L:/127.0.0.1:63609 - R:localhost/127.0.0.1:60829] for POST '/session/68bd75ad2dc1031410bcf3672a0c2c15/element'
16:18:18.790 [AsyncHttpClient-1-8] DEBUG org.asynchttpclient.netty.handler.HttpHandler - 

Request DefaultHttpRequest(decodeResult: success, version: HTTP/1.1)
POST /session/68bd75ad2dc1031410bcf3672a0c2c15/element HTTP/1.1
User-Agent: selenium/4.1.2 (java windows)
Content-Length: 91
Content-Type: application/json; charset=utf-8
host: localhost:60829
accept: */*

Response DefaultHttpResponse(decodeResult: success, version: HTTP/1.1)
HTTP/1.1 200 OK
Content-Type: application/json; charset=utf-8
cache-control: no-cache
content-length: 88

16:18:18.790 [AsyncHttpClient-1-8] DEBUG org.asynchttpclient.netty.channel.ChannelManager - Adding key: http://localhost:60829 for channel [id: 0xb9dc7024, L:/127.0.0.1:63609 - R:localhost/127.0.0.1:60829]
16:18:18.792 [Forwarding clearElement on session 68bd75ad2dc1031410bcf3672a0c2c15 to remote] DEBUG org.asynchttpclient.netty.request.NettyRequestSender - Using pooled Channel '[id: 0xb9dc7024, L:/127.0.0.1:63609 - R:localhost/127.0.0.1:60829]' for 'POST' to 'http://localhost:60829/session/68bd75ad2dc1031410bcf3672a0c2c15/element/76793095-3a6e-49b1-82c2-e97a3793f827/clear'
16:18:18.792 [Forwarding clearElement on session 68bd75ad2dc1031410bcf3672a0c2c15 to remote] DEBUG org.asynchttpclient.netty.request.NettyRequestSender - Using open Channel [id: 0xb9dc7024, L:/127.0.0.1:63609 - R:localhost/127.0.0.1:60829] for POST '/session/68bd75ad2dc1031410bcf3672a0c2c15/element/76793095-3a6e-49b1-82c2-e97a3793f827/clear'
16:18:18.819 [AsyncHttpClient-1-8] DEBUG org.asynchttpclient.netty.handler.HttpHandler - 

Request DefaultHttpRequest(decodeResult: success, version: HTTP/1.1)
POST /session/68bd75ad2dc1031410bcf3672a0c2c15/element/76793095-3a6e-49b1-82c2-e97a3793f827/clear HTTP/1.1
User-Agent: selenium/4.1.2 (java windows)
Content-Length: 50
Content-Type: application/json; charset=utf-8
host: localhost:60829
accept: */*

Response DefaultHttpResponse(decodeResult: success, version: HTTP/1.1)
HTTP/1.1 200 OK
Content-Type: application/json; charset=utf-8
cache-control: no-cache
content-length: 14

16:18:18.819 [AsyncHttpClient-1-8] DEBUG org.asynchttpclient.netty.channel.ChannelManager - Adding key: http://localhost:60829 for channel [id: 0xb9dc7024, L:/127.0.0.1:63609 - R:localhost/127.0.0.1:60829]
16:18:18.821 [Forwarding sendKeysToElement on session 68bd75ad2dc1031410bcf3672a0c2c15 to remote] DEBUG org.asynchttpclient.netty.request.NettyRequestSender - Using pooled Channel '[id: 0xb9dc7024, L:/127.0.0.1:63609 - R:localhost/127.0.0.1:60829]' for 'POST' to 'http://localhost:60829/session/68bd75ad2dc1031410bcf3672a0c2c15/element/76793095-3a6e-49b1-82c2-e97a3793f827/value'
16:18:18.821 [Forwarding sendKeysToElement on session 68bd75ad2dc1031410bcf3672a0c2c15 to remote] DEBUG org.asynchttpclient.netty.request.NettyRequestSender - Using open Channel [id: 0xb9dc7024, L:/127.0.0.1:63609 - R:localhost/127.0.0.1:60829] for POST '/session/68bd75ad2dc1031410bcf3672a0c2c15/element/76793095-3a6e-49b1-82c2-e97a3793f827/value'
16:18:18.935 [AsyncHttpClient-1-8] DEBUG org.asynchttpclient.netty.handler.HttpHandler - 

Request DefaultHttpRequest(decodeResult: success, version: HTTP/1.1)
POST /session/68bd75ad2dc1031410bcf3672a0c2c15/element/76793095-3a6e-49b1-82c2-e97a3793f827/value HTTP/1.1
User-Agent: selenium/4.1.2 (java windows)
Content-Length: 261
Content-Type: application/json; charset=utf-8
host: localhost:60829
accept: */*

Response DefaultHttpResponse(decodeResult: success, version: HTTP/1.1)
HTTP/1.1 200 OK
Content-Type: application/json; charset=utf-8
cache-control: no-cache
content-length: 14

16:18:18.935 [AsyncHttpClient-1-8] DEBUG org.asynchttpclient.netty.channel.ChannelManager - Adding key: http://localhost:60829 for channel [id: 0xb9dc7024, L:/127.0.0.1:63609 - R:localhost/127.0.0.1:60829]
16:18:18.941 [Forwarding screenshot on session 68bd75ad2dc1031410bcf3672a0c2c15 to remote] DEBUG org.asynchttpclient.netty.request.NettyRequestSender - Using pooled Channel '[id: 0xb9dc7024, L:/127.0.0.1:63609 - R:localhost/127.0.0.1:60829]' for 'GET' to 'http://localhost:60829/session/68bd75ad2dc1031410bcf3672a0c2c15/screenshot'
16:18:18.941 [Forwarding screenshot on session 68bd75ad2dc1031410bcf3672a0c2c15 to remote] DEBUG org.asynchttpclient.netty.request.NettyRequestSender - Using open Channel [id: 0xb9dc7024, L:/127.0.0.1:63609 - R:localhost/127.0.0.1:60829] for GET '/session/68bd75ad2dc1031410bcf3672a0c2c15/screenshot'
16:18:19.107 [AsyncHttpClient-1-8] DEBUG org.asynchttpclient.netty.handler.HttpHandler - 

Request DefaultFullHttpRequest(decodeResult: success, version: HTTP/1.1, content: EmptyByteBufBE)
GET /session/68bd75ad2dc1031410bcf3672a0c2c15/screenshot HTTP/1.1
User-Agent: selenium/4.1.2 (java windows)
Cache-Control: no-cache
Content-Type: application/json; charset=utf-8
host: localhost:60829
accept: */*

Response DefaultHttpResponse(decodeResult: success, version: HTTP/1.1)
HTTP/1.1 200 OK
Content-Type: application/json; charset=utf-8
cache-control: no-cache
content-length: 35836

16:18:19.108 [AsyncHttpClient-1-8] DEBUG org.asynchttpclient.netty.channel.ChannelManager - Adding key: http://localhost:60829 for channel [id: 0xb9dc7024, L:/127.0.0.1:63609 - R:localhost/127.0.0.1:60829]
16:18:19.110 [main] DEBUG net.serenitybdd.core.photography.Darkroom - Send negative for processing for target\site\serenity\0b18ad66318d0502e5175152c8f8a6914e85b5eb49134d42805e96b8070d731d.png
16:18:19.110 [main] DEBUG net.thucydides.core.steps.StepInterceptor - STEP DONE: inputEmail
  &amp#27;[32mWhen &amp#27;[0m&amp#27;[32mI input &amp#27;[0m&amp#27;[32m&amp#27;[1m"iniiseng@yahoo.com"&amp#27;[0m&amp#27;[32m email&amp#27;[0m &amp#27;[90m# Starter.StepDefinitions.LoginStep.iInputEmail(java.lang.String)&amp#27;[0m
16:18:19.110 [Darkroom Processing Line] DEBUG net.serenitybdd.core.photography.DarkroomProcessingLine - Processing screenshot image in /var/screenshots/screenshot-17857383561633150447
16:18:19.110 [Darkroom Processing Line] DEBUG net.serenitybdd.core.photography.DarkroomProcessingLine - Saving screenshot to target\site\serenity\0b18ad66318d0502e5175152c8f8a6914e85b5eb49134d42805e96b8070d731d.png
16:18:19.124 [main] DEBUG net.thucydides.core.steps.StepInterceptor - STARTING STEP: LoginStep.iInputPassword - inputPassword
16:18:19.127 [Forwarding findElement on session 68bd75ad2dc1031410bcf3672a0c2c15 to remote] DEBUG org.asynchttpclient.netty.request.NettyRequestSender - Using pooled Channel '[id: 0xb9dc7024, L:/127.0.0.1:63609 - R:localhost/127.0.0.1:60829]' for 'POST' to 'http://localhost:60829/session/68bd75ad2dc1031410bcf3672a0c2c15/element'
16:18:19.127 [Forwarding findElement on session 68bd75ad2dc1031410bcf3672a0c2c15 to remote] DEBUG org.asynchttpclient.netty.request.NettyRequestSender - Using open Channel [id: 0xb9dc7024, L:/127.0.0.1:63609 - R:localhost/127.0.0.1:60829] for POST '/session/68bd75ad2dc1031410bcf3672a0c2c15/element'
16:18:19.137 [AsyncHttpClient-1-8] DEBUG org.asynchttpclient.netty.handler.HttpHandler - 

Request DefaultHttpRequest(decodeResult: success, version: HTTP/1.1)
POST /session/68bd75ad2dc1031410bcf3672a0c2c15/element HTTP/1.1
User-Agent: selenium/4.1.2 (java windows)
Content-Length: 94
Content-Type: application/json; charset=utf-8
host: localhost:60829
accept: */*

Response DefaultHttpResponse(decodeResult: success, version: HTTP/1.1)
HTTP/1.1 200 OK
Content-Type: application/json; charset=utf-8
cache-control: no-cache
content-length: 88

16:18:19.137 [AsyncHttpClient-1-8] DEBUG org.asynchttpclient.netty.channel.ChannelManager - Adding key: http://localhost:60829 for channel [id: 0xb9dc7024, L:/127.0.0.1:63609 - R:localhost/127.0.0.1:60829]
16:18:19.139 [Forwarding clearElement on session 68bd75ad2dc1031410bcf3672a0c2c15 to remote] DEBUG org.asynchttpclient.netty.request.NettyRequestSender - Using pooled Channel '[id: 0xb9dc7024, L:/127.0.0.1:63609 - R:localhost/127.0.0.1:60829]' for 'POST' to 'http://localhost:60829/session/68bd75ad2dc1031410bcf3672a0c2c15/element/2bd8e880-4b42-41c9-acdd-553f93345002/clear'
16:18:19.139 [Forwarding clearElement on session 68bd75ad2dc1031410bcf3672a0c2c15 to remote] DEBUG org.asynchttpclient.netty.request.NettyRequestSender - Using open Channel [id: 0xb9dc7024, L:/127.0.0.1:63609 - R:localhost/127.0.0.1:60829] for POST '/session/68bd75ad2dc1031410bcf3672a0c2c15/element/2bd8e880-4b42-41c9-acdd-553f93345002/clear'
16:18:19.165 [AsyncHttpClient-1-8] DEBUG org.asynchttpclient.netty.handler.HttpHandler - 

Request DefaultHttpRequest(decodeResult: success, version: HTTP/1.1)
POST /session/68bd75ad2dc1031410bcf3672a0c2c15/element/2bd8e880-4b42-41c9-acdd-553f93345002/clear HTTP/1.1
User-Agent: selenium/4.1.2 (java windows)
Content-Length: 50
Content-Type: application/json; charset=utf-8
host: localhost:60829
accept: */*

Response DefaultHttpResponse(decodeResult: success, version: HTTP/1.1)
HTTP/1.1 200 OK
Content-Type: application/json; charset=utf-8
cache-control: no-cache
content-length: 14

16:18:19.166 [AsyncHttpClient-1-8] DEBUG org.asynchttpclient.netty.channel.ChannelManager - Adding key: http://localhost:60829 for channel [id: 0xb9dc7024, L:/127.0.0.1:63609 - R:localhost/127.0.0.1:60829]
16:18:19.167 [Forwarding sendKeysToElement on session 68bd75ad2dc1031410bcf3672a0c2c15 to remote] DEBUG org.asynchttpclient.netty.request.NettyRequestSender - Using pooled Channel '[id: 0xb9dc7024, L:/127.0.0.1:63609 - R:localhost/127.0.0.1:60829]' for 'POST' to 'http://localhost:60829/session/68bd75ad2dc1031410bcf3672a0c2c15/element/2bd8e880-4b42-41c9-acdd-553f93345002/value'
16:18:19.168 [Forwarding sendKeysToElement on session 68bd75ad2dc1031410bcf3672a0c2c15 to remote] DEBUG org.asynchttpclient.netty.request.NettyRequestSender - Using open Channel [id: 0xb9dc7024, L:/127.0.0.1:63609 - R:localhost/127.0.0.1:60829] for POST '/session/68bd75ad2dc1031410bcf3672a0c2c15/element/2bd8e880-4b42-41c9-acdd-553f93345002/value'
16:18:19.229 [AsyncHttpClient-1-8] DEBUG org.asynchttpclient.netty.handler.HttpHandler - 

Request DefaultHttpRequest(decodeResult: success, version: HTTP/1.1)
POST /session/68bd75ad2dc1031410bcf3672a0c2c15/element/2bd8e880-4b42-41c9-acdd-553f93345002/value HTTP/1.1
User-Agent: selenium/4.1.2 (java windows)
Content-Length: 181
Content-Type: application/json; charset=utf-8
host: localhost:60829
accept: */*

Response DefaultHttpResponse(decodeResult: success, version: HTTP/1.1)
HTTP/1.1 200 OK
Content-Type: application/json; charset=utf-8
cache-control: no-cache
content-length: 14

16:18:19.229 [AsyncHttpClient-1-8] DEBUG org.asynchttpclient.netty.channel.ChannelManager - Adding key: http://localhost:60829 for channel [id: 0xb9dc7024, L:/127.0.0.1:63609 - R:localhost/127.0.0.1:60829]
16:18:19.234 [Forwarding screenshot on session 68bd75ad2dc1031410bcf3672a0c2c15 to remote] DEBUG org.asynchttpclient.netty.request.NettyRequestSender - Using pooled Channel '[id: 0xb9dc7024, L:/127.0.0.1:63609 - R:localhost/127.0.0.1:60829]' for 'GET' to 'http://localhost:60829/session/68bd75ad2dc1031410bcf3672a0c2c15/screenshot'
16:18:19.235 [Forwarding screenshot on session 68bd75ad2dc1031410bcf3672a0c2c15 to remote] DEBUG org.asynchttpclient.netty.request.NettyRequestSender - Using open Channel [id: 0xb9dc7024, L:/127.0.0.1:63609 - R:localhost/127.0.0.1:60829] for GET '/session/68bd75ad2dc1031410bcf3672a0c2c15/screenshot'
16:18:19.372 [AsyncHttpClient-1-8] DEBUG org.asynchttpclient.netty.handler.HttpHandler - 

Request DefaultFullHttpRequest(decodeResult: success, version: HTTP/1.1, content: EmptyByteBufBE)
GET /session/68bd75ad2dc1031410bcf3672a0c2c15/screenshot HTTP/1.1
User-Agent: selenium/4.1.2 (java windows)
Cache-Control: no-cache
Content-Type: application/json; charset=utf-8
host: localhost:60829
accept: */*

Response DefaultHttpResponse(decodeResult: success, version: HTTP/1.1)
HTTP/1.1 200 OK
Content-Type: application/json; charset=utf-8
cache-control: no-cache
content-length: 38212

16:18:19.373 [AsyncHttpClient-1-8] DEBUG org.asynchttpclient.netty.channel.ChannelManager - Adding key: http://localhost:60829 for channel [id: 0xb9dc7024, L:/127.0.0.1:63609 - R:localhost/127.0.0.1:60829]
16:18:19.375 [main] DEBUG net.serenitybdd.core.photography.Darkroom - Send negative for processing for target\site\serenity\edfa2ce21f86065726c9ab7d076a06056992e48fdeac518e6308cd0328f3acfa.png
16:18:19.376 [main] DEBUG net.thucydides.core.steps.StepInterceptor - STEP DONE: inputPassword
  &amp#27;[32mAnd &amp#27;[0m&amp#27;[32mI input &amp#27;[0m&amp#27;[32m&amp#27;[1m"rayhan1234"&amp#27;[0m&amp#27;[32m password&amp#27;[0m       &amp#27;[90m# Starter.StepDefinitions.LoginStep.iInputPassword(java.lang.String)&amp#27;[0m
16:18:19.376 [Darkroom Processing Line] DEBUG net.serenitybdd.core.photography.DarkroomProcessingLine - Processing screenshot image in /var/screenshots/screenshot-13361383646991946164
16:18:19.376 [Darkroom Processing Line] DEBUG net.serenitybdd.core.photography.DarkroomProcessingLine - Saving screenshot to target\site\serenity\edfa2ce21f86065726c9ab7d076a06056992e48fdeac518e6308cd0328f3acfa.png
16:18:19.391 [main] DEBUG net.thucydides.core.steps.StepInterceptor - STARTING STEP: LoginStep.clickLoginButton - clickLoginButton
16:18:19.394 [Forwarding findElement on session 68bd75ad2dc1031410bcf3672a0c2c15 to remote] DEBUG org.asynchttpclient.netty.request.NettyRequestSender - Using pooled Channel '[id: 0xb9dc7024, L:/127.0.0.1:63609 - R:localhost/127.0.0.1:60829]' for 'POST' to 'http://localhost:60829/session/68bd75ad2dc1031410bcf3672a0c2c15/element'
16:18:19.394 [Forwarding findElement on session 68bd75ad2dc1031410bcf3672a0c2c15 to remote] DEBUG org.asynchttpclient.netty.request.NettyRequestSender - Using open Channel [id: 0xb9dc7024, L:/127.0.0.1:63609 - R:localhost/127.0.0.1:60829] for POST '/session/68bd75ad2dc1031410bcf3672a0c2c15/element'
16:18:19.400 [AsyncHttpClient-1-8] DEBUG org.asynchttpclient.netty.handler.HttpHandler - 

Request DefaultHttpRequest(decodeResult: success, version: HTTP/1.1)
POST /session/68bd75ad2dc1031410bcf3672a0c2c15/element HTTP/1.1
User-Agent: selenium/4.1.2 (java windows)
Content-Length: 136
Content-Type: application/json; charset=utf-8
host: localhost:60829
accept: */*

Response DefaultHttpResponse(decodeResult: success, version: HTTP/1.1)
HTTP/1.1 200 OK
Content-Type: application/json; charset=utf-8
cache-control: no-cache
content-length: 88

16:18:19.400 [AsyncHttpClient-1-8] DEBUG org.asynchttpclient.netty.channel.ChannelManager - Adding key: http://localhost:60829 for channel [id: 0xb9dc7024, L:/127.0.0.1:63609 - R:localhost/127.0.0.1:60829]
16:18:19.403 [Forwarding getElementTagName on session 68bd75ad2dc1031410bcf3672a0c2c15 to remote] DEBUG org.asynchttpclient.netty.request.NettyRequestSender - Using pooled Channel '[id: 0xb9dc7024, L:/127.0.0.1:63609 - R:localhost/127.0.0.1:60829]' for 'GET' to 'http://localhost:60829/session/68bd75ad2dc1031410bcf3672a0c2c15/element/65eee255-7d05-4238-966f-6dd8f4dee450/name'
16:18:19.403 [Forwarding getElementTagName on session 68bd75ad2dc1031410bcf3672a0c2c15 to remote] DEBUG org.asynchttpclient.netty.request.NettyRequestSender - Using open Channel [id: 0xb9dc7024, L:/127.0.0.1:63609 - R:localhost/127.0.0.1:60829] for GET '/session/68bd75ad2dc1031410bcf3672a0c2c15/element/65eee255-7d05-4238-966f-6dd8f4dee450/name'
16:18:19.408 [AsyncHttpClient-1-8] DEBUG org.asynchttpclient.netty.handler.HttpHandler - 

Request DefaultFullHttpRequest(decodeResult: success, version: HTTP/1.1, content: EmptyByteBufBE)
GET /session/68bd75ad2dc1031410bcf3672a0c2c15/element/65eee255-7d05-4238-966f-6dd8f4dee450/name HTTP/1.1
User-Agent: selenium/4.1.2 (java windows)
Cache-Control: no-cache
Content-Type: application/json; charset=utf-8
host: localhost:60829
accept: */*

Response DefaultHttpResponse(decodeResult: success, version: HTTP/1.1)
HTTP/1.1 200 OK
Content-Type: application/json; charset=utf-8
cache-control: no-cache
content-length: 18

16:18:19.408 [AsyncHttpClient-1-8] DEBUG org.asynchttpclient.netty.channel.ChannelManager - Adding key: http://localhost:60829 for channel [id: 0xb9dc7024, L:/127.0.0.1:63609 - R:localhost/127.0.0.1:60829]
16:18:19.410 [Forwarding getElementTagName on session 68bd75ad2dc1031410bcf3672a0c2c15 to remote] DEBUG org.asynchttpclient.netty.request.NettyRequestSender - Using pooled Channel '[id: 0xb9dc7024, L:/127.0.0.1:63609 - R:localhost/127.0.0.1:60829]' for 'GET' to 'http://localhost:60829/session/68bd75ad2dc1031410bcf3672a0c2c15/element/65eee255-7d05-4238-966f-6dd8f4dee450/name'
16:18:19.410 [Forwarding getElementTagName on session 68bd75ad2dc1031410bcf3672a0c2c15 to remote] DEBUG org.asynchttpclient.netty.request.NettyRequestSender - Using open Channel [id: 0xb9dc7024, L:/127.0.0.1:63609 - R:localhost/127.0.0.1:60829] for GET '/session/68bd75ad2dc1031410bcf3672a0c2c15/element/65eee255-7d05-4238-966f-6dd8f4dee450/name'
16:18:19.413 [AsyncHttpClient-1-8] DEBUG org.asynchttpclient.netty.handler.HttpHandler - 

Request DefaultFullHttpRequest(decodeResult: success, version: HTTP/1.1, content: EmptyByteBufBE)
GET /session/68bd75ad2dc1031410bcf3672a0c2c15/element/65eee255-7d05-4238-966f-6dd8f4dee450/name HTTP/1.1
User-Agent: selenium/4.1.2 (java windows)
Cache-Control: no-cache
Content-Type: application/json; charset=utf-8
host: localhost:60829
accept: */*

Response DefaultHttpResponse(decodeResult: success, version: HTTP/1.1)
HTTP/1.1 200 OK
Content-Type: application/json; charset=utf-8
cache-control: no-cache
content-length: 18

16:18:19.413 [AsyncHttpClient-1-8] DEBUG org.asynchttpclient.netty.channel.ChannelManager - Adding key: http://localhost:60829 for channel [id: 0xb9dc7024, L:/127.0.0.1:63609 - R:localhost/127.0.0.1:60829]
16:18:19.419 [Forwarding isElementEnabled on session 68bd75ad2dc1031410bcf3672a0c2c15 to remote] DEBUG org.asynchttpclient.netty.request.NettyRequestSender - Using pooled Channel '[id: 0xb9dc7024, L:/127.0.0.1:63609 - R:localhost/127.0.0.1:60829]' for 'GET' to 'http://localhost:60829/session/68bd75ad2dc1031410bcf3672a0c2c15/element/65eee255-7d05-4238-966f-6dd8f4dee450/enabled'
16:18:19.419 [Forwarding isElementEnabled on session 68bd75ad2dc1031410bcf3672a0c2c15 to remote] DEBUG org.asynchttpclient.netty.request.NettyRequestSender - Using open Channel [id: 0xb9dc7024, L:/127.0.0.1:63609 - R:localhost/127.0.0.1:60829] for GET '/session/68bd75ad2dc1031410bcf3672a0c2c15/element/65eee255-7d05-4238-966f-6dd8f4dee450/enabled'
16:18:19.467 [AsyncHttpClient-1-8] DEBUG org.asynchttpclient.netty.handler.HttpHandler - 

Request DefaultFullHttpRequest(decodeResult: success, version: HTTP/1.1, content: EmptyByteBufBE)
GET /session/68bd75ad2dc1031410bcf3672a0c2c15/element/65eee255-7d05-4238-966f-6dd8f4dee450/enabled HTTP/1.1
User-Agent: selenium/4.1.2 (java windows)
Cache-Control: no-cache
Content-Type: application/json; charset=utf-8
host: localhost:60829
accept: */*

Response DefaultHttpResponse(decodeResult: success, version: HTTP/1.1)
HTTP/1.1 200 OK
Content-Type: application/json; charset=utf-8
cache-control: no-cache
content-length: 14

16:18:19.467 [AsyncHttpClient-1-8] DEBUG org.asynchttpclient.netty.channel.ChannelManager - Adding key: http://localhost:60829 for channel [id: 0xb9dc7024, L:/127.0.0.1:63609 - R:localhost/127.0.0.1:60829]
16:18:19.470 [Forwarding isElementEnabled on session 68bd75ad2dc1031410bcf3672a0c2c15 to remote] DEBUG org.asynchttpclient.netty.request.NettyRequestSender - Using pooled Channel '[id: 0xb9dc7024, L:/127.0.0.1:63609 - R:localhost/127.0.0.1:60829]' for 'GET' to 'http://localhost:60829/session/68bd75ad2dc1031410bcf3672a0c2c15/element/65eee255-7d05-4238-966f-6dd8f4dee450/enabled'
16:18:19.470 [Forwarding isElementEnabled on session 68bd75ad2dc1031410bcf3672a0c2c15 to remote] DEBUG org.asynchttpclient.netty.request.NettyRequestSender - Using open Channel [id: 0xb9dc7024, L:/127.0.0.1:63609 - R:localhost/127.0.0.1:60829] for GET '/session/68bd75ad2dc1031410bcf3672a0c2c15/element/65eee255-7d05-4238-966f-6dd8f4dee450/enabled'
16:18:19.477 [AsyncHttpClient-1-8] DEBUG org.asynchttpclient.netty.handler.HttpHandler - 

Request DefaultFullHttpRequest(decodeResult: success, version: HTTP/1.1, content: EmptyByteBufBE)
GET /session/68bd75ad2dc1031410bcf3672a0c2c15/element/65eee255-7d05-4238-966f-6dd8f4dee450/enabled HTTP/1.1
User-Agent: selenium/4.1.2 (java windows)
Cache-Control: no-cache
Content-Type: application/json; charset=utf-8
host: localhost:60829
accept: */*

Response DefaultHttpResponse(decodeResult: success, version: HTTP/1.1)
HTTP/1.1 200 OK
Content-Type: application/json; charset=utf-8
cache-control: no-cache
content-length: 14

16:18:19.478 [AsyncHttpClient-1-8] DEBUG org.asynchttpclient.netty.channel.ChannelManager - Adding key: http://localhost:60829 for channel [id: 0xb9dc7024, L:/127.0.0.1:63609 - R:localhost/127.0.0.1:60829]
16:18:19.481 [Forwarding findElement on session 68bd75ad2dc1031410bcf3672a0c2c15 to remote] DEBUG org.asynchttpclient.netty.request.NettyRequestSender - Using pooled Channel '[id: 0xb9dc7024, L:/127.0.0.1:63609 - R:localhost/127.0.0.1:60829]' for 'POST' to 'http://localhost:60829/session/68bd75ad2dc1031410bcf3672a0c2c15/element'
16:18:19.481 [Forwarding findElement on session 68bd75ad2dc1031410bcf3672a0c2c15 to remote] DEBUG org.asynchttpclient.netty.request.NettyRequestSender - Using open Channel [id: 0xb9dc7024, L:/127.0.0.1:63609 - R:localhost/127.0.0.1:60829] for POST '/session/68bd75ad2dc1031410bcf3672a0c2c15/element'
16:18:19.487 [AsyncHttpClient-1-8] DEBUG org.asynchttpclient.netty.handler.HttpHandler - 

Request DefaultHttpRequest(decodeResult: success, version: HTTP/1.1)
POST /session/68bd75ad2dc1031410bcf3672a0c2c15/element HTTP/1.1
User-Agent: selenium/4.1.2 (java windows)
Content-Length: 136
Content-Type: application/json; charset=utf-8
host: localhost:60829
accept: */*

Response DefaultHttpResponse(decodeResult: success, version: HTTP/1.1)
HTTP/1.1 200 OK
Content-Type: application/json; charset=utf-8
cache-control: no-cache
content-length: 88

16:18:19.488 [AsyncHttpClient-1-8] DEBUG org.asynchttpclient.netty.channel.ChannelManager - Adding key: http://localhost:60829 for channel [id: 0xb9dc7024, L:/127.0.0.1:63609 - R:localhost/127.0.0.1:60829]
16:18:19.489 [Forwarding clickElement on session 68bd75ad2dc1031410bcf3672a0c2c15 to remote] DEBUG org.asynchttpclient.netty.request.NettyRequestSender - Using pooled Channel '[id: 0xb9dc7024, L:/127.0.0.1:63609 - R:localhost/127.0.0.1:60829]' for 'POST' to 'http://localhost:60829/session/68bd75ad2dc1031410bcf3672a0c2c15/element/65eee255-7d05-4238-966f-6dd8f4dee450/click'
16:18:19.489 [Forwarding clickElement on session 68bd75ad2dc1031410bcf3672a0c2c15 to remote] DEBUG org.asynchttpclient.netty.request.NettyRequestSender - Using open Channel [id: 0xb9dc7024, L:/127.0.0.1:63609 - R:localhost/127.0.0.1:60829] for POST '/session/68bd75ad2dc1031410bcf3672a0c2c15/element/65eee255-7d05-4238-966f-6dd8f4dee450/click'
16:18:19.540 [AsyncHttpClient-1-8] DEBUG org.asynchttpclient.netty.handler.HttpHandler - 

Request DefaultHttpRequest(decodeResult: success, version: HTTP/1.1)
POST /session/68bd75ad2dc1031410bcf3672a0c2c15/element/65eee255-7d05-4238-966f-6dd8f4dee450/click HTTP/1.1
User-Agent: selenium/4.1.2 (java windows)
Content-Length: 50
Content-Type: application/json; charset=utf-8
host: localhost:60829
accept: */*

Response DefaultHttpResponse(decodeResult: success, version: HTTP/1.1)
HTTP/1.1 200 OK
Content-Type: application/json; charset=utf-8
cache-control: no-cache
content-length: 14

16:18:19.541 [AsyncHttpClient-1-8] DEBUG org.asynchttpclient.netty.channel.ChannelManager - Adding key: http://localhost:60829 for channel [id: 0xb9dc7024, L:/127.0.0.1:63609 - R:localhost/127.0.0.1:60829]
16:18:19.549 [Forwarding screenshot on session 68bd75ad2dc1031410bcf3672a0c2c15 to remote] DEBUG org.asynchttpclient.netty.request.NettyRequestSender - Using pooled Channel '[id: 0xb9dc7024, L:/127.0.0.1:63609 - R:localhost/127.0.0.1:60829]' for 'GET' to 'http://localhost:60829/session/68bd75ad2dc1031410bcf3672a0c2c15/screenshot'
16:18:19.549 [Forwarding screenshot on session 68bd75ad2dc1031410bcf3672a0c2c15 to remote] DEBUG org.asynchttpclient.netty.request.NettyRequestSender - Using open Channel [id: 0xb9dc7024, L:/127.0.0.1:63609 - R:localhost/127.0.0.1:60829] for GET '/session/68bd75ad2dc1031410bcf3672a0c2c15/screenshot'
16:18:19.730 [AsyncHttpClient-1-1] DEBUG org.asynchttpclient.netty.channel.DefaultChannelPool - Entry count for : http://localhost:63610 : 1
16:18:19.761 [AsyncHttpClient-1-8] DEBUG org.asynchttpclient.netty.handler.HttpHandler - 

Request DefaultFullHttpRequest(decodeResult: success, version: HTTP/1.1, content: EmptyByteBufBE)
GET /session/68bd75ad2dc1031410bcf3672a0c2c15/screenshot HTTP/1.1
User-Agent: selenium/4.1.2 (java windows)
Cache-Control: no-cache
Content-Type: application/json; charset=utf-8
host: localhost:60829
accept: */*

Response DefaultHttpResponse(decodeResult: success, version: HTTP/1.1)
HTTP/1.1 200 OK
Content-Type: application/json; charset=utf-8
cache-control: no-cache
content-length: 37284

16:18:19.762 [AsyncHttpClient-1-8] DEBUG org.asynchttpclient.netty.channel.ChannelManager - Adding key: http://localhost:60829 for channel [id: 0xb9dc7024, L:/127.0.0.1:63609 - R:localhost/127.0.0.1:60829]
16:18:19.764 [main] DEBUG net.serenitybdd.core.photography.Darkroom - Send negative for processing for target\site\serenity\80183c96a29771d9832d2b5d5979fc8550ba5a3b84b739252286cf8219687168.png
16:18:19.765 [main] DEBUG net.thucydides.core.steps.StepInterceptor - STEP DONE: clickLoginButton
  &amp#27;[32mAnd &amp#27;[0m&amp#27;[32mclick login button&amp#27;[0m                  &amp#27;[90m# Starter.StepDefinitions.LoginStep.clickLoginButton()&amp#27;[0m
16:18:19.765 [Darkroom Processing Line] DEBUG net.serenitybdd.core.photography.DarkroomProcessingLine - Processing screenshot image in /var/screenshots/screenshot-6647134303091261965
16:18:19.765 [Darkroom Processing Line] DEBUG net.serenitybdd.core.photography.DarkroomProcessingLine - Saving screenshot to target\site\serenity\80183c96a29771d9832d2b5d5979fc8550ba5a3b84b739252286cf8219687168.png
16:18:19.781 [main] DEBUG net.thucydides.core.steps.StepInterceptor - STARTING STEP: LoginStep.iGetThe - errorMessageAppears
16:18:19.783 [Forwarding findElement on session 68bd75ad2dc1031410bcf3672a0c2c15 to remote] DEBUG org.asynchttpclient.netty.request.NettyRequestSender - Using pooled Channel '[id: 0xb9dc7024, L:/127.0.0.1:63609 - R:localhost/127.0.0.1:60829]' for 'POST' to 'http://localhost:60829/session/68bd75ad2dc1031410bcf3672a0c2c15/element'
16:18:19.783 [Forwarding findElement on session 68bd75ad2dc1031410bcf3672a0c2c15 to remote] DEBUG org.asynchttpclient.netty.request.NettyRequestSender - Using open Channel [id: 0xb9dc7024, L:/127.0.0.1:63609 - R:localhost/127.0.0.1:60829] for POST '/session/68bd75ad2dc1031410bcf3672a0c2c15/element'
16:18:19.794 [AsyncHttpClient-1-8] DEBUG org.asynchttpclient.netty.handler.HttpHandler - 

Request DefaultHttpRequest(decodeResult: success, version: HTTP/1.1)
POST /session/68bd75ad2dc1031410bcf3672a0c2c15/element HTTP/1.1
User-Agent: selenium/4.1.2 (java windows)
Content-Length: 137
Content-Type: application/json; charset=utf-8
host: localhost:60829
accept: */*

Response DefaultHttpResponse(decodeResult: success, version: HTTP/1.1)
HTTP/1.1 200 OK
Content-Type: application/json; charset=utf-8
cache-control: no-cache
content-length: 88

16:18:19.795 [AsyncHttpClient-1-8] DEBUG org.asynchttpclient.netty.channel.ChannelManager - Adding key: http://localhost:60829 for channel [id: 0xb9dc7024, L:/127.0.0.1:63609 - R:localhost/127.0.0.1:60829]
16:18:19.800 [Forwarding isElementDisplayed on session 68bd75ad2dc1031410bcf3672a0c2c15 to remote] DEBUG org.asynchttpclient.netty.request.NettyRequestSender - Using pooled Channel '[id: 0xb9dc7024, L:/127.0.0.1:63609 - R:localhost/127.0.0.1:60829]' for 'POST' to 'http://localhost:60829/session/68bd75ad2dc1031410bcf3672a0c2c15/execute/sync'
16:18:19.800 [Forwarding isElementDisplayed on session 68bd75ad2dc1031410bcf3672a0c2c15 to remote] DEBUG org.asynchttpclient.netty.request.NettyRequestSender - Using open Channel [id: 0xb9dc7024, L:/127.0.0.1:63609 - R:localhost/127.0.0.1:60829] for POST '/session/68bd75ad2dc1031410bcf3672a0c2c15/execute/sync'
16:18:19.815 [AsyncHttpClient-1-8] DEBUG org.asynchttpclient.netty.handler.HttpHandler - 

Request DefaultHttpRequest(decodeResult: success, version: HTTP/1.1)
POST /session/68bd75ad2dc1031410bcf3672a0c2c15/execute/sync HTTP/1.1
User-Agent: selenium/4.1.2 (java windows)
Content-Length: 48780
Content-Type: application/json; charset=utf-8
host: localhost:60829
accept: */*

Response DefaultHttpResponse(decodeResult: success, version: HTTP/1.1)
HTTP/1.1 200 OK
Content-Type: application/json; charset=utf-8
cache-control: no-cache
content-length: 14

16:18:19.816 [AsyncHttpClient-1-8] DEBUG org.asynchttpclient.netty.channel.ChannelManager - Adding key: http://localhost:60829 for channel [id: 0xb9dc7024, L:/127.0.0.1:63609 - R:localhost/127.0.0.1:60829]
16:18:19.821 [Forwarding screenshot on session 68bd75ad2dc1031410bcf3672a0c2c15 to remote] DEBUG org.asynchttpclient.netty.request.NettyRequestSender - Using pooled Channel '[id: 0xb9dc7024, L:/127.0.0.1:63609 - R:localhost/127.0.0.1:60829]' for 'GET' to 'http://localhost:60829/session/68bd75ad2dc1031410bcf3672a0c2c15/screenshot'
16:18:19.821 [Forwarding screenshot on session 68bd75ad2dc1031410bcf3672a0c2c15 to remote] DEBUG org.asynchttpclient.netty.request.NettyRequestSender - Using open Channel [id: 0xb9dc7024, L:/127.0.0.1:63609 - R:localhost/127.0.0.1:60829] for GET '/session/68bd75ad2dc1031410bcf3672a0c2c15/screenshot'
16:18:20.005 [AsyncHttpClient-1-8] DEBUG org.asynchttpclient.netty.handler.HttpHandler - 

Request DefaultFullHttpRequest(decodeResult: success, version: HTTP/1.1, content: EmptyByteBufBE)
GET /session/68bd75ad2dc1031410bcf3672a0c2c15/screenshot HTTP/1.1
User-Agent: selenium/4.1.2 (java windows)
Cache-Control: no-cache
Content-Type: application/json; charset=utf-8
host: localhost:60829
accept: */*

Response DefaultHttpResponse(decodeResult: success, version: HTTP/1.1)
HTTP/1.1 200 OK
Content-Type: application/json; charset=utf-8
cache-control: no-cache
content-length: 41536

16:18:20.006 [AsyncHttpClient-1-8] DEBUG org.asynchttpclient.netty.channel.ChannelManager - Adding key: http://localhost:60829 for channel [id: 0xb9dc7024, L:/127.0.0.1:63609 - R:localhost/127.0.0.1:60829]
16:18:20.008 [main] DEBUG net.serenitybdd.core.photography.Darkroom - Send negative for processing for target\site\serenity\f173feca41a1a69f317dc70b0d42ddd4a303c71bc872d9158afb4ef4c79b2cc3.png
16:18:20.012 [main] DEBUG net.thucydides.core.steps.StepInterceptor - STEP DONE: errorMessageAppears
16:18:20.012 [Darkroom Processing Line] DEBUG net.serenitybdd.core.photography.DarkroomProcessingLine - Processing screenshot image in /var/screenshots/screenshot-1307622630784958765
16:18:20.012 [Darkroom Processing Line] DEBUG net.serenitybdd.core.photography.DarkroomProcessingLine - Saving screenshot to target\site\serenity\f173feca41a1a69f317dc70b0d42ddd4a303c71bc872d9158afb4ef4c79b2cc3.png
16:18:20.020 [main] DEBUG net.thucydides.core.steps.StepInterceptor - STARTING STEP: LoginStep.iGetThe - errorMessageEquals
16:18:20.023 [Forwarding findElement on session 68bd75ad2dc1031410bcf3672a0c2c15 to remote] DEBUG org.asynchttpclient.netty.request.NettyRequestSender - Using pooled Channel '[id: 0xb9dc7024, L:/127.0.0.1:63609 - R:localhost/127.0.0.1:60829]' for 'POST' to 'http://localhost:60829/session/68bd75ad2dc1031410bcf3672a0c2c15/element'
16:18:20.023 [Forwarding findElement on session 68bd75ad2dc1031410bcf3672a0c2c15 to remote] DEBUG org.asynchttpclient.netty.request.NettyRequestSender - Using open Channel [id: 0xb9dc7024, L:/127.0.0.1:63609 - R:localhost/127.0.0.1:60829] for POST '/session/68bd75ad2dc1031410bcf3672a0c2c15/element'
16:18:20.031 [AsyncHttpClient-1-8] DEBUG org.asynchttpclient.netty.handler.HttpHandler - 

Request DefaultHttpRequest(decodeResult: success, version: HTTP/1.1)
POST /session/68bd75ad2dc1031410bcf3672a0c2c15/element HTTP/1.1
User-Agent: selenium/4.1.2 (java windows)
Content-Length: 137
Content-Type: application/json; charset=utf-8
host: localhost:60829
accept: */*

Response DefaultHttpResponse(decodeResult: success, version: HTTP/1.1)
HTTP/1.1 200 OK
Content-Type: application/json; charset=utf-8
cache-control: no-cache
content-length: 88

16:18:20.032 [AsyncHttpClient-1-8] DEBUG org.asynchttpclient.netty.channel.ChannelManager - Adding key: http://localhost:60829 for channel [id: 0xb9dc7024, L:/127.0.0.1:63609 - R:localhost/127.0.0.1:60829]
16:18:20.033 [Forwarding getElementText on session 68bd75ad2dc1031410bcf3672a0c2c15 to remote] DEBUG org.asynchttpclient.netty.request.NettyRequestSender - Using pooled Channel '[id: 0xb9dc7024, L:/127.0.0.1:63609 - R:localhost/127.0.0.1:60829]' for 'GET' to 'http://localhost:60829/session/68bd75ad2dc1031410bcf3672a0c2c15/element/8685cf34-390a-4b28-80a8-be1c9f974946/text'
16:18:20.033 [Forwarding getElementText on session 68bd75ad2dc1031410bcf3672a0c2c15 to remote] DEBUG org.asynchttpclient.netty.request.NettyRequestSender - Using open Channel [id: 0xb9dc7024, L:/127.0.0.1:63609 - R:localhost/127.0.0.1:60829] for GET '/session/68bd75ad2dc1031410bcf3672a0c2c15/element/8685cf34-390a-4b28-80a8-be1c9f974946/text'
16:18:20.047 [AsyncHttpClient-1-8] DEBUG org.asynchttpclient.netty.handler.HttpHandler - 

Request DefaultFullHttpRequest(decodeResult: success, version: HTTP/1.1, content: EmptyByteBufBE)
GET /session/68bd75ad2dc1031410bcf3672a0c2c15/element/8685cf34-390a-4b28-80a8-be1c9f974946/text HTTP/1.1
User-Agent: selenium/4.1.2 (java windows)
Cache-Control: no-cache
Content-Type: application/json; charset=utf-8
host: localhost:60829
accept: */*

Response DefaultHttpResponse(decodeResult: success, version: HTTP/1.1)
HTTP/1.1 200 OK
Content-Type: application/json; charset=utf-8
cache-control: no-cache
content-length: 28

16:18:20.047 [AsyncHttpClient-1-8] DEBUG org.asynchttpclient.netty.channel.ChannelManager - Adding key: http://localhost:60829 for channel [id: 0xb9dc7024, L:/127.0.0.1:63609 - R:localhost/127.0.0.1:60829]
16:18:20.051 [main] DEBUG net.thucydides.core.steps.StepInterceptor - STEP DONE: errorMessageEquals
  &amp#27;[32mThen &amp#27;[0m&amp#27;[32mI get the &amp#27;[0m&amp#27;[32m&amp#27;[1m"login page"&amp#27;[0m             &amp#27;[90m# Starter.StepDefinitions.LoginStep.iGetThe(java.lang.String)&amp#27;[0m
16:18:20.062 [Forwarding screenshot on session 68bd75ad2dc1031410bcf3672a0c2c15 to remote] DEBUG org.asynchttpclient.netty.request.NettyRequestSender - Using pooled Channel '[id: 0xb9dc7024, L:/127.0.0.1:63609 - R:localhost/127.0.0.1:60829]' for 'GET' to 'http://localhost:60829/session/68bd75ad2dc1031410bcf3672a0c2c15/screenshot'
16:18:20.062 [Forwarding screenshot on session 68bd75ad2dc1031410bcf3672a0c2c15 to remote] DEBUG org.asynchttpclient.netty.request.NettyRequestSender - Using open Channel [id: 0xb9dc7024, L:/127.0.0.1:63609 - R:localhost/127.0.0.1:60829] for GET '/session/68bd75ad2dc1031410bcf3672a0c2c15/screenshot'
16:18:20.239 [AsyncHttpClient-1-8] DEBUG org.asynchttpclient.netty.handler.HttpHandler - 

Request DefaultFullHttpRequest(decodeResult: success, version: HTTP/1.1, content: EmptyByteBufBE)
GET /session/68bd75ad2dc1031410bcf3672a0c2c15/screenshot HTTP/1.1
User-Agent: selenium/4.1.2 (java windows)
Cache-Control: no-cache
Content-Type: application/json; charset=utf-8
host: localhost:60829
accept: */*

Response DefaultHttpResponse(decodeResult: success, version: HTTP/1.1)
HTTP/1.1 200 OK
Content-Type: application/json; charset=utf-8
cache-control: no-cache
content-length: 41548

16:18:20.239 [AsyncHttpClient-1-8] DEBUG org.asynchttpclient.netty.channel.ChannelManager - Adding key: http://localhost:60829 for channel [id: 0xb9dc7024, L:/127.0.0.1:63609 - R:localhost/127.0.0.1:60829]
16:18:20.241 [main] DEBUG net.serenitybdd.core.photography.Darkroom - Send negative for processing for target\site\serenity\95fbd09df4b3f064202836d73d63196e3098f5aaeddb68d337f0fd1975d920a5.png
16:18:20.241 [Darkroom Processing Line] DEBUG net.serenitybdd.core.photography.DarkroomProcessingLine - Processing screenshot image in /var/screenshots/screenshot-9884007787773458111
16:18:20.241 [Darkroom Processing Line] DEBUG net.serenitybdd.core.photography.DarkroomProcessingLine - Saving screenshot to target\site\serenity\95fbd09df4b3f064202836d73d63196e3098f5aaeddb68d337f0fd1975d920a5.png
16:18:20.243 [AsyncHttpClient-1-10] DEBUG org.asynchttpclient.netty.handler.WebSocketHandler - Channel Closed: [id: 0xcf253e87, L:/127.0.0.1:63617 ! R:localhost/127.0.0.1:63610] with attribute NettyResponseFuture{currentRetry=5,
	isDone=1,
	isCancelled=0,
	asyncHandler=org.asynchttpclient.ws.WebSocketUpgradeHandler@712e14e1,
	nettyRequest=org.asynchttpclient.netty.request.NettyRequest@342c84a0,
	future=java.util.concurrent.CompletableFuture@7cce4f43[Completed normally],
	uri=ws://localhost:63610/devtools/browser/25b7a90b-c8e1-4658-bd9b-56e05051a212,
	keepAlive=true,
	redirectCount=0,
	timeoutsHolder=null,
	inAuth=0,
	touch=1653038295456}
16:18:20.243 [AsyncHttpClient-1-10] DEBUG org.asynchttpclient.netty.channel.ChannelManager - Closing Channel [id: 0xcf253e87, L:/127.0.0.1:63617 ! R:localhost/127.0.0.1:63610] 
16:18:20.244 [Driver Command Executor] DEBUG org.asynchttpclient.netty.request.NettyRequestSender - Using pooled Channel '[id: 0xb9dc7024, L:/127.0.0.1:63609 - R:localhost/127.0.0.1:60829]' for 'DELETE' to 'http://localhost:60829/session/68bd75ad2dc1031410bcf3672a0c2c15'
16:18:20.244 [Driver Command Executor] DEBUG org.asynchttpclient.netty.request.NettyRequestSender - Using open Channel [id: 0xb9dc7024, L:/127.0.0.1:63609 - R:localhost/127.0.0.1:60829] for DELETE '/session/68bd75ad2dc1031410bcf3672a0c2c15'
16:18:20.352 [AsyncHttpClient-1-9] DEBUG org.asynchttpclient.netty.handler.HttpHandler - Unexpected I/O exception on channel [id: 0xc856c4af, L:/127.0.0.1:63616 - R:localhost/127.0.0.1:63610]
java.net.SocketException: Connection reset
	at java.base/sun.nio.ch.SocketChannelImpl.throwConnectionReset(SocketChannelImpl.java:367)
	at java.base/sun.nio.ch.SocketChannelImpl.read(SocketChannelImpl.java:398)
	at io.netty.buffer.PooledByteBuf.setBytes(PooledByteBuf.java:258)
	at io.netty.buffer.AbstractByteBuf.writeBytes(AbstractByteBuf.java:1132)
	at io.netty.channel.socket.nio.NioSocketChannel.doReadBytes(NioSocketChannel.java:350)
	at io.netty.channel.nio.AbstractNioByteChannel$NioByteUnsafe.read(AbstractNioByteChannel.java:151)
	at io.netty.channel.nio.NioEventLoop.processSelectedKey(NioEventLoop.java:722)
	at io.netty.channel.nio.NioEventLoop.processSelectedKeysOptimized(NioEventLoop.java:658)
	at io.netty.channel.nio.NioEventLoop.processSelectedKeys(NioEventLoop.java:584)
	at io.netty.channel.nio.NioEventLoop.run(NioEventLoop.java:496)
	at io.netty.util.concurrent.SingleThreadEventExecutor$4.run(SingleThreadEventExecutor.java:986)
	at io.netty.util.internal.ThreadExecutorMap$2.run(ThreadExecutorMap.java:74)
	at io.netty.util.concurrent.FastThreadLocalRunnable.run(FastThreadLocalRunnable.java:30)
	at java.base/java.lang.Thread.run(Thread.java:832)
16:18:20.352 [AsyncHttpClient-1-9] DEBUG org.asynchttpclient.netty.channel.ChannelManager - Closing Channel [id: 0xc856c4af, L:/127.0.0.1:63616 - R:localhost/127.0.0.1:63610] 
16:18:20.353 [AsyncHttpClient-1-9] DEBUG org.asynchttpclient.netty.handler.HttpHandler - Channel Closed: [id: 0xc856c4af, L:/127.0.0.1:63616 ! R:localhost/127.0.0.1:63610] with attribute DISCARD
16:18:20.367 [AsyncHttpClient-1-8] DEBUG org.asynchttpclient.netty.handler.HttpHandler - 

Request DefaultFullHttpRequest(decodeResult: success, version: HTTP/1.1, content: EmptyByteBufBE)
DELETE /session/68bd75ad2dc1031410bcf3672a0c2c15 HTTP/1.1
User-Agent: selenium/4.1.2 (java windows)
Content-Type: application/json; charset=utf-8
host: localhost:60829
accept: */*

Response DefaultHttpResponse(decodeResult: success, version: HTTP/1.1)
HTTP/1.1 200 OK
Content-Type: application/json; charset=utf-8
cache-control: no-cache
content-length: 14

16:18:20.367 [AsyncHttpClient-1-8] DEBUG org.asynchttpclient.netty.channel.ChannelManager - Adding key: http://localhost:60829 for channel [id: 0xb9dc7024, L:/127.0.0.1:63609 - R:localhost/127.0.0.1:60829]
16:18:20.480 [AsyncHttpClient-1-8] DEBUG org.asynchttpclient.netty.handler.HttpHandler - Channel Closed: [id: 0xb9dc7024, L:/127.0.0.1:63609 ! R:localhost/127.0.0.1:60829] with attribute DISCARD
16:18:20.836 [AsyncHttpClient-1-1] DEBUG org.asynchttpclient.netty.channel.DefaultChannelPool - Entry count for : http://localhost:63610 : 1
16:18:20.836 [AsyncHttpClient-1-1] DEBUG org.asynchttpclient.netty.channel.DefaultChannelPool - Entry count for : http://localhost:60829 : 1
16:18:20.836 [AsyncHttpClient-1-1] DEBUG org.asynchttpclient.netty.channel.DefaultChannelPool - Adding Candidate expired Channel [id: 0xc856c4af, L:/127.0.0.1:63616 ! R:localhost/127.0.0.1:63610] isIdleTimeoutExpired=false isRemotelyClosed=true isTtlExpired=false
16:18:20.836 [AsyncHttpClient-1-1] DEBUG org.asynchttpclient.netty.channel.DefaultChannelPool - Closing Idle Channel [id: 0xc856c4af, L:/127.0.0.1:63616 ! R:localhost/127.0.0.1:63610]
16:18:20.836 [AsyncHttpClient-1-1] DEBUG org.asynchttpclient.netty.channel.DefaultChannelPool - Adding Candidate expired Channel [id: 0xb9dc7024, L:/127.0.0.1:63609 ! R:localhost/127.0.0.1:60829] isIdleTimeoutExpired=false isRemotelyClosed=true isTtlExpired=false
16:18:20.836 [AsyncHttpClient-1-1] DEBUG org.asynchttpclient.netty.channel.DefaultChannelPool - Closing Idle Channel [id: 0xb9dc7024, L:/127.0.0.1:63609 ! R:localhost/127.0.0.1:60829]
16:18:20.836 [AsyncHttpClient-1-1] DEBUG org.asynchttpclient.netty.channel.DefaultChannelPool - Closed 2 connections out of 2 in 0 ms
]]></system-out>
    <system-err><![CDATA[Starting ChromeDriver 101.0.4951.41 (93c720db8323b3ec10d056025ab95c23a31997c9-refs/branch-heads/4951@{#904}) on port 60829
Only local connections are allowed.
Please see https://chromedriver.chromium.org/security-considerations for suggestions on keeping ChromeDriver safe.
ChromeDriver was started successfully.
May 20, 2022 4:18:15 PM org.openqa.selenium.remote.ProtocolHandshake createSession
INFO: Detected dialect: W3C
May 20, 2022 4:18:15 PM org.openqa.selenium.devtools.CdpVersionFinder findNearestMatch
WARNING: Unable to find an exact match for CDP version 101, so returning the closest version found: 97
May 20, 2022 4:18:15 PM org.openqa.selenium.devtools.CdpVersionFinder findNearestMatch
INFO: Found CDP implementation for version 101 of 97
]]></system-err>
  </testcase>
  <testcase name="Login scenario #4" classname="Login" time="5.304">
    <system-out><![CDATA[
@Login
Scenario Outline: Login scenario &amp#27;[90m# src/test/resources/features/Login.feature:19&amp#27;[0m
16:18:21.127 [main] INFO io.cucumber.core.plugin.SerenityReporter - Running feature from file:///C:/Users/user/Documents/WebMiniLogin/src/test/resources/features/Login.feature
16:18:21.197 [main] INFO net.serenitybdd.core.webdriver.driverproviders.ChromeDriverProvider - Using automatically driver download
16:18:21.546 [main] DEBUG io.github.bonigarcia.wdm.cache.ResolutionCache - Resolution chrome=101 in cache (valid until 17:17:56 20/05/2022 WIB)
16:18:21.560 [main] DEBUG io.github.bonigarcia.wdm.cache.ResolutionCache - Resolution chrome101=101.0.4951.41 in cache (valid until 16:17:56 21/05/2022 WIB)
16:18:21.565 [main] INFO io.github.bonigarcia.wdm.WebDriverManager - Using chromedriver 101.0.4951.41 (resolved driver for Chrome 101)
16:18:21.625 [main] DEBUG io.github.bonigarcia.wdm.WebDriverManager - Driver chromedriver 101.0.4951.41 found in cache
16:18:21.626 [main] INFO io.github.bonigarcia.wdm.WebDriverManager - Exporting webdriver.chrome.driver as C:\Users\user\.cache\selenium\chromedriver\win32\101.0.4951.41\chromedriver.exe
16:18:21.796 [main] DEBUG net.serenitybdd.core.webdriver.driverproviders.ProvideNewDriver - Instantiating driver
16:18:21.796 [main] DEBUG net.serenitybdd.core.webdriver.driverproviders.ProvideNewDriver - Driver capabilities: Capabilities {acceptInsecureCerts: false, base.url: https://qa.alta.id/, browserName: chrome, chrome.driver: src/test/resources/webdrive..., driver: chrome, goog:chromeOptions: {args: [], extensions: []}}
16:18:22.318 [AsyncHttpClient-1-11] DEBUG org.asynchttpclient.netty.channel.NettyConnectListener - Using new Channel '[id: 0x1b9ba311, L:/127.0.0.1:63638 - R:localhost/127.0.0.1:58680]' for 'POST' to '/session'
16:18:22.985 [AsyncHttpClient-1-11] DEBUG org.asynchttpclient.netty.handler.HttpHandler - 

Request DefaultHttpRequest(decodeResult: success, version: HTTP/1.1)
POST /session HTTP/1.1
User-Agent: selenium/4.1.2 (java windows)
Content-Length: 605
Content-Type: application/json; charset=utf-8
host: localhost:58680
accept: */*

Response DefaultHttpResponse(decodeResult: success, version: HTTP/1.1)
HTTP/1.1 200 OK
Content-Type: application/json; charset=utf-8
cache-control: no-cache
content-length: 789

16:18:22.985 [AsyncHttpClient-1-11] DEBUG org.asynchttpclient.netty.channel.ChannelManager - Adding key: http://localhost:58680 for channel [id: 0x1b9ba311, L:/127.0.0.1:63638 - R:localhost/127.0.0.1:58680]
16:18:22.992 [AsyncHttpClient-1-12] DEBUG org.asynchttpclient.netty.channel.NettyConnectListener - Using new Channel '[id: 0xe2ba1747, L:/127.0.0.1:63645 - R:localhost/127.0.0.1:63639]' for 'GET' to '/json/version'
16:18:22.997 [AsyncHttpClient-1-12] DEBUG org.asynchttpclient.netty.handler.HttpHandler - 

Request DefaultFullHttpRequest(decodeResult: success, version: HTTP/1.1, content: EmptyByteBufBE)
GET /json/version HTTP/1.1
User-Agent: selenium/4.1.2 (java windows)
host: localhost:63639
accept: */*

Response DefaultHttpResponse(decodeResult: success, version: HTTP/1.1)
HTTP/1.1 200 OK
Content-Type: application/json; charset=UTF-8
content-length: 427

16:18:22.997 [AsyncHttpClient-1-12] DEBUG org.asynchttpclient.netty.channel.ChannelManager - Adding key: http://localhost:63639 for channel [id: 0xe2ba1747, L:/127.0.0.1:63645 - R:localhost/127.0.0.1:63639]
16:18:23.000 [AsyncHttpClient-1-13] DEBUG org.asynchttpclient.netty.channel.NettyConnectListener - Using new Channel '[id: 0x43a759a7, L:/127.0.0.1:63646 - R:localhost/127.0.0.1:63639]' for 'GET' to '/devtools/browser/de18ac60-f36a-49da-936f-af55c4f9a4e4'
16:18:23.007 [AsyncHttpClient-1-13] DEBUG org.asynchttpclient.netty.handler.WebSocketHandler - 

Request DefaultFullHttpRequest(decodeResult: success, version: HTTP/1.1, content: EmptyByteBufBE)
GET /devtools/browser/de18ac60-f36a-49da-936f-af55c4f9a4e4 HTTP/1.1
upgrade: websocket
connection: upgrade
sec-websocket-key: ZvBCYFTxYSgbD8wNSYeKHg==
sec-websocket-version: 13
origin: http://localhost:63639
host: localhost:63639
accept: */*
user-agent: AHC/2.1

Response DefaultHttpResponse(decodeResult: success, version: HTTP/1.1)
HTTP/1.1 101 WebSocket Protocol Handshake
Upgrade: WebSocket
Connection: Upgrade
Sec-WebSocket-Accept: ZT6615LGrDl5YbwlW9/TLOFwBcc=

16:18:23.013 [Forwarding maximizeCurrentWindow on session 68ea2943cdd2925cfcf3c24d9757668a to remote] DEBUG org.asynchttpclient.netty.request.NettyRequestSender - Using pooled Channel '[id: 0x1b9ba311, L:/127.0.0.1:63638 - R:localhost/127.0.0.1:58680]' for 'POST' to 'http://localhost:58680/session/68ea2943cdd2925cfcf3c24d9757668a/window/maximize'
16:18:23.013 [Forwarding maximizeCurrentWindow on session 68ea2943cdd2925cfcf3c24d9757668a to remote] DEBUG org.asynchttpclient.netty.request.NettyRequestSender - Using open Channel [id: 0x1b9ba311, L:/127.0.0.1:63638 - R:localhost/127.0.0.1:58680] for POST '/session/68ea2943cdd2925cfcf3c24d9757668a/window/maximize'
16:18:23.032 [AsyncHttpClient-1-1] DEBUG org.asynchttpclient.netty.channel.DefaultChannelPool - Entry count for : http://localhost:63639 : 1
16:18:23.144 [AsyncHttpClient-1-11] DEBUG org.asynchttpclient.netty.handler.HttpHandler - 

Request DefaultHttpRequest(decodeResult: success, version: HTTP/1.1)
POST /session/68ea2943cdd2925cfcf3c24d9757668a/window/maximize HTTP/1.1
User-Agent: selenium/4.1.2 (java windows)
Content-Length: 3
Content-Type: application/json; charset=utf-8
host: localhost:58680
accept: */*

Response DefaultHttpResponse(decodeResult: success, version: HTTP/1.1)
HTTP/1.1 200 OK
Content-Type: application/json; charset=utf-8
cache-control: no-cache
content-length: 52

16:18:23.145 [AsyncHttpClient-1-11] DEBUG org.asynchttpclient.netty.channel.ChannelManager - Adding key: http://localhost:58680 for channel [id: 0x1b9ba311, L:/127.0.0.1:63638 - R:localhost/127.0.0.1:58680]
16:18:23.147 [Forwarding get on session 68ea2943cdd2925cfcf3c24d9757668a to remote] DEBUG org.asynchttpclient.netty.request.NettyRequestSender - Using pooled Channel '[id: 0x1b9ba311, L:/127.0.0.1:63638 - R:localhost/127.0.0.1:58680]' for 'POST' to 'http://localhost:58680/session/68ea2943cdd2925cfcf3c24d9757668a/url'
16:18:23.147 [Forwarding get on session 68ea2943cdd2925cfcf3c24d9757668a to remote] DEBUG org.asynchttpclient.netty.request.NettyRequestSender - Using open Channel [id: 0x1b9ba311, L:/127.0.0.1:63638 - R:localhost/127.0.0.1:58680] for POST '/session/68ea2943cdd2925cfcf3c24d9757668a/url'
16:18:24.079 [AsyncHttpClient-1-11] DEBUG org.asynchttpclient.netty.handler.HttpHandler - 

Request DefaultHttpRequest(decodeResult: success, version: HTTP/1.1)
POST /session/68ea2943cdd2925cfcf3c24d9757668a/url HTTP/1.1
User-Agent: selenium/4.1.2 (java windows)
Content-Length: 64
Content-Type: application/json; charset=utf-8
host: localhost:58680
accept: */*

Response DefaultHttpResponse(decodeResult: success, version: HTTP/1.1)
HTTP/1.1 200 OK
Content-Type: application/json; charset=utf-8
cache-control: no-cache
content-length: 14

16:18:24.080 [AsyncHttpClient-1-11] DEBUG org.asynchttpclient.netty.channel.ChannelManager - Adding key: http://localhost:58680 for channel [id: 0x1b9ba311, L:/127.0.0.1:63638 - R:localhost/127.0.0.1:58680]
16:18:24.081 [Forwarding setTimeout on session 68ea2943cdd2925cfcf3c24d9757668a to remote] DEBUG org.asynchttpclient.netty.request.NettyRequestSender - Using pooled Channel '[id: 0x1b9ba311, L:/127.0.0.1:63638 - R:localhost/127.0.0.1:58680]' for 'POST' to 'http://localhost:58680/session/68ea2943cdd2925cfcf3c24d9757668a/timeouts'
16:18:24.081 [Forwarding setTimeout on session 68ea2943cdd2925cfcf3c24d9757668a to remote] DEBUG org.asynchttpclient.netty.request.NettyRequestSender - Using open Channel [id: 0x1b9ba311, L:/127.0.0.1:63638 - R:localhost/127.0.0.1:58680] for POST '/session/68ea2943cdd2925cfcf3c24d9757668a/timeouts'
16:18:24.082 [AsyncHttpClient-1-11] DEBUG org.asynchttpclient.netty.handler.HttpHandler - 

Request DefaultHttpRequest(decodeResult: success, version: HTTP/1.1)
POST /session/68ea2943cdd2925cfcf3c24d9757668a/timeouts HTTP/1.1
User-Agent: selenium/4.1.2 (java windows)
Content-Length: 22
Content-Type: application/json; charset=utf-8
host: localhost:58680
accept: */*

Response DefaultHttpResponse(decodeResult: success, version: HTTP/1.1)
HTTP/1.1 200 OK
Content-Type: application/json; charset=utf-8
cache-control: no-cache
content-length: 14

16:18:24.083 [AsyncHttpClient-1-11] DEBUG org.asynchttpclient.netty.channel.ChannelManager - Adding key: http://localhost:58680 for channel [id: 0x1b9ba311, L:/127.0.0.1:63638 - R:localhost/127.0.0.1:58680]
16:18:24.085 [Forwarding getCurrentUrl on session 68ea2943cdd2925cfcf3c24d9757668a to remote] DEBUG org.asynchttpclient.netty.request.NettyRequestSender - Using pooled Channel '[id: 0x1b9ba311, L:/127.0.0.1:63638 - R:localhost/127.0.0.1:58680]' for 'GET' to 'http://localhost:58680/session/68ea2943cdd2925cfcf3c24d9757668a/url'
16:18:24.085 [Forwarding getCurrentUrl on session 68ea2943cdd2925cfcf3c24d9757668a to remote] DEBUG org.asynchttpclient.netty.request.NettyRequestSender - Using open Channel [id: 0x1b9ba311, L:/127.0.0.1:63638 - R:localhost/127.0.0.1:58680] for GET '/session/68ea2943cdd2925cfcf3c24d9757668a/url'
16:18:24.089 [AsyncHttpClient-1-11] DEBUG org.asynchttpclient.netty.handler.HttpHandler - 

Request DefaultFullHttpRequest(decodeResult: success, version: HTTP/1.1, content: EmptyByteBufBE)
GET /session/68ea2943cdd2925cfcf3c24d9757668a/url HTTP/1.1
User-Agent: selenium/4.1.2 (java windows)
Cache-Control: no-cache
Content-Type: application/json; charset=utf-8
host: localhost:58680
accept: */*

Response DefaultHttpResponse(decodeResult: success, version: HTTP/1.1)
HTTP/1.1 200 OK
Content-Type: application/json; charset=utf-8
cache-control: no-cache
content-length: 41

16:18:24.090 [AsyncHttpClient-1-11] DEBUG org.asynchttpclient.netty.channel.ChannelManager - Adding key: http://localhost:58680 for channel [id: 0x1b9ba311, L:/127.0.0.1:63638 - R:localhost/127.0.0.1:58680]
16:18:24.098 [Forwarding screenshot on session 68ea2943cdd2925cfcf3c24d9757668a to remote] DEBUG org.asynchttpclient.netty.request.NettyRequestSender - Using pooled Channel '[id: 0x1b9ba311, L:/127.0.0.1:63638 - R:localhost/127.0.0.1:58680]' for 'GET' to 'http://localhost:58680/session/68ea2943cdd2925cfcf3c24d9757668a/screenshot'
16:18:24.098 [Forwarding screenshot on session 68ea2943cdd2925cfcf3c24d9757668a to remote] DEBUG org.asynchttpclient.netty.request.NettyRequestSender - Using open Channel [id: 0x1b9ba311, L:/127.0.0.1:63638 - R:localhost/127.0.0.1:58680] for GET '/session/68ea2943cdd2925cfcf3c24d9757668a/screenshot'
16:18:24.132 [AsyncHttpClient-1-1] DEBUG org.asynchttpclient.netty.channel.DefaultChannelPool - Entry count for : http://localhost:63639 : 1
16:18:24.409 [AsyncHttpClient-1-11] DEBUG org.asynchttpclient.netty.handler.HttpHandler - 

Request DefaultFullHttpRequest(decodeResult: success, version: HTTP/1.1, content: EmptyByteBufBE)
GET /session/68ea2943cdd2925cfcf3c24d9757668a/screenshot HTTP/1.1
User-Agent: selenium/4.1.2 (java windows)
Cache-Control: no-cache
Content-Type: application/json; charset=utf-8
host: localhost:58680
accept: */*

Response DefaultHttpResponse(decodeResult: success, version: HTTP/1.1)
HTTP/1.1 200 OK
Content-Type: application/json; charset=utf-8
cache-control: no-cache
content-length: 31092

16:18:24.409 [AsyncHttpClient-1-11] DEBUG org.asynchttpclient.netty.channel.ChannelManager - Adding key: http://localhost:58680 for channel [id: 0x1b9ba311, L:/127.0.0.1:63638 - R:localhost/127.0.0.1:58680]
16:18:24.411 [main] DEBUG net.serenitybdd.core.photography.Darkroom - Send negative for processing for target\site\serenity\b625743ee732bdb87af642911c7f9583a57576024640458a3bdf0adf445bf9cb.png
16:18:24.411 [main] DEBUG net.thucydides.core.steps.StepInterceptor - STARTING STEP: LoginStep.iAmOnTheLoginPage - validateOnLoginPage
16:18:24.414 [Forwarding findElement on session 68ea2943cdd2925cfcf3c24d9757668a to remote] DEBUG org.asynchttpclient.netty.request.NettyRequestSender - Using pooled Channel '[id: 0x1b9ba311, L:/127.0.0.1:63638 - R:localhost/127.0.0.1:58680]' for 'POST' to 'http://localhost:58680/session/68ea2943cdd2925cfcf3c24d9757668a/element'
16:18:24.414 [Forwarding findElement on session 68ea2943cdd2925cfcf3c24d9757668a to remote] DEBUG org.asynchttpclient.netty.request.NettyRequestSender - Using open Channel [id: 0x1b9ba311, L:/127.0.0.1:63638 - R:localhost/127.0.0.1:58680] for POST '/session/68ea2943cdd2925cfcf3c24d9757668a/element'
16:18:24.425 [AsyncHttpClient-1-11] DEBUG org.asynchttpclient.netty.handler.HttpHandler - 

Request DefaultHttpRequest(decodeResult: success, version: HTTP/1.1)
POST /session/68ea2943cdd2925cfcf3c24d9757668a/element HTTP/1.1
User-Agent: selenium/4.1.2 (java windows)
Content-Length: 136
Content-Type: application/json; charset=utf-8
host: localhost:58680
accept: */*

Response DefaultHttpResponse(decodeResult: success, version: HTTP/1.1)
HTTP/1.1 200 OK
Content-Type: application/json; charset=utf-8
cache-control: no-cache
content-length: 88

16:18:24.425 [AsyncHttpClient-1-11] DEBUG org.asynchttpclient.netty.channel.ChannelManager - Adding key: http://localhost:58680 for channel [id: 0x1b9ba311, L:/127.0.0.1:63638 - R:localhost/127.0.0.1:58680]
16:18:24.428 [Forwarding isElementDisplayed on session 68ea2943cdd2925cfcf3c24d9757668a to remote] DEBUG org.asynchttpclient.netty.request.NettyRequestSender - Using pooled Channel '[id: 0x1b9ba311, L:/127.0.0.1:63638 - R:localhost/127.0.0.1:58680]' for 'POST' to 'http://localhost:58680/session/68ea2943cdd2925cfcf3c24d9757668a/execute/sync'
16:18:24.429 [Forwarding isElementDisplayed on session 68ea2943cdd2925cfcf3c24d9757668a to remote] DEBUG org.asynchttpclient.netty.request.NettyRequestSender - Using open Channel [id: 0x1b9ba311, L:/127.0.0.1:63638 - R:localhost/127.0.0.1:58680] for POST '/session/68ea2943cdd2925cfcf3c24d9757668a/execute/sync'
16:18:24.441 [AsyncHttpClient-1-11] DEBUG org.asynchttpclient.netty.handler.HttpHandler - 

Request DefaultHttpRequest(decodeResult: success, version: HTTP/1.1)
POST /session/68ea2943cdd2925cfcf3c24d9757668a/execute/sync HTTP/1.1
User-Agent: selenium/4.1.2 (java windows)
Content-Length: 48780
Content-Type: application/json; charset=utf-8
host: localhost:58680
accept: */*

Response DefaultHttpResponse(decodeResult: success, version: HTTP/1.1)
HTTP/1.1 200 OK
Content-Type: application/json; charset=utf-8
cache-control: no-cache
content-length: 14

16:18:24.441 [AsyncHttpClient-1-11] DEBUG org.asynchttpclient.netty.channel.ChannelManager - Adding key: http://localhost:58680 for channel [id: 0x1b9ba311, L:/127.0.0.1:63638 - R:localhost/127.0.0.1:58680]
16:18:24.445 [main] DEBUG net.thucydides.core.steps.StepInterceptor - STEP DONE: validateOnLoginPage
  &amp#27;[32mGiven &amp#27;[0m&amp#27;[32mI am on the login page&amp#27;[0m   &amp#27;[90m# Starter.StepDefinitions.LoginStep.iAmOnTheLoginPage()&amp#27;[0m
16:18:24.459 [main] DEBUG net.thucydides.core.steps.StepInterceptor - STARTING STEP: LoginStep.iInputEmail - inputEmail
16:18:24.462 [Forwarding findElement on session 68ea2943cdd2925cfcf3c24d9757668a to remote] DEBUG org.asynchttpclient.netty.request.NettyRequestSender - Using pooled Channel '[id: 0x1b9ba311, L:/127.0.0.1:63638 - R:localhost/127.0.0.1:58680]' for 'POST' to 'http://localhost:58680/session/68ea2943cdd2925cfcf3c24d9757668a/element'
16:18:24.462 [Forwarding findElement on session 68ea2943cdd2925cfcf3c24d9757668a to remote] DEBUG org.asynchttpclient.netty.request.NettyRequestSender - Using open Channel [id: 0x1b9ba311, L:/127.0.0.1:63638 - R:localhost/127.0.0.1:58680] for POST '/session/68ea2943cdd2925cfcf3c24d9757668a/element'
16:18:24.472 [AsyncHttpClient-1-11] DEBUG org.asynchttpclient.netty.handler.HttpHandler - 

Request DefaultHttpRequest(decodeResult: success, version: HTTP/1.1)
POST /session/68ea2943cdd2925cfcf3c24d9757668a/element HTTP/1.1
User-Agent: selenium/4.1.2 (java windows)
Content-Length: 91
Content-Type: application/json; charset=utf-8
host: localhost:58680
accept: */*

Response DefaultHttpResponse(decodeResult: success, version: HTTP/1.1)
HTTP/1.1 200 OK
Content-Type: application/json; charset=utf-8
cache-control: no-cache
content-length: 88

16:18:24.472 [AsyncHttpClient-1-11] DEBUG org.asynchttpclient.netty.channel.ChannelManager - Adding key: http://localhost:58680 for channel [id: 0x1b9ba311, L:/127.0.0.1:63638 - R:localhost/127.0.0.1:58680]
16:18:24.474 [Forwarding clearElement on session 68ea2943cdd2925cfcf3c24d9757668a to remote] DEBUG org.asynchttpclient.netty.request.NettyRequestSender - Using pooled Channel '[id: 0x1b9ba311, L:/127.0.0.1:63638 - R:localhost/127.0.0.1:58680]' for 'POST' to 'http://localhost:58680/session/68ea2943cdd2925cfcf3c24d9757668a/element/fa1d80e6-2217-46cf-a301-856f11ed041e/clear'
16:18:24.474 [Forwarding clearElement on session 68ea2943cdd2925cfcf3c24d9757668a to remote] DEBUG org.asynchttpclient.netty.request.NettyRequestSender - Using open Channel [id: 0x1b9ba311, L:/127.0.0.1:63638 - R:localhost/127.0.0.1:58680] for POST '/session/68ea2943cdd2925cfcf3c24d9757668a/element/fa1d80e6-2217-46cf-a301-856f11ed041e/clear'
16:18:24.502 [AsyncHttpClient-1-11] DEBUG org.asynchttpclient.netty.handler.HttpHandler - 

Request DefaultHttpRequest(decodeResult: success, version: HTTP/1.1)
POST /session/68ea2943cdd2925cfcf3c24d9757668a/element/fa1d80e6-2217-46cf-a301-856f11ed041e/clear HTTP/1.1
User-Agent: selenium/4.1.2 (java windows)
Content-Length: 50
Content-Type: application/json; charset=utf-8
host: localhost:58680
accept: */*

Response DefaultHttpResponse(decodeResult: success, version: HTTP/1.1)
HTTP/1.1 200 OK
Content-Type: application/json; charset=utf-8
cache-control: no-cache
content-length: 14

16:18:24.503 [AsyncHttpClient-1-11] DEBUG org.asynchttpclient.netty.channel.ChannelManager - Adding key: http://localhost:58680 for channel [id: 0x1b9ba311, L:/127.0.0.1:63638 - R:localhost/127.0.0.1:58680]
16:18:24.505 [Forwarding sendKeysToElement on session 68ea2943cdd2925cfcf3c24d9757668a to remote] DEBUG org.asynchttpclient.netty.request.NettyRequestSender - Using pooled Channel '[id: 0x1b9ba311, L:/127.0.0.1:63638 - R:localhost/127.0.0.1:58680]' for 'POST' to 'http://localhost:58680/session/68ea2943cdd2925cfcf3c24d9757668a/element/fa1d80e6-2217-46cf-a301-856f11ed041e/value'
16:18:24.505 [Forwarding sendKeysToElement on session 68ea2943cdd2925cfcf3c24d9757668a to remote] DEBUG org.asynchttpclient.netty.request.NettyRequestSender - Using open Channel [id: 0x1b9ba311, L:/127.0.0.1:63638 - R:localhost/127.0.0.1:58680] for POST '/session/68ea2943cdd2925cfcf3c24d9757668a/element/fa1d80e6-2217-46cf-a301-856f11ed041e/value'
16:18:24.546 [AsyncHttpClient-1-11] DEBUG org.asynchttpclient.netty.handler.HttpHandler - 

Request DefaultHttpRequest(decodeResult: success, version: HTTP/1.1)
POST /session/68ea2943cdd2925cfcf3c24d9757668a/element/fa1d80e6-2217-46cf-a301-856f11ed041e/value HTTP/1.1
User-Agent: selenium/4.1.2 (java windows)
Content-Length: 91
Content-Type: application/json; charset=utf-8
host: localhost:58680
accept: */*

Response DefaultHttpResponse(decodeResult: success, version: HTTP/1.1)
HTTP/1.1 200 OK
Content-Type: application/json; charset=utf-8
cache-control: no-cache
content-length: 14

16:18:24.546 [AsyncHttpClient-1-11] DEBUG org.asynchttpclient.netty.channel.ChannelManager - Adding key: http://localhost:58680 for channel [id: 0x1b9ba311, L:/127.0.0.1:63638 - R:localhost/127.0.0.1:58680]
16:18:24.554 [Forwarding screenshot on session 68ea2943cdd2925cfcf3c24d9757668a to remote] DEBUG org.asynchttpclient.netty.request.NettyRequestSender - Using pooled Channel '[id: 0x1b9ba311, L:/127.0.0.1:63638 - R:localhost/127.0.0.1:58680]' for 'GET' to 'http://localhost:58680/session/68ea2943cdd2925cfcf3c24d9757668a/screenshot'
16:18:24.554 [Forwarding screenshot on session 68ea2943cdd2925cfcf3c24d9757668a to remote] DEBUG org.asynchttpclient.netty.request.NettyRequestSender - Using open Channel [id: 0x1b9ba311, L:/127.0.0.1:63638 - R:localhost/127.0.0.1:58680] for GET '/session/68ea2943cdd2925cfcf3c24d9757668a/screenshot'
16:18:24.703 [AsyncHttpClient-1-11] DEBUG org.asynchttpclient.netty.handler.HttpHandler - 

Request DefaultFullHttpRequest(decodeResult: success, version: HTTP/1.1, content: EmptyByteBufBE)
GET /session/68ea2943cdd2925cfcf3c24d9757668a/screenshot HTTP/1.1
User-Agent: selenium/4.1.2 (java windows)
Cache-Control: no-cache
Content-Type: application/json; charset=utf-8
host: localhost:58680
accept: */*

Response DefaultHttpResponse(decodeResult: success, version: HTTP/1.1)
HTTP/1.1 200 OK
Content-Type: application/json; charset=utf-8
cache-control: no-cache
content-length: 31804

16:18:24.704 [AsyncHttpClient-1-11] DEBUG org.asynchttpclient.netty.channel.ChannelManager - Adding key: http://localhost:58680 for channel [id: 0x1b9ba311, L:/127.0.0.1:63638 - R:localhost/127.0.0.1:58680]
16:18:24.706 [main] DEBUG net.serenitybdd.core.photography.Darkroom - Send negative for processing for target\site\serenity\6905598735f1f5fad18d0122ca02044c01b31f3885b3560f79b65f03a72ae4a0.png
16:18:24.706 [main] DEBUG net.thucydides.core.steps.StepInterceptor - STEP DONE: inputEmail
  &amp#27;[32mWhen &amp#27;[0m&amp#27;[32mI input &amp#27;[0m&amp#27;[32m&amp#27;[1m"a"&amp#27;[0m&amp#27;[32m email&amp#27;[0m         &amp#27;[90m# Starter.StepDefinitions.LoginStep.iInputEmail(java.lang.String)&amp#27;[0m
16:18:24.706 [Darkroom Processing Line] DEBUG net.serenitybdd.core.photography.DarkroomProcessingLine - Processing screenshot image in /var/screenshots/screenshot-8600776828035296588
16:18:24.706 [Darkroom Processing Line] DEBUG net.serenitybdd.core.photography.DarkroomProcessingLine - Saving screenshot to target\site\serenity\6905598735f1f5fad18d0122ca02044c01b31f3885b3560f79b65f03a72ae4a0.png
16:18:24.720 [main] DEBUG net.thucydides.core.steps.StepInterceptor - STARTING STEP: LoginStep.iInputPassword - inputPassword
16:18:24.722 [Forwarding findElement on session 68ea2943cdd2925cfcf3c24d9757668a to remote] DEBUG org.asynchttpclient.netty.request.NettyRequestSender - Using pooled Channel '[id: 0x1b9ba311, L:/127.0.0.1:63638 - R:localhost/127.0.0.1:58680]' for 'POST' to 'http://localhost:58680/session/68ea2943cdd2925cfcf3c24d9757668a/element'
16:18:24.722 [Forwarding findElement on session 68ea2943cdd2925cfcf3c24d9757668a to remote] DEBUG org.asynchttpclient.netty.request.NettyRequestSender - Using open Channel [id: 0x1b9ba311, L:/127.0.0.1:63638 - R:localhost/127.0.0.1:58680] for POST '/session/68ea2943cdd2925cfcf3c24d9757668a/element'
16:18:24.732 [AsyncHttpClient-1-11] DEBUG org.asynchttpclient.netty.handler.HttpHandler - 

Request DefaultHttpRequest(decodeResult: success, version: HTTP/1.1)
POST /session/68ea2943cdd2925cfcf3c24d9757668a/element HTTP/1.1
User-Agent: selenium/4.1.2 (java windows)
Content-Length: 94
Content-Type: application/json; charset=utf-8
host: localhost:58680
accept: */*

Response DefaultHttpResponse(decodeResult: success, version: HTTP/1.1)
HTTP/1.1 200 OK
Content-Type: application/json; charset=utf-8
cache-control: no-cache
content-length: 88

16:18:24.732 [AsyncHttpClient-1-11] DEBUG org.asynchttpclient.netty.channel.ChannelManager - Adding key: http://localhost:58680 for channel [id: 0x1b9ba311, L:/127.0.0.1:63638 - R:localhost/127.0.0.1:58680]
16:18:24.733 [Forwarding clearElement on session 68ea2943cdd2925cfcf3c24d9757668a to remote] DEBUG org.asynchttpclient.netty.request.NettyRequestSender - Using pooled Channel '[id: 0x1b9ba311, L:/127.0.0.1:63638 - R:localhost/127.0.0.1:58680]' for 'POST' to 'http://localhost:58680/session/68ea2943cdd2925cfcf3c24d9757668a/element/56eaffcc-1d4e-4df8-a7f4-78bac2e886b9/clear'
16:18:24.733 [Forwarding clearElement on session 68ea2943cdd2925cfcf3c24d9757668a to remote] DEBUG org.asynchttpclient.netty.request.NettyRequestSender - Using open Channel [id: 0x1b9ba311, L:/127.0.0.1:63638 - R:localhost/127.0.0.1:58680] for POST '/session/68ea2943cdd2925cfcf3c24d9757668a/element/56eaffcc-1d4e-4df8-a7f4-78bac2e886b9/clear'
16:18:24.761 [AsyncHttpClient-1-11] DEBUG org.asynchttpclient.netty.handler.HttpHandler - 

Request DefaultHttpRequest(decodeResult: success, version: HTTP/1.1)
POST /session/68ea2943cdd2925cfcf3c24d9757668a/element/56eaffcc-1d4e-4df8-a7f4-78bac2e886b9/clear HTTP/1.1
User-Agent: selenium/4.1.2 (java windows)
Content-Length: 50
Content-Type: application/json; charset=utf-8
host: localhost:58680
accept: */*

Response DefaultHttpResponse(decodeResult: success, version: HTTP/1.1)
HTTP/1.1 200 OK
Content-Type: application/json; charset=utf-8
cache-control: no-cache
content-length: 14

16:18:24.761 [AsyncHttpClient-1-11] DEBUG org.asynchttpclient.netty.channel.ChannelManager - Adding key: http://localhost:58680 for channel [id: 0x1b9ba311, L:/127.0.0.1:63638 - R:localhost/127.0.0.1:58680]
16:18:24.763 [Forwarding sendKeysToElement on session 68ea2943cdd2925cfcf3c24d9757668a to remote] DEBUG org.asynchttpclient.netty.request.NettyRequestSender - Using pooled Channel '[id: 0x1b9ba311, L:/127.0.0.1:63638 - R:localhost/127.0.0.1:58680]' for 'POST' to 'http://localhost:58680/session/68ea2943cdd2925cfcf3c24d9757668a/element/56eaffcc-1d4e-4df8-a7f4-78bac2e886b9/value'
16:18:24.763 [Forwarding sendKeysToElement on session 68ea2943cdd2925cfcf3c24d9757668a to remote] DEBUG org.asynchttpclient.netty.request.NettyRequestSender - Using open Channel [id: 0x1b9ba311, L:/127.0.0.1:63638 - R:localhost/127.0.0.1:58680] for POST '/session/68ea2943cdd2925cfcf3c24d9757668a/element/56eaffcc-1d4e-4df8-a7f4-78bac2e886b9/value'
16:18:24.805 [AsyncHttpClient-1-11] DEBUG org.asynchttpclient.netty.handler.HttpHandler - 

Request DefaultHttpRequest(decodeResult: success, version: HTTP/1.1)
POST /session/68ea2943cdd2925cfcf3c24d9757668a/element/56eaffcc-1d4e-4df8-a7f4-78bac2e886b9/value HTTP/1.1
User-Agent: selenium/4.1.2 (java windows)
Content-Length: 91
Content-Type: application/json; charset=utf-8
host: localhost:58680
accept: */*

Response DefaultHttpResponse(decodeResult: success, version: HTTP/1.1)
HTTP/1.1 200 OK
Content-Type: application/json; charset=utf-8
cache-control: no-cache
content-length: 14

16:18:24.805 [AsyncHttpClient-1-11] DEBUG org.asynchttpclient.netty.channel.ChannelManager - Adding key: http://localhost:58680 for channel [id: 0x1b9ba311, L:/127.0.0.1:63638 - R:localhost/127.0.0.1:58680]
16:18:24.811 [Forwarding screenshot on session 68ea2943cdd2925cfcf3c24d9757668a to remote] DEBUG org.asynchttpclient.netty.request.NettyRequestSender - Using pooled Channel '[id: 0x1b9ba311, L:/127.0.0.1:63638 - R:localhost/127.0.0.1:58680]' for 'GET' to 'http://localhost:58680/session/68ea2943cdd2925cfcf3c24d9757668a/screenshot'
16:18:24.811 [Forwarding screenshot on session 68ea2943cdd2925cfcf3c24d9757668a to remote] DEBUG org.asynchttpclient.netty.request.NettyRequestSender - Using open Channel [id: 0x1b9ba311, L:/127.0.0.1:63638 - R:localhost/127.0.0.1:58680] for GET '/session/68ea2943cdd2925cfcf3c24d9757668a/screenshot'
16:18:24.956 [AsyncHttpClient-1-11] DEBUG org.asynchttpclient.netty.handler.HttpHandler - 

Request DefaultFullHttpRequest(decodeResult: success, version: HTTP/1.1, content: EmptyByteBufBE)
GET /session/68ea2943cdd2925cfcf3c24d9757668a/screenshot HTTP/1.1
User-Agent: selenium/4.1.2 (java windows)
Cache-Control: no-cache
Content-Type: application/json; charset=utf-8
host: localhost:58680
accept: */*

Response DefaultHttpResponse(decodeResult: success, version: HTTP/1.1)
HTTP/1.1 200 OK
Content-Type: application/json; charset=utf-8
cache-control: no-cache
content-length: 31932

16:18:24.956 [AsyncHttpClient-1-11] DEBUG org.asynchttpclient.netty.channel.ChannelManager - Adding key: http://localhost:58680 for channel [id: 0x1b9ba311, L:/127.0.0.1:63638 - R:localhost/127.0.0.1:58680]
16:18:24.958 [main] DEBUG net.serenitybdd.core.photography.Darkroom - Send negative for processing for target\site\serenity\3c9cc537f730dc5fd1b87ca3bc639a9f5ce66e64abe0951ef595fa808ec5b681.png
16:18:24.958 [main] DEBUG net.thucydides.core.steps.StepInterceptor - STEP DONE: inputPassword
  &amp#27;[32mAnd &amp#27;[0m&amp#27;[32mI input &amp#27;[0m&amp#27;[32m&amp#27;[1m"b"&amp#27;[0m&amp#27;[32m password&amp#27;[0m       &amp#27;[90m# Starter.StepDefinitions.LoginStep.iInputPassword(java.lang.String)&amp#27;[0m
16:18:24.958 [Darkroom Processing Line] DEBUG net.serenitybdd.core.photography.DarkroomProcessingLine - Processing screenshot image in /var/screenshots/screenshot-5417468017332236517
16:18:24.958 [Darkroom Processing Line] DEBUG net.serenitybdd.core.photography.DarkroomProcessingLine - Saving screenshot to target\site\serenity\3c9cc537f730dc5fd1b87ca3bc639a9f5ce66e64abe0951ef595fa808ec5b681.png
16:18:24.973 [main] DEBUG net.thucydides.core.steps.StepInterceptor - STARTING STEP: LoginStep.clickLoginButton - clickLoginButton
16:18:24.976 [Forwarding findElement on session 68ea2943cdd2925cfcf3c24d9757668a to remote] DEBUG org.asynchttpclient.netty.request.NettyRequestSender - Using pooled Channel '[id: 0x1b9ba311, L:/127.0.0.1:63638 - R:localhost/127.0.0.1:58680]' for 'POST' to 'http://localhost:58680/session/68ea2943cdd2925cfcf3c24d9757668a/element'
16:18:24.976 [Forwarding findElement on session 68ea2943cdd2925cfcf3c24d9757668a to remote] DEBUG org.asynchttpclient.netty.request.NettyRequestSender - Using open Channel [id: 0x1b9ba311, L:/127.0.0.1:63638 - R:localhost/127.0.0.1:58680] for POST '/session/68ea2943cdd2925cfcf3c24d9757668a/element'
16:18:24.982 [AsyncHttpClient-1-11] DEBUG org.asynchttpclient.netty.handler.HttpHandler - 

Request DefaultHttpRequest(decodeResult: success, version: HTTP/1.1)
POST /session/68ea2943cdd2925cfcf3c24d9757668a/element HTTP/1.1
User-Agent: selenium/4.1.2 (java windows)
Content-Length: 136
Content-Type: application/json; charset=utf-8
host: localhost:58680
accept: */*

Response DefaultHttpResponse(decodeResult: success, version: HTTP/1.1)
HTTP/1.1 200 OK
Content-Type: application/json; charset=utf-8
cache-control: no-cache
content-length: 88

16:18:24.982 [AsyncHttpClient-1-11] DEBUG org.asynchttpclient.netty.channel.ChannelManager - Adding key: http://localhost:58680 for channel [id: 0x1b9ba311, L:/127.0.0.1:63638 - R:localhost/127.0.0.1:58680]
16:18:24.985 [Forwarding getElementTagName on session 68ea2943cdd2925cfcf3c24d9757668a to remote] DEBUG org.asynchttpclient.netty.request.NettyRequestSender - Using pooled Channel '[id: 0x1b9ba311, L:/127.0.0.1:63638 - R:localhost/127.0.0.1:58680]' for 'GET' to 'http://localhost:58680/session/68ea2943cdd2925cfcf3c24d9757668a/element/6e026c7e-04a5-4ad2-b3b6-c4561b1dd033/name'
16:18:24.985 [Forwarding getElementTagName on session 68ea2943cdd2925cfcf3c24d9757668a to remote] DEBUG org.asynchttpclient.netty.request.NettyRequestSender - Using open Channel [id: 0x1b9ba311, L:/127.0.0.1:63638 - R:localhost/127.0.0.1:58680] for GET '/session/68ea2943cdd2925cfcf3c24d9757668a/element/6e026c7e-04a5-4ad2-b3b6-c4561b1dd033/name'
16:18:24.992 [AsyncHttpClient-1-11] DEBUG org.asynchttpclient.netty.handler.HttpHandler - 

Request DefaultFullHttpRequest(decodeResult: success, version: HTTP/1.1, content: EmptyByteBufBE)
GET /session/68ea2943cdd2925cfcf3c24d9757668a/element/6e026c7e-04a5-4ad2-b3b6-c4561b1dd033/name HTTP/1.1
User-Agent: selenium/4.1.2 (java windows)
Cache-Control: no-cache
Content-Type: application/json; charset=utf-8
host: localhost:58680
accept: */*

Response DefaultHttpResponse(decodeResult: success, version: HTTP/1.1)
HTTP/1.1 200 OK
Content-Type: application/json; charset=utf-8
cache-control: no-cache
content-length: 18

16:18:24.992 [AsyncHttpClient-1-11] DEBUG org.asynchttpclient.netty.channel.ChannelManager - Adding key: http://localhost:58680 for channel [id: 0x1b9ba311, L:/127.0.0.1:63638 - R:localhost/127.0.0.1:58680]
16:18:24.994 [Forwarding getElementTagName on session 68ea2943cdd2925cfcf3c24d9757668a to remote] DEBUG org.asynchttpclient.netty.request.NettyRequestSender - Using pooled Channel '[id: 0x1b9ba311, L:/127.0.0.1:63638 - R:localhost/127.0.0.1:58680]' for 'GET' to 'http://localhost:58680/session/68ea2943cdd2925cfcf3c24d9757668a/element/6e026c7e-04a5-4ad2-b3b6-c4561b1dd033/name'
16:18:24.994 [Forwarding getElementTagName on session 68ea2943cdd2925cfcf3c24d9757668a to remote] DEBUG org.asynchttpclient.netty.request.NettyRequestSender - Using open Channel [id: 0x1b9ba311, L:/127.0.0.1:63638 - R:localhost/127.0.0.1:58680] for GET '/session/68ea2943cdd2925cfcf3c24d9757668a/element/6e026c7e-04a5-4ad2-b3b6-c4561b1dd033/name'
16:18:24.997 [AsyncHttpClient-1-11] DEBUG org.asynchttpclient.netty.handler.HttpHandler - 

Request DefaultFullHttpRequest(decodeResult: success, version: HTTP/1.1, content: EmptyByteBufBE)
GET /session/68ea2943cdd2925cfcf3c24d9757668a/element/6e026c7e-04a5-4ad2-b3b6-c4561b1dd033/name HTTP/1.1
User-Agent: selenium/4.1.2 (java windows)
Cache-Control: no-cache
Content-Type: application/json; charset=utf-8
host: localhost:58680
accept: */*

Response DefaultHttpResponse(decodeResult: success, version: HTTP/1.1)
HTTP/1.1 200 OK
Content-Type: application/json; charset=utf-8
cache-control: no-cache
content-length: 18

16:18:24.998 [AsyncHttpClient-1-11] DEBUG org.asynchttpclient.netty.channel.ChannelManager - Adding key: http://localhost:58680 for channel [id: 0x1b9ba311, L:/127.0.0.1:63638 - R:localhost/127.0.0.1:58680]
16:18:25.001 [Forwarding isElementEnabled on session 68ea2943cdd2925cfcf3c24d9757668a to remote] DEBUG org.asynchttpclient.netty.request.NettyRequestSender - Using pooled Channel '[id: 0x1b9ba311, L:/127.0.0.1:63638 - R:localhost/127.0.0.1:58680]' for 'GET' to 'http://localhost:58680/session/68ea2943cdd2925cfcf3c24d9757668a/element/6e026c7e-04a5-4ad2-b3b6-c4561b1dd033/enabled'
16:18:25.001 [Forwarding isElementEnabled on session 68ea2943cdd2925cfcf3c24d9757668a to remote] DEBUG org.asynchttpclient.netty.request.NettyRequestSender - Using open Channel [id: 0x1b9ba311, L:/127.0.0.1:63638 - R:localhost/127.0.0.1:58680] for GET '/session/68ea2943cdd2925cfcf3c24d9757668a/element/6e026c7e-04a5-4ad2-b3b6-c4561b1dd033/enabled'
16:18:25.011 [AsyncHttpClient-1-11] DEBUG org.asynchttpclient.netty.handler.HttpHandler - 

Request DefaultFullHttpRequest(decodeResult: success, version: HTTP/1.1, content: EmptyByteBufBE)
GET /session/68ea2943cdd2925cfcf3c24d9757668a/element/6e026c7e-04a5-4ad2-b3b6-c4561b1dd033/enabled HTTP/1.1
User-Agent: selenium/4.1.2 (java windows)
Cache-Control: no-cache
Content-Type: application/json; charset=utf-8
host: localhost:58680
accept: */*

Response DefaultHttpResponse(decodeResult: success, version: HTTP/1.1)
HTTP/1.1 200 OK
Content-Type: application/json; charset=utf-8
cache-control: no-cache
content-length: 14

16:18:25.011 [AsyncHttpClient-1-11] DEBUG org.asynchttpclient.netty.channel.ChannelManager - Adding key: http://localhost:58680 for channel [id: 0x1b9ba311, L:/127.0.0.1:63638 - R:localhost/127.0.0.1:58680]
16:18:25.013 [Forwarding isElementEnabled on session 68ea2943cdd2925cfcf3c24d9757668a to remote] DEBUG org.asynchttpclient.netty.request.NettyRequestSender - Using pooled Channel '[id: 0x1b9ba311, L:/127.0.0.1:63638 - R:localhost/127.0.0.1:58680]' for 'GET' to 'http://localhost:58680/session/68ea2943cdd2925cfcf3c24d9757668a/element/6e026c7e-04a5-4ad2-b3b6-c4561b1dd033/enabled'
16:18:25.013 [Forwarding isElementEnabled on session 68ea2943cdd2925cfcf3c24d9757668a to remote] DEBUG org.asynchttpclient.netty.request.NettyRequestSender - Using open Channel [id: 0x1b9ba311, L:/127.0.0.1:63638 - R:localhost/127.0.0.1:58680] for GET '/session/68ea2943cdd2925cfcf3c24d9757668a/element/6e026c7e-04a5-4ad2-b3b6-c4561b1dd033/enabled'
16:18:25.020 [AsyncHttpClient-1-11] DEBUG org.asynchttpclient.netty.handler.HttpHandler - 

Request DefaultFullHttpRequest(decodeResult: success, version: HTTP/1.1, content: EmptyByteBufBE)
GET /session/68ea2943cdd2925cfcf3c24d9757668a/element/6e026c7e-04a5-4ad2-b3b6-c4561b1dd033/enabled HTTP/1.1
User-Agent: selenium/4.1.2 (java windows)
Cache-Control: no-cache
Content-Type: application/json; charset=utf-8
host: localhost:58680
accept: */*

Response DefaultHttpResponse(decodeResult: success, version: HTTP/1.1)
HTTP/1.1 200 OK
Content-Type: application/json; charset=utf-8
cache-control: no-cache
content-length: 14

16:18:25.020 [AsyncHttpClient-1-11] DEBUG org.asynchttpclient.netty.channel.ChannelManager - Adding key: http://localhost:58680 for channel [id: 0x1b9ba311, L:/127.0.0.1:63638 - R:localhost/127.0.0.1:58680]
16:18:25.023 [Forwarding findElement on session 68ea2943cdd2925cfcf3c24d9757668a to remote] DEBUG org.asynchttpclient.netty.request.NettyRequestSender - Using pooled Channel '[id: 0x1b9ba311, L:/127.0.0.1:63638 - R:localhost/127.0.0.1:58680]' for 'POST' to 'http://localhost:58680/session/68ea2943cdd2925cfcf3c24d9757668a/element'
16:18:25.023 [Forwarding findElement on session 68ea2943cdd2925cfcf3c24d9757668a to remote] DEBUG org.asynchttpclient.netty.request.NettyRequestSender - Using open Channel [id: 0x1b9ba311, L:/127.0.0.1:63638 - R:localhost/127.0.0.1:58680] for POST '/session/68ea2943cdd2925cfcf3c24d9757668a/element'
16:18:25.029 [AsyncHttpClient-1-11] DEBUG org.asynchttpclient.netty.handler.HttpHandler - 

Request DefaultHttpRequest(decodeResult: success, version: HTTP/1.1)
POST /session/68ea2943cdd2925cfcf3c24d9757668a/element HTTP/1.1
User-Agent: selenium/4.1.2 (java windows)
Content-Length: 136
Content-Type: application/json; charset=utf-8
host: localhost:58680
accept: */*

Response DefaultHttpResponse(decodeResult: success, version: HTTP/1.1)
HTTP/1.1 200 OK
Content-Type: application/json; charset=utf-8
cache-control: no-cache
content-length: 88

16:18:25.029 [AsyncHttpClient-1-11] DEBUG org.asynchttpclient.netty.channel.ChannelManager - Adding key: http://localhost:58680 for channel [id: 0x1b9ba311, L:/127.0.0.1:63638 - R:localhost/127.0.0.1:58680]
16:18:25.031 [Forwarding clickElement on session 68ea2943cdd2925cfcf3c24d9757668a to remote] DEBUG org.asynchttpclient.netty.request.NettyRequestSender - Using pooled Channel '[id: 0x1b9ba311, L:/127.0.0.1:63638 - R:localhost/127.0.0.1:58680]' for 'POST' to 'http://localhost:58680/session/68ea2943cdd2925cfcf3c24d9757668a/element/6e026c7e-04a5-4ad2-b3b6-c4561b1dd033/click'
16:18:25.031 [Forwarding clickElement on session 68ea2943cdd2925cfcf3c24d9757668a to remote] DEBUG org.asynchttpclient.netty.request.NettyRequestSender - Using open Channel [id: 0x1b9ba311, L:/127.0.0.1:63638 - R:localhost/127.0.0.1:58680] for POST '/session/68ea2943cdd2925cfcf3c24d9757668a/element/6e026c7e-04a5-4ad2-b3b6-c4561b1dd033/click'
16:18:25.072 [AsyncHttpClient-1-11] DEBUG org.asynchttpclient.netty.handler.HttpHandler - 

Request DefaultHttpRequest(decodeResult: success, version: HTTP/1.1)
POST /session/68ea2943cdd2925cfcf3c24d9757668a/element/6e026c7e-04a5-4ad2-b3b6-c4561b1dd033/click HTTP/1.1
User-Agent: selenium/4.1.2 (java windows)
Content-Length: 50
Content-Type: application/json; charset=utf-8
host: localhost:58680
accept: */*

Response DefaultHttpResponse(decodeResult: success, version: HTTP/1.1)
HTTP/1.1 200 OK
Content-Type: application/json; charset=utf-8
cache-control: no-cache
content-length: 14

16:18:25.072 [AsyncHttpClient-1-11] DEBUG org.asynchttpclient.netty.channel.ChannelManager - Adding key: http://localhost:58680 for channel [id: 0x1b9ba311, L:/127.0.0.1:63638 - R:localhost/127.0.0.1:58680]
16:18:25.077 [Forwarding screenshot on session 68ea2943cdd2925cfcf3c24d9757668a to remote] DEBUG org.asynchttpclient.netty.request.NettyRequestSender - Using pooled Channel '[id: 0x1b9ba311, L:/127.0.0.1:63638 - R:localhost/127.0.0.1:58680]' for 'GET' to 'http://localhost:58680/session/68ea2943cdd2925cfcf3c24d9757668a/screenshot'
16:18:25.078 [Forwarding screenshot on session 68ea2943cdd2925cfcf3c24d9757668a to remote] DEBUG org.asynchttpclient.netty.request.NettyRequestSender - Using open Channel [id: 0x1b9ba311, L:/127.0.0.1:63638 - R:localhost/127.0.0.1:58680] for GET '/session/68ea2943cdd2925cfcf3c24d9757668a/screenshot'
16:18:25.229 [AsyncHttpClient-1-11] DEBUG org.asynchttpclient.netty.handler.HttpHandler - 

Request DefaultFullHttpRequest(decodeResult: success, version: HTTP/1.1, content: EmptyByteBufBE)
GET /session/68ea2943cdd2925cfcf3c24d9757668a/screenshot HTTP/1.1
User-Agent: selenium/4.1.2 (java windows)
Cache-Control: no-cache
Content-Type: application/json; charset=utf-8
host: localhost:58680
accept: */*

Response DefaultHttpResponse(decodeResult: success, version: HTTP/1.1)
HTTP/1.1 200 OK
Content-Type: application/json; charset=utf-8
cache-control: no-cache
content-length: 31272

16:18:25.229 [AsyncHttpClient-1-11] DEBUG org.asynchttpclient.netty.channel.ChannelManager - Adding key: http://localhost:58680 for channel [id: 0x1b9ba311, L:/127.0.0.1:63638 - R:localhost/127.0.0.1:58680]
16:18:25.231 [main] DEBUG net.serenitybdd.core.photography.Darkroom - Send negative for processing for target\site\serenity\c6b737aa8d345f614cf9d0da72202658bc2a3596dab0aa8c29fef3fef992dfc2.png
16:18:25.231 [main] DEBUG net.thucydides.core.steps.StepInterceptor - STEP DONE: clickLoginButton
  &amp#27;[32mAnd &amp#27;[0m&amp#27;[32mclick login button&amp#27;[0m         &amp#27;[90m# Starter.StepDefinitions.LoginStep.clickLoginButton()&amp#27;[0m
16:18:25.231 [Darkroom Processing Line] DEBUG net.serenitybdd.core.photography.DarkroomProcessingLine - Processing screenshot image in /var/screenshots/screenshot-635271631703993001
16:18:25.231 [Darkroom Processing Line] DEBUG net.serenitybdd.core.photography.DarkroomProcessingLine - Saving screenshot to target\site\serenity\c6b737aa8d345f614cf9d0da72202658bc2a3596dab0aa8c29fef3fef992dfc2.png
16:18:25.235 [AsyncHttpClient-1-1] DEBUG org.asynchttpclient.netty.channel.DefaultChannelPool - Entry count for : http://localhost:58680 : 1
16:18:25.235 [AsyncHttpClient-1-1] DEBUG org.asynchttpclient.netty.channel.DefaultChannelPool - Entry count for : http://localhost:63639 : 1
16:18:25.245 [main] DEBUG net.thucydides.core.steps.StepInterceptor - STARTING STEP: LoginStep.iGetThe - errorMessageAppears
16:18:25.247 [Forwarding findElement on session 68ea2943cdd2925cfcf3c24d9757668a to remote] DEBUG org.asynchttpclient.netty.request.NettyRequestSender - Using pooled Channel '[id: 0x1b9ba311, L:/127.0.0.1:63638 - R:localhost/127.0.0.1:58680]' for 'POST' to 'http://localhost:58680/session/68ea2943cdd2925cfcf3c24d9757668a/element'
16:18:25.247 [Forwarding findElement on session 68ea2943cdd2925cfcf3c24d9757668a to remote] DEBUG org.asynchttpclient.netty.request.NettyRequestSender - Using open Channel [id: 0x1b9ba311, L:/127.0.0.1:63638 - R:localhost/127.0.0.1:58680] for POST '/session/68ea2943cdd2925cfcf3c24d9757668a/element'
16:18:25.259 [AsyncHttpClient-1-11] DEBUG org.asynchttpclient.netty.handler.HttpHandler - 

Request DefaultHttpRequest(decodeResult: success, version: HTTP/1.1)
POST /session/68ea2943cdd2925cfcf3c24d9757668a/element HTTP/1.1
User-Agent: selenium/4.1.2 (java windows)
Content-Length: 137
Content-Type: application/json; charset=utf-8
host: localhost:58680
accept: */*

Response DefaultHttpResponse(decodeResult: success, version: HTTP/1.1)
HTTP/1.1 200 OK
Content-Type: application/json; charset=utf-8
cache-control: no-cache
content-length: 88

16:18:25.259 [AsyncHttpClient-1-11] DEBUG org.asynchttpclient.netty.channel.ChannelManager - Adding key: http://localhost:58680 for channel [id: 0x1b9ba311, L:/127.0.0.1:63638 - R:localhost/127.0.0.1:58680]
16:18:25.263 [Forwarding isElementDisplayed on session 68ea2943cdd2925cfcf3c24d9757668a to remote] DEBUG org.asynchttpclient.netty.request.NettyRequestSender - Using pooled Channel '[id: 0x1b9ba311, L:/127.0.0.1:63638 - R:localhost/127.0.0.1:58680]' for 'POST' to 'http://localhost:58680/session/68ea2943cdd2925cfcf3c24d9757668a/execute/sync'
16:18:25.263 [Forwarding isElementDisplayed on session 68ea2943cdd2925cfcf3c24d9757668a to remote] DEBUG org.asynchttpclient.netty.request.NettyRequestSender - Using open Channel [id: 0x1b9ba311, L:/127.0.0.1:63638 - R:localhost/127.0.0.1:58680] for POST '/session/68ea2943cdd2925cfcf3c24d9757668a/execute/sync'
16:18:25.277 [AsyncHttpClient-1-11] DEBUG org.asynchttpclient.netty.handler.HttpHandler - 

Request DefaultHttpRequest(decodeResult: success, version: HTTP/1.1)
POST /session/68ea2943cdd2925cfcf3c24d9757668a/execute/sync HTTP/1.1
User-Agent: selenium/4.1.2 (java windows)
Content-Length: 48780
Content-Type: application/json; charset=utf-8
host: localhost:58680
accept: */*

Response DefaultHttpResponse(decodeResult: success, version: HTTP/1.1)
HTTP/1.1 200 OK
Content-Type: application/json; charset=utf-8
cache-control: no-cache
content-length: 14

16:18:25.277 [AsyncHttpClient-1-11] DEBUG org.asynchttpclient.netty.channel.ChannelManager - Adding key: http://localhost:58680 for channel [id: 0x1b9ba311, L:/127.0.0.1:63638 - R:localhost/127.0.0.1:58680]
16:18:25.283 [Forwarding screenshot on session 68ea2943cdd2925cfcf3c24d9757668a to remote] DEBUG org.asynchttpclient.netty.request.NettyRequestSender - Using pooled Channel '[id: 0x1b9ba311, L:/127.0.0.1:63638 - R:localhost/127.0.0.1:58680]' for 'GET' to 'http://localhost:58680/session/68ea2943cdd2925cfcf3c24d9757668a/screenshot'
16:18:25.283 [Forwarding screenshot on session 68ea2943cdd2925cfcf3c24d9757668a to remote] DEBUG org.asynchttpclient.netty.request.NettyRequestSender - Using open Channel [id: 0x1b9ba311, L:/127.0.0.1:63638 - R:localhost/127.0.0.1:58680] for GET '/session/68ea2943cdd2925cfcf3c24d9757668a/screenshot'
16:18:25.474 [AsyncHttpClient-1-11] DEBUG org.asynchttpclient.netty.handler.HttpHandler - 

Request DefaultFullHttpRequest(decodeResult: success, version: HTTP/1.1, content: EmptyByteBufBE)
GET /session/68ea2943cdd2925cfcf3c24d9757668a/screenshot HTTP/1.1
User-Agent: selenium/4.1.2 (java windows)
Cache-Control: no-cache
Content-Type: application/json; charset=utf-8
host: localhost:58680
accept: */*

Response DefaultHttpResponse(decodeResult: success, version: HTTP/1.1)
HTTP/1.1 200 OK
Content-Type: application/json; charset=utf-8
cache-control: no-cache
content-length: 37332

16:18:25.475 [AsyncHttpClient-1-11] DEBUG org.asynchttpclient.netty.channel.ChannelManager - Adding key: http://localhost:58680 for channel [id: 0x1b9ba311, L:/127.0.0.1:63638 - R:localhost/127.0.0.1:58680]
16:18:25.477 [main] DEBUG net.serenitybdd.core.photography.Darkroom - Send negative for processing for target\site\serenity\27c88592e741f5e182178346fa7cb79e2bbb7e8c3720f9f133645cfeaf3bcd55.png
16:18:25.477 [main] DEBUG net.thucydides.core.steps.StepInterceptor - STEP DONE: errorMessageAppears
16:18:25.477 [Darkroom Processing Line] DEBUG net.serenitybdd.core.photography.DarkroomProcessingLine - Processing screenshot image in /var/screenshots/screenshot-3313175898950893251
16:18:25.477 [Darkroom Processing Line] DEBUG net.serenitybdd.core.photography.DarkroomProcessingLine - Saving screenshot to target\site\serenity\27c88592e741f5e182178346fa7cb79e2bbb7e8c3720f9f133645cfeaf3bcd55.png
16:18:25.483 [main] DEBUG net.thucydides.core.steps.StepInterceptor - STARTING STEP: LoginStep.iGetThe - errorMessageEquals
16:18:25.486 [Forwarding findElement on session 68ea2943cdd2925cfcf3c24d9757668a to remote] DEBUG org.asynchttpclient.netty.request.NettyRequestSender - Using pooled Channel '[id: 0x1b9ba311, L:/127.0.0.1:63638 - R:localhost/127.0.0.1:58680]' for 'POST' to 'http://localhost:58680/session/68ea2943cdd2925cfcf3c24d9757668a/element'
16:18:25.486 [Forwarding findElement on session 68ea2943cdd2925cfcf3c24d9757668a to remote] DEBUG org.asynchttpclient.netty.request.NettyRequestSender - Using open Channel [id: 0x1b9ba311, L:/127.0.0.1:63638 - R:localhost/127.0.0.1:58680] for POST '/session/68ea2943cdd2925cfcf3c24d9757668a/element'
16:18:25.492 [AsyncHttpClient-1-11] DEBUG org.asynchttpclient.netty.handler.HttpHandler - 

Request DefaultHttpRequest(decodeResult: success, version: HTTP/1.1)
POST /session/68ea2943cdd2925cfcf3c24d9757668a/element HTTP/1.1
User-Agent: selenium/4.1.2 (java windows)
Content-Length: 137
Content-Type: application/json; charset=utf-8
host: localhost:58680
accept: */*

Response DefaultHttpResponse(decodeResult: success, version: HTTP/1.1)
HTTP/1.1 200 OK
Content-Type: application/json; charset=utf-8
cache-control: no-cache
content-length: 88

16:18:25.492 [AsyncHttpClient-1-11] DEBUG org.asynchttpclient.netty.channel.ChannelManager - Adding key: http://localhost:58680 for channel [id: 0x1b9ba311, L:/127.0.0.1:63638 - R:localhost/127.0.0.1:58680]
16:18:25.493 [Forwarding getElementText on session 68ea2943cdd2925cfcf3c24d9757668a to remote] DEBUG org.asynchttpclient.netty.request.NettyRequestSender - Using pooled Channel '[id: 0x1b9ba311, L:/127.0.0.1:63638 - R:localhost/127.0.0.1:58680]' for 'GET' to 'http://localhost:58680/session/68ea2943cdd2925cfcf3c24d9757668a/element/59a0d8fe-7045-4964-8bc5-2c758260db5a/text'
16:18:25.493 [Forwarding getElementText on session 68ea2943cdd2925cfcf3c24d9757668a to remote] DEBUG org.asynchttpclient.netty.request.NettyRequestSender - Using open Channel [id: 0x1b9ba311, L:/127.0.0.1:63638 - R:localhost/127.0.0.1:58680] for GET '/session/68ea2943cdd2925cfcf3c24d9757668a/element/59a0d8fe-7045-4964-8bc5-2c758260db5a/text'
16:18:25.506 [AsyncHttpClient-1-11] DEBUG org.asynchttpclient.netty.handler.HttpHandler - 

Request DefaultFullHttpRequest(decodeResult: success, version: HTTP/1.1, content: EmptyByteBufBE)
GET /session/68ea2943cdd2925cfcf3c24d9757668a/element/59a0d8fe-7045-4964-8bc5-2c758260db5a/text HTTP/1.1
User-Agent: selenium/4.1.2 (java windows)
Cache-Control: no-cache
Content-Type: application/json; charset=utf-8
host: localhost:58680
accept: */*

Response DefaultHttpResponse(decodeResult: success, version: HTTP/1.1)
HTTP/1.1 200 OK
Content-Type: application/json; charset=utf-8
cache-control: no-cache
content-length: 40

16:18:25.507 [AsyncHttpClient-1-11] DEBUG org.asynchttpclient.netty.channel.ChannelManager - Adding key: http://localhost:58680 for channel [id: 0x1b9ba311, L:/127.0.0.1:63638 - R:localhost/127.0.0.1:58680]
16:18:25.510 [main] DEBUG net.thucydides.core.steps.StepInterceptor - STEP DONE: errorMessageEquals
  &amp#27;[32mThen &amp#27;[0m&amp#27;[32mI get the &amp#27;[0m&amp#27;[32m&amp#27;[1m"login page"&amp#27;[0m    &amp#27;[90m# Starter.StepDefinitions.LoginStep.iGetThe(java.lang.String)&amp#27;[0m
16:18:25.519 [Driver Command Executor] DEBUG org.asynchttpclient.netty.request.NettyRequestSender - Using pooled Channel '[id: 0x1b9ba311, L:/127.0.0.1:63638 - R:localhost/127.0.0.1:58680]' for 'DELETE' to 'http://localhost:58680/session/68ea2943cdd2925cfcf3c24d9757668a'
16:18:25.519 [AsyncHttpClient-1-13] DEBUG org.asynchttpclient.netty.handler.WebSocketHandler - Channel Closed: [id: 0x43a759a7, L:/127.0.0.1:63646 ! R:localhost/127.0.0.1:63639] with attribute NettyResponseFuture{currentRetry=5,
	isDone=1,
	isCancelled=0,
	asyncHandler=org.asynchttpclient.ws.WebSocketUpgradeHandler@14297ab4,
	nettyRequest=org.asynchttpclient.netty.request.NettyRequest@512be655,
	future=java.util.concurrent.CompletableFuture@47e29285[Completed normally],
	uri=ws://localhost:63639/devtools/browser/de18ac60-f36a-49da-936f-af55c4f9a4e4,
	keepAlive=true,
	redirectCount=0,
	timeoutsHolder=null,
	inAuth=0,
	touch=1653038303007}
16:18:25.519 [Driver Command Executor] DEBUG org.asynchttpclient.netty.request.NettyRequestSender - Using open Channel [id: 0x1b9ba311, L:/127.0.0.1:63638 - R:localhost/127.0.0.1:58680] for DELETE '/session/68ea2943cdd2925cfcf3c24d9757668a'
16:18:25.519 [AsyncHttpClient-1-13] DEBUG org.asynchttpclient.netty.channel.ChannelManager - Closing Channel [id: 0x43a759a7, L:/127.0.0.1:63646 ! R:localhost/127.0.0.1:63639] 
16:18:25.673 [AsyncHttpClient-1-12] DEBUG org.asynchttpclient.netty.handler.HttpHandler - Unexpected I/O exception on channel [id: 0xe2ba1747, L:/127.0.0.1:63645 - R:localhost/127.0.0.1:63639]
java.net.SocketException: Connection reset
	at java.base/sun.nio.ch.SocketChannelImpl.throwConnectionReset(SocketChannelImpl.java:367)
	at java.base/sun.nio.ch.SocketChannelImpl.read(SocketChannelImpl.java:398)
	at io.netty.buffer.PooledByteBuf.setBytes(PooledByteBuf.java:258)
	at io.netty.buffer.AbstractByteBuf.writeBytes(AbstractByteBuf.java:1132)
	at io.netty.channel.socket.nio.NioSocketChannel.doReadBytes(NioSocketChannel.java:350)
	at io.netty.channel.nio.AbstractNioByteChannel$NioByteUnsafe.read(AbstractNioByteChannel.java:151)
	at io.netty.channel.nio.NioEventLoop.processSelectedKey(NioEventLoop.java:722)
	at io.netty.channel.nio.NioEventLoop.processSelectedKeysOptimized(NioEventLoop.java:658)
	at io.netty.channel.nio.NioEventLoop.processSelectedKeys(NioEventLoop.java:584)
	at io.netty.channel.nio.NioEventLoop.run(NioEventLoop.java:496)
	at io.netty.util.concurrent.SingleThreadEventExecutor$4.run(SingleThreadEventExecutor.java:986)
	at io.netty.util.internal.ThreadExecutorMap$2.run(ThreadExecutorMap.java:74)
	at io.netty.util.concurrent.FastThreadLocalRunnable.run(FastThreadLocalRunnable.java:30)
	at java.base/java.lang.Thread.run(Thread.java:832)
16:18:25.673 [AsyncHttpClient-1-12] DEBUG org.asynchttpclient.netty.channel.ChannelManager - Closing Channel [id: 0xe2ba1747, L:/127.0.0.1:63645 - R:localhost/127.0.0.1:63639] 
16:18:25.674 [AsyncHttpClient-1-12] DEBUG org.asynchttpclient.netty.handler.HttpHandler - Channel Closed: [id: 0xe2ba1747, L:/127.0.0.1:63645 ! R:localhost/127.0.0.1:63639] with attribute DISCARD
16:18:25.691 [AsyncHttpClient-1-11] DEBUG org.asynchttpclient.netty.handler.HttpHandler - 

Request DefaultFullHttpRequest(decodeResult: success, version: HTTP/1.1, content: EmptyByteBufBE)
DELETE /session/68ea2943cdd2925cfcf3c24d9757668a HTTP/1.1
User-Agent: selenium/4.1.2 (java windows)
Content-Type: application/json; charset=utf-8
host: localhost:58680
accept: */*

Response DefaultHttpResponse(decodeResult: success, version: HTTP/1.1)
HTTP/1.1 200 OK
Content-Type: application/json; charset=utf-8
cache-control: no-cache
content-length: 14

16:18:25.692 [AsyncHttpClient-1-11] DEBUG org.asynchttpclient.netty.channel.ChannelManager - Adding key: http://localhost:58680 for channel [id: 0x1b9ba311, L:/127.0.0.1:63638 - R:localhost/127.0.0.1:58680]
16:18:25.764 [AsyncHttpClient-1-11] DEBUG org.asynchttpclient.netty.handler.HttpHandler - Channel Closed: [id: 0x1b9ba311, L:/127.0.0.1:63638 ! R:localhost/127.0.0.1:58680] with attribute DISCARD
16:18:26.384 [AsyncHttpClient-1-1] DEBUG org.asynchttpclient.netty.channel.DefaultChannelPool - Entry count for : http://localhost:58680 : 1
16:18:26.385 [AsyncHttpClient-1-1] DEBUG org.asynchttpclient.netty.channel.DefaultChannelPool - Entry count for : http://localhost:63639 : 1
16:18:26.385 [AsyncHttpClient-1-1] DEBUG org.asynchttpclient.netty.channel.DefaultChannelPool - Adding Candidate expired Channel [id: 0x1b9ba311, L:/127.0.0.1:63638 ! R:localhost/127.0.0.1:58680] isIdleTimeoutExpired=false isRemotelyClosed=true isTtlExpired=false
16:18:26.385 [AsyncHttpClient-1-1] DEBUG org.asynchttpclient.netty.channel.DefaultChannelPool - Closing Idle Channel [id: 0x1b9ba311, L:/127.0.0.1:63638 ! R:localhost/127.0.0.1:58680]
16:18:26.385 [AsyncHttpClient-1-1] DEBUG org.asynchttpclient.netty.channel.DefaultChannelPool - Adding Candidate expired Channel [id: 0xe2ba1747, L:/127.0.0.1:63645 ! R:localhost/127.0.0.1:63639] isIdleTimeoutExpired=false isRemotelyClosed=true isTtlExpired=false
16:18:26.385 [AsyncHttpClient-1-1] DEBUG org.asynchttpclient.netty.channel.DefaultChannelPool - Closing Idle Channel [id: 0xe2ba1747, L:/127.0.0.1:63645 ! R:localhost/127.0.0.1:63639]
16:18:26.385 [AsyncHttpClient-1-1] DEBUG org.asynchttpclient.netty.channel.DefaultChannelPool - Closed 2 connections out of 2 in 0 ms
]]></system-out>
    <system-err><![CDATA[Starting ChromeDriver 101.0.4951.41 (93c720db8323b3ec10d056025ab95c23a31997c9-refs/branch-heads/4951@{#904}) on port 58680
Only local connections are allowed.
Please see https://chromedriver.chromium.org/security-considerations for suggestions on keeping ChromeDriver safe.
ChromeDriver was started successfully.
May 20, 2022 4:18:22 PM org.openqa.selenium.remote.ProtocolHandshake createSession
INFO: Detected dialect: W3C
May 20, 2022 4:18:23 PM org.openqa.selenium.devtools.CdpVersionFinder findNearestMatch
WARNING: Unable to find an exact match for CDP version 101, so returning the closest version found: 97
May 20, 2022 4:18:23 PM org.openqa.selenium.devtools.CdpVersionFinder findNearestMatch
INFO: Found CDP implementation for version 101 of 97
]]></system-err>
  </testcase>
  <testcase name="Logout Scenario" classname="Logout" time="7.572">
    <system-out><![CDATA[16:18:26.423 [main] INFO io.cucumber.core.plugin.SerenityReporter - Running feature from file:///C:/Users/user/Documents/WebMiniLogin/src/test/resources/features/Logout.feature
16:18:26.428 [main] DEBUG net.thucydides.core.steps.StepEventBus - Test suite started for story net.thucydides.core.model.Story@7960de68
16:18:26.429 [main] INFO  - Test Suite Started: Logout

@Logout
Scenario Outline: Logout Scenario                      &amp#27;[90m# src/test/resources/features/Logout.feature:18&amp#27;[0m
16:18:26.448 [main] INFO io.cucumber.core.plugin.SerenityReporter - Running feature from file:///C:/Users/user/Documents/WebMiniLogin/src/test/resources/features/Logout.feature
16:18:26.493 [main] INFO  - 
  _____   ___   ___   _____     ___   _____     _     ___   _____   ___   ___  
 |_   _| | __| / __| |_   _|   / __| |_   _|   /_\   | _ \ |_   _| | __| |   \ 
   | |   | _|  \__ \   | |     \__ \   | |    / _ \  |   /   | |   | _|  | |) |
   |_|   |___| |___/   |_|     |___/   |_|   /_/ \_\ |_|_\   |_|   |___| |___/ 

Logout Scenario(logout;logout-scenario)
--------------------------------------------------------------------------------
16:18:26.598 [main] INFO net.serenitybdd.core.webdriver.driverproviders.ChromeDriverProvider - Using automatically driver download
16:18:27.108 [main] DEBUG io.github.bonigarcia.wdm.cache.ResolutionCache - Resolution chrome=101 in cache (valid until 17:17:56 20/05/2022 WIB)
16:18:27.119 [main] DEBUG io.github.bonigarcia.wdm.cache.ResolutionCache - Resolution chrome101=101.0.4951.41 in cache (valid until 16:17:56 21/05/2022 WIB)
16:18:27.123 [main] INFO io.github.bonigarcia.wdm.WebDriverManager - Using chromedriver 101.0.4951.41 (resolved driver for Chrome 101)
16:18:27.138 [main] DEBUG io.github.bonigarcia.wdm.WebDriverManager - Driver chromedriver 101.0.4951.41 found in cache
16:18:27.139 [main] INFO io.github.bonigarcia.wdm.WebDriverManager - Exporting webdriver.chrome.driver as C:\Users\user\.cache\selenium\chromedriver\win32\101.0.4951.41\chromedriver.exe
16:18:27.275 [main] DEBUG net.serenitybdd.core.webdriver.driverproviders.ProvideNewDriver - Instantiating driver
16:18:27.275 [main] DEBUG net.serenitybdd.core.webdriver.driverproviders.ProvideNewDriver - Driver capabilities: Capabilities {acceptInsecureCerts: false, base.url: https://qa.alta.id/, browserName: chrome, chrome.driver: src/test/resources/webdrive..., driver: chrome, goog:chromeOptions: {args: [], extensions: []}}
16:18:27.821 [AsyncHttpClient-1-14] DEBUG org.asynchttpclient.netty.channel.NettyConnectListener - Using new Channel '[id: 0x2c01168a, L:/127.0.0.1:63664 - R:localhost/127.0.0.1:49755]' for 'POST' to '/session'
16:18:28.726 [AsyncHttpClient-1-14] DEBUG org.asynchttpclient.netty.handler.HttpHandler - 

Request DefaultHttpRequest(decodeResult: success, version: HTTP/1.1)
POST /session HTTP/1.1
User-Agent: selenium/4.1.2 (java windows)
Content-Length: 605
Content-Type: application/json; charset=utf-8
host: localhost:49755
accept: */*

Response DefaultHttpResponse(decodeResult: success, version: HTTP/1.1)
HTTP/1.1 200 OK
Content-Type: application/json; charset=utf-8
cache-control: no-cache
content-length: 789

16:18:28.726 [AsyncHttpClient-1-14] DEBUG org.asynchttpclient.netty.channel.ChannelManager - Adding key: http://localhost:49755 for channel [id: 0x2c01168a, L:/127.0.0.1:63664 - R:localhost/127.0.0.1:49755]
16:18:28.736 [AsyncHttpClient-1-15] DEBUG org.asynchttpclient.netty.channel.NettyConnectListener - Using new Channel '[id: 0xbc6dc9ba, L:/127.0.0.1:63671 - R:localhost/127.0.0.1:63665]' for 'GET' to '/json/version'
16:18:28.744 [AsyncHttpClient-1-15] DEBUG org.asynchttpclient.netty.handler.HttpHandler - 

Request DefaultFullHttpRequest(decodeResult: success, version: HTTP/1.1, content: EmptyByteBufBE)
GET /json/version HTTP/1.1
User-Agent: selenium/4.1.2 (java windows)
host: localhost:63665
accept: */*

Response DefaultHttpResponse(decodeResult: success, version: HTTP/1.1)
HTTP/1.1 200 OK
Content-Type: application/json; charset=UTF-8
content-length: 427

16:18:28.744 [AsyncHttpClient-1-15] DEBUG org.asynchttpclient.netty.channel.ChannelManager - Adding key: http://localhost:63665 for channel [id: 0xbc6dc9ba, L:/127.0.0.1:63671 - R:localhost/127.0.0.1:63665]
16:18:28.747 [AsyncHttpClient-1-16] DEBUG org.asynchttpclient.netty.channel.NettyConnectListener - Using new Channel '[id: 0xaeec1e45, L:/127.0.0.1:63672 - R:localhost/127.0.0.1:63665]' for 'GET' to '/devtools/browser/98f83df3-0218-4837-9c0d-82ffcb782425'
16:18:28.786 [AsyncHttpClient-1-16] DEBUG org.asynchttpclient.netty.handler.WebSocketHandler - 

Request DefaultFullHttpRequest(decodeResult: success, version: HTTP/1.1, content: EmptyByteBufBE)
GET /devtools/browser/98f83df3-0218-4837-9c0d-82ffcb782425 HTTP/1.1
upgrade: websocket
connection: upgrade
sec-websocket-key: ha4uK1dzy7oyjfQ9M7c5jQ==
sec-websocket-version: 13
origin: http://localhost:63665
host: localhost:63665
accept: */*
user-agent: AHC/2.1

Response DefaultHttpResponse(decodeResult: success, version: HTTP/1.1)
HTTP/1.1 101 WebSocket Protocol Handshake
Upgrade: WebSocket
Connection: Upgrade
Sec-WebSocket-Accept: Cr3cOoRhtnESRUQcY59Y7UiRW2M=

16:18:28.791 [Forwarding maximizeCurrentWindow on session 88465a94b97e1f520d29bd714719d8bc to remote] DEBUG org.asynchttpclient.netty.request.NettyRequestSender - Using pooled Channel '[id: 0x2c01168a, L:/127.0.0.1:63664 - R:localhost/127.0.0.1:49755]' for 'POST' to 'http://localhost:49755/session/88465a94b97e1f520d29bd714719d8bc/window/maximize'
16:18:28.791 [Forwarding maximizeCurrentWindow on session 88465a94b97e1f520d29bd714719d8bc to remote] DEBUG org.asynchttpclient.netty.request.NettyRequestSender - Using open Channel [id: 0x2c01168a, L:/127.0.0.1:63664 - R:localhost/127.0.0.1:49755] for POST '/session/88465a94b97e1f520d29bd714719d8bc/window/maximize'
16:18:28.921 [AsyncHttpClient-1-14] DEBUG org.asynchttpclient.netty.handler.HttpHandler - 

Request DefaultHttpRequest(decodeResult: success, version: HTTP/1.1)
POST /session/88465a94b97e1f520d29bd714719d8bc/window/maximize HTTP/1.1
User-Agent: selenium/4.1.2 (java windows)
Content-Length: 3
Content-Type: application/json; charset=utf-8
host: localhost:49755
accept: */*

Response DefaultHttpResponse(decodeResult: success, version: HTTP/1.1)
HTTP/1.1 200 OK
Content-Type: application/json; charset=utf-8
cache-control: no-cache
content-length: 52

16:18:28.921 [AsyncHttpClient-1-14] DEBUG org.asynchttpclient.netty.channel.ChannelManager - Adding key: http://localhost:49755 for channel [id: 0x2c01168a, L:/127.0.0.1:63664 - R:localhost/127.0.0.1:49755]
16:18:28.923 [Forwarding get on session 88465a94b97e1f520d29bd714719d8bc to remote] DEBUG org.asynchttpclient.netty.request.NettyRequestSender - Using pooled Channel '[id: 0x2c01168a, L:/127.0.0.1:63664 - R:localhost/127.0.0.1:49755]' for 'POST' to 'http://localhost:49755/session/88465a94b97e1f520d29bd714719d8bc/url'
16:18:28.923 [Forwarding get on session 88465a94b97e1f520d29bd714719d8bc to remote] DEBUG org.asynchttpclient.netty.request.NettyRequestSender - Using open Channel [id: 0x2c01168a, L:/127.0.0.1:63664 - R:localhost/127.0.0.1:49755] for POST '/session/88465a94b97e1f520d29bd714719d8bc/url'
16:18:29.632 [AsyncHttpClient-1-1] DEBUG org.asynchttpclient.netty.channel.DefaultChannelPool - Entry count for : http://localhost:63665 : 1
16:18:29.811 [AsyncHttpClient-1-14] DEBUG org.asynchttpclient.netty.handler.HttpHandler - 

Request DefaultHttpRequest(decodeResult: success, version: HTTP/1.1)
POST /session/88465a94b97e1f520d29bd714719d8bc/url HTTP/1.1
User-Agent: selenium/4.1.2 (java windows)
Content-Length: 64
Content-Type: application/json; charset=utf-8
host: localhost:49755
accept: */*

Response DefaultHttpResponse(decodeResult: success, version: HTTP/1.1)
HTTP/1.1 200 OK
Content-Type: application/json; charset=utf-8
cache-control: no-cache
content-length: 14

16:18:29.811 [AsyncHttpClient-1-14] DEBUG org.asynchttpclient.netty.channel.ChannelManager - Adding key: http://localhost:49755 for channel [id: 0x2c01168a, L:/127.0.0.1:63664 - R:localhost/127.0.0.1:49755]
16:18:29.812 [Forwarding setTimeout on session 88465a94b97e1f520d29bd714719d8bc to remote] DEBUG org.asynchttpclient.netty.request.NettyRequestSender - Using pooled Channel '[id: 0x2c01168a, L:/127.0.0.1:63664 - R:localhost/127.0.0.1:49755]' for 'POST' to 'http://localhost:49755/session/88465a94b97e1f520d29bd714719d8bc/timeouts'
16:18:29.812 [Forwarding setTimeout on session 88465a94b97e1f520d29bd714719d8bc to remote] DEBUG org.asynchttpclient.netty.request.NettyRequestSender - Using open Channel [id: 0x2c01168a, L:/127.0.0.1:63664 - R:localhost/127.0.0.1:49755] for POST '/session/88465a94b97e1f520d29bd714719d8bc/timeouts'
16:18:29.813 [AsyncHttpClient-1-14] DEBUG org.asynchttpclient.netty.handler.HttpHandler - 

Request DefaultHttpRequest(decodeResult: success, version: HTTP/1.1)
POST /session/88465a94b97e1f520d29bd714719d8bc/timeouts HTTP/1.1
User-Agent: selenium/4.1.2 (java windows)
Content-Length: 22
Content-Type: application/json; charset=utf-8
host: localhost:49755
accept: */*

Response DefaultHttpResponse(decodeResult: success, version: HTTP/1.1)
HTTP/1.1 200 OK
Content-Type: application/json; charset=utf-8
cache-control: no-cache
content-length: 14

16:18:29.813 [AsyncHttpClient-1-14] DEBUG org.asynchttpclient.netty.channel.ChannelManager - Adding key: http://localhost:49755 for channel [id: 0x2c01168a, L:/127.0.0.1:63664 - R:localhost/127.0.0.1:49755]
16:18:29.815 [Forwarding getCurrentUrl on session 88465a94b97e1f520d29bd714719d8bc to remote] DEBUG org.asynchttpclient.netty.request.NettyRequestSender - Using pooled Channel '[id: 0x2c01168a, L:/127.0.0.1:63664 - R:localhost/127.0.0.1:49755]' for 'GET' to 'http://localhost:49755/session/88465a94b97e1f520d29bd714719d8bc/url'
16:18:29.816 [Forwarding getCurrentUrl on session 88465a94b97e1f520d29bd714719d8bc to remote] DEBUG org.asynchttpclient.netty.request.NettyRequestSender - Using open Channel [id: 0x2c01168a, L:/127.0.0.1:63664 - R:localhost/127.0.0.1:49755] for GET '/session/88465a94b97e1f520d29bd714719d8bc/url'
16:18:29.819 [AsyncHttpClient-1-14] DEBUG org.asynchttpclient.netty.handler.HttpHandler - 

Request DefaultFullHttpRequest(decodeResult: success, version: HTTP/1.1, content: EmptyByteBufBE)
GET /session/88465a94b97e1f520d29bd714719d8bc/url HTTP/1.1
User-Agent: selenium/4.1.2 (java windows)
Cache-Control: no-cache
Content-Type: application/json; charset=utf-8
host: localhost:49755
accept: */*

Response DefaultHttpResponse(decodeResult: success, version: HTTP/1.1)
HTTP/1.1 200 OK
Content-Type: application/json; charset=utf-8
cache-control: no-cache
content-length: 41

16:18:29.819 [AsyncHttpClient-1-14] DEBUG org.asynchttpclient.netty.channel.ChannelManager - Adding key: http://localhost:49755 for channel [id: 0x2c01168a, L:/127.0.0.1:63664 - R:localhost/127.0.0.1:49755]
16:18:29.825 [main] DEBUG net.serenitybdd.core.photography.Darkroom - Opening darkroom
16:18:29.825 [Darkroom Processing Line] DEBUG net.serenitybdd.core.photography.DarkroomProcessingLine - Darkroom processing line starting up
16:18:29.826 [Forwarding screenshot on session 88465a94b97e1f520d29bd714719d8bc to remote] DEBUG org.asynchttpclient.netty.request.NettyRequestSender - Using pooled Channel '[id: 0x2c01168a, L:/127.0.0.1:63664 - R:localhost/127.0.0.1:49755]' for 'GET' to 'http://localhost:49755/session/88465a94b97e1f520d29bd714719d8bc/screenshot'
16:18:29.826 [Forwarding screenshot on session 88465a94b97e1f520d29bd714719d8bc to remote] DEBUG org.asynchttpclient.netty.request.NettyRequestSender - Using open Channel [id: 0x2c01168a, L:/127.0.0.1:63664 - R:localhost/127.0.0.1:49755] for GET '/session/88465a94b97e1f520d29bd714719d8bc/screenshot'
16:18:30.073 [AsyncHttpClient-1-14] DEBUG org.asynchttpclient.netty.handler.HttpHandler - 

Request DefaultFullHttpRequest(decodeResult: success, version: HTTP/1.1, content: EmptyByteBufBE)
GET /session/88465a94b97e1f520d29bd714719d8bc/screenshot HTTP/1.1
User-Agent: selenium/4.1.2 (java windows)
Cache-Control: no-cache
Content-Type: application/json; charset=utf-8
host: localhost:49755
accept: */*

Response DefaultHttpResponse(decodeResult: success, version: HTTP/1.1)
HTTP/1.1 200 OK
Content-Type: application/json; charset=utf-8
cache-control: no-cache
content-length: 31092

16:18:30.074 [AsyncHttpClient-1-14] DEBUG org.asynchttpclient.netty.channel.ChannelManager - Adding key: http://localhost:49755 for channel [id: 0x2c01168a, L:/127.0.0.1:63664 - R:localhost/127.0.0.1:49755]
16:18:30.076 [main] DEBUG net.serenitybdd.core.photography.Darkroom - Send negative for processing for target\site\serenity\b625743ee732bdb87af642911c7f9583a57576024640458a3bdf0adf445bf9cb.png
16:18:30.076 [main] DEBUG net.thucydides.core.steps.StepInterceptor - STARTING STEP: LogoutStep.iAmOnTheLoginsPages - validateOnLoginPage
16:18:30.078 [Forwarding findElement on session 88465a94b97e1f520d29bd714719d8bc to remote] DEBUG org.asynchttpclient.netty.request.NettyRequestSender - Using pooled Channel '[id: 0x2c01168a, L:/127.0.0.1:63664 - R:localhost/127.0.0.1:49755]' for 'POST' to 'http://localhost:49755/session/88465a94b97e1f520d29bd714719d8bc/element'
16:18:30.079 [Forwarding findElement on session 88465a94b97e1f520d29bd714719d8bc to remote] DEBUG org.asynchttpclient.netty.request.NettyRequestSender - Using open Channel [id: 0x2c01168a, L:/127.0.0.1:63664 - R:localhost/127.0.0.1:49755] for POST '/session/88465a94b97e1f520d29bd714719d8bc/element'
16:18:30.089 [AsyncHttpClient-1-14] DEBUG org.asynchttpclient.netty.handler.HttpHandler - 

Request DefaultHttpRequest(decodeResult: success, version: HTTP/1.1)
POST /session/88465a94b97e1f520d29bd714719d8bc/element HTTP/1.1
User-Agent: selenium/4.1.2 (java windows)
Content-Length: 136
Content-Type: application/json; charset=utf-8
host: localhost:49755
accept: */*

Response DefaultHttpResponse(decodeResult: success, version: HTTP/1.1)
HTTP/1.1 200 OK
Content-Type: application/json; charset=utf-8
cache-control: no-cache
content-length: 88

16:18:30.090 [AsyncHttpClient-1-14] DEBUG org.asynchttpclient.netty.channel.ChannelManager - Adding key: http://localhost:49755 for channel [id: 0x2c01168a, L:/127.0.0.1:63664 - R:localhost/127.0.0.1:49755]
16:18:30.094 [Forwarding isElementDisplayed on session 88465a94b97e1f520d29bd714719d8bc to remote] DEBUG org.asynchttpclient.netty.request.NettyRequestSender - Using pooled Channel '[id: 0x2c01168a, L:/127.0.0.1:63664 - R:localhost/127.0.0.1:49755]' for 'POST' to 'http://localhost:49755/session/88465a94b97e1f520d29bd714719d8bc/execute/sync'
16:18:30.094 [Forwarding isElementDisplayed on session 88465a94b97e1f520d29bd714719d8bc to remote] DEBUG org.asynchttpclient.netty.request.NettyRequestSender - Using open Channel [id: 0x2c01168a, L:/127.0.0.1:63664 - R:localhost/127.0.0.1:49755] for POST '/session/88465a94b97e1f520d29bd714719d8bc/execute/sync'
16:18:30.107 [AsyncHttpClient-1-14] DEBUG org.asynchttpclient.netty.handler.HttpHandler - 

Request DefaultHttpRequest(decodeResult: success, version: HTTP/1.1)
POST /session/88465a94b97e1f520d29bd714719d8bc/execute/sync HTTP/1.1
User-Agent: selenium/4.1.2 (java windows)
Content-Length: 48780
Content-Type: application/json; charset=utf-8
host: localhost:49755
accept: */*

Response DefaultHttpResponse(decodeResult: success, version: HTTP/1.1)
HTTP/1.1 200 OK
Content-Type: application/json; charset=utf-8
cache-control: no-cache
content-length: 14

16:18:30.107 [AsyncHttpClient-1-14] DEBUG org.asynchttpclient.netty.channel.ChannelManager - Adding key: http://localhost:49755 for channel [id: 0x2c01168a, L:/127.0.0.1:63664 - R:localhost/127.0.0.1:49755]
16:18:30.112 [main] DEBUG net.thucydides.core.steps.StepInterceptor - STEP DONE: validateOnLoginPage
  &amp#27;[32mGiven &amp#27;[0m&amp#27;[32mI am on the login pages&amp#27;[0m                        &amp#27;[90m# Starter.StepDefinitions.LogoutStep.iAmOnTheLoginsPages()&amp#27;[0m
16:18:30.129 [Forwarding screenshot on session 88465a94b97e1f520d29bd714719d8bc to remote] DEBUG org.asynchttpclient.netty.request.NettyRequestSender - Using pooled Channel '[id: 0x2c01168a, L:/127.0.0.1:63664 - R:localhost/127.0.0.1:49755]' for 'GET' to 'http://localhost:49755/session/88465a94b97e1f520d29bd714719d8bc/screenshot'
16:18:30.129 [Forwarding screenshot on session 88465a94b97e1f520d29bd714719d8bc to remote] DEBUG org.asynchttpclient.netty.request.NettyRequestSender - Using open Channel [id: 0x2c01168a, L:/127.0.0.1:63664 - R:localhost/127.0.0.1:49755] for GET '/session/88465a94b97e1f520d29bd714719d8bc/screenshot'
16:18:30.249 [AsyncHttpClient-1-14] DEBUG org.asynchttpclient.netty.handler.HttpHandler - 

Request DefaultFullHttpRequest(decodeResult: success, version: HTTP/1.1, content: EmptyByteBufBE)
GET /session/88465a94b97e1f520d29bd714719d8bc/screenshot HTTP/1.1
User-Agent: selenium/4.1.2 (java windows)
Cache-Control: no-cache
Content-Type: application/json; charset=utf-8
host: localhost:49755
accept: */*

Response DefaultHttpResponse(decodeResult: success, version: HTTP/1.1)
HTTP/1.1 200 OK
Content-Type: application/json; charset=utf-8
cache-control: no-cache
content-length: 31092

16:18:30.249 [AsyncHttpClient-1-14] DEBUG org.asynchttpclient.netty.channel.ChannelManager - Adding key: http://localhost:49755 for channel [id: 0x2c01168a, L:/127.0.0.1:63664 - R:localhost/127.0.0.1:49755]
16:18:30.251 [main] DEBUG net.serenitybdd.core.photography.Darkroom - Send negative for processing for target\site\serenity\b625743ee732bdb87af642911c7f9583a57576024640458a3bdf0adf445bf9cb.png
16:18:30.251 [main] DEBUG net.thucydides.core.steps.StepInterceptor - STARTING STEP: LogoutStep.iInputsEmail - inputEmail
16:18:30.253 [Forwarding findElement on session 88465a94b97e1f520d29bd714719d8bc to remote] DEBUG org.asynchttpclient.netty.request.NettyRequestSender - Using pooled Channel '[id: 0x2c01168a, L:/127.0.0.1:63664 - R:localhost/127.0.0.1:49755]' for 'POST' to 'http://localhost:49755/session/88465a94b97e1f520d29bd714719d8bc/element'
16:18:30.253 [Forwarding findElement on session 88465a94b97e1f520d29bd714719d8bc to remote] DEBUG org.asynchttpclient.netty.request.NettyRequestSender - Using open Channel [id: 0x2c01168a, L:/127.0.0.1:63664 - R:localhost/127.0.0.1:49755] for POST '/session/88465a94b97e1f520d29bd714719d8bc/element'
16:18:30.263 [AsyncHttpClient-1-14] DEBUG org.asynchttpclient.netty.handler.HttpHandler - 

Request DefaultHttpRequest(decodeResult: success, version: HTTP/1.1)
POST /session/88465a94b97e1f520d29bd714719d8bc/element HTTP/1.1
User-Agent: selenium/4.1.2 (java windows)
Content-Length: 91
Content-Type: application/json; charset=utf-8
host: localhost:49755
accept: */*

Response DefaultHttpResponse(decodeResult: success, version: HTTP/1.1)
HTTP/1.1 200 OK
Content-Type: application/json; charset=utf-8
cache-control: no-cache
content-length: 88

16:18:30.263 [AsyncHttpClient-1-14] DEBUG org.asynchttpclient.netty.channel.ChannelManager - Adding key: http://localhost:49755 for channel [id: 0x2c01168a, L:/127.0.0.1:63664 - R:localhost/127.0.0.1:49755]
16:18:30.264 [Forwarding clearElement on session 88465a94b97e1f520d29bd714719d8bc to remote] DEBUG org.asynchttpclient.netty.request.NettyRequestSender - Using pooled Channel '[id: 0x2c01168a, L:/127.0.0.1:63664 - R:localhost/127.0.0.1:49755]' for 'POST' to 'http://localhost:49755/session/88465a94b97e1f520d29bd714719d8bc/element/bfb1e0ce-6b67-4991-95f5-694b060858dd/clear'
16:18:30.264 [Forwarding clearElement on session 88465a94b97e1f520d29bd714719d8bc to remote] DEBUG org.asynchttpclient.netty.request.NettyRequestSender - Using open Channel [id: 0x2c01168a, L:/127.0.0.1:63664 - R:localhost/127.0.0.1:49755] for POST '/session/88465a94b97e1f520d29bd714719d8bc/element/bfb1e0ce-6b67-4991-95f5-694b060858dd/clear'
16:18:30.288 [AsyncHttpClient-1-14] DEBUG org.asynchttpclient.netty.handler.HttpHandler - 

Request DefaultHttpRequest(decodeResult: success, version: HTTP/1.1)
POST /session/88465a94b97e1f520d29bd714719d8bc/element/bfb1e0ce-6b67-4991-95f5-694b060858dd/clear HTTP/1.1
User-Agent: selenium/4.1.2 (java windows)
Content-Length: 50
Content-Type: application/json; charset=utf-8
host: localhost:49755
accept: */*

Response DefaultHttpResponse(decodeResult: success, version: HTTP/1.1)
HTTP/1.1 200 OK
Content-Type: application/json; charset=utf-8
cache-control: no-cache
content-length: 14

16:18:30.288 [AsyncHttpClient-1-14] DEBUG org.asynchttpclient.netty.channel.ChannelManager - Adding key: http://localhost:49755 for channel [id: 0x2c01168a, L:/127.0.0.1:63664 - R:localhost/127.0.0.1:49755]
16:18:30.290 [Forwarding sendKeysToElement on session 88465a94b97e1f520d29bd714719d8bc to remote] DEBUG org.asynchttpclient.netty.request.NettyRequestSender - Using pooled Channel '[id: 0x2c01168a, L:/127.0.0.1:63664 - R:localhost/127.0.0.1:49755]' for 'POST' to 'http://localhost:49755/session/88465a94b97e1f520d29bd714719d8bc/element/bfb1e0ce-6b67-4991-95f5-694b060858dd/value'
16:18:30.290 [Forwarding sendKeysToElement on session 88465a94b97e1f520d29bd714719d8bc to remote] DEBUG org.asynchttpclient.netty.request.NettyRequestSender - Using open Channel [id: 0x2c01168a, L:/127.0.0.1:63664 - R:localhost/127.0.0.1:49755] for POST '/session/88465a94b97e1f520d29bd714719d8bc/element/bfb1e0ce-6b67-4991-95f5-694b060858dd/value'
16:18:30.420 [AsyncHttpClient-1-14] DEBUG org.asynchttpclient.netty.handler.HttpHandler - 

Request DefaultHttpRequest(decodeResult: success, version: HTTP/1.1)
POST /session/88465a94b97e1f520d29bd714719d8bc/element/bfb1e0ce-6b67-4991-95f5-694b060858dd/value HTTP/1.1
User-Agent: selenium/4.1.2 (java windows)
Content-Length: 381
Content-Type: application/json; charset=utf-8
host: localhost:49755
accept: */*

Response DefaultHttpResponse(decodeResult: success, version: HTTP/1.1)
HTTP/1.1 200 OK
Content-Type: application/json; charset=utf-8
cache-control: no-cache
content-length: 14

16:18:30.420 [AsyncHttpClient-1-14] DEBUG org.asynchttpclient.netty.channel.ChannelManager - Adding key: http://localhost:49755 for channel [id: 0x2c01168a, L:/127.0.0.1:63664 - R:localhost/127.0.0.1:49755]
16:18:30.424 [Forwarding screenshot on session 88465a94b97e1f520d29bd714719d8bc to remote] DEBUG org.asynchttpclient.netty.request.NettyRequestSender - Using pooled Channel '[id: 0x2c01168a, L:/127.0.0.1:63664 - R:localhost/127.0.0.1:49755]' for 'GET' to 'http://localhost:49755/session/88465a94b97e1f520d29bd714719d8bc/screenshot'
16:18:30.424 [Forwarding screenshot on session 88465a94b97e1f520d29bd714719d8bc to remote] DEBUG org.asynchttpclient.netty.request.NettyRequestSender - Using open Channel [id: 0x2c01168a, L:/127.0.0.1:63664 - R:localhost/127.0.0.1:49755] for GET '/session/88465a94b97e1f520d29bd714719d8bc/screenshot'
16:18:30.592 [AsyncHttpClient-1-14] DEBUG org.asynchttpclient.netty.handler.HttpHandler - 

Request DefaultFullHttpRequest(decodeResult: success, version: HTTP/1.1, content: EmptyByteBufBE)
GET /session/88465a94b97e1f520d29bd714719d8bc/screenshot HTTP/1.1
User-Agent: selenium/4.1.2 (java windows)
Cache-Control: no-cache
Content-Type: application/json; charset=utf-8
host: localhost:49755
accept: */*

Response DefaultHttpResponse(decodeResult: success, version: HTTP/1.1)
HTTP/1.1 200 OK
Content-Type: application/json; charset=utf-8
cache-control: no-cache
content-length: 36832

16:18:30.592 [AsyncHttpClient-1-14] DEBUG org.asynchttpclient.netty.channel.ChannelManager - Adding key: http://localhost:49755 for channel [id: 0x2c01168a, L:/127.0.0.1:63664 - R:localhost/127.0.0.1:49755]
16:18:30.594 [main] DEBUG net.serenitybdd.core.photography.Darkroom - Send negative for processing for target\site\serenity\c74b57e6c244343ed815f74cfbfd5d015bf63245c73cadd4e5ab198c391f94de.png
16:18:30.595 [main] DEBUG net.thucydides.core.steps.StepInterceptor - STEP DONE: inputEmail
  &amp#27;[32mWhen &amp#27;[0m&amp#27;[32mI inputs &amp#27;[0m&amp#27;[32m&amp#27;[1m"imamrayhanekadinataa@gmail.com"&amp#27;[0m&amp#27;[32m email&amp#27;[0m &amp#27;[90m# Starter.StepDefinitions.LogoutStep.iInputsEmail(java.lang.String)&amp#27;[0m
16:18:30.595 [Darkroom Processing Line] DEBUG net.serenitybdd.core.photography.DarkroomProcessingLine - Processing screenshot image in /var/screenshots/screenshot-16302560050801816193
16:18:30.595 [Darkroom Processing Line] DEBUG net.serenitybdd.core.photography.DarkroomProcessingLine - Saving screenshot to target\site\serenity\c74b57e6c244343ed815f74cfbfd5d015bf63245c73cadd4e5ab198c391f94de.png
16:18:30.606 [main] DEBUG net.thucydides.core.steps.StepInterceptor - STARTING STEP: LogoutStep.iInputsPassword - inputPassword
16:18:30.608 [Forwarding findElement on session 88465a94b97e1f520d29bd714719d8bc to remote] DEBUG org.asynchttpclient.netty.request.NettyRequestSender - Using pooled Channel '[id: 0x2c01168a, L:/127.0.0.1:63664 - R:localhost/127.0.0.1:49755]' for 'POST' to 'http://localhost:49755/session/88465a94b97e1f520d29bd714719d8bc/element'
16:18:30.608 [Forwarding findElement on session 88465a94b97e1f520d29bd714719d8bc to remote] DEBUG org.asynchttpclient.netty.request.NettyRequestSender - Using open Channel [id: 0x2c01168a, L:/127.0.0.1:63664 - R:localhost/127.0.0.1:49755] for POST '/session/88465a94b97e1f520d29bd714719d8bc/element'
16:18:30.616 [AsyncHttpClient-1-14] DEBUG org.asynchttpclient.netty.handler.HttpHandler - 

Request DefaultHttpRequest(decodeResult: success, version: HTTP/1.1)
POST /session/88465a94b97e1f520d29bd714719d8bc/element HTTP/1.1
User-Agent: selenium/4.1.2 (java windows)
Content-Length: 94
Content-Type: application/json; charset=utf-8
host: localhost:49755
accept: */*

Response DefaultHttpResponse(decodeResult: success, version: HTTP/1.1)
HTTP/1.1 200 OK
Content-Type: application/json; charset=utf-8
cache-control: no-cache
content-length: 88

16:18:30.616 [AsyncHttpClient-1-14] DEBUG org.asynchttpclient.netty.channel.ChannelManager - Adding key: http://localhost:49755 for channel [id: 0x2c01168a, L:/127.0.0.1:63664 - R:localhost/127.0.0.1:49755]
16:18:30.617 [Forwarding clearElement on session 88465a94b97e1f520d29bd714719d8bc to remote] DEBUG org.asynchttpclient.netty.request.NettyRequestSender - Using pooled Channel '[id: 0x2c01168a, L:/127.0.0.1:63664 - R:localhost/127.0.0.1:49755]' for 'POST' to 'http://localhost:49755/session/88465a94b97e1f520d29bd714719d8bc/element/7217b448-d85f-4bc8-a023-1da65d3b41c1/clear'
16:18:30.617 [Forwarding clearElement on session 88465a94b97e1f520d29bd714719d8bc to remote] DEBUG org.asynchttpclient.netty.request.NettyRequestSender - Using open Channel [id: 0x2c01168a, L:/127.0.0.1:63664 - R:localhost/127.0.0.1:49755] for POST '/session/88465a94b97e1f520d29bd714719d8bc/element/7217b448-d85f-4bc8-a023-1da65d3b41c1/clear'
16:18:30.641 [AsyncHttpClient-1-14] DEBUG org.asynchttpclient.netty.handler.HttpHandler - 

Request DefaultHttpRequest(decodeResult: success, version: HTTP/1.1)
POST /session/88465a94b97e1f520d29bd714719d8bc/element/7217b448-d85f-4bc8-a023-1da65d3b41c1/clear HTTP/1.1
User-Agent: selenium/4.1.2 (java windows)
Content-Length: 50
Content-Type: application/json; charset=utf-8
host: localhost:49755
accept: */*

Response DefaultHttpResponse(decodeResult: success, version: HTTP/1.1)
HTTP/1.1 200 OK
Content-Type: application/json; charset=utf-8
cache-control: no-cache
content-length: 14

16:18:30.641 [AsyncHttpClient-1-14] DEBUG org.asynchttpclient.netty.channel.ChannelManager - Adding key: http://localhost:49755 for channel [id: 0x2c01168a, L:/127.0.0.1:63664 - R:localhost/127.0.0.1:49755]
16:18:30.643 [Forwarding sendKeysToElement on session 88465a94b97e1f520d29bd714719d8bc to remote] DEBUG org.asynchttpclient.netty.request.NettyRequestSender - Using pooled Channel '[id: 0x2c01168a, L:/127.0.0.1:63664 - R:localhost/127.0.0.1:49755]' for 'POST' to 'http://localhost:49755/session/88465a94b97e1f520d29bd714719d8bc/element/7217b448-d85f-4bc8-a023-1da65d3b41c1/value'
16:18:30.643 [Forwarding sendKeysToElement on session 88465a94b97e1f520d29bd714719d8bc to remote] DEBUG org.asynchttpclient.netty.request.NettyRequestSender - Using open Channel [id: 0x2c01168a, L:/127.0.0.1:63664 - R:localhost/127.0.0.1:49755] for POST '/session/88465a94b97e1f520d29bd714719d8bc/element/7217b448-d85f-4bc8-a023-1da65d3b41c1/value'
16:18:30.698 [AsyncHttpClient-1-14] DEBUG org.asynchttpclient.netty.handler.HttpHandler - 

Request DefaultHttpRequest(decodeResult: success, version: HTTP/1.1)
POST /session/88465a94b97e1f520d29bd714719d8bc/element/7217b448-d85f-4bc8-a023-1da65d3b41c1/value HTTP/1.1
User-Agent: selenium/4.1.2 (java windows)
Content-Length: 181
Content-Type: application/json; charset=utf-8
host: localhost:49755
accept: */*

Response DefaultHttpResponse(decodeResult: success, version: HTTP/1.1)
HTTP/1.1 200 OK
Content-Type: application/json; charset=utf-8
cache-control: no-cache
content-length: 14

16:18:30.698 [AsyncHttpClient-1-14] DEBUG org.asynchttpclient.netty.channel.ChannelManager - Adding key: http://localhost:49755 for channel [id: 0x2c01168a, L:/127.0.0.1:63664 - R:localhost/127.0.0.1:49755]
16:18:30.703 [Forwarding screenshot on session 88465a94b97e1f520d29bd714719d8bc to remote] DEBUG org.asynchttpclient.netty.request.NettyRequestSender - Using pooled Channel '[id: 0x2c01168a, L:/127.0.0.1:63664 - R:localhost/127.0.0.1:49755]' for 'GET' to 'http://localhost:49755/session/88465a94b97e1f520d29bd714719d8bc/screenshot'
16:18:30.703 [Forwarding screenshot on session 88465a94b97e1f520d29bd714719d8bc to remote] DEBUG org.asynchttpclient.netty.request.NettyRequestSender - Using open Channel [id: 0x2c01168a, L:/127.0.0.1:63664 - R:localhost/127.0.0.1:49755] for GET '/session/88465a94b97e1f520d29bd714719d8bc/screenshot'
16:18:30.740 [AsyncHttpClient-1-1] DEBUG org.asynchttpclient.netty.channel.DefaultChannelPool - Entry count for : http://localhost:63665 : 1
16:18:30.871 [AsyncHttpClient-1-14] DEBUG org.asynchttpclient.netty.handler.HttpHandler - 

Request DefaultFullHttpRequest(decodeResult: success, version: HTTP/1.1, content: EmptyByteBufBE)
GET /session/88465a94b97e1f520d29bd714719d8bc/screenshot HTTP/1.1
User-Agent: selenium/4.1.2 (java windows)
Cache-Control: no-cache
Content-Type: application/json; charset=utf-8
host: localhost:49755
accept: */*

Response DefaultHttpResponse(decodeResult: success, version: HTTP/1.1)
HTTP/1.1 200 OK
Content-Type: application/json; charset=utf-8
cache-control: no-cache
content-length: 39184

16:18:30.872 [AsyncHttpClient-1-14] DEBUG org.asynchttpclient.netty.channel.ChannelManager - Adding key: http://localhost:49755 for channel [id: 0x2c01168a, L:/127.0.0.1:63664 - R:localhost/127.0.0.1:49755]
16:18:30.875 [main] DEBUG net.serenitybdd.core.photography.Darkroom - Send negative for processing for target\site\serenity\f89d7447436430c2dacb2bcd83dd748231e98be918de93aaa48fc46b99e8889c.png
16:18:30.876 [main] DEBUG net.thucydides.core.steps.StepInterceptor - STEP DONE: inputPassword
  &amp#27;[32mAnd &amp#27;[0m&amp#27;[32mI inputs &amp#27;[0m&amp#27;[32m&amp#27;[1m"rayhan1234"&amp#27;[0m&amp#27;[32m password&amp#27;[0m                   &amp#27;[90m# Starter.StepDefinitions.LogoutStep.iInputsPassword(java.lang.String)&amp#27;[0m
16:18:30.876 [Darkroom Processing Line] DEBUG net.serenitybdd.core.photography.DarkroomProcessingLine - Processing screenshot image in /var/screenshots/screenshot-5435766573344557034
16:18:30.876 [Darkroom Processing Line] DEBUG net.serenitybdd.core.photography.DarkroomProcessingLine - Saving screenshot to target\site\serenity\f89d7447436430c2dacb2bcd83dd748231e98be918de93aaa48fc46b99e8889c.png
16:18:30.890 [main] DEBUG net.thucydides.core.steps.StepInterceptor - STARTING STEP: LogoutStep.clickLoginnButton - clickLoginButton
16:18:30.892 [Forwarding findElement on session 88465a94b97e1f520d29bd714719d8bc to remote] DEBUG org.asynchttpclient.netty.request.NettyRequestSender - Using pooled Channel '[id: 0x2c01168a, L:/127.0.0.1:63664 - R:localhost/127.0.0.1:49755]' for 'POST' to 'http://localhost:49755/session/88465a94b97e1f520d29bd714719d8bc/element'
16:18:30.892 [Forwarding findElement on session 88465a94b97e1f520d29bd714719d8bc to remote] DEBUG org.asynchttpclient.netty.request.NettyRequestSender - Using open Channel [id: 0x2c01168a, L:/127.0.0.1:63664 - R:localhost/127.0.0.1:49755] for POST '/session/88465a94b97e1f520d29bd714719d8bc/element'
16:18:30.897 [AsyncHttpClient-1-14] DEBUG org.asynchttpclient.netty.handler.HttpHandler - 

Request DefaultHttpRequest(decodeResult: success, version: HTTP/1.1)
POST /session/88465a94b97e1f520d29bd714719d8bc/element HTTP/1.1
User-Agent: selenium/4.1.2 (java windows)
Content-Length: 136
Content-Type: application/json; charset=utf-8
host: localhost:49755
accept: */*

Response DefaultHttpResponse(decodeResult: success, version: HTTP/1.1)
HTTP/1.1 200 OK
Content-Type: application/json; charset=utf-8
cache-control: no-cache
content-length: 88

16:18:30.897 [AsyncHttpClient-1-14] DEBUG org.asynchttpclient.netty.channel.ChannelManager - Adding key: http://localhost:49755 for channel [id: 0x2c01168a, L:/127.0.0.1:63664 - R:localhost/127.0.0.1:49755]
16:18:30.900 [Forwarding getElementTagName on session 88465a94b97e1f520d29bd714719d8bc to remote] DEBUG org.asynchttpclient.netty.request.NettyRequestSender - Using pooled Channel '[id: 0x2c01168a, L:/127.0.0.1:63664 - R:localhost/127.0.0.1:49755]' for 'GET' to 'http://localhost:49755/session/88465a94b97e1f520d29bd714719d8bc/element/abf11fd2-e304-4985-a643-0b59933339c3/name'
16:18:30.900 [Forwarding getElementTagName on session 88465a94b97e1f520d29bd714719d8bc to remote] DEBUG org.asynchttpclient.netty.request.NettyRequestSender - Using open Channel [id: 0x2c01168a, L:/127.0.0.1:63664 - R:localhost/127.0.0.1:49755] for GET '/session/88465a94b97e1f520d29bd714719d8bc/element/abf11fd2-e304-4985-a643-0b59933339c3/name'
16:18:30.904 [AsyncHttpClient-1-14] DEBUG org.asynchttpclient.netty.handler.HttpHandler - 

Request DefaultFullHttpRequest(decodeResult: success, version: HTTP/1.1, content: EmptyByteBufBE)
GET /session/88465a94b97e1f520d29bd714719d8bc/element/abf11fd2-e304-4985-a643-0b59933339c3/name HTTP/1.1
User-Agent: selenium/4.1.2 (java windows)
Cache-Control: no-cache
Content-Type: application/json; charset=utf-8
host: localhost:49755
accept: */*

Response DefaultHttpResponse(decodeResult: success, version: HTTP/1.1)
HTTP/1.1 200 OK
Content-Type: application/json; charset=utf-8
cache-control: no-cache
content-length: 18

16:18:30.904 [AsyncHttpClient-1-14] DEBUG org.asynchttpclient.netty.channel.ChannelManager - Adding key: http://localhost:49755 for channel [id: 0x2c01168a, L:/127.0.0.1:63664 - R:localhost/127.0.0.1:49755]
16:18:30.905 [Forwarding getElementTagName on session 88465a94b97e1f520d29bd714719d8bc to remote] DEBUG org.asynchttpclient.netty.request.NettyRequestSender - Using pooled Channel '[id: 0x2c01168a, L:/127.0.0.1:63664 - R:localhost/127.0.0.1:49755]' for 'GET' to 'http://localhost:49755/session/88465a94b97e1f520d29bd714719d8bc/element/abf11fd2-e304-4985-a643-0b59933339c3/name'
16:18:30.906 [Forwarding getElementTagName on session 88465a94b97e1f520d29bd714719d8bc to remote] DEBUG org.asynchttpclient.netty.request.NettyRequestSender - Using open Channel [id: 0x2c01168a, L:/127.0.0.1:63664 - R:localhost/127.0.0.1:49755] for GET '/session/88465a94b97e1f520d29bd714719d8bc/element/abf11fd2-e304-4985-a643-0b59933339c3/name'
16:18:30.909 [AsyncHttpClient-1-14] DEBUG org.asynchttpclient.netty.handler.HttpHandler - 

Request DefaultFullHttpRequest(decodeResult: success, version: HTTP/1.1, content: EmptyByteBufBE)
GET /session/88465a94b97e1f520d29bd714719d8bc/element/abf11fd2-e304-4985-a643-0b59933339c3/name HTTP/1.1
User-Agent: selenium/4.1.2 (java windows)
Cache-Control: no-cache
Content-Type: application/json; charset=utf-8
host: localhost:49755
accept: */*

Response DefaultHttpResponse(decodeResult: success, version: HTTP/1.1)
HTTP/1.1 200 OK
Content-Type: application/json; charset=utf-8
cache-control: no-cache
content-length: 18

16:18:30.909 [AsyncHttpClient-1-14] DEBUG org.asynchttpclient.netty.channel.ChannelManager - Adding key: http://localhost:49755 for channel [id: 0x2c01168a, L:/127.0.0.1:63664 - R:localhost/127.0.0.1:49755]
16:18:30.914 [Forwarding isElementEnabled on session 88465a94b97e1f520d29bd714719d8bc to remote] DEBUG org.asynchttpclient.netty.request.NettyRequestSender - Using pooled Channel '[id: 0x2c01168a, L:/127.0.0.1:63664 - R:localhost/127.0.0.1:49755]' for 'GET' to 'http://localhost:49755/session/88465a94b97e1f520d29bd714719d8bc/element/abf11fd2-e304-4985-a643-0b59933339c3/enabled'
16:18:30.914 [Forwarding isElementEnabled on session 88465a94b97e1f520d29bd714719d8bc to remote] DEBUG org.asynchttpclient.netty.request.NettyRequestSender - Using open Channel [id: 0x2c01168a, L:/127.0.0.1:63664 - R:localhost/127.0.0.1:49755] for GET '/session/88465a94b97e1f520d29bd714719d8bc/element/abf11fd2-e304-4985-a643-0b59933339c3/enabled'
16:18:30.921 [AsyncHttpClient-1-14] DEBUG org.asynchttpclient.netty.handler.HttpHandler - 

Request DefaultFullHttpRequest(decodeResult: success, version: HTTP/1.1, content: EmptyByteBufBE)
GET /session/88465a94b97e1f520d29bd714719d8bc/element/abf11fd2-e304-4985-a643-0b59933339c3/enabled HTTP/1.1
User-Agent: selenium/4.1.2 (java windows)
Cache-Control: no-cache
Content-Type: application/json; charset=utf-8
host: localhost:49755
accept: */*

Response DefaultHttpResponse(decodeResult: success, version: HTTP/1.1)
HTTP/1.1 200 OK
Content-Type: application/json; charset=utf-8
cache-control: no-cache
content-length: 14

16:18:30.921 [AsyncHttpClient-1-14] DEBUG org.asynchttpclient.netty.channel.ChannelManager - Adding key: http://localhost:49755 for channel [id: 0x2c01168a, L:/127.0.0.1:63664 - R:localhost/127.0.0.1:49755]
16:18:30.923 [Forwarding isElementEnabled on session 88465a94b97e1f520d29bd714719d8bc to remote] DEBUG org.asynchttpclient.netty.request.NettyRequestSender - Using pooled Channel '[id: 0x2c01168a, L:/127.0.0.1:63664 - R:localhost/127.0.0.1:49755]' for 'GET' to 'http://localhost:49755/session/88465a94b97e1f520d29bd714719d8bc/element/abf11fd2-e304-4985-a643-0b59933339c3/enabled'
16:18:30.923 [Forwarding isElementEnabled on session 88465a94b97e1f520d29bd714719d8bc to remote] DEBUG org.asynchttpclient.netty.request.NettyRequestSender - Using open Channel [id: 0x2c01168a, L:/127.0.0.1:63664 - R:localhost/127.0.0.1:49755] for GET '/session/88465a94b97e1f520d29bd714719d8bc/element/abf11fd2-e304-4985-a643-0b59933339c3/enabled'
16:18:30.928 [AsyncHttpClient-1-14] DEBUG org.asynchttpclient.netty.handler.HttpHandler - 

Request DefaultFullHttpRequest(decodeResult: success, version: HTTP/1.1, content: EmptyByteBufBE)
GET /session/88465a94b97e1f520d29bd714719d8bc/element/abf11fd2-e304-4985-a643-0b59933339c3/enabled HTTP/1.1
User-Agent: selenium/4.1.2 (java windows)
Cache-Control: no-cache
Content-Type: application/json; charset=utf-8
host: localhost:49755
accept: */*

Response DefaultHttpResponse(decodeResult: success, version: HTTP/1.1)
HTTP/1.1 200 OK
Content-Type: application/json; charset=utf-8
cache-control: no-cache
content-length: 14

16:18:30.929 [AsyncHttpClient-1-14] DEBUG org.asynchttpclient.netty.channel.ChannelManager - Adding key: http://localhost:49755 for channel [id: 0x2c01168a, L:/127.0.0.1:63664 - R:localhost/127.0.0.1:49755]
16:18:30.930 [Forwarding findElement on session 88465a94b97e1f520d29bd714719d8bc to remote] DEBUG org.asynchttpclient.netty.request.NettyRequestSender - Using pooled Channel '[id: 0x2c01168a, L:/127.0.0.1:63664 - R:localhost/127.0.0.1:49755]' for 'POST' to 'http://localhost:49755/session/88465a94b97e1f520d29bd714719d8bc/element'
16:18:30.930 [Forwarding findElement on session 88465a94b97e1f520d29bd714719d8bc to remote] DEBUG org.asynchttpclient.netty.request.NettyRequestSender - Using open Channel [id: 0x2c01168a, L:/127.0.0.1:63664 - R:localhost/127.0.0.1:49755] for POST '/session/88465a94b97e1f520d29bd714719d8bc/element'
16:18:30.935 [AsyncHttpClient-1-14] DEBUG org.asynchttpclient.netty.handler.HttpHandler - 

Request DefaultHttpRequest(decodeResult: success, version: HTTP/1.1)
POST /session/88465a94b97e1f520d29bd714719d8bc/element HTTP/1.1
User-Agent: selenium/4.1.2 (java windows)
Content-Length: 136
Content-Type: application/json; charset=utf-8
host: localhost:49755
accept: */*

Response DefaultHttpResponse(decodeResult: success, version: HTTP/1.1)
HTTP/1.1 200 OK
Content-Type: application/json; charset=utf-8
cache-control: no-cache
content-length: 88

16:18:30.935 [AsyncHttpClient-1-14] DEBUG org.asynchttpclient.netty.channel.ChannelManager - Adding key: http://localhost:49755 for channel [id: 0x2c01168a, L:/127.0.0.1:63664 - R:localhost/127.0.0.1:49755]
16:18:30.936 [Forwarding clickElement on session 88465a94b97e1f520d29bd714719d8bc to remote] DEBUG org.asynchttpclient.netty.request.NettyRequestSender - Using pooled Channel '[id: 0x2c01168a, L:/127.0.0.1:63664 - R:localhost/127.0.0.1:49755]' for 'POST' to 'http://localhost:49755/session/88465a94b97e1f520d29bd714719d8bc/element/abf11fd2-e304-4985-a643-0b59933339c3/click'
16:18:30.936 [Forwarding clickElement on session 88465a94b97e1f520d29bd714719d8bc to remote] DEBUG org.asynchttpclient.netty.request.NettyRequestSender - Using open Channel [id: 0x2c01168a, L:/127.0.0.1:63664 - R:localhost/127.0.0.1:49755] for POST '/session/88465a94b97e1f520d29bd714719d8bc/element/abf11fd2-e304-4985-a643-0b59933339c3/click'
16:18:30.971 [AsyncHttpClient-1-14] DEBUG org.asynchttpclient.netty.handler.HttpHandler - 

Request DefaultHttpRequest(decodeResult: success, version: HTTP/1.1)
POST /session/88465a94b97e1f520d29bd714719d8bc/element/abf11fd2-e304-4985-a643-0b59933339c3/click HTTP/1.1
User-Agent: selenium/4.1.2 (java windows)
Content-Length: 50
Content-Type: application/json; charset=utf-8
host: localhost:49755
accept: */*

Response DefaultHttpResponse(decodeResult: success, version: HTTP/1.1)
HTTP/1.1 200 OK
Content-Type: application/json; charset=utf-8
cache-control: no-cache
content-length: 14

16:18:30.971 [AsyncHttpClient-1-14] DEBUG org.asynchttpclient.netty.channel.ChannelManager - Adding key: http://localhost:49755 for channel [id: 0x2c01168a, L:/127.0.0.1:63664 - R:localhost/127.0.0.1:49755]
16:18:30.975 [Forwarding screenshot on session 88465a94b97e1f520d29bd714719d8bc to remote] DEBUG org.asynchttpclient.netty.request.NettyRequestSender - Using pooled Channel '[id: 0x2c01168a, L:/127.0.0.1:63664 - R:localhost/127.0.0.1:49755]' for 'GET' to 'http://localhost:49755/session/88465a94b97e1f520d29bd714719d8bc/screenshot'
16:18:30.975 [Forwarding screenshot on session 88465a94b97e1f520d29bd714719d8bc to remote] DEBUG org.asynchttpclient.netty.request.NettyRequestSender - Using open Channel [id: 0x2c01168a, L:/127.0.0.1:63664 - R:localhost/127.0.0.1:49755] for GET '/session/88465a94b97e1f520d29bd714719d8bc/screenshot'
16:18:31.176 [AsyncHttpClient-1-14] DEBUG org.asynchttpclient.netty.handler.HttpHandler - 

Request DefaultFullHttpRequest(decodeResult: success, version: HTTP/1.1, content: EmptyByteBufBE)
GET /session/88465a94b97e1f520d29bd714719d8bc/screenshot HTTP/1.1
User-Agent: selenium/4.1.2 (java windows)
Cache-Control: no-cache
Content-Type: application/json; charset=utf-8
host: localhost:49755
accept: */*

Response DefaultHttpResponse(decodeResult: success, version: HTTP/1.1)
HTTP/1.1 200 OK
Content-Type: application/json; charset=utf-8
cache-control: no-cache
content-length: 38472

16:18:31.177 [AsyncHttpClient-1-14] DEBUG org.asynchttpclient.netty.channel.ChannelManager - Adding key: http://localhost:49755 for channel [id: 0x2c01168a, L:/127.0.0.1:63664 - R:localhost/127.0.0.1:49755]
16:18:31.179 [main] DEBUG net.serenitybdd.core.photography.Darkroom - Send negative for processing for target\site\serenity\8f71f1cded60144b694a60506a8b5ee8cd29ae36bd45bfd208b1a77c57493a00.png
16:18:31.179 [main] DEBUG net.thucydides.core.steps.StepInterceptor - STEP DONE: clickLoginButton
  &amp#27;[32mAnd &amp#27;[0m&amp#27;[32mclicks login button&amp#27;[0m                              &amp#27;[90m# Starter.StepDefinitions.LogoutStep.clickLoginnButton()&amp#27;[0m
16:18:31.179 [Darkroom Processing Line] DEBUG net.serenitybdd.core.photography.DarkroomProcessingLine - Processing screenshot image in /var/screenshots/screenshot-8118529623619415394
16:18:31.179 [Darkroom Processing Line] DEBUG net.serenitybdd.core.photography.DarkroomProcessingLine - Saving screenshot to target\site\serenity\8f71f1cded60144b694a60506a8b5ee8cd29ae36bd45bfd208b1a77c57493a00.png
16:18:31.193 [main] DEBUG net.thucydides.core.steps.StepInterceptor - STARTING STEP: LogoutStep.iGetToHomePage - headerTextEqual
16:18:31.196 [Forwarding findElement on session 88465a94b97e1f520d29bd714719d8bc to remote] DEBUG org.asynchttpclient.netty.request.NettyRequestSender - Using pooled Channel '[id: 0x2c01168a, L:/127.0.0.1:63664 - R:localhost/127.0.0.1:49755]' for 'POST' to 'http://localhost:49755/session/88465a94b97e1f520d29bd714719d8bc/element'
16:18:31.196 [Forwarding findElement on session 88465a94b97e1f520d29bd714719d8bc to remote] DEBUG org.asynchttpclient.netty.request.NettyRequestSender - Using open Channel [id: 0x2c01168a, L:/127.0.0.1:63664 - R:localhost/127.0.0.1:49755] for POST '/session/88465a94b97e1f520d29bd714719d8bc/element'
16:18:31.198 [AsyncHttpClient-1-14] DEBUG org.asynchttpclient.netty.handler.HttpHandler - 

Request DefaultHttpRequest(decodeResult: success, version: HTTP/1.1)
POST /session/88465a94b97e1f520d29bd714719d8bc/element HTTP/1.1
User-Agent: selenium/4.1.2 (java windows)
Content-Length: 53
Content-Type: application/json; charset=utf-8
host: localhost:49755
accept: */*

Response DefaultHttpResponse(decodeResult: success, version: HTTP/1.1)
HTTP/1.1 400 Bad Request
Content-Type: application/json; charset=utf-8
cache-control: no-cache
content-length: 957

16:18:31.198 [AsyncHttpClient-1-14] DEBUG org.asynchttpclient.netty.channel.ChannelManager - Adding key: http://localhost:49755 for channel [id: 0x2c01168a, L:/127.0.0.1:63664 - R:localhost/127.0.0.1:49755]
16:18:31.200 [Forwarding findElement on session 88465a94b97e1f520d29bd714719d8bc to remote] DEBUG org.asynchttpclient.netty.request.NettyRequestSender - Using pooled Channel '[id: 0x2c01168a, L:/127.0.0.1:63664 - R:localhost/127.0.0.1:49755]' for 'POST' to 'http://localhost:49755/session/88465a94b97e1f520d29bd714719d8bc/element'
16:18:31.200 [Forwarding findElement on session 88465a94b97e1f520d29bd714719d8bc to remote] DEBUG org.asynchttpclient.netty.request.NettyRequestSender - Using open Channel [id: 0x2c01168a, L:/127.0.0.1:63664 - R:localhost/127.0.0.1:49755] for POST '/session/88465a94b97e1f520d29bd714719d8bc/element'
16:18:31.210 [AsyncHttpClient-1-14] DEBUG org.asynchttpclient.netty.handler.HttpHandler - 

Request DefaultHttpRequest(decodeResult: success, version: HTTP/1.1)
POST /session/88465a94b97e1f520d29bd714719d8bc/element HTTP/1.1
User-Agent: selenium/4.1.2 (java windows)
Content-Length: 63
Content-Type: application/json; charset=utf-8
host: localhost:49755
accept: */*

Response DefaultHttpResponse(decodeResult: success, version: HTTP/1.1)
HTTP/1.1 200 OK
Content-Type: application/json; charset=utf-8
cache-control: no-cache
content-length: 88

16:18:31.210 [AsyncHttpClient-1-14] DEBUG org.asynchttpclient.netty.channel.ChannelManager - Adding key: http://localhost:49755 for channel [id: 0x2c01168a, L:/127.0.0.1:63664 - R:localhost/127.0.0.1:49755]
16:18:31.211 [Forwarding getElementText on session 88465a94b97e1f520d29bd714719d8bc to remote] DEBUG org.asynchttpclient.netty.request.NettyRequestSender - Using pooled Channel '[id: 0x2c01168a, L:/127.0.0.1:63664 - R:localhost/127.0.0.1:49755]' for 'GET' to 'http://localhost:49755/session/88465a94b97e1f520d29bd714719d8bc/element/3df285b9-61c4-4edc-9752-32949025796e/text'
16:18:31.211 [Forwarding getElementText on session 88465a94b97e1f520d29bd714719d8bc to remote] DEBUG org.asynchttpclient.netty.request.NettyRequestSender - Using open Channel [id: 0x2c01168a, L:/127.0.0.1:63664 - R:localhost/127.0.0.1:49755] for GET '/session/88465a94b97e1f520d29bd714719d8bc/element/3df285b9-61c4-4edc-9752-32949025796e/text'
16:18:31.228 [AsyncHttpClient-1-14] DEBUG org.asynchttpclient.netty.handler.HttpHandler - 

Request DefaultFullHttpRequest(decodeResult: success, version: HTTP/1.1, content: EmptyByteBufBE)
GET /session/88465a94b97e1f520d29bd714719d8bc/element/3df285b9-61c4-4edc-9752-32949025796e/text HTTP/1.1
User-Agent: selenium/4.1.2 (java windows)
Cache-Control: no-cache
Content-Type: application/json; charset=utf-8
host: localhost:49755
accept: */*

Response DefaultHttpResponse(decodeResult: success, version: HTTP/1.1)
HTTP/1.1 200 OK
Content-Type: application/json; charset=utf-8
cache-control: no-cache
content-length: 20

16:18:31.228 [AsyncHttpClient-1-14] DEBUG org.asynchttpclient.netty.channel.ChannelManager - Adding key: http://localhost:49755 for channel [id: 0x2c01168a, L:/127.0.0.1:63664 - R:localhost/127.0.0.1:49755]
16:18:31.232 [Forwarding screenshot on session 88465a94b97e1f520d29bd714719d8bc to remote] DEBUG org.asynchttpclient.netty.request.NettyRequestSender - Using pooled Channel '[id: 0x2c01168a, L:/127.0.0.1:63664 - R:localhost/127.0.0.1:49755]' for 'GET' to 'http://localhost:49755/session/88465a94b97e1f520d29bd714719d8bc/screenshot'
16:18:31.233 [Forwarding screenshot on session 88465a94b97e1f520d29bd714719d8bc to remote] DEBUG org.asynchttpclient.netty.request.NettyRequestSender - Using open Channel [id: 0x2c01168a, L:/127.0.0.1:63664 - R:localhost/127.0.0.1:49755] for GET '/session/88465a94b97e1f520d29bd714719d8bc/screenshot'
16:18:31.421 [AsyncHttpClient-1-14] DEBUG org.asynchttpclient.netty.handler.HttpHandler - 

Request DefaultFullHttpRequest(decodeResult: success, version: HTTP/1.1, content: EmptyByteBufBE)
GET /session/88465a94b97e1f520d29bd714719d8bc/screenshot HTTP/1.1
User-Agent: selenium/4.1.2 (java windows)
Cache-Control: no-cache
Content-Type: application/json; charset=utf-8
host: localhost:49755
accept: */*

Response DefaultHttpResponse(decodeResult: success, version: HTTP/1.1)
HTTP/1.1 200 OK
Content-Type: application/json; charset=utf-8
cache-control: no-cache
content-length: 37120

16:18:31.421 [AsyncHttpClient-1-14] DEBUG org.asynchttpclient.netty.channel.ChannelManager - Adding key: http://localhost:49755 for channel [id: 0x2c01168a, L:/127.0.0.1:63664 - R:localhost/127.0.0.1:49755]
16:18:31.423 [main] DEBUG net.serenitybdd.core.photography.Darkroom - Send negative for processing for target\site\serenity\a45c3941e7ffd34db795469547210a784444f645d0fb72d282a2dfb5533a9248.png
16:18:31.423 [main] DEBUG net.thucydides.core.steps.StepInterceptor - STEP DONE: headerTextEqual
  &amp#27;[32mAnd &amp#27;[0m&amp#27;[32mI get to home page&amp#27;[0m                               &amp#27;[90m# Starter.StepDefinitions.LogoutStep.iGetToHomePage()&amp#27;[0m
16:18:31.423 [Darkroom Processing Line] DEBUG net.serenitybdd.core.photography.DarkroomProcessingLine - Processing screenshot image in /var/screenshots/screenshot-16097344488006552656
16:18:31.423 [Darkroom Processing Line] DEBUG net.serenitybdd.core.photography.DarkroomProcessingLine - Saving screenshot to target\site\serenity\a45c3941e7ffd34db795469547210a784444f645d0fb72d282a2dfb5533a9248.png
16:18:31.435 [main] DEBUG net.thucydides.core.steps.StepInterceptor - STARTING STEP: LogoutStep.iClickProfileButton - clickProfileButton
16:18:31.438 [Forwarding findElement on session 88465a94b97e1f520d29bd714719d8bc to remote] DEBUG org.asynchttpclient.netty.request.NettyRequestSender - Using pooled Channel '[id: 0x2c01168a, L:/127.0.0.1:63664 - R:localhost/127.0.0.1:49755]' for 'POST' to 'http://localhost:49755/session/88465a94b97e1f520d29bd714719d8bc/element'
16:18:31.438 [Forwarding findElement on session 88465a94b97e1f520d29bd714719d8bc to remote] DEBUG org.asynchttpclient.netty.request.NettyRequestSender - Using open Channel [id: 0x2c01168a, L:/127.0.0.1:63664 - R:localhost/127.0.0.1:49755] for POST '/session/88465a94b97e1f520d29bd714719d8bc/element'
16:18:31.448 [AsyncHttpClient-1-14] DEBUG org.asynchttpclient.netty.handler.HttpHandler - 

Request DefaultHttpRequest(decodeResult: success, version: HTTP/1.1)
POST /session/88465a94b97e1f520d29bd714719d8bc/element HTTP/1.1
User-Agent: selenium/4.1.2 (java windows)
Content-Length: 105
Content-Type: application/json; charset=utf-8
host: localhost:49755
accept: */*

Response DefaultHttpResponse(decodeResult: success, version: HTTP/1.1)
HTTP/1.1 200 OK
Content-Type: application/json; charset=utf-8
cache-control: no-cache
content-length: 88

16:18:31.448 [AsyncHttpClient-1-14] DEBUG org.asynchttpclient.netty.channel.ChannelManager - Adding key: http://localhost:49755 for channel [id: 0x2c01168a, L:/127.0.0.1:63664 - R:localhost/127.0.0.1:49755]
16:18:31.450 [Forwarding getElementTagName on session 88465a94b97e1f520d29bd714719d8bc to remote] DEBUG org.asynchttpclient.netty.request.NettyRequestSender - Using pooled Channel '[id: 0x2c01168a, L:/127.0.0.1:63664 - R:localhost/127.0.0.1:49755]' for 'GET' to 'http://localhost:49755/session/88465a94b97e1f520d29bd714719d8bc/element/1af32846-8b7d-4829-a52e-d547d9b127ff/name'
16:18:31.450 [Forwarding getElementTagName on session 88465a94b97e1f520d29bd714719d8bc to remote] DEBUG org.asynchttpclient.netty.request.NettyRequestSender - Using open Channel [id: 0x2c01168a, L:/127.0.0.1:63664 - R:localhost/127.0.0.1:49755] for GET '/session/88465a94b97e1f520d29bd714719d8bc/element/1af32846-8b7d-4829-a52e-d547d9b127ff/name'
16:18:31.453 [AsyncHttpClient-1-14] DEBUG org.asynchttpclient.netty.handler.HttpHandler - 

Request DefaultFullHttpRequest(decodeResult: success, version: HTTP/1.1, content: EmptyByteBufBE)
GET /session/88465a94b97e1f520d29bd714719d8bc/element/1af32846-8b7d-4829-a52e-d547d9b127ff/name HTTP/1.1
User-Agent: selenium/4.1.2 (java windows)
Cache-Control: no-cache
Content-Type: application/json; charset=utf-8
host: localhost:49755
accept: */*

Response DefaultHttpResponse(decodeResult: success, version: HTTP/1.1)
HTTP/1.1 200 OK
Content-Type: application/json; charset=utf-8
cache-control: no-cache
content-length: 13

16:18:31.453 [AsyncHttpClient-1-14] DEBUG org.asynchttpclient.netty.channel.ChannelManager - Adding key: http://localhost:49755 for channel [id: 0x2c01168a, L:/127.0.0.1:63664 - R:localhost/127.0.0.1:49755]
16:18:31.454 [Forwarding getElementTagName on session 88465a94b97e1f520d29bd714719d8bc to remote] DEBUG org.asynchttpclient.netty.request.NettyRequestSender - Using pooled Channel '[id: 0x2c01168a, L:/127.0.0.1:63664 - R:localhost/127.0.0.1:49755]' for 'GET' to 'http://localhost:49755/session/88465a94b97e1f520d29bd714719d8bc/element/1af32846-8b7d-4829-a52e-d547d9b127ff/name'
16:18:31.454 [Forwarding getElementTagName on session 88465a94b97e1f520d29bd714719d8bc to remote] DEBUG org.asynchttpclient.netty.request.NettyRequestSender - Using open Channel [id: 0x2c01168a, L:/127.0.0.1:63664 - R:localhost/127.0.0.1:49755] for GET '/session/88465a94b97e1f520d29bd714719d8bc/element/1af32846-8b7d-4829-a52e-d547d9b127ff/name'
16:18:31.456 [AsyncHttpClient-1-14] DEBUG org.asynchttpclient.netty.handler.HttpHandler - 

Request DefaultFullHttpRequest(decodeResult: success, version: HTTP/1.1, content: EmptyByteBufBE)
GET /session/88465a94b97e1f520d29bd714719d8bc/element/1af32846-8b7d-4829-a52e-d547d9b127ff/name HTTP/1.1
User-Agent: selenium/4.1.2 (java windows)
Cache-Control: no-cache
Content-Type: application/json; charset=utf-8
host: localhost:49755
accept: */*

Response DefaultHttpResponse(decodeResult: success, version: HTTP/1.1)
HTTP/1.1 200 OK
Content-Type: application/json; charset=utf-8
cache-control: no-cache
content-length: 13

16:18:31.456 [AsyncHttpClient-1-14] DEBUG org.asynchttpclient.netty.channel.ChannelManager - Adding key: http://localhost:49755 for channel [id: 0x2c01168a, L:/127.0.0.1:63664 - R:localhost/127.0.0.1:49755]
16:18:31.458 [Forwarding findElement on session 88465a94b97e1f520d29bd714719d8bc to remote] DEBUG org.asynchttpclient.netty.request.NettyRequestSender - Using pooled Channel '[id: 0x2c01168a, L:/127.0.0.1:63664 - R:localhost/127.0.0.1:49755]' for 'POST' to 'http://localhost:49755/session/88465a94b97e1f520d29bd714719d8bc/element'
16:18:31.458 [Forwarding findElement on session 88465a94b97e1f520d29bd714719d8bc to remote] DEBUG org.asynchttpclient.netty.request.NettyRequestSender - Using open Channel [id: 0x2c01168a, L:/127.0.0.1:63664 - R:localhost/127.0.0.1:49755] for POST '/session/88465a94b97e1f520d29bd714719d8bc/element'
16:18:31.464 [AsyncHttpClient-1-14] DEBUG org.asynchttpclient.netty.handler.HttpHandler - 

Request DefaultHttpRequest(decodeResult: success, version: HTTP/1.1)
POST /session/88465a94b97e1f520d29bd714719d8bc/element HTTP/1.1
User-Agent: selenium/4.1.2 (java windows)
Content-Length: 105
Content-Type: application/json; charset=utf-8
host: localhost:49755
accept: */*

Response DefaultHttpResponse(decodeResult: success, version: HTTP/1.1)
HTTP/1.1 200 OK
Content-Type: application/json; charset=utf-8
cache-control: no-cache
content-length: 88

16:18:31.464 [AsyncHttpClient-1-14] DEBUG org.asynchttpclient.netty.channel.ChannelManager - Adding key: http://localhost:49755 for channel [id: 0x2c01168a, L:/127.0.0.1:63664 - R:localhost/127.0.0.1:49755]
16:18:31.465 [Forwarding clickElement on session 88465a94b97e1f520d29bd714719d8bc to remote] DEBUG org.asynchttpclient.netty.request.NettyRequestSender - Using pooled Channel '[id: 0x2c01168a, L:/127.0.0.1:63664 - R:localhost/127.0.0.1:49755]' for 'POST' to 'http://localhost:49755/session/88465a94b97e1f520d29bd714719d8bc/element/1af32846-8b7d-4829-a52e-d547d9b127ff/click'
16:18:31.465 [Forwarding clickElement on session 88465a94b97e1f520d29bd714719d8bc to remote] DEBUG org.asynchttpclient.netty.request.NettyRequestSender - Using open Channel [id: 0x2c01168a, L:/127.0.0.1:63664 - R:localhost/127.0.0.1:49755] for POST '/session/88465a94b97e1f520d29bd714719d8bc/element/1af32846-8b7d-4829-a52e-d547d9b127ff/click'
16:18:31.506 [AsyncHttpClient-1-14] DEBUG org.asynchttpclient.netty.handler.HttpHandler - 

Request DefaultHttpRequest(decodeResult: success, version: HTTP/1.1)
POST /session/88465a94b97e1f520d29bd714719d8bc/element/1af32846-8b7d-4829-a52e-d547d9b127ff/click HTTP/1.1
User-Agent: selenium/4.1.2 (java windows)
Content-Length: 50
Content-Type: application/json; charset=utf-8
host: localhost:49755
accept: */*

Response DefaultHttpResponse(decodeResult: success, version: HTTP/1.1)
HTTP/1.1 200 OK
Content-Type: application/json; charset=utf-8
cache-control: no-cache
content-length: 14

16:18:31.506 [AsyncHttpClient-1-14] DEBUG org.asynchttpclient.netty.channel.ChannelManager - Adding key: http://localhost:49755 for channel [id: 0x2c01168a, L:/127.0.0.1:63664 - R:localhost/127.0.0.1:49755]
16:18:31.510 [Forwarding screenshot on session 88465a94b97e1f520d29bd714719d8bc to remote] DEBUG org.asynchttpclient.netty.request.NettyRequestSender - Using pooled Channel '[id: 0x2c01168a, L:/127.0.0.1:63664 - R:localhost/127.0.0.1:49755]' for 'GET' to 'http://localhost:49755/session/88465a94b97e1f520d29bd714719d8bc/screenshot'
16:18:31.510 [Forwarding screenshot on session 88465a94b97e1f520d29bd714719d8bc to remote] DEBUG org.asynchttpclient.netty.request.NettyRequestSender - Using open Channel [id: 0x2c01168a, L:/127.0.0.1:63664 - R:localhost/127.0.0.1:49755] for GET '/session/88465a94b97e1f520d29bd714719d8bc/screenshot'
16:18:31.832 [AsyncHttpClient-1-1] DEBUG org.asynchttpclient.netty.channel.DefaultChannelPool - Entry count for : http://localhost:63665 : 1
16:18:32.692 [AsyncHttpClient-1-14] DEBUG org.asynchttpclient.netty.handler.HttpHandler - 

Request DefaultFullHttpRequest(decodeResult: success, version: HTTP/1.1, content: EmptyByteBufBE)
GET /session/88465a94b97e1f520d29bd714719d8bc/screenshot HTTP/1.1
User-Agent: selenium/4.1.2 (java windows)
Cache-Control: no-cache
Content-Type: application/json; charset=utf-8
host: localhost:49755
accept: */*

Response DefaultHttpResponse(decodeResult: success, version: HTTP/1.1)
HTTP/1.1 200 OK
Content-Type: application/json; charset=utf-8
cache-control: no-cache
content-length: 58716

16:18:32.692 [AsyncHttpClient-1-14] DEBUG org.asynchttpclient.netty.channel.ChannelManager - Adding key: http://localhost:49755 for channel [id: 0x2c01168a, L:/127.0.0.1:63664 - R:localhost/127.0.0.1:49755]
16:18:32.694 [main] DEBUG net.serenitybdd.core.photography.Darkroom - Send negative for processing for target\site\serenity\5619dd9e173563d1ed4dc08a331f2a06a10c59158d6650f7ee6aa3e1d3e1ddb1.png
16:18:32.694 [main] DEBUG net.thucydides.core.steps.StepInterceptor - STEP DONE: clickProfileButton
  &amp#27;[32mAnd &amp#27;[0m&amp#27;[32mclick profile button&amp#27;[0m                             &amp#27;[90m# Starter.StepDefinitions.LogoutStep.iClickProfileButton()&amp#27;[0m
16:18:32.694 [Darkroom Processing Line] DEBUG net.serenitybdd.core.photography.DarkroomProcessingLine - Processing screenshot image in /var/screenshots/screenshot-11074103794806634268
16:18:32.694 [Darkroom Processing Line] DEBUG net.serenitybdd.core.photography.DarkroomProcessingLine - Saving screenshot to target\site\serenity\5619dd9e173563d1ed4dc08a331f2a06a10c59158d6650f7ee6aa3e1d3e1ddb1.png
16:18:32.707 [main] DEBUG net.thucydides.core.steps.StepInterceptor - STARTING STEP: LogoutStep.iClickLogoutButton - clickLogoutButton
16:18:32.709 [Forwarding findElement on session 88465a94b97e1f520d29bd714719d8bc to remote] DEBUG org.asynchttpclient.netty.request.NettyRequestSender - Using pooled Channel '[id: 0x2c01168a, L:/127.0.0.1:63664 - R:localhost/127.0.0.1:49755]' for 'POST' to 'http://localhost:49755/session/88465a94b97e1f520d29bd714719d8bc/element'
16:18:32.709 [Forwarding findElement on session 88465a94b97e1f520d29bd714719d8bc to remote] DEBUG org.asynchttpclient.netty.request.NettyRequestSender - Using open Channel [id: 0x2c01168a, L:/127.0.0.1:63664 - R:localhost/127.0.0.1:49755] for POST '/session/88465a94b97e1f520d29bd714719d8bc/element'
16:18:32.737 [AsyncHttpClient-1-14] DEBUG org.asynchttpclient.netty.handler.HttpHandler - 

Request DefaultHttpRequest(decodeResult: success, version: HTTP/1.1)
POST /session/88465a94b97e1f520d29bd714719d8bc/element HTTP/1.1
User-Agent: selenium/4.1.2 (java windows)
Content-Length: 135
Content-Type: application/json; charset=utf-8
host: localhost:49755
accept: */*

Response DefaultHttpResponse(decodeResult: success, version: HTTP/1.1)
HTTP/1.1 200 OK
Content-Type: application/json; charset=utf-8
cache-control: no-cache
content-length: 88

16:18:32.737 [AsyncHttpClient-1-14] DEBUG org.asynchttpclient.netty.channel.ChannelManager - Adding key: http://localhost:49755 for channel [id: 0x2c01168a, L:/127.0.0.1:63664 - R:localhost/127.0.0.1:49755]
16:18:32.738 [Forwarding getElementTagName on session 88465a94b97e1f520d29bd714719d8bc to remote] DEBUG org.asynchttpclient.netty.request.NettyRequestSender - Using pooled Channel '[id: 0x2c01168a, L:/127.0.0.1:63664 - R:localhost/127.0.0.1:49755]' for 'GET' to 'http://localhost:49755/session/88465a94b97e1f520d29bd714719d8bc/element/6ae31612-80fd-4535-9824-2861d858b865/name'
16:18:32.738 [Forwarding getElementTagName on session 88465a94b97e1f520d29bd714719d8bc to remote] DEBUG org.asynchttpclient.netty.request.NettyRequestSender - Using open Channel [id: 0x2c01168a, L:/127.0.0.1:63664 - R:localhost/127.0.0.1:49755] for GET '/session/88465a94b97e1f520d29bd714719d8bc/element/6ae31612-80fd-4535-9824-2861d858b865/name'
16:18:32.742 [AsyncHttpClient-1-14] DEBUG org.asynchttpclient.netty.handler.HttpHandler - 

Request DefaultFullHttpRequest(decodeResult: success, version: HTTP/1.1, content: EmptyByteBufBE)
GET /session/88465a94b97e1f520d29bd714719d8bc/element/6ae31612-80fd-4535-9824-2861d858b865/name HTTP/1.1
User-Agent: selenium/4.1.2 (java windows)
Cache-Control: no-cache
Content-Type: application/json; charset=utf-8
host: localhost:49755
accept: */*

Response DefaultHttpResponse(decodeResult: success, version: HTTP/1.1)
HTTP/1.1 200 OK
Content-Type: application/json; charset=utf-8
cache-control: no-cache
content-length: 15

16:18:32.743 [AsyncHttpClient-1-14] DEBUG org.asynchttpclient.netty.channel.ChannelManager - Adding key: http://localhost:49755 for channel [id: 0x2c01168a, L:/127.0.0.1:63664 - R:localhost/127.0.0.1:49755]
16:18:32.744 [Forwarding getElementTagName on session 88465a94b97e1f520d29bd714719d8bc to remote] DEBUG org.asynchttpclient.netty.request.NettyRequestSender - Using pooled Channel '[id: 0x2c01168a, L:/127.0.0.1:63664 - R:localhost/127.0.0.1:49755]' for 'GET' to 'http://localhost:49755/session/88465a94b97e1f520d29bd714719d8bc/element/6ae31612-80fd-4535-9824-2861d858b865/name'
16:18:32.744 [Forwarding getElementTagName on session 88465a94b97e1f520d29bd714719d8bc to remote] DEBUG org.asynchttpclient.netty.request.NettyRequestSender - Using open Channel [id: 0x2c01168a, L:/127.0.0.1:63664 - R:localhost/127.0.0.1:49755] for GET '/session/88465a94b97e1f520d29bd714719d8bc/element/6ae31612-80fd-4535-9824-2861d858b865/name'
16:18:32.746 [AsyncHttpClient-1-14] DEBUG org.asynchttpclient.netty.handler.HttpHandler - 

Request DefaultFullHttpRequest(decodeResult: success, version: HTTP/1.1, content: EmptyByteBufBE)
GET /session/88465a94b97e1f520d29bd714719d8bc/element/6ae31612-80fd-4535-9824-2861d858b865/name HTTP/1.1
User-Agent: selenium/4.1.2 (java windows)
Cache-Control: no-cache
Content-Type: application/json; charset=utf-8
host: localhost:49755
accept: */*

Response DefaultHttpResponse(decodeResult: success, version: HTTP/1.1)
HTTP/1.1 200 OK
Content-Type: application/json; charset=utf-8
cache-control: no-cache
content-length: 15

16:18:32.746 [AsyncHttpClient-1-14] DEBUG org.asynchttpclient.netty.channel.ChannelManager - Adding key: http://localhost:49755 for channel [id: 0x2c01168a, L:/127.0.0.1:63664 - R:localhost/127.0.0.1:49755]
16:18:32.748 [Forwarding findElement on session 88465a94b97e1f520d29bd714719d8bc to remote] DEBUG org.asynchttpclient.netty.request.NettyRequestSender - Using pooled Channel '[id: 0x2c01168a, L:/127.0.0.1:63664 - R:localhost/127.0.0.1:49755]' for 'POST' to 'http://localhost:49755/session/88465a94b97e1f520d29bd714719d8bc/element'
16:18:32.748 [Forwarding findElement on session 88465a94b97e1f520d29bd714719d8bc to remote] DEBUG org.asynchttpclient.netty.request.NettyRequestSender - Using open Channel [id: 0x2c01168a, L:/127.0.0.1:63664 - R:localhost/127.0.0.1:49755] for POST '/session/88465a94b97e1f520d29bd714719d8bc/element'
16:18:32.757 [AsyncHttpClient-1-14] DEBUG org.asynchttpclient.netty.handler.HttpHandler - 

Request DefaultHttpRequest(decodeResult: success, version: HTTP/1.1)
POST /session/88465a94b97e1f520d29bd714719d8bc/element HTTP/1.1
User-Agent: selenium/4.1.2 (java windows)
Content-Length: 135
Content-Type: application/json; charset=utf-8
host: localhost:49755
accept: */*

Response DefaultHttpResponse(decodeResult: success, version: HTTP/1.1)
HTTP/1.1 200 OK
Content-Type: application/json; charset=utf-8
cache-control: no-cache
content-length: 88

16:18:32.757 [AsyncHttpClient-1-14] DEBUG org.asynchttpclient.netty.channel.ChannelManager - Adding key: http://localhost:49755 for channel [id: 0x2c01168a, L:/127.0.0.1:63664 - R:localhost/127.0.0.1:49755]
16:18:32.758 [Forwarding clickElement on session 88465a94b97e1f520d29bd714719d8bc to remote] DEBUG org.asynchttpclient.netty.request.NettyRequestSender - Using pooled Channel '[id: 0x2c01168a, L:/127.0.0.1:63664 - R:localhost/127.0.0.1:49755]' for 'POST' to 'http://localhost:49755/session/88465a94b97e1f520d29bd714719d8bc/element/6ae31612-80fd-4535-9824-2861d858b865/click'
16:18:32.758 [Forwarding clickElement on session 88465a94b97e1f520d29bd714719d8bc to remote] DEBUG org.asynchttpclient.netty.request.NettyRequestSender - Using open Channel [id: 0x2c01168a, L:/127.0.0.1:63664 - R:localhost/127.0.0.1:49755] for POST '/session/88465a94b97e1f520d29bd714719d8bc/element/6ae31612-80fd-4535-9824-2861d858b865/click'
16:18:32.880 [AsyncHttpClient-1-14] DEBUG org.asynchttpclient.netty.handler.HttpHandler - 

Request DefaultHttpRequest(decodeResult: success, version: HTTP/1.1)
POST /session/88465a94b97e1f520d29bd714719d8bc/element/6ae31612-80fd-4535-9824-2861d858b865/click HTTP/1.1
User-Agent: selenium/4.1.2 (java windows)
Content-Length: 50
Content-Type: application/json; charset=utf-8
host: localhost:49755
accept: */*

Response DefaultHttpResponse(decodeResult: success, version: HTTP/1.1)
HTTP/1.1 200 OK
Content-Type: application/json; charset=utf-8
cache-control: no-cache
content-length: 14

16:18:32.880 [AsyncHttpClient-1-14] DEBUG org.asynchttpclient.netty.channel.ChannelManager - Adding key: http://localhost:49755 for channel [id: 0x2c01168a, L:/127.0.0.1:63664 - R:localhost/127.0.0.1:49755]
16:18:32.884 [Forwarding screenshot on session 88465a94b97e1f520d29bd714719d8bc to remote] DEBUG org.asynchttpclient.netty.request.NettyRequestSender - Using pooled Channel '[id: 0x2c01168a, L:/127.0.0.1:63664 - R:localhost/127.0.0.1:49755]' for 'GET' to 'http://localhost:49755/session/88465a94b97e1f520d29bd714719d8bc/screenshot'
16:18:32.884 [Forwarding screenshot on session 88465a94b97e1f520d29bd714719d8bc to remote] DEBUG org.asynchttpclient.netty.request.NettyRequestSender - Using open Channel [id: 0x2c01168a, L:/127.0.0.1:63664 - R:localhost/127.0.0.1:49755] for GET '/session/88465a94b97e1f520d29bd714719d8bc/screenshot'
16:18:32.933 [AsyncHttpClient-1-1] DEBUG org.asynchttpclient.netty.channel.DefaultChannelPool - Entry count for : http://localhost:63665 : 1
16:18:33.038 [AsyncHttpClient-1-14] DEBUG org.asynchttpclient.netty.handler.HttpHandler - 

Request DefaultFullHttpRequest(decodeResult: success, version: HTTP/1.1, content: EmptyByteBufBE)
GET /session/88465a94b97e1f520d29bd714719d8bc/screenshot HTTP/1.1
User-Agent: selenium/4.1.2 (java windows)
Cache-Control: no-cache
Content-Type: application/json; charset=utf-8
host: localhost:49755
accept: */*

Response DefaultHttpResponse(decodeResult: success, version: HTTP/1.1)
HTTP/1.1 200 OK
Content-Type: application/json; charset=utf-8
cache-control: no-cache
content-length: 31092

16:18:33.038 [AsyncHttpClient-1-14] DEBUG org.asynchttpclient.netty.channel.ChannelManager - Adding key: http://localhost:49755 for channel [id: 0x2c01168a, L:/127.0.0.1:63664 - R:localhost/127.0.0.1:49755]
16:18:33.040 [main] DEBUG net.serenitybdd.core.photography.Darkroom - Send negative for processing for target\site\serenity\b625743ee732bdb87af642911c7f9583a57576024640458a3bdf0adf445bf9cb.png
16:18:33.040 [main] DEBUG net.thucydides.core.steps.StepInterceptor - STEP DONE: clickLogoutButton
  &amp#27;[32mAnd &amp#27;[0m&amp#27;[32mclick logout button&amp#27;[0m                              &amp#27;[90m# Starter.StepDefinitions.LogoutStep.iClickLogoutButton()&amp#27;[0m
16:18:33.050 [main] DEBUG net.thucydides.core.steps.StepInterceptor - STARTING STEP: LogoutStep.iValidateBackToLoginPage - validateOnLoginPage
16:18:33.052 [Forwarding findElement on session 88465a94b97e1f520d29bd714719d8bc to remote] DEBUG org.asynchttpclient.netty.request.NettyRequestSender - Using pooled Channel '[id: 0x2c01168a, L:/127.0.0.1:63664 - R:localhost/127.0.0.1:49755]' for 'POST' to 'http://localhost:49755/session/88465a94b97e1f520d29bd714719d8bc/element'
16:18:33.052 [Forwarding findElement on session 88465a94b97e1f520d29bd714719d8bc to remote] DEBUG org.asynchttpclient.netty.request.NettyRequestSender - Using open Channel [id: 0x2c01168a, L:/127.0.0.1:63664 - R:localhost/127.0.0.1:49755] for POST '/session/88465a94b97e1f520d29bd714719d8bc/element'
16:18:33.057 [AsyncHttpClient-1-14] DEBUG org.asynchttpclient.netty.handler.HttpHandler - 

Request DefaultHttpRequest(decodeResult: success, version: HTTP/1.1)
POST /session/88465a94b97e1f520d29bd714719d8bc/element HTTP/1.1
User-Agent: selenium/4.1.2 (java windows)
Content-Length: 136
Content-Type: application/json; charset=utf-8
host: localhost:49755
accept: */*

Response DefaultHttpResponse(decodeResult: success, version: HTTP/1.1)
HTTP/1.1 200 OK
Content-Type: application/json; charset=utf-8
cache-control: no-cache
content-length: 88

16:18:33.057 [AsyncHttpClient-1-14] DEBUG org.asynchttpclient.netty.channel.ChannelManager - Adding key: http://localhost:49755 for channel [id: 0x2c01168a, L:/127.0.0.1:63664 - R:localhost/127.0.0.1:49755]
16:18:33.060 [Forwarding isElementDisplayed on session 88465a94b97e1f520d29bd714719d8bc to remote] DEBUG org.asynchttpclient.netty.request.NettyRequestSender - Using pooled Channel '[id: 0x2c01168a, L:/127.0.0.1:63664 - R:localhost/127.0.0.1:49755]' for 'POST' to 'http://localhost:49755/session/88465a94b97e1f520d29bd714719d8bc/execute/sync'
16:18:33.060 [Forwarding isElementDisplayed on session 88465a94b97e1f520d29bd714719d8bc to remote] DEBUG org.asynchttpclient.netty.request.NettyRequestSender - Using open Channel [id: 0x2c01168a, L:/127.0.0.1:63664 - R:localhost/127.0.0.1:49755] for POST '/session/88465a94b97e1f520d29bd714719d8bc/execute/sync'
16:18:33.070 [AsyncHttpClient-1-14] DEBUG org.asynchttpclient.netty.handler.HttpHandler - 

Request DefaultHttpRequest(decodeResult: success, version: HTTP/1.1)
POST /session/88465a94b97e1f520d29bd714719d8bc/execute/sync HTTP/1.1
User-Agent: selenium/4.1.2 (java windows)
Content-Length: 48780
Content-Type: application/json; charset=utf-8
host: localhost:49755
accept: */*

Response DefaultHttpResponse(decodeResult: success, version: HTTP/1.1)
HTTP/1.1 200 OK
Content-Type: application/json; charset=utf-8
cache-control: no-cache
content-length: 14

16:18:33.070 [AsyncHttpClient-1-14] DEBUG org.asynchttpclient.netty.channel.ChannelManager - Adding key: http://localhost:49755 for channel [id: 0x2c01168a, L:/127.0.0.1:63664 - R:localhost/127.0.0.1:49755]
16:18:33.075 [main] DEBUG net.thucydides.core.steps.StepInterceptor - STEP DONE: validateOnLoginPage
  &amp#27;[32mThen &amp#27;[0m&amp#27;[32mI validate back to login page&amp#27;[0m                   &amp#27;[90m# Starter.StepDefinitions.LogoutStep.iValidateBackToLoginPage()&amp#27;[0m
16:18:33.088 [AsyncHttpClient-1-16] DEBUG org.asynchttpclient.netty.handler.WebSocketHandler - Channel Closed: [id: 0xaeec1e45, L:/127.0.0.1:63672 ! R:localhost/127.0.0.1:63665] with attribute NettyResponseFuture{currentRetry=5,
	isDone=1,
	isCancelled=0,
	asyncHandler=org.asynchttpclient.ws.WebSocketUpgradeHandler@197e455f,
	nettyRequest=org.asynchttpclient.netty.request.NettyRequest@5c7cc814,
	future=java.util.concurrent.CompletableFuture@7e2962e2[Completed normally],
	uri=ws://localhost:63665/devtools/browser/98f83df3-0218-4837-9c0d-82ffcb782425,
	keepAlive=true,
	redirectCount=0,
	timeoutsHolder=null,
	inAuth=0,
	touch=1653038308787}
16:18:33.088 [AsyncHttpClient-1-16] DEBUG org.asynchttpclient.netty.channel.ChannelManager - Closing Channel [id: 0xaeec1e45, L:/127.0.0.1:63672 ! R:localhost/127.0.0.1:63665] 
16:18:33.089 [Driver Command Executor] DEBUG org.asynchttpclient.netty.request.NettyRequestSender - Using pooled Channel '[id: 0x2c01168a, L:/127.0.0.1:63664 - R:localhost/127.0.0.1:49755]' for 'DELETE' to 'http://localhost:49755/session/88465a94b97e1f520d29bd714719d8bc'
16:18:33.089 [Driver Command Executor] DEBUG org.asynchttpclient.netty.request.NettyRequestSender - Using open Channel [id: 0x2c01168a, L:/127.0.0.1:63664 - R:localhost/127.0.0.1:49755] for DELETE '/session/88465a94b97e1f520d29bd714719d8bc'
16:18:33.320 [AsyncHttpClient-1-15] DEBUG org.asynchttpclient.netty.handler.HttpHandler - Unexpected I/O exception on channel [id: 0xbc6dc9ba, L:/127.0.0.1:63671 - R:localhost/127.0.0.1:63665]
java.net.SocketException: Connection reset
	at java.base/sun.nio.ch.SocketChannelImpl.throwConnectionReset(SocketChannelImpl.java:367)
	at java.base/sun.nio.ch.SocketChannelImpl.read(SocketChannelImpl.java:398)
	at io.netty.buffer.PooledByteBuf.setBytes(PooledByteBuf.java:258)
	at io.netty.buffer.AbstractByteBuf.writeBytes(AbstractByteBuf.java:1132)
	at io.netty.channel.socket.nio.NioSocketChannel.doReadBytes(NioSocketChannel.java:350)
	at io.netty.channel.nio.AbstractNioByteChannel$NioByteUnsafe.read(AbstractNioByteChannel.java:151)
	at io.netty.channel.nio.NioEventLoop.processSelectedKey(NioEventLoop.java:722)
	at io.netty.channel.nio.NioEventLoop.processSelectedKeysOptimized(NioEventLoop.java:658)
	at io.netty.channel.nio.NioEventLoop.processSelectedKeys(NioEventLoop.java:584)
	at io.netty.channel.nio.NioEventLoop.run(NioEventLoop.java:496)
	at io.netty.util.concurrent.SingleThreadEventExecutor$4.run(SingleThreadEventExecutor.java:986)
	at io.netty.util.internal.ThreadExecutorMap$2.run(ThreadExecutorMap.java:74)
	at io.netty.util.concurrent.FastThreadLocalRunnable.run(FastThreadLocalRunnable.java:30)
	at java.base/java.lang.Thread.run(Thread.java:832)
16:18:33.321 [AsyncHttpClient-1-15] DEBUG org.asynchttpclient.netty.channel.ChannelManager - Closing Channel [id: 0xbc6dc9ba, L:/127.0.0.1:63671 - R:localhost/127.0.0.1:63665] 
16:18:33.321 [AsyncHttpClient-1-15] DEBUG org.asynchttpclient.netty.handler.HttpHandler - Channel Closed: [id: 0xbc6dc9ba, L:/127.0.0.1:63671 ! R:localhost/127.0.0.1:63665] with attribute DISCARD
16:18:33.332 [AsyncHttpClient-1-14] DEBUG org.asynchttpclient.netty.handler.HttpHandler - 

Request DefaultFullHttpRequest(decodeResult: success, version: HTTP/1.1, content: EmptyByteBufBE)
DELETE /session/88465a94b97e1f520d29bd714719d8bc HTTP/1.1
User-Agent: selenium/4.1.2 (java windows)
Content-Type: application/json; charset=utf-8
host: localhost:49755
accept: */*

Response DefaultHttpResponse(decodeResult: success, version: HTTP/1.1)
HTTP/1.1 200 OK
Content-Type: application/json; charset=utf-8
cache-control: no-cache
content-length: 14

16:18:33.332 [AsyncHttpClient-1-14] DEBUG org.asynchttpclient.netty.channel.ChannelManager - Adding key: http://localhost:49755 for channel [id: 0x2c01168a, L:/127.0.0.1:63664 - R:localhost/127.0.0.1:49755]
16:18:33.436 [AsyncHttpClient-1-14] DEBUG org.asynchttpclient.netty.handler.HttpHandler - Channel Closed: [id: 0x2c01168a, L:/127.0.0.1:63664 ! R:localhost/127.0.0.1:49755] with attribute DISCARD
16:18:34.002 [main] INFO  - 
  _____   ___   ___   _____     ___     _     ___   ___   ___   ___  
 |_   _| | __| / __| |_   _|   | _ \   /_\   / __| / __| | __| |   \ 
   | |   | _|  \__ \   | |     |  _/  / _ \  \__ \ \__ \ | _|  | |) |
   |_|   |___| |___/   |_|     |_|   /_/ \_\ |___/ |___/ |___| |___/ 

Logout Scenario
----------------------------------------------------------------------
]]></system-out>
    <system-err><![CDATA[Starting ChromeDriver 101.0.4951.41 (93c720db8323b3ec10d056025ab95c23a31997c9-refs/branch-heads/4951@{#904}) on port 49755
Only local connections are allowed.
Please see https://chromedriver.chromium.org/security-considerations for suggestions on keeping ChromeDriver safe.
ChromeDriver was started successfully.
May 20, 2022 4:18:28 PM org.openqa.selenium.remote.ProtocolHandshake createSession
INFO: Detected dialect: W3C
May 20, 2022 4:18:28 PM org.openqa.selenium.devtools.CdpVersionFinder findNearestMatch
WARNING: Unable to find an exact match for CDP version 101, so returning the closest version found: 97
May 20, 2022 4:18:28 PM org.openqa.selenium.devtools.CdpVersionFinder findNearestMatch
INFO: Found CDP implementation for version 101 of 97
]]></system-err>
  </testcase>
  <testcase name="Product scenario" classname="Product" time="6.94">
    <system-out><![CDATA[16:18:34.004 [main] INFO io.cucumber.core.plugin.SerenityReporter - Running feature from file:///C:/Users/user/Documents/WebMiniLogin/src/test/resources/features/Product.feature
16:18:34.008 [main] DEBUG net.thucydides.core.steps.StepEventBus - Test suite started for story net.thucydides.core.model.Story@fdbc81c8
16:18:34.008 [main] INFO  - Test Suite Started: Product

@Product
Scenario Outline: Product scenario                     &amp#27;[90m# src/test/resources/features/Product.feature:16&amp#27;[0m
16:18:34.021 [main] INFO io.cucumber.core.plugin.SerenityReporter - Running feature from file:///C:/Users/user/Documents/WebMiniLogin/src/test/resources/features/Product.feature
16:18:34.032 [main] INFO  - 
  _____   ___   ___   _____     ___   _____     _     ___   _____   ___   ___  
 |_   _| | __| / __| |_   _|   / __| |_   _|   /_\   | _ \ |_   _| | __| |   \ 
   | |   | _|  \__ \   | |     \__ \   | |    / _ \  |   /   | |   | _|  | |) |
   |_|   |___| |___/   |_|     |___/   |_|   /_/ \_\ |_|_\   |_|   |___| |___/ 

Product scenario(product;product-scenario)
--------------------------------------------------------------------------------
16:18:34.053 [AsyncHttpClient-1-1] DEBUG org.asynchttpclient.netty.channel.DefaultChannelPool - Entry count for : http://localhost:63665 : 1
16:18:34.054 [AsyncHttpClient-1-1] DEBUG org.asynchttpclient.netty.channel.DefaultChannelPool - Entry count for : http://localhost:49755 : 1
16:18:34.054 [AsyncHttpClient-1-1] DEBUG org.asynchttpclient.netty.channel.DefaultChannelPool - Adding Candidate expired Channel [id: 0xbc6dc9ba, L:/127.0.0.1:63671 ! R:localhost/127.0.0.1:63665] isIdleTimeoutExpired=false isRemotelyClosed=true isTtlExpired=false
16:18:34.054 [AsyncHttpClient-1-1] DEBUG org.asynchttpclient.netty.channel.DefaultChannelPool - Closing Idle Channel [id: 0xbc6dc9ba, L:/127.0.0.1:63671 ! R:localhost/127.0.0.1:63665]
16:18:34.054 [AsyncHttpClient-1-1] DEBUG org.asynchttpclient.netty.channel.DefaultChannelPool - Adding Candidate expired Channel [id: 0x2c01168a, L:/127.0.0.1:63664 ! R:localhost/127.0.0.1:49755] isIdleTimeoutExpired=false isRemotelyClosed=true isTtlExpired=false
16:18:34.054 [AsyncHttpClient-1-1] DEBUG org.asynchttpclient.netty.channel.DefaultChannelPool - Closing Idle Channel [id: 0x2c01168a, L:/127.0.0.1:63664 ! R:localhost/127.0.0.1:49755]
16:18:34.054 [AsyncHttpClient-1-1] DEBUG org.asynchttpclient.netty.channel.DefaultChannelPool - Closed 2 connections out of 2 in 0 ms
16:18:34.076 [main] INFO net.serenitybdd.core.webdriver.driverproviders.ChromeDriverProvider - Using automatically driver download
16:18:34.308 [main] DEBUG io.github.bonigarcia.wdm.cache.ResolutionCache - Resolution chrome=101 in cache (valid until 17:17:56 20/05/2022 WIB)
16:18:34.349 [main] DEBUG io.github.bonigarcia.wdm.cache.ResolutionCache - Resolution chrome101=101.0.4951.41 in cache (valid until 16:17:56 21/05/2022 WIB)
16:18:34.351 [main] INFO io.github.bonigarcia.wdm.WebDriverManager - Using chromedriver 101.0.4951.41 (resolved driver for Chrome 101)
16:18:34.370 [main] DEBUG io.github.bonigarcia.wdm.WebDriverManager - Driver chromedriver 101.0.4951.41 found in cache
16:18:34.370 [main] INFO io.github.bonigarcia.wdm.WebDriverManager - Exporting webdriver.chrome.driver as C:\Users\user\.cache\selenium\chromedriver\win32\101.0.4951.41\chromedriver.exe
16:18:34.533 [main] DEBUG net.serenitybdd.core.webdriver.driverproviders.ProvideNewDriver - Instantiating driver
16:18:34.533 [main] DEBUG net.serenitybdd.core.webdriver.driverproviders.ProvideNewDriver - Driver capabilities: Capabilities {acceptInsecureCerts: false, base.url: https://qa.alta.id/, browserName: chrome, chrome.driver: src/test/resources/webdrive..., driver: chrome, goog:chromeOptions: {args: [], extensions: []}}
16:18:35.083 [AsyncHttpClient-1-17] DEBUG org.asynchttpclient.netty.channel.NettyConnectListener - Using new Channel '[id: 0x49832900, L:/127.0.0.1:63698 - R:localhost/127.0.0.1:60764]' for 'POST' to '/session'
16:18:35.705 [AsyncHttpClient-1-17] DEBUG org.asynchttpclient.netty.handler.HttpHandler - 

Request DefaultHttpRequest(decodeResult: success, version: HTTP/1.1)
POST /session HTTP/1.1
User-Agent: selenium/4.1.2 (java windows)
Content-Length: 605
Content-Type: application/json; charset=utf-8
host: localhost:60764
accept: */*

Response DefaultHttpResponse(decodeResult: success, version: HTTP/1.1)
HTTP/1.1 200 OK
Content-Type: application/json; charset=utf-8
cache-control: no-cache
content-length: 789

16:18:35.705 [AsyncHttpClient-1-17] DEBUG org.asynchttpclient.netty.channel.ChannelManager - Adding key: http://localhost:60764 for channel [id: 0x49832900, L:/127.0.0.1:63698 - R:localhost/127.0.0.1:60764]
16:18:35.711 [AsyncHttpClient-1-2] DEBUG org.asynchttpclient.netty.channel.NettyConnectListener - Using new Channel '[id: 0x51e978e8, L:/127.0.0.1:63705 - R:localhost/127.0.0.1:63699]' for 'GET' to '/json/version'
16:18:35.712 [AsyncHttpClient-1-2] DEBUG org.asynchttpclient.netty.handler.HttpHandler - 

Request DefaultFullHttpRequest(decodeResult: success, version: HTTP/1.1, content: EmptyByteBufBE)
GET /json/version HTTP/1.1
User-Agent: selenium/4.1.2 (java windows)
host: localhost:63699
accept: */*

Response DefaultHttpResponse(decodeResult: success, version: HTTP/1.1)
HTTP/1.1 200 OK
Content-Type: application/json; charset=UTF-8
content-length: 427

16:18:35.712 [AsyncHttpClient-1-2] DEBUG org.asynchttpclient.netty.channel.ChannelManager - Adding key: http://localhost:63699 for channel [id: 0x51e978e8, L:/127.0.0.1:63705 - R:localhost/127.0.0.1:63699]
16:18:35.714 [AsyncHttpClient-1-3] DEBUG org.asynchttpclient.netty.channel.NettyConnectListener - Using new Channel '[id: 0x24ea1176, L:/127.0.0.1:63706 - R:localhost/127.0.0.1:63699]' for 'GET' to '/devtools/browser/a14ce0b4-0d27-47c1-b8f5-01e2fcbc185a'
16:18:35.715 [AsyncHttpClient-1-3] DEBUG org.asynchttpclient.netty.handler.WebSocketHandler - 

Request DefaultFullHttpRequest(decodeResult: success, version: HTTP/1.1, content: EmptyByteBufBE)
GET /devtools/browser/a14ce0b4-0d27-47c1-b8f5-01e2fcbc185a HTTP/1.1
upgrade: websocket
connection: upgrade
sec-websocket-key: 7YgIpwnqA/SKYEN+TqdG5Q==
sec-websocket-version: 13
origin: http://localhost:63699
host: localhost:63699
accept: */*
user-agent: AHC/2.1

Response DefaultHttpResponse(decodeResult: success, version: HTTP/1.1)
HTTP/1.1 101 WebSocket Protocol Handshake
Upgrade: WebSocket
Connection: Upgrade
Sec-WebSocket-Accept: L+PezlO1Qq/IPhKMyWgp+BobJpk=

16:18:35.720 [Forwarding maximizeCurrentWindow on session 19debefa994184f22ffa49e168c11e35 to remote] DEBUG org.asynchttpclient.netty.request.NettyRequestSender - Using pooled Channel '[id: 0x49832900, L:/127.0.0.1:63698 - R:localhost/127.0.0.1:60764]' for 'POST' to 'http://localhost:60764/session/19debefa994184f22ffa49e168c11e35/window/maximize'
16:18:35.720 [Forwarding maximizeCurrentWindow on session 19debefa994184f22ffa49e168c11e35 to remote] DEBUG org.asynchttpclient.netty.request.NettyRequestSender - Using open Channel [id: 0x49832900, L:/127.0.0.1:63698 - R:localhost/127.0.0.1:60764] for POST '/session/19debefa994184f22ffa49e168c11e35/window/maximize'
16:18:35.853 [AsyncHttpClient-1-17] DEBUG org.asynchttpclient.netty.handler.HttpHandler - 

Request DefaultHttpRequest(decodeResult: success, version: HTTP/1.1)
POST /session/19debefa994184f22ffa49e168c11e35/window/maximize HTTP/1.1
User-Agent: selenium/4.1.2 (java windows)
Content-Length: 3
Content-Type: application/json; charset=utf-8
host: localhost:60764
accept: */*

Response DefaultHttpResponse(decodeResult: success, version: HTTP/1.1)
HTTP/1.1 200 OK
Content-Type: application/json; charset=utf-8
cache-control: no-cache
content-length: 52

16:18:35.853 [AsyncHttpClient-1-17] DEBUG org.asynchttpclient.netty.channel.ChannelManager - Adding key: http://localhost:60764 for channel [id: 0x49832900, L:/127.0.0.1:63698 - R:localhost/127.0.0.1:60764]
16:18:35.856 [Forwarding get on session 19debefa994184f22ffa49e168c11e35 to remote] DEBUG org.asynchttpclient.netty.request.NettyRequestSender - Using pooled Channel '[id: 0x49832900, L:/127.0.0.1:63698 - R:localhost/127.0.0.1:60764]' for 'POST' to 'http://localhost:60764/session/19debefa994184f22ffa49e168c11e35/url'
16:18:35.857 [Forwarding get on session 19debefa994184f22ffa49e168c11e35 to remote] DEBUG org.asynchttpclient.netty.request.NettyRequestSender - Using open Channel [id: 0x49832900, L:/127.0.0.1:63698 - R:localhost/127.0.0.1:60764] for POST '/session/19debefa994184f22ffa49e168c11e35/url'
16:18:36.246 [AsyncHttpClient-1-1] DEBUG org.asynchttpclient.netty.channel.DefaultChannelPool - Entry count for : http://localhost:63699 : 1
16:18:36.758 [AsyncHttpClient-1-17] DEBUG org.asynchttpclient.netty.handler.HttpHandler - 

Request DefaultHttpRequest(decodeResult: success, version: HTTP/1.1)
POST /session/19debefa994184f22ffa49e168c11e35/url HTTP/1.1
User-Agent: selenium/4.1.2 (java windows)
Content-Length: 64
Content-Type: application/json; charset=utf-8
host: localhost:60764
accept: */*

Response DefaultHttpResponse(decodeResult: success, version: HTTP/1.1)
HTTP/1.1 200 OK
Content-Type: application/json; charset=utf-8
cache-control: no-cache
content-length: 14

16:18:36.759 [AsyncHttpClient-1-17] DEBUG org.asynchttpclient.netty.channel.ChannelManager - Adding key: http://localhost:60764 for channel [id: 0x49832900, L:/127.0.0.1:63698 - R:localhost/127.0.0.1:60764]
16:18:36.760 [Forwarding setTimeout on session 19debefa994184f22ffa49e168c11e35 to remote] DEBUG org.asynchttpclient.netty.request.NettyRequestSender - Using pooled Channel '[id: 0x49832900, L:/127.0.0.1:63698 - R:localhost/127.0.0.1:60764]' for 'POST' to 'http://localhost:60764/session/19debefa994184f22ffa49e168c11e35/timeouts'
16:18:36.760 [Forwarding setTimeout on session 19debefa994184f22ffa49e168c11e35 to remote] DEBUG org.asynchttpclient.netty.request.NettyRequestSender - Using open Channel [id: 0x49832900, L:/127.0.0.1:63698 - R:localhost/127.0.0.1:60764] for POST '/session/19debefa994184f22ffa49e168c11e35/timeouts'
16:18:36.761 [AsyncHttpClient-1-17] DEBUG org.asynchttpclient.netty.handler.HttpHandler - 

Request DefaultHttpRequest(decodeResult: success, version: HTTP/1.1)
POST /session/19debefa994184f22ffa49e168c11e35/timeouts HTTP/1.1
User-Agent: selenium/4.1.2 (java windows)
Content-Length: 22
Content-Type: application/json; charset=utf-8
host: localhost:60764
accept: */*

Response DefaultHttpResponse(decodeResult: success, version: HTTP/1.1)
HTTP/1.1 200 OK
Content-Type: application/json; charset=utf-8
cache-control: no-cache
content-length: 14

16:18:36.761 [AsyncHttpClient-1-17] DEBUG org.asynchttpclient.netty.channel.ChannelManager - Adding key: http://localhost:60764 for channel [id: 0x49832900, L:/127.0.0.1:63698 - R:localhost/127.0.0.1:60764]
16:18:36.763 [Forwarding getCurrentUrl on session 19debefa994184f22ffa49e168c11e35 to remote] DEBUG org.asynchttpclient.netty.request.NettyRequestSender - Using pooled Channel '[id: 0x49832900, L:/127.0.0.1:63698 - R:localhost/127.0.0.1:60764]' for 'GET' to 'http://localhost:60764/session/19debefa994184f22ffa49e168c11e35/url'
16:18:36.763 [Forwarding getCurrentUrl on session 19debefa994184f22ffa49e168c11e35 to remote] DEBUG org.asynchttpclient.netty.request.NettyRequestSender - Using open Channel [id: 0x49832900, L:/127.0.0.1:63698 - R:localhost/127.0.0.1:60764] for GET '/session/19debefa994184f22ffa49e168c11e35/url'
16:18:36.768 [AsyncHttpClient-1-17] DEBUG org.asynchttpclient.netty.handler.HttpHandler - 

Request DefaultFullHttpRequest(decodeResult: success, version: HTTP/1.1, content: EmptyByteBufBE)
GET /session/19debefa994184f22ffa49e168c11e35/url HTTP/1.1
User-Agent: selenium/4.1.2 (java windows)
Cache-Control: no-cache
Content-Type: application/json; charset=utf-8
host: localhost:60764
accept: */*

Response DefaultHttpResponse(decodeResult: success, version: HTTP/1.1)
HTTP/1.1 200 OK
Content-Type: application/json; charset=utf-8
cache-control: no-cache
content-length: 41

16:18:36.768 [AsyncHttpClient-1-17] DEBUG org.asynchttpclient.netty.channel.ChannelManager - Adding key: http://localhost:60764 for channel [id: 0x49832900, L:/127.0.0.1:63698 - R:localhost/127.0.0.1:60764]
16:18:36.774 [main] DEBUG net.serenitybdd.core.photography.Darkroom - Opening darkroom
16:18:36.775 [Darkroom Processing Line] DEBUG net.serenitybdd.core.photography.DarkroomProcessingLine - Darkroom processing line starting up
16:18:36.775 [Forwarding screenshot on session 19debefa994184f22ffa49e168c11e35 to remote] DEBUG org.asynchttpclient.netty.request.NettyRequestSender - Using pooled Channel '[id: 0x49832900, L:/127.0.0.1:63698 - R:localhost/127.0.0.1:60764]' for 'GET' to 'http://localhost:60764/session/19debefa994184f22ffa49e168c11e35/screenshot'
16:18:36.775 [Forwarding screenshot on session 19debefa994184f22ffa49e168c11e35 to remote] DEBUG org.asynchttpclient.netty.request.NettyRequestSender - Using open Channel [id: 0x49832900, L:/127.0.0.1:63698 - R:localhost/127.0.0.1:60764] for GET '/session/19debefa994184f22ffa49e168c11e35/screenshot'
16:18:37.084 [AsyncHttpClient-1-17] DEBUG org.asynchttpclient.netty.handler.HttpHandler - 

Request DefaultFullHttpRequest(decodeResult: success, version: HTTP/1.1, content: EmptyByteBufBE)
GET /session/19debefa994184f22ffa49e168c11e35/screenshot HTTP/1.1
User-Agent: selenium/4.1.2 (java windows)
Cache-Control: no-cache
Content-Type: application/json; charset=utf-8
host: localhost:60764
accept: */*

Response DefaultHttpResponse(decodeResult: success, version: HTTP/1.1)
HTTP/1.1 200 OK
Content-Type: application/json; charset=utf-8
cache-control: no-cache
content-length: 31092

16:18:37.085 [AsyncHttpClient-1-17] DEBUG org.asynchttpclient.netty.channel.ChannelManager - Adding key: http://localhost:60764 for channel [id: 0x49832900, L:/127.0.0.1:63698 - R:localhost/127.0.0.1:60764]
16:18:37.086 [main] DEBUG net.serenitybdd.core.photography.Darkroom - Send negative for processing for target\site\serenity\b625743ee732bdb87af642911c7f9583a57576024640458a3bdf0adf445bf9cb.png
16:18:37.087 [main] DEBUG net.thucydides.core.steps.StepInterceptor - STARTING STEP: ProductStep.iAmOnTheLoginxPages - validateOnLoginPage
16:18:37.089 [Forwarding findElement on session 19debefa994184f22ffa49e168c11e35 to remote] DEBUG org.asynchttpclient.netty.request.NettyRequestSender - Using pooled Channel '[id: 0x49832900, L:/127.0.0.1:63698 - R:localhost/127.0.0.1:60764]' for 'POST' to 'http://localhost:60764/session/19debefa994184f22ffa49e168c11e35/element'
16:18:37.089 [Forwarding findElement on session 19debefa994184f22ffa49e168c11e35 to remote] DEBUG org.asynchttpclient.netty.request.NettyRequestSender - Using open Channel [id: 0x49832900, L:/127.0.0.1:63698 - R:localhost/127.0.0.1:60764] for POST '/session/19debefa994184f22ffa49e168c11e35/element'
16:18:37.099 [AsyncHttpClient-1-17] DEBUG org.asynchttpclient.netty.handler.HttpHandler - 

Request DefaultHttpRequest(decodeResult: success, version: HTTP/1.1)
POST /session/19debefa994184f22ffa49e168c11e35/element HTTP/1.1
User-Agent: selenium/4.1.2 (java windows)
Content-Length: 136
Content-Type: application/json; charset=utf-8
host: localhost:60764
accept: */*

Response DefaultHttpResponse(decodeResult: success, version: HTTP/1.1)
HTTP/1.1 200 OK
Content-Type: application/json; charset=utf-8
cache-control: no-cache
content-length: 88

16:18:37.099 [AsyncHttpClient-1-17] DEBUG org.asynchttpclient.netty.channel.ChannelManager - Adding key: http://localhost:60764 for channel [id: 0x49832900, L:/127.0.0.1:63698 - R:localhost/127.0.0.1:60764]
16:18:37.103 [Forwarding isElementDisplayed on session 19debefa994184f22ffa49e168c11e35 to remote] DEBUG org.asynchttpclient.netty.request.NettyRequestSender - Using pooled Channel '[id: 0x49832900, L:/127.0.0.1:63698 - R:localhost/127.0.0.1:60764]' for 'POST' to 'http://localhost:60764/session/19debefa994184f22ffa49e168c11e35/execute/sync'
16:18:37.103 [Forwarding isElementDisplayed on session 19debefa994184f22ffa49e168c11e35 to remote] DEBUG org.asynchttpclient.netty.request.NettyRequestSender - Using open Channel [id: 0x49832900, L:/127.0.0.1:63698 - R:localhost/127.0.0.1:60764] for POST '/session/19debefa994184f22ffa49e168c11e35/execute/sync'
16:18:37.115 [AsyncHttpClient-1-17] DEBUG org.asynchttpclient.netty.handler.HttpHandler - 

Request DefaultHttpRequest(decodeResult: success, version: HTTP/1.1)
POST /session/19debefa994184f22ffa49e168c11e35/execute/sync HTTP/1.1
User-Agent: selenium/4.1.2 (java windows)
Content-Length: 48780
Content-Type: application/json; charset=utf-8
host: localhost:60764
accept: */*

Response DefaultHttpResponse(decodeResult: success, version: HTTP/1.1)
HTTP/1.1 200 OK
Content-Type: application/json; charset=utf-8
cache-control: no-cache
content-length: 14

16:18:37.115 [AsyncHttpClient-1-17] DEBUG org.asynchttpclient.netty.channel.ChannelManager - Adding key: http://localhost:60764 for channel [id: 0x49832900, L:/127.0.0.1:63698 - R:localhost/127.0.0.1:60764]
16:18:37.118 [main] DEBUG net.thucydides.core.steps.StepInterceptor - STEP DONE: validateOnLoginPage
  &amp#27;[32mGiven &amp#27;[0m&amp#27;[32mI am on the login pagesx&amp#27;[0m                       &amp#27;[90m# Starter.StepDefinitions.ProductStep.iAmOnTheLoginxPages()&amp#27;[0m
16:18:37.130 [main] DEBUG net.thucydides.core.steps.StepInterceptor - STARTING STEP: ProductStep.iInputxEmail - inputEmail
16:18:37.132 [Forwarding findElement on session 19debefa994184f22ffa49e168c11e35 to remote] DEBUG org.asynchttpclient.netty.request.NettyRequestSender - Using pooled Channel '[id: 0x49832900, L:/127.0.0.1:63698 - R:localhost/127.0.0.1:60764]' for 'POST' to 'http://localhost:60764/session/19debefa994184f22ffa49e168c11e35/element'
16:18:37.132 [Forwarding findElement on session 19debefa994184f22ffa49e168c11e35 to remote] DEBUG org.asynchttpclient.netty.request.NettyRequestSender - Using open Channel [id: 0x49832900, L:/127.0.0.1:63698 - R:localhost/127.0.0.1:60764] for POST '/session/19debefa994184f22ffa49e168c11e35/element'
16:18:37.143 [AsyncHttpClient-1-17] DEBUG org.asynchttpclient.netty.handler.HttpHandler - 

Request DefaultHttpRequest(decodeResult: success, version: HTTP/1.1)
POST /session/19debefa994184f22ffa49e168c11e35/element HTTP/1.1
User-Agent: selenium/4.1.2 (java windows)
Content-Length: 91
Content-Type: application/json; charset=utf-8
host: localhost:60764
accept: */*

Response DefaultHttpResponse(decodeResult: success, version: HTTP/1.1)
HTTP/1.1 200 OK
Content-Type: application/json; charset=utf-8
cache-control: no-cache
content-length: 88

16:18:37.143 [AsyncHttpClient-1-17] DEBUG org.asynchttpclient.netty.channel.ChannelManager - Adding key: http://localhost:60764 for channel [id: 0x49832900, L:/127.0.0.1:63698 - R:localhost/127.0.0.1:60764]
16:18:37.144 [Forwarding clearElement on session 19debefa994184f22ffa49e168c11e35 to remote] DEBUG org.asynchttpclient.netty.request.NettyRequestSender - Using pooled Channel '[id: 0x49832900, L:/127.0.0.1:63698 - R:localhost/127.0.0.1:60764]' for 'POST' to 'http://localhost:60764/session/19debefa994184f22ffa49e168c11e35/element/7257edb9-5cf8-4821-ae74-92b101d07945/clear'
16:18:37.144 [Forwarding clearElement on session 19debefa994184f22ffa49e168c11e35 to remote] DEBUG org.asynchttpclient.netty.request.NettyRequestSender - Using open Channel [id: 0x49832900, L:/127.0.0.1:63698 - R:localhost/127.0.0.1:60764] for POST '/session/19debefa994184f22ffa49e168c11e35/element/7257edb9-5cf8-4821-ae74-92b101d07945/clear'
16:18:37.170 [AsyncHttpClient-1-17] DEBUG org.asynchttpclient.netty.handler.HttpHandler - 

Request DefaultHttpRequest(decodeResult: success, version: HTTP/1.1)
POST /session/19debefa994184f22ffa49e168c11e35/element/7257edb9-5cf8-4821-ae74-92b101d07945/clear HTTP/1.1
User-Agent: selenium/4.1.2 (java windows)
Content-Length: 50
Content-Type: application/json; charset=utf-8
host: localhost:60764
accept: */*

Response DefaultHttpResponse(decodeResult: success, version: HTTP/1.1)
HTTP/1.1 200 OK
Content-Type: application/json; charset=utf-8
cache-control: no-cache
content-length: 14

16:18:37.171 [AsyncHttpClient-1-17] DEBUG org.asynchttpclient.netty.channel.ChannelManager - Adding key: http://localhost:60764 for channel [id: 0x49832900, L:/127.0.0.1:63698 - R:localhost/127.0.0.1:60764]
16:18:37.172 [Forwarding sendKeysToElement on session 19debefa994184f22ffa49e168c11e35 to remote] DEBUG org.asynchttpclient.netty.request.NettyRequestSender - Using pooled Channel '[id: 0x49832900, L:/127.0.0.1:63698 - R:localhost/127.0.0.1:60764]' for 'POST' to 'http://localhost:60764/session/19debefa994184f22ffa49e168c11e35/element/7257edb9-5cf8-4821-ae74-92b101d07945/value'
16:18:37.172 [Forwarding sendKeysToElement on session 19debefa994184f22ffa49e168c11e35 to remote] DEBUG org.asynchttpclient.netty.request.NettyRequestSender - Using open Channel [id: 0x49832900, L:/127.0.0.1:63698 - R:localhost/127.0.0.1:60764] for POST '/session/19debefa994184f22ffa49e168c11e35/element/7257edb9-5cf8-4821-ae74-92b101d07945/value'
16:18:37.326 [AsyncHttpClient-1-17] DEBUG org.asynchttpclient.netty.handler.HttpHandler - 

Request DefaultHttpRequest(decodeResult: success, version: HTTP/1.1)
POST /session/19debefa994184f22ffa49e168c11e35/element/7257edb9-5cf8-4821-ae74-92b101d07945/value HTTP/1.1
User-Agent: selenium/4.1.2 (java windows)
Content-Length: 381
Content-Type: application/json; charset=utf-8
host: localhost:60764
accept: */*

Response DefaultHttpResponse(decodeResult: success, version: HTTP/1.1)
HTTP/1.1 200 OK
Content-Type: application/json; charset=utf-8
cache-control: no-cache
content-length: 14

16:18:37.326 [AsyncHttpClient-1-17] DEBUG org.asynchttpclient.netty.channel.ChannelManager - Adding key: http://localhost:60764 for channel [id: 0x49832900, L:/127.0.0.1:63698 - R:localhost/127.0.0.1:60764]
16:18:37.330 [AsyncHttpClient-1-1] DEBUG org.asynchttpclient.netty.channel.DefaultChannelPool - Entry count for : http://localhost:60764 : 1
16:18:37.330 [AsyncHttpClient-1-1] DEBUG org.asynchttpclient.netty.channel.DefaultChannelPool - Entry count for : http://localhost:63699 : 1
16:18:37.332 [Forwarding screenshot on session 19debefa994184f22ffa49e168c11e35 to remote] DEBUG org.asynchttpclient.netty.request.NettyRequestSender - Using pooled Channel '[id: 0x49832900, L:/127.0.0.1:63698 - R:localhost/127.0.0.1:60764]' for 'GET' to 'http://localhost:60764/session/19debefa994184f22ffa49e168c11e35/screenshot'
16:18:37.332 [Forwarding screenshot on session 19debefa994184f22ffa49e168c11e35 to remote] DEBUG org.asynchttpclient.netty.request.NettyRequestSender - Using open Channel [id: 0x49832900, L:/127.0.0.1:63698 - R:localhost/127.0.0.1:60764] for GET '/session/19debefa994184f22ffa49e168c11e35/screenshot'
16:18:37.492 [AsyncHttpClient-1-17] DEBUG org.asynchttpclient.netty.handler.HttpHandler - 

Request DefaultFullHttpRequest(decodeResult: success, version: HTTP/1.1, content: EmptyByteBufBE)
GET /session/19debefa994184f22ffa49e168c11e35/screenshot HTTP/1.1
User-Agent: selenium/4.1.2 (java windows)
Cache-Control: no-cache
Content-Type: application/json; charset=utf-8
host: localhost:60764
accept: */*

Response DefaultHttpResponse(decodeResult: success, version: HTTP/1.1)
HTTP/1.1 200 OK
Content-Type: application/json; charset=utf-8
cache-control: no-cache
content-length: 36916

16:18:37.492 [AsyncHttpClient-1-17] DEBUG org.asynchttpclient.netty.channel.ChannelManager - Adding key: http://localhost:60764 for channel [id: 0x49832900, L:/127.0.0.1:63698 - R:localhost/127.0.0.1:60764]
16:18:37.494 [main] DEBUG net.serenitybdd.core.photography.Darkroom - Send negative for processing for target\site\serenity\ccf1094abb9a53eb8b891e2e4464fe183f8705ba38a46f95932482baef0c367c.png
16:18:37.494 [main] DEBUG net.thucydides.core.steps.StepInterceptor - STEP DONE: inputEmail
  &amp#27;[32mWhen &amp#27;[0m&amp#27;[32mI inputx &amp#27;[0m&amp#27;[32m&amp#27;[1m"imamrayhanekadinataa@gmail.com"&amp#27;[0m&amp#27;[32m email&amp#27;[0m &amp#27;[90m# Starter.StepDefinitions.ProductStep.iInputxEmail(java.lang.String)&amp#27;[0m
16:18:37.494 [Darkroom Processing Line] DEBUG net.serenitybdd.core.photography.DarkroomProcessingLine - Processing screenshot image in /var/screenshots/screenshot-6640524014239363646
16:18:37.494 [Darkroom Processing Line] DEBUG net.serenitybdd.core.photography.DarkroomProcessingLine - Saving screenshot to target\site\serenity\ccf1094abb9a53eb8b891e2e4464fe183f8705ba38a46f95932482baef0c367c.png
16:18:37.508 [main] DEBUG net.thucydides.core.steps.StepInterceptor - STARTING STEP: ProductStep.iInputxPassword - inputPassword
16:18:37.510 [Forwarding findElement on session 19debefa994184f22ffa49e168c11e35 to remote] DEBUG org.asynchttpclient.netty.request.NettyRequestSender - Using pooled Channel '[id: 0x49832900, L:/127.0.0.1:63698 - R:localhost/127.0.0.1:60764]' for 'POST' to 'http://localhost:60764/session/19debefa994184f22ffa49e168c11e35/element'
16:18:37.510 [Forwarding findElement on session 19debefa994184f22ffa49e168c11e35 to remote] DEBUG org.asynchttpclient.netty.request.NettyRequestSender - Using open Channel [id: 0x49832900, L:/127.0.0.1:63698 - R:localhost/127.0.0.1:60764] for POST '/session/19debefa994184f22ffa49e168c11e35/element'
16:18:37.519 [AsyncHttpClient-1-17] DEBUG org.asynchttpclient.netty.handler.HttpHandler - 

Request DefaultHttpRequest(decodeResult: success, version: HTTP/1.1)
POST /session/19debefa994184f22ffa49e168c11e35/element HTTP/1.1
User-Agent: selenium/4.1.2 (java windows)
Content-Length: 94
Content-Type: application/json; charset=utf-8
host: localhost:60764
accept: */*

Response DefaultHttpResponse(decodeResult: success, version: HTTP/1.1)
HTTP/1.1 200 OK
Content-Type: application/json; charset=utf-8
cache-control: no-cache
content-length: 88

16:18:37.519 [AsyncHttpClient-1-17] DEBUG org.asynchttpclient.netty.channel.ChannelManager - Adding key: http://localhost:60764 for channel [id: 0x49832900, L:/127.0.0.1:63698 - R:localhost/127.0.0.1:60764]
16:18:37.520 [Forwarding clearElement on session 19debefa994184f22ffa49e168c11e35 to remote] DEBUG org.asynchttpclient.netty.request.NettyRequestSender - Using pooled Channel '[id: 0x49832900, L:/127.0.0.1:63698 - R:localhost/127.0.0.1:60764]' for 'POST' to 'http://localhost:60764/session/19debefa994184f22ffa49e168c11e35/element/dc61fd90-7307-426d-a940-17f9f99e9042/clear'
16:18:37.520 [Forwarding clearElement on session 19debefa994184f22ffa49e168c11e35 to remote] DEBUG org.asynchttpclient.netty.request.NettyRequestSender - Using open Channel [id: 0x49832900, L:/127.0.0.1:63698 - R:localhost/127.0.0.1:60764] for POST '/session/19debefa994184f22ffa49e168c11e35/element/dc61fd90-7307-426d-a940-17f9f99e9042/clear'
16:18:37.547 [AsyncHttpClient-1-17] DEBUG org.asynchttpclient.netty.handler.HttpHandler - 

Request DefaultHttpRequest(decodeResult: success, version: HTTP/1.1)
POST /session/19debefa994184f22ffa49e168c11e35/element/dc61fd90-7307-426d-a940-17f9f99e9042/clear HTTP/1.1
User-Agent: selenium/4.1.2 (java windows)
Content-Length: 50
Content-Type: application/json; charset=utf-8
host: localhost:60764
accept: */*

Response DefaultHttpResponse(decodeResult: success, version: HTTP/1.1)
HTTP/1.1 200 OK
Content-Type: application/json; charset=utf-8
cache-control: no-cache
content-length: 14

16:18:37.548 [AsyncHttpClient-1-17] DEBUG org.asynchttpclient.netty.channel.ChannelManager - Adding key: http://localhost:60764 for channel [id: 0x49832900, L:/127.0.0.1:63698 - R:localhost/127.0.0.1:60764]
16:18:37.549 [Forwarding sendKeysToElement on session 19debefa994184f22ffa49e168c11e35 to remote] DEBUG org.asynchttpclient.netty.request.NettyRequestSender - Using pooled Channel '[id: 0x49832900, L:/127.0.0.1:63698 - R:localhost/127.0.0.1:60764]' for 'POST' to 'http://localhost:60764/session/19debefa994184f22ffa49e168c11e35/element/dc61fd90-7307-426d-a940-17f9f99e9042/value'
16:18:37.549 [Forwarding sendKeysToElement on session 19debefa994184f22ffa49e168c11e35 to remote] DEBUG org.asynchttpclient.netty.request.NettyRequestSender - Using open Channel [id: 0x49832900, L:/127.0.0.1:63698 - R:localhost/127.0.0.1:60764] for POST '/session/19debefa994184f22ffa49e168c11e35/element/dc61fd90-7307-426d-a940-17f9f99e9042/value'
16:18:37.614 [AsyncHttpClient-1-17] DEBUG org.asynchttpclient.netty.handler.HttpHandler - 

Request DefaultHttpRequest(decodeResult: success, version: HTTP/1.1)
POST /session/19debefa994184f22ffa49e168c11e35/element/dc61fd90-7307-426d-a940-17f9f99e9042/value HTTP/1.1
User-Agent: selenium/4.1.2 (java windows)
Content-Length: 181
Content-Type: application/json; charset=utf-8
host: localhost:60764
accept: */*

Response DefaultHttpResponse(decodeResult: success, version: HTTP/1.1)
HTTP/1.1 200 OK
Content-Type: application/json; charset=utf-8
cache-control: no-cache
content-length: 14

16:18:37.615 [AsyncHttpClient-1-17] DEBUG org.asynchttpclient.netty.channel.ChannelManager - Adding key: http://localhost:60764 for channel [id: 0x49832900, L:/127.0.0.1:63698 - R:localhost/127.0.0.1:60764]
16:18:37.620 [Forwarding screenshot on session 19debefa994184f22ffa49e168c11e35 to remote] DEBUG org.asynchttpclient.netty.request.NettyRequestSender - Using pooled Channel '[id: 0x49832900, L:/127.0.0.1:63698 - R:localhost/127.0.0.1:60764]' for 'GET' to 'http://localhost:60764/session/19debefa994184f22ffa49e168c11e35/screenshot'
16:18:37.620 [Forwarding screenshot on session 19debefa994184f22ffa49e168c11e35 to remote] DEBUG org.asynchttpclient.netty.request.NettyRequestSender - Using open Channel [id: 0x49832900, L:/127.0.0.1:63698 - R:localhost/127.0.0.1:60764] for GET '/session/19debefa994184f22ffa49e168c11e35/screenshot'
16:18:37.771 [AsyncHttpClient-1-17] DEBUG org.asynchttpclient.netty.handler.HttpHandler - 

Request DefaultFullHttpRequest(decodeResult: success, version: HTTP/1.1, content: EmptyByteBufBE)
GET /session/19debefa994184f22ffa49e168c11e35/screenshot HTTP/1.1
User-Agent: selenium/4.1.2 (java windows)
Cache-Control: no-cache
Content-Type: application/json; charset=utf-8
host: localhost:60764
accept: */*

Response DefaultHttpResponse(decodeResult: success, version: HTTP/1.1)
HTTP/1.1 200 OK
Content-Type: application/json; charset=utf-8
cache-control: no-cache
content-length: 39048

16:18:37.771 [AsyncHttpClient-1-17] DEBUG org.asynchttpclient.netty.channel.ChannelManager - Adding key: http://localhost:60764 for channel [id: 0x49832900, L:/127.0.0.1:63698 - R:localhost/127.0.0.1:60764]
16:18:37.773 [main] DEBUG net.serenitybdd.core.photography.Darkroom - Send negative for processing for target\site\serenity\6caf5f04cbd5d118fe99a6ad9677f76992342ad9981f4ae9fe55261ec7803994.png
16:18:37.773 [main] DEBUG net.thucydides.core.steps.StepInterceptor - STEP DONE: inputPassword
  &amp#27;[32mAnd &amp#27;[0m&amp#27;[32mI inputx &amp#27;[0m&amp#27;[32m&amp#27;[1m"rayhan1234"&amp#27;[0m&amp#27;[32m password&amp#27;[0m                   &amp#27;[90m# Starter.StepDefinitions.ProductStep.iInputxPassword(java.lang.String)&amp#27;[0m
16:18:37.774 [Darkroom Processing Line] DEBUG net.serenitybdd.core.photography.DarkroomProcessingLine - Processing screenshot image in /var/screenshots/screenshot-14662016276180845704
16:18:37.774 [Darkroom Processing Line] DEBUG net.serenitybdd.core.photography.DarkroomProcessingLine - Saving screenshot to target\site\serenity\6caf5f04cbd5d118fe99a6ad9677f76992342ad9981f4ae9fe55261ec7803994.png
16:18:37.788 [main] DEBUG net.thucydides.core.steps.StepInterceptor - STARTING STEP: ProductStep.clickLoginxButton - clickLoginButton
16:18:37.790 [Forwarding findElement on session 19debefa994184f22ffa49e168c11e35 to remote] DEBUG org.asynchttpclient.netty.request.NettyRequestSender - Using pooled Channel '[id: 0x49832900, L:/127.0.0.1:63698 - R:localhost/127.0.0.1:60764]' for 'POST' to 'http://localhost:60764/session/19debefa994184f22ffa49e168c11e35/element'
16:18:37.790 [Forwarding findElement on session 19debefa994184f22ffa49e168c11e35 to remote] DEBUG org.asynchttpclient.netty.request.NettyRequestSender - Using open Channel [id: 0x49832900, L:/127.0.0.1:63698 - R:localhost/127.0.0.1:60764] for POST '/session/19debefa994184f22ffa49e168c11e35/element'
16:18:37.797 [AsyncHttpClient-1-17] DEBUG org.asynchttpclient.netty.handler.HttpHandler - 

Request DefaultHttpRequest(decodeResult: success, version: HTTP/1.1)
POST /session/19debefa994184f22ffa49e168c11e35/element HTTP/1.1
User-Agent: selenium/4.1.2 (java windows)
Content-Length: 136
Content-Type: application/json; charset=utf-8
host: localhost:60764
accept: */*

Response DefaultHttpResponse(decodeResult: success, version: HTTP/1.1)
HTTP/1.1 200 OK
Content-Type: application/json; charset=utf-8
cache-control: no-cache
content-length: 88

16:18:37.797 [AsyncHttpClient-1-17] DEBUG org.asynchttpclient.netty.channel.ChannelManager - Adding key: http://localhost:60764 for channel [id: 0x49832900, L:/127.0.0.1:63698 - R:localhost/127.0.0.1:60764]
16:18:37.798 [Forwarding getElementTagName on session 19debefa994184f22ffa49e168c11e35 to remote] DEBUG org.asynchttpclient.netty.request.NettyRequestSender - Using pooled Channel '[id: 0x49832900, L:/127.0.0.1:63698 - R:localhost/127.0.0.1:60764]' for 'GET' to 'http://localhost:60764/session/19debefa994184f22ffa49e168c11e35/element/693adb9a-87e4-4be6-a54b-1fc187633bbf/name'
16:18:37.799 [Forwarding getElementTagName on session 19debefa994184f22ffa49e168c11e35 to remote] DEBUG org.asynchttpclient.netty.request.NettyRequestSender - Using open Channel [id: 0x49832900, L:/127.0.0.1:63698 - R:localhost/127.0.0.1:60764] for GET '/session/19debefa994184f22ffa49e168c11e35/element/693adb9a-87e4-4be6-a54b-1fc187633bbf/name'
16:18:37.803 [AsyncHttpClient-1-17] DEBUG org.asynchttpclient.netty.handler.HttpHandler - 

Request DefaultFullHttpRequest(decodeResult: success, version: HTTP/1.1, content: EmptyByteBufBE)
GET /session/19debefa994184f22ffa49e168c11e35/element/693adb9a-87e4-4be6-a54b-1fc187633bbf/name HTTP/1.1
User-Agent: selenium/4.1.2 (java windows)
Cache-Control: no-cache
Content-Type: application/json; charset=utf-8
host: localhost:60764
accept: */*

Response DefaultHttpResponse(decodeResult: success, version: HTTP/1.1)
HTTP/1.1 200 OK
Content-Type: application/json; charset=utf-8
cache-control: no-cache
content-length: 18

16:18:37.803 [AsyncHttpClient-1-17] DEBUG org.asynchttpclient.netty.channel.ChannelManager - Adding key: http://localhost:60764 for channel [id: 0x49832900, L:/127.0.0.1:63698 - R:localhost/127.0.0.1:60764]
16:18:37.804 [Forwarding getElementTagName on session 19debefa994184f22ffa49e168c11e35 to remote] DEBUG org.asynchttpclient.netty.request.NettyRequestSender - Using pooled Channel '[id: 0x49832900, L:/127.0.0.1:63698 - R:localhost/127.0.0.1:60764]' for 'GET' to 'http://localhost:60764/session/19debefa994184f22ffa49e168c11e35/element/693adb9a-87e4-4be6-a54b-1fc187633bbf/name'
16:18:37.804 [Forwarding getElementTagName on session 19debefa994184f22ffa49e168c11e35 to remote] DEBUG org.asynchttpclient.netty.request.NettyRequestSender - Using open Channel [id: 0x49832900, L:/127.0.0.1:63698 - R:localhost/127.0.0.1:60764] for GET '/session/19debefa994184f22ffa49e168c11e35/element/693adb9a-87e4-4be6-a54b-1fc187633bbf/name'
16:18:37.810 [AsyncHttpClient-1-17] DEBUG org.asynchttpclient.netty.handler.HttpHandler - 

Request DefaultFullHttpRequest(decodeResult: success, version: HTTP/1.1, content: EmptyByteBufBE)
GET /session/19debefa994184f22ffa49e168c11e35/element/693adb9a-87e4-4be6-a54b-1fc187633bbf/name HTTP/1.1
User-Agent: selenium/4.1.2 (java windows)
Cache-Control: no-cache
Content-Type: application/json; charset=utf-8
host: localhost:60764
accept: */*

Response DefaultHttpResponse(decodeResult: success, version: HTTP/1.1)
HTTP/1.1 200 OK
Content-Type: application/json; charset=utf-8
cache-control: no-cache
content-length: 18

16:18:37.811 [AsyncHttpClient-1-17] DEBUG org.asynchttpclient.netty.channel.ChannelManager - Adding key: http://localhost:60764 for channel [id: 0x49832900, L:/127.0.0.1:63698 - R:localhost/127.0.0.1:60764]
16:18:37.814 [Forwarding isElementEnabled on session 19debefa994184f22ffa49e168c11e35 to remote] DEBUG org.asynchttpclient.netty.request.NettyRequestSender - Using pooled Channel '[id: 0x49832900, L:/127.0.0.1:63698 - R:localhost/127.0.0.1:60764]' for 'GET' to 'http://localhost:60764/session/19debefa994184f22ffa49e168c11e35/element/693adb9a-87e4-4be6-a54b-1fc187633bbf/enabled'
16:18:37.814 [Forwarding isElementEnabled on session 19debefa994184f22ffa49e168c11e35 to remote] DEBUG org.asynchttpclient.netty.request.NettyRequestSender - Using open Channel [id: 0x49832900, L:/127.0.0.1:63698 - R:localhost/127.0.0.1:60764] for GET '/session/19debefa994184f22ffa49e168c11e35/element/693adb9a-87e4-4be6-a54b-1fc187633bbf/enabled'
16:18:37.820 [AsyncHttpClient-1-17] DEBUG org.asynchttpclient.netty.handler.HttpHandler - 

Request DefaultFullHttpRequest(decodeResult: success, version: HTTP/1.1, content: EmptyByteBufBE)
GET /session/19debefa994184f22ffa49e168c11e35/element/693adb9a-87e4-4be6-a54b-1fc187633bbf/enabled HTTP/1.1
User-Agent: selenium/4.1.2 (java windows)
Cache-Control: no-cache
Content-Type: application/json; charset=utf-8
host: localhost:60764
accept: */*

Response DefaultHttpResponse(decodeResult: success, version: HTTP/1.1)
HTTP/1.1 200 OK
Content-Type: application/json; charset=utf-8
cache-control: no-cache
content-length: 14

16:18:37.820 [AsyncHttpClient-1-17] DEBUG org.asynchttpclient.netty.channel.ChannelManager - Adding key: http://localhost:60764 for channel [id: 0x49832900, L:/127.0.0.1:63698 - R:localhost/127.0.0.1:60764]
16:18:37.822 [Forwarding isElementEnabled on session 19debefa994184f22ffa49e168c11e35 to remote] DEBUG org.asynchttpclient.netty.request.NettyRequestSender - Using pooled Channel '[id: 0x49832900, L:/127.0.0.1:63698 - R:localhost/127.0.0.1:60764]' for 'GET' to 'http://localhost:60764/session/19debefa994184f22ffa49e168c11e35/element/693adb9a-87e4-4be6-a54b-1fc187633bbf/enabled'
16:18:37.822 [Forwarding isElementEnabled on session 19debefa994184f22ffa49e168c11e35 to remote] DEBUG org.asynchttpclient.netty.request.NettyRequestSender - Using open Channel [id: 0x49832900, L:/127.0.0.1:63698 - R:localhost/127.0.0.1:60764] for GET '/session/19debefa994184f22ffa49e168c11e35/element/693adb9a-87e4-4be6-a54b-1fc187633bbf/enabled'
16:18:37.827 [AsyncHttpClient-1-17] DEBUG org.asynchttpclient.netty.handler.HttpHandler - 

Request DefaultFullHttpRequest(decodeResult: success, version: HTTP/1.1, content: EmptyByteBufBE)
GET /session/19debefa994184f22ffa49e168c11e35/element/693adb9a-87e4-4be6-a54b-1fc187633bbf/enabled HTTP/1.1
User-Agent: selenium/4.1.2 (java windows)
Cache-Control: no-cache
Content-Type: application/json; charset=utf-8
host: localhost:60764
accept: */*

Response DefaultHttpResponse(decodeResult: success, version: HTTP/1.1)
HTTP/1.1 200 OK
Content-Type: application/json; charset=utf-8
cache-control: no-cache
content-length: 14

16:18:37.827 [AsyncHttpClient-1-17] DEBUG org.asynchttpclient.netty.channel.ChannelManager - Adding key: http://localhost:60764 for channel [id: 0x49832900, L:/127.0.0.1:63698 - R:localhost/127.0.0.1:60764]
16:18:37.829 [Forwarding findElement on session 19debefa994184f22ffa49e168c11e35 to remote] DEBUG org.asynchttpclient.netty.request.NettyRequestSender - Using pooled Channel '[id: 0x49832900, L:/127.0.0.1:63698 - R:localhost/127.0.0.1:60764]' for 'POST' to 'http://localhost:60764/session/19debefa994184f22ffa49e168c11e35/element'
16:18:37.829 [Forwarding findElement on session 19debefa994184f22ffa49e168c11e35 to remote] DEBUG org.asynchttpclient.netty.request.NettyRequestSender - Using open Channel [id: 0x49832900, L:/127.0.0.1:63698 - R:localhost/127.0.0.1:60764] for POST '/session/19debefa994184f22ffa49e168c11e35/element'
16:18:37.836 [AsyncHttpClient-1-17] DEBUG org.asynchttpclient.netty.handler.HttpHandler - 

Request DefaultHttpRequest(decodeResult: success, version: HTTP/1.1)
POST /session/19debefa994184f22ffa49e168c11e35/element HTTP/1.1
User-Agent: selenium/4.1.2 (java windows)
Content-Length: 136
Content-Type: application/json; charset=utf-8
host: localhost:60764
accept: */*

Response DefaultHttpResponse(decodeResult: success, version: HTTP/1.1)
HTTP/1.1 200 OK
Content-Type: application/json; charset=utf-8
cache-control: no-cache
content-length: 88

16:18:37.837 [AsyncHttpClient-1-17] DEBUG org.asynchttpclient.netty.channel.ChannelManager - Adding key: http://localhost:60764 for channel [id: 0x49832900, L:/127.0.0.1:63698 - R:localhost/127.0.0.1:60764]
16:18:37.838 [Forwarding clickElement on session 19debefa994184f22ffa49e168c11e35 to remote] DEBUG org.asynchttpclient.netty.request.NettyRequestSender - Using pooled Channel '[id: 0x49832900, L:/127.0.0.1:63698 - R:localhost/127.0.0.1:60764]' for 'POST' to 'http://localhost:60764/session/19debefa994184f22ffa49e168c11e35/element/693adb9a-87e4-4be6-a54b-1fc187633bbf/click'
16:18:37.838 [Forwarding clickElement on session 19debefa994184f22ffa49e168c11e35 to remote] DEBUG org.asynchttpclient.netty.request.NettyRequestSender - Using open Channel [id: 0x49832900, L:/127.0.0.1:63698 - R:localhost/127.0.0.1:60764] for POST '/session/19debefa994184f22ffa49e168c11e35/element/693adb9a-87e4-4be6-a54b-1fc187633bbf/click'
16:18:37.878 [AsyncHttpClient-1-17] DEBUG org.asynchttpclient.netty.handler.HttpHandler - 

Request DefaultHttpRequest(decodeResult: success, version: HTTP/1.1)
POST /session/19debefa994184f22ffa49e168c11e35/element/693adb9a-87e4-4be6-a54b-1fc187633bbf/click HTTP/1.1
User-Agent: selenium/4.1.2 (java windows)
Content-Length: 50
Content-Type: application/json; charset=utf-8
host: localhost:60764
accept: */*

Response DefaultHttpResponse(decodeResult: success, version: HTTP/1.1)
HTTP/1.1 200 OK
Content-Type: application/json; charset=utf-8
cache-control: no-cache
content-length: 14

16:18:37.878 [AsyncHttpClient-1-17] DEBUG org.asynchttpclient.netty.channel.ChannelManager - Adding key: http://localhost:60764 for channel [id: 0x49832900, L:/127.0.0.1:63698 - R:localhost/127.0.0.1:60764]
16:18:37.882 [Forwarding screenshot on session 19debefa994184f22ffa49e168c11e35 to remote] DEBUG org.asynchttpclient.netty.request.NettyRequestSender - Using pooled Channel '[id: 0x49832900, L:/127.0.0.1:63698 - R:localhost/127.0.0.1:60764]' for 'GET' to 'http://localhost:60764/session/19debefa994184f22ffa49e168c11e35/screenshot'
16:18:37.882 [Forwarding screenshot on session 19debefa994184f22ffa49e168c11e35 to remote] DEBUG org.asynchttpclient.netty.request.NettyRequestSender - Using open Channel [id: 0x49832900, L:/127.0.0.1:63698 - R:localhost/127.0.0.1:60764] for GET '/session/19debefa994184f22ffa49e168c11e35/screenshot'
16:18:38.047 [AsyncHttpClient-1-17] DEBUG org.asynchttpclient.netty.handler.HttpHandler - 

Request DefaultFullHttpRequest(decodeResult: success, version: HTTP/1.1, content: EmptyByteBufBE)
GET /session/19debefa994184f22ffa49e168c11e35/screenshot HTTP/1.1
User-Agent: selenium/4.1.2 (java windows)
Cache-Control: no-cache
Content-Type: application/json; charset=utf-8
host: localhost:60764
accept: */*

Response DefaultHttpResponse(decodeResult: success, version: HTTP/1.1)
HTTP/1.1 200 OK
Content-Type: application/json; charset=utf-8
cache-control: no-cache
content-length: 38368

16:18:38.047 [AsyncHttpClient-1-17] DEBUG org.asynchttpclient.netty.channel.ChannelManager - Adding key: http://localhost:60764 for channel [id: 0x49832900, L:/127.0.0.1:63698 - R:localhost/127.0.0.1:60764]
16:18:38.050 [main] DEBUG net.serenitybdd.core.photography.Darkroom - Send negative for processing for target\site\serenity\b2a83c38386c8232507ebc4de2f403ce56dca5e3cf65dca0f726e6b5cbf463f0.png
16:18:38.051 [main] DEBUG net.thucydides.core.steps.StepInterceptor - STEP DONE: clickLoginButton
  &amp#27;[32mAnd &amp#27;[0m&amp#27;[32mclickx login button&amp#27;[0m                              &amp#27;[90m# Starter.StepDefinitions.ProductStep.clickLoginxButton()&amp#27;[0m
16:18:38.051 [Darkroom Processing Line] DEBUG net.serenitybdd.core.photography.DarkroomProcessingLine - Processing screenshot image in /var/screenshots/screenshot-17431689506018374582
16:18:38.051 [Darkroom Processing Line] DEBUG net.serenitybdd.core.photography.DarkroomProcessingLine - Saving screenshot to target\site\serenity\b2a83c38386c8232507ebc4de2f403ce56dca5e3cf65dca0f726e6b5cbf463f0.png
16:18:38.063 [main] DEBUG net.thucydides.core.steps.StepInterceptor - STARTING STEP: ProductStep.iClickBuyButton - clickBuyButton
16:18:38.066 [Forwarding findElement on session 19debefa994184f22ffa49e168c11e35 to remote] DEBUG org.asynchttpclient.netty.request.NettyRequestSender - Using pooled Channel '[id: 0x49832900, L:/127.0.0.1:63698 - R:localhost/127.0.0.1:60764]' for 'POST' to 'http://localhost:60764/session/19debefa994184f22ffa49e168c11e35/element'
16:18:38.066 [Forwarding findElement on session 19debefa994184f22ffa49e168c11e35 to remote] DEBUG org.asynchttpclient.netty.request.NettyRequestSender - Using open Channel [id: 0x49832900, L:/127.0.0.1:63698 - R:localhost/127.0.0.1:60764] for POST '/session/19debefa994184f22ffa49e168c11e35/element'
16:18:38.440 [AsyncHttpClient-1-1] DEBUG org.asynchttpclient.netty.channel.DefaultChannelPool - Entry count for : http://localhost:63699 : 1
16:18:39.487 [AsyncHttpClient-1-17] DEBUG org.asynchttpclient.netty.handler.HttpHandler - 

Request DefaultHttpRequest(decodeResult: success, version: HTTP/1.1)
POST /session/19debefa994184f22ffa49e168c11e35/element HTTP/1.1
User-Agent: selenium/4.1.2 (java windows)
Content-Length: 142
Content-Type: application/json; charset=utf-8
host: localhost:60764
accept: */*

Response DefaultHttpResponse(decodeResult: success, version: HTTP/1.1)
HTTP/1.1 200 OK
Content-Type: application/json; charset=utf-8
cache-control: no-cache
content-length: 88

16:18:39.487 [AsyncHttpClient-1-17] DEBUG org.asynchttpclient.netty.channel.ChannelManager - Adding key: http://localhost:60764 for channel [id: 0x49832900, L:/127.0.0.1:63698 - R:localhost/127.0.0.1:60764]
16:18:39.489 [Forwarding getElementTagName on session 19debefa994184f22ffa49e168c11e35 to remote] DEBUG org.asynchttpclient.netty.request.NettyRequestSender - Using pooled Channel '[id: 0x49832900, L:/127.0.0.1:63698 - R:localhost/127.0.0.1:60764]' for 'GET' to 'http://localhost:60764/session/19debefa994184f22ffa49e168c11e35/element/84c9add1-6a08-4e95-aec7-ecfe1b31f137/name'
16:18:39.489 [Forwarding getElementTagName on session 19debefa994184f22ffa49e168c11e35 to remote] DEBUG org.asynchttpclient.netty.request.NettyRequestSender - Using open Channel [id: 0x49832900, L:/127.0.0.1:63698 - R:localhost/127.0.0.1:60764] for GET '/session/19debefa994184f22ffa49e168c11e35/element/84c9add1-6a08-4e95-aec7-ecfe1b31f137/name'
16:18:39.493 [AsyncHttpClient-1-17] DEBUG org.asynchttpclient.netty.handler.HttpHandler - 

Request DefaultFullHttpRequest(decodeResult: success, version: HTTP/1.1, content: EmptyByteBufBE)
GET /session/19debefa994184f22ffa49e168c11e35/element/84c9add1-6a08-4e95-aec7-ecfe1b31f137/name HTTP/1.1
User-Agent: selenium/4.1.2 (java windows)
Cache-Control: no-cache
Content-Type: application/json; charset=utf-8
host: localhost:60764
accept: */*

Response DefaultHttpResponse(decodeResult: success, version: HTTP/1.1)
HTTP/1.1 200 OK
Content-Type: application/json; charset=utf-8
cache-control: no-cache
content-length: 18

16:18:39.493 [AsyncHttpClient-1-17] DEBUG org.asynchttpclient.netty.channel.ChannelManager - Adding key: http://localhost:60764 for channel [id: 0x49832900, L:/127.0.0.1:63698 - R:localhost/127.0.0.1:60764]
16:18:39.494 [Forwarding getElementTagName on session 19debefa994184f22ffa49e168c11e35 to remote] DEBUG org.asynchttpclient.netty.request.NettyRequestSender - Using pooled Channel '[id: 0x49832900, L:/127.0.0.1:63698 - R:localhost/127.0.0.1:60764]' for 'GET' to 'http://localhost:60764/session/19debefa994184f22ffa49e168c11e35/element/84c9add1-6a08-4e95-aec7-ecfe1b31f137/name'
16:18:39.494 [Forwarding getElementTagName on session 19debefa994184f22ffa49e168c11e35 to remote] DEBUG org.asynchttpclient.netty.request.NettyRequestSender - Using open Channel [id: 0x49832900, L:/127.0.0.1:63698 - R:localhost/127.0.0.1:60764] for GET '/session/19debefa994184f22ffa49e168c11e35/element/84c9add1-6a08-4e95-aec7-ecfe1b31f137/name'
16:18:39.496 [AsyncHttpClient-1-17] DEBUG org.asynchttpclient.netty.handler.HttpHandler - 

Request DefaultFullHttpRequest(decodeResult: success, version: HTTP/1.1, content: EmptyByteBufBE)
GET /session/19debefa994184f22ffa49e168c11e35/element/84c9add1-6a08-4e95-aec7-ecfe1b31f137/name HTTP/1.1
User-Agent: selenium/4.1.2 (java windows)
Cache-Control: no-cache
Content-Type: application/json; charset=utf-8
host: localhost:60764
accept: */*

Response DefaultHttpResponse(decodeResult: success, version: HTTP/1.1)
HTTP/1.1 200 OK
Content-Type: application/json; charset=utf-8
cache-control: no-cache
content-length: 18

16:18:39.496 [AsyncHttpClient-1-17] DEBUG org.asynchttpclient.netty.channel.ChannelManager - Adding key: http://localhost:60764 for channel [id: 0x49832900, L:/127.0.0.1:63698 - R:localhost/127.0.0.1:60764]
16:18:39.498 [Forwarding isElementEnabled on session 19debefa994184f22ffa49e168c11e35 to remote] DEBUG org.asynchttpclient.netty.request.NettyRequestSender - Using pooled Channel '[id: 0x49832900, L:/127.0.0.1:63698 - R:localhost/127.0.0.1:60764]' for 'GET' to 'http://localhost:60764/session/19debefa994184f22ffa49e168c11e35/element/84c9add1-6a08-4e95-aec7-ecfe1b31f137/enabled'
16:18:39.498 [Forwarding isElementEnabled on session 19debefa994184f22ffa49e168c11e35 to remote] DEBUG org.asynchttpclient.netty.request.NettyRequestSender - Using open Channel [id: 0x49832900, L:/127.0.0.1:63698 - R:localhost/127.0.0.1:60764] for GET '/session/19debefa994184f22ffa49e168c11e35/element/84c9add1-6a08-4e95-aec7-ecfe1b31f137/enabled'
16:18:39.504 [AsyncHttpClient-1-17] DEBUG org.asynchttpclient.netty.handler.HttpHandler - 

Request DefaultFullHttpRequest(decodeResult: success, version: HTTP/1.1, content: EmptyByteBufBE)
GET /session/19debefa994184f22ffa49e168c11e35/element/84c9add1-6a08-4e95-aec7-ecfe1b31f137/enabled HTTP/1.1
User-Agent: selenium/4.1.2 (java windows)
Cache-Control: no-cache
Content-Type: application/json; charset=utf-8
host: localhost:60764
accept: */*

Response DefaultHttpResponse(decodeResult: success, version: HTTP/1.1)
HTTP/1.1 200 OK
Content-Type: application/json; charset=utf-8
cache-control: no-cache
content-length: 14

16:18:39.504 [AsyncHttpClient-1-17] DEBUG org.asynchttpclient.netty.channel.ChannelManager - Adding key: http://localhost:60764 for channel [id: 0x49832900, L:/127.0.0.1:63698 - R:localhost/127.0.0.1:60764]
16:18:39.505 [Forwarding isElementEnabled on session 19debefa994184f22ffa49e168c11e35 to remote] DEBUG org.asynchttpclient.netty.request.NettyRequestSender - Using pooled Channel '[id: 0x49832900, L:/127.0.0.1:63698 - R:localhost/127.0.0.1:60764]' for 'GET' to 'http://localhost:60764/session/19debefa994184f22ffa49e168c11e35/element/84c9add1-6a08-4e95-aec7-ecfe1b31f137/enabled'
16:18:39.505 [Forwarding isElementEnabled on session 19debefa994184f22ffa49e168c11e35 to remote] DEBUG org.asynchttpclient.netty.request.NettyRequestSender - Using open Channel [id: 0x49832900, L:/127.0.0.1:63698 - R:localhost/127.0.0.1:60764] for GET '/session/19debefa994184f22ffa49e168c11e35/element/84c9add1-6a08-4e95-aec7-ecfe1b31f137/enabled'
16:18:39.509 [AsyncHttpClient-1-17] DEBUG org.asynchttpclient.netty.handler.HttpHandler - 

Request DefaultFullHttpRequest(decodeResult: success, version: HTTP/1.1, content: EmptyByteBufBE)
GET /session/19debefa994184f22ffa49e168c11e35/element/84c9add1-6a08-4e95-aec7-ecfe1b31f137/enabled HTTP/1.1
User-Agent: selenium/4.1.2 (java windows)
Cache-Control: no-cache
Content-Type: application/json; charset=utf-8
host: localhost:60764
accept: */*

Response DefaultHttpResponse(decodeResult: success, version: HTTP/1.1)
HTTP/1.1 200 OK
Content-Type: application/json; charset=utf-8
cache-control: no-cache
content-length: 14

16:18:39.509 [AsyncHttpClient-1-17] DEBUG org.asynchttpclient.netty.channel.ChannelManager - Adding key: http://localhost:60764 for channel [id: 0x49832900, L:/127.0.0.1:63698 - R:localhost/127.0.0.1:60764]
16:18:39.511 [Forwarding findElement on session 19debefa994184f22ffa49e168c11e35 to remote] DEBUG org.asynchttpclient.netty.request.NettyRequestSender - Using pooled Channel '[id: 0x49832900, L:/127.0.0.1:63698 - R:localhost/127.0.0.1:60764]' for 'POST' to 'http://localhost:60764/session/19debefa994184f22ffa49e168c11e35/element'
16:18:39.511 [Forwarding findElement on session 19debefa994184f22ffa49e168c11e35 to remote] DEBUG org.asynchttpclient.netty.request.NettyRequestSender - Using open Channel [id: 0x49832900, L:/127.0.0.1:63698 - R:localhost/127.0.0.1:60764] for POST '/session/19debefa994184f22ffa49e168c11e35/element'
16:18:39.523 [AsyncHttpClient-1-17] DEBUG org.asynchttpclient.netty.handler.HttpHandler - 

Request DefaultHttpRequest(decodeResult: success, version: HTTP/1.1)
POST /session/19debefa994184f22ffa49e168c11e35/element HTTP/1.1
User-Agent: selenium/4.1.2 (java windows)
Content-Length: 142
Content-Type: application/json; charset=utf-8
host: localhost:60764
accept: */*

Response DefaultHttpResponse(decodeResult: success, version: HTTP/1.1)
HTTP/1.1 200 OK
Content-Type: application/json; charset=utf-8
cache-control: no-cache
content-length: 88

16:18:39.524 [AsyncHttpClient-1-17] DEBUG org.asynchttpclient.netty.channel.ChannelManager - Adding key: http://localhost:60764 for channel [id: 0x49832900, L:/127.0.0.1:63698 - R:localhost/127.0.0.1:60764]
16:18:39.525 [Forwarding clickElement on session 19debefa994184f22ffa49e168c11e35 to remote] DEBUG org.asynchttpclient.netty.request.NettyRequestSender - Using pooled Channel '[id: 0x49832900, L:/127.0.0.1:63698 - R:localhost/127.0.0.1:60764]' for 'POST' to 'http://localhost:60764/session/19debefa994184f22ffa49e168c11e35/element/84c9add1-6a08-4e95-aec7-ecfe1b31f137/click'
16:18:39.525 [Forwarding clickElement on session 19debefa994184f22ffa49e168c11e35 to remote] DEBUG org.asynchttpclient.netty.request.NettyRequestSender - Using open Channel [id: 0x49832900, L:/127.0.0.1:63698 - R:localhost/127.0.0.1:60764] for POST '/session/19debefa994184f22ffa49e168c11e35/element/84c9add1-6a08-4e95-aec7-ecfe1b31f137/click'
16:18:39.538 [AsyncHttpClient-1-1] DEBUG org.asynchttpclient.netty.channel.DefaultChannelPool - Entry count for : http://localhost:63699 : 1
16:18:39.579 [AsyncHttpClient-1-17] DEBUG org.asynchttpclient.netty.handler.HttpHandler - 

Request DefaultHttpRequest(decodeResult: success, version: HTTP/1.1)
POST /session/19debefa994184f22ffa49e168c11e35/element/84c9add1-6a08-4e95-aec7-ecfe1b31f137/click HTTP/1.1
User-Agent: selenium/4.1.2 (java windows)
Content-Length: 50
Content-Type: application/json; charset=utf-8
host: localhost:60764
accept: */*

Response DefaultHttpResponse(decodeResult: success, version: HTTP/1.1)
HTTP/1.1 200 OK
Content-Type: application/json; charset=utf-8
cache-control: no-cache
content-length: 14

16:18:39.579 [AsyncHttpClient-1-17] DEBUG org.asynchttpclient.netty.channel.ChannelManager - Adding key: http://localhost:60764 for channel [id: 0x49832900, L:/127.0.0.1:63698 - R:localhost/127.0.0.1:60764]
16:18:39.584 [Forwarding screenshot on session 19debefa994184f22ffa49e168c11e35 to remote] DEBUG org.asynchttpclient.netty.request.NettyRequestSender - Using pooled Channel '[id: 0x49832900, L:/127.0.0.1:63698 - R:localhost/127.0.0.1:60764]' for 'GET' to 'http://localhost:60764/session/19debefa994184f22ffa49e168c11e35/screenshot'
16:18:39.584 [Forwarding screenshot on session 19debefa994184f22ffa49e168c11e35 to remote] DEBUG org.asynchttpclient.netty.request.NettyRequestSender - Using open Channel [id: 0x49832900, L:/127.0.0.1:63698 - R:localhost/127.0.0.1:60764] for GET '/session/19debefa994184f22ffa49e168c11e35/screenshot'
16:18:39.736 [AsyncHttpClient-1-17] DEBUG org.asynchttpclient.netty.handler.HttpHandler - 

Request DefaultFullHttpRequest(decodeResult: success, version: HTTP/1.1, content: EmptyByteBufBE)
GET /session/19debefa994184f22ffa49e168c11e35/screenshot HTTP/1.1
User-Agent: selenium/4.1.2 (java windows)
Cache-Control: no-cache
Content-Type: application/json; charset=utf-8
host: localhost:60764
accept: */*

Response DefaultHttpResponse(decodeResult: success, version: HTTP/1.1)
HTTP/1.1 200 OK
Content-Type: application/json; charset=utf-8
cache-control: no-cache
content-length: 136952

16:18:39.737 [AsyncHttpClient-1-17] DEBUG org.asynchttpclient.netty.channel.ChannelManager - Adding key: http://localhost:60764 for channel [id: 0x49832900, L:/127.0.0.1:63698 - R:localhost/127.0.0.1:60764]
16:18:39.739 [main] DEBUG net.serenitybdd.core.photography.Darkroom - Send negative for processing for target\site\serenity\55bf00eb3562e1029691dd4574ee3affbf8544a59d87ac767260adfdc95e93b6.png
16:18:39.739 [main] DEBUG net.thucydides.core.steps.StepInterceptor - STEP DONE: clickBuyButton
  &amp#27;[32mAnd &amp#27;[0m&amp#27;[32mclick buy button&amp#27;[0m                                 &amp#27;[90m# Starter.StepDefinitions.ProductStep.iClickBuyButton()&amp#27;[0m
16:18:39.740 [Darkroom Processing Line] DEBUG net.serenitybdd.core.photography.DarkroomProcessingLine - Processing screenshot image in /var/screenshots/screenshot-10524052706560857790
16:18:39.740 [Darkroom Processing Line] DEBUG net.serenitybdd.core.photography.DarkroomProcessingLine - Saving screenshot to target\site\serenity\55bf00eb3562e1029691dd4574ee3affbf8544a59d87ac767260adfdc95e93b6.png
16:18:39.750 [main] DEBUG net.thucydides.core.steps.StepInterceptor - STARTING STEP: ProductStep.iClickCartButton - clickCartButton
16:18:39.752 [Forwarding findElement on session 19debefa994184f22ffa49e168c11e35 to remote] DEBUG org.asynchttpclient.netty.request.NettyRequestSender - Using pooled Channel '[id: 0x49832900, L:/127.0.0.1:63698 - R:localhost/127.0.0.1:60764]' for 'POST' to 'http://localhost:60764/session/19debefa994184f22ffa49e168c11e35/element'
16:18:39.752 [Forwarding findElement on session 19debefa994184f22ffa49e168c11e35 to remote] DEBUG org.asynchttpclient.netty.request.NettyRequestSender - Using open Channel [id: 0x49832900, L:/127.0.0.1:63698 - R:localhost/127.0.0.1:60764] for POST '/session/19debefa994184f22ffa49e168c11e35/element'
16:18:39.775 [AsyncHttpClient-1-17] DEBUG org.asynchttpclient.netty.handler.HttpHandler - 

Request DefaultHttpRequest(decodeResult: success, version: HTTP/1.1)
POST /session/19debefa994184f22ffa49e168c11e35/element HTTP/1.1
User-Agent: selenium/4.1.2 (java windows)
Content-Length: 121
Content-Type: application/json; charset=utf-8
host: localhost:60764
accept: */*

Response DefaultHttpResponse(decodeResult: success, version: HTTP/1.1)
HTTP/1.1 200 OK
Content-Type: application/json; charset=utf-8
cache-control: no-cache
content-length: 88

16:18:39.776 [AsyncHttpClient-1-17] DEBUG org.asynchttpclient.netty.channel.ChannelManager - Adding key: http://localhost:60764 for channel [id: 0x49832900, L:/127.0.0.1:63698 - R:localhost/127.0.0.1:60764]
16:18:39.777 [Forwarding getElementTagName on session 19debefa994184f22ffa49e168c11e35 to remote] DEBUG org.asynchttpclient.netty.request.NettyRequestSender - Using pooled Channel '[id: 0x49832900, L:/127.0.0.1:63698 - R:localhost/127.0.0.1:60764]' for 'GET' to 'http://localhost:60764/session/19debefa994184f22ffa49e168c11e35/element/48f308ce-3d4f-4a9c-88ba-4a43bb65bef4/name'
16:18:39.777 [Forwarding getElementTagName on session 19debefa994184f22ffa49e168c11e35 to remote] DEBUG org.asynchttpclient.netty.request.NettyRequestSender - Using open Channel [id: 0x49832900, L:/127.0.0.1:63698 - R:localhost/127.0.0.1:60764] for GET '/session/19debefa994184f22ffa49e168c11e35/element/48f308ce-3d4f-4a9c-88ba-4a43bb65bef4/name'
16:18:39.780 [AsyncHttpClient-1-17] DEBUG org.asynchttpclient.netty.handler.HttpHandler - 

Request DefaultFullHttpRequest(decodeResult: success, version: HTTP/1.1, content: EmptyByteBufBE)
GET /session/19debefa994184f22ffa49e168c11e35/element/48f308ce-3d4f-4a9c-88ba-4a43bb65bef4/name HTTP/1.1
User-Agent: selenium/4.1.2 (java windows)
Cache-Control: no-cache
Content-Type: application/json; charset=utf-8
host: localhost:60764
accept: */*

Response DefaultHttpResponse(decodeResult: success, version: HTTP/1.1)
HTTP/1.1 200 OK
Content-Type: application/json; charset=utf-8
cache-control: no-cache
content-length: 18

16:18:39.780 [AsyncHttpClient-1-17] DEBUG org.asynchttpclient.netty.channel.ChannelManager - Adding key: http://localhost:60764 for channel [id: 0x49832900, L:/127.0.0.1:63698 - R:localhost/127.0.0.1:60764]
16:18:39.781 [Forwarding getElementTagName on session 19debefa994184f22ffa49e168c11e35 to remote] DEBUG org.asynchttpclient.netty.request.NettyRequestSender - Using pooled Channel '[id: 0x49832900, L:/127.0.0.1:63698 - R:localhost/127.0.0.1:60764]' for 'GET' to 'http://localhost:60764/session/19debefa994184f22ffa49e168c11e35/element/48f308ce-3d4f-4a9c-88ba-4a43bb65bef4/name'
16:18:39.781 [Forwarding getElementTagName on session 19debefa994184f22ffa49e168c11e35 to remote] DEBUG org.asynchttpclient.netty.request.NettyRequestSender - Using open Channel [id: 0x49832900, L:/127.0.0.1:63698 - R:localhost/127.0.0.1:60764] for GET '/session/19debefa994184f22ffa49e168c11e35/element/48f308ce-3d4f-4a9c-88ba-4a43bb65bef4/name'
16:18:39.787 [AsyncHttpClient-1-17] DEBUG org.asynchttpclient.netty.handler.HttpHandler - 

Request DefaultFullHttpRequest(decodeResult: success, version: HTTP/1.1, content: EmptyByteBufBE)
GET /session/19debefa994184f22ffa49e168c11e35/element/48f308ce-3d4f-4a9c-88ba-4a43bb65bef4/name HTTP/1.1
User-Agent: selenium/4.1.2 (java windows)
Cache-Control: no-cache
Content-Type: application/json; charset=utf-8
host: localhost:60764
accept: */*

Response DefaultHttpResponse(decodeResult: success, version: HTTP/1.1)
HTTP/1.1 200 OK
Content-Type: application/json; charset=utf-8
cache-control: no-cache
content-length: 18

16:18:39.787 [AsyncHttpClient-1-17] DEBUG org.asynchttpclient.netty.channel.ChannelManager - Adding key: http://localhost:60764 for channel [id: 0x49832900, L:/127.0.0.1:63698 - R:localhost/127.0.0.1:60764]
16:18:39.788 [Forwarding isElementEnabled on session 19debefa994184f22ffa49e168c11e35 to remote] DEBUG org.asynchttpclient.netty.request.NettyRequestSender - Using pooled Channel '[id: 0x49832900, L:/127.0.0.1:63698 - R:localhost/127.0.0.1:60764]' for 'GET' to 'http://localhost:60764/session/19debefa994184f22ffa49e168c11e35/element/48f308ce-3d4f-4a9c-88ba-4a43bb65bef4/enabled'
16:18:39.788 [Forwarding isElementEnabled on session 19debefa994184f22ffa49e168c11e35 to remote] DEBUG org.asynchttpclient.netty.request.NettyRequestSender - Using open Channel [id: 0x49832900, L:/127.0.0.1:63698 - R:localhost/127.0.0.1:60764] for GET '/session/19debefa994184f22ffa49e168c11e35/element/48f308ce-3d4f-4a9c-88ba-4a43bb65bef4/enabled'
16:18:39.794 [AsyncHttpClient-1-17] DEBUG org.asynchttpclient.netty.handler.HttpHandler - 

Request DefaultFullHttpRequest(decodeResult: success, version: HTTP/1.1, content: EmptyByteBufBE)
GET /session/19debefa994184f22ffa49e168c11e35/element/48f308ce-3d4f-4a9c-88ba-4a43bb65bef4/enabled HTTP/1.1
User-Agent: selenium/4.1.2 (java windows)
Cache-Control: no-cache
Content-Type: application/json; charset=utf-8
host: localhost:60764
accept: */*

Response DefaultHttpResponse(decodeResult: success, version: HTTP/1.1)
HTTP/1.1 200 OK
Content-Type: application/json; charset=utf-8
cache-control: no-cache
content-length: 14

16:18:39.794 [AsyncHttpClient-1-17] DEBUG org.asynchttpclient.netty.channel.ChannelManager - Adding key: http://localhost:60764 for channel [id: 0x49832900, L:/127.0.0.1:63698 - R:localhost/127.0.0.1:60764]
16:18:39.796 [Forwarding isElementEnabled on session 19debefa994184f22ffa49e168c11e35 to remote] DEBUG org.asynchttpclient.netty.request.NettyRequestSender - Using pooled Channel '[id: 0x49832900, L:/127.0.0.1:63698 - R:localhost/127.0.0.1:60764]' for 'GET' to 'http://localhost:60764/session/19debefa994184f22ffa49e168c11e35/element/48f308ce-3d4f-4a9c-88ba-4a43bb65bef4/enabled'
16:18:39.796 [Forwarding isElementEnabled on session 19debefa994184f22ffa49e168c11e35 to remote] DEBUG org.asynchttpclient.netty.request.NettyRequestSender - Using open Channel [id: 0x49832900, L:/127.0.0.1:63698 - R:localhost/127.0.0.1:60764] for GET '/session/19debefa994184f22ffa49e168c11e35/element/48f308ce-3d4f-4a9c-88ba-4a43bb65bef4/enabled'
16:18:39.800 [AsyncHttpClient-1-17] DEBUG org.asynchttpclient.netty.handler.HttpHandler - 

Request DefaultFullHttpRequest(decodeResult: success, version: HTTP/1.1, content: EmptyByteBufBE)
GET /session/19debefa994184f22ffa49e168c11e35/element/48f308ce-3d4f-4a9c-88ba-4a43bb65bef4/enabled HTTP/1.1
User-Agent: selenium/4.1.2 (java windows)
Cache-Control: no-cache
Content-Type: application/json; charset=utf-8
host: localhost:60764
accept: */*

Response DefaultHttpResponse(decodeResult: success, version: HTTP/1.1)
HTTP/1.1 200 OK
Content-Type: application/json; charset=utf-8
cache-control: no-cache
content-length: 14

16:18:39.801 [AsyncHttpClient-1-17] DEBUG org.asynchttpclient.netty.channel.ChannelManager - Adding key: http://localhost:60764 for channel [id: 0x49832900, L:/127.0.0.1:63698 - R:localhost/127.0.0.1:60764]
16:18:39.802 [Forwarding findElement on session 19debefa994184f22ffa49e168c11e35 to remote] DEBUG org.asynchttpclient.netty.request.NettyRequestSender - Using pooled Channel '[id: 0x49832900, L:/127.0.0.1:63698 - R:localhost/127.0.0.1:60764]' for 'POST' to 'http://localhost:60764/session/19debefa994184f22ffa49e168c11e35/element'
16:18:39.802 [Forwarding findElement on session 19debefa994184f22ffa49e168c11e35 to remote] DEBUG org.asynchttpclient.netty.request.NettyRequestSender - Using open Channel [id: 0x49832900, L:/127.0.0.1:63698 - R:localhost/127.0.0.1:60764] for POST '/session/19debefa994184f22ffa49e168c11e35/element'
16:18:39.814 [AsyncHttpClient-1-17] DEBUG org.asynchttpclient.netty.handler.HttpHandler - 

Request DefaultHttpRequest(decodeResult: success, version: HTTP/1.1)
POST /session/19debefa994184f22ffa49e168c11e35/element HTTP/1.1
User-Agent: selenium/4.1.2 (java windows)
Content-Length: 121
Content-Type: application/json; charset=utf-8
host: localhost:60764
accept: */*

Response DefaultHttpResponse(decodeResult: success, version: HTTP/1.1)
HTTP/1.1 200 OK
Content-Type: application/json; charset=utf-8
cache-control: no-cache
content-length: 88

16:18:39.814 [AsyncHttpClient-1-17] DEBUG org.asynchttpclient.netty.channel.ChannelManager - Adding key: http://localhost:60764 for channel [id: 0x49832900, L:/127.0.0.1:63698 - R:localhost/127.0.0.1:60764]
16:18:39.815 [Forwarding clickElement on session 19debefa994184f22ffa49e168c11e35 to remote] DEBUG org.asynchttpclient.netty.request.NettyRequestSender - Using pooled Channel '[id: 0x49832900, L:/127.0.0.1:63698 - R:localhost/127.0.0.1:60764]' for 'POST' to 'http://localhost:60764/session/19debefa994184f22ffa49e168c11e35/element/48f308ce-3d4f-4a9c-88ba-4a43bb65bef4/click'
16:18:39.815 [Forwarding clickElement on session 19debefa994184f22ffa49e168c11e35 to remote] DEBUG org.asynchttpclient.netty.request.NettyRequestSender - Using open Channel [id: 0x49832900, L:/127.0.0.1:63698 - R:localhost/127.0.0.1:60764] for POST '/session/19debefa994184f22ffa49e168c11e35/element/48f308ce-3d4f-4a9c-88ba-4a43bb65bef4/click'
16:18:39.842 [AsyncHttpClient-1-17] DEBUG org.asynchttpclient.netty.handler.HttpHandler - 

Request DefaultHttpRequest(decodeResult: success, version: HTTP/1.1)
POST /session/19debefa994184f22ffa49e168c11e35/element/48f308ce-3d4f-4a9c-88ba-4a43bb65bef4/click HTTP/1.1
User-Agent: selenium/4.1.2 (java windows)
Content-Length: 50
Content-Type: application/json; charset=utf-8
host: localhost:60764
accept: */*

Response DefaultHttpResponse(decodeResult: success, version: HTTP/1.1)
HTTP/1.1 200 OK
Content-Type: application/json; charset=utf-8
cache-control: no-cache
content-length: 14

16:18:39.842 [AsyncHttpClient-1-17] DEBUG org.asynchttpclient.netty.channel.ChannelManager - Adding key: http://localhost:60764 for channel [id: 0x49832900, L:/127.0.0.1:63698 - R:localhost/127.0.0.1:60764]
16:18:39.846 [Forwarding screenshot on session 19debefa994184f22ffa49e168c11e35 to remote] DEBUG org.asynchttpclient.netty.request.NettyRequestSender - Using pooled Channel '[id: 0x49832900, L:/127.0.0.1:63698 - R:localhost/127.0.0.1:60764]' for 'GET' to 'http://localhost:60764/session/19debefa994184f22ffa49e168c11e35/screenshot'
16:18:39.846 [Forwarding screenshot on session 19debefa994184f22ffa49e168c11e35 to remote] DEBUG org.asynchttpclient.netty.request.NettyRequestSender - Using open Channel [id: 0x49832900, L:/127.0.0.1:63698 - R:localhost/127.0.0.1:60764] for GET '/session/19debefa994184f22ffa49e168c11e35/screenshot'
16:18:40.145 [AsyncHttpClient-1-17] DEBUG org.asynchttpclient.netty.handler.HttpHandler - 

Request DefaultFullHttpRequest(decodeResult: success, version: HTTP/1.1, content: EmptyByteBufBE)
GET /session/19debefa994184f22ffa49e168c11e35/screenshot HTTP/1.1
User-Agent: selenium/4.1.2 (java windows)
Cache-Control: no-cache
Content-Type: application/json; charset=utf-8
host: localhost:60764
accept: */*

Response DefaultHttpResponse(decodeResult: success, version: HTTP/1.1)
HTTP/1.1 200 OK
Content-Type: application/json; charset=utf-8
cache-control: no-cache
content-length: 39116

16:18:40.145 [AsyncHttpClient-1-17] DEBUG org.asynchttpclient.netty.channel.ChannelManager - Adding key: http://localhost:60764 for channel [id: 0x49832900, L:/127.0.0.1:63698 - R:localhost/127.0.0.1:60764]
16:18:40.146 [main] DEBUG net.serenitybdd.core.photography.Darkroom - Send negative for processing for target\site\serenity\1b97679c03daee30d0824af28f4d232b94f5906a935442484a792b9399f526be.png
16:18:40.146 [main] DEBUG net.thucydides.core.steps.StepInterceptor - STEP DONE: clickCartButton
  &amp#27;[32mThen &amp#27;[0m&amp#27;[32mI validate in cart shop&amp#27;[0m                         &amp#27;[90m# Starter.StepDefinitions.ProductStep.iClickCartButton()&amp#27;[0m
16:18:40.147 [Darkroom Processing Line] DEBUG net.serenitybdd.core.photography.DarkroomProcessingLine - Processing screenshot image in /var/screenshots/screenshot-12141885026781906020
16:18:40.147 [Darkroom Processing Line] DEBUG net.serenitybdd.core.photography.DarkroomProcessingLine - Saving screenshot to target\site\serenity\1b97679c03daee30d0824af28f4d232b94f5906a935442484a792b9399f526be.png
16:18:40.154 [AsyncHttpClient-1-3] DEBUG org.asynchttpclient.netty.handler.WebSocketHandler - Channel Closed: [id: 0x24ea1176, L:/127.0.0.1:63706 ! R:localhost/127.0.0.1:63699] with attribute NettyResponseFuture{currentRetry=5,
	isDone=1,
	isCancelled=0,
	asyncHandler=org.asynchttpclient.ws.WebSocketUpgradeHandler@392d3dc6,
	nettyRequest=org.asynchttpclient.netty.request.NettyRequest@12fa67e0,
	future=java.util.concurrent.CompletableFuture@cfc329e[Completed normally],
	uri=ws://localhost:63699/devtools/browser/a14ce0b4-0d27-47c1-b8f5-01e2fcbc185a,
	keepAlive=true,
	redirectCount=0,
	timeoutsHolder=null,
	inAuth=0,
	touch=1653038315716}
16:18:40.154 [AsyncHttpClient-1-3] DEBUG org.asynchttpclient.netty.channel.ChannelManager - Closing Channel [id: 0x24ea1176, L:/127.0.0.1:63706 ! R:localhost/127.0.0.1:63699] 
16:18:40.154 [Driver Command Executor] DEBUG org.asynchttpclient.netty.request.NettyRequestSender - Using pooled Channel '[id: 0x49832900, L:/127.0.0.1:63698 - R:localhost/127.0.0.1:60764]' for 'DELETE' to 'http://localhost:60764/session/19debefa994184f22ffa49e168c11e35'
16:18:40.154 [Driver Command Executor] DEBUG org.asynchttpclient.netty.request.NettyRequestSender - Using open Channel [id: 0x49832900, L:/127.0.0.1:63698 - R:localhost/127.0.0.1:60764] for DELETE '/session/19debefa994184f22ffa49e168c11e35'
16:18:40.303 [AsyncHttpClient-1-2] DEBUG org.asynchttpclient.netty.handler.HttpHandler - Unexpected I/O exception on channel [id: 0x51e978e8, L:/127.0.0.1:63705 - R:localhost/127.0.0.1:63699]
java.net.SocketException: Connection reset
	at java.base/sun.nio.ch.SocketChannelImpl.throwConnectionReset(SocketChannelImpl.java:367)
	at java.base/sun.nio.ch.SocketChannelImpl.read(SocketChannelImpl.java:398)
	at io.netty.buffer.PooledByteBuf.setBytes(PooledByteBuf.java:258)
	at io.netty.buffer.AbstractByteBuf.writeBytes(AbstractByteBuf.java:1132)
	at io.netty.channel.socket.nio.NioSocketChannel.doReadBytes(NioSocketChannel.java:350)
	at io.netty.channel.nio.AbstractNioByteChannel$NioByteUnsafe.read(AbstractNioByteChannel.java:151)
	at io.netty.channel.nio.NioEventLoop.processSelectedKey(NioEventLoop.java:722)
	at io.netty.channel.nio.NioEventLoop.processSelectedKeysOptimized(NioEventLoop.java:658)
	at io.netty.channel.nio.NioEventLoop.processSelectedKeys(NioEventLoop.java:584)
	at io.netty.channel.nio.NioEventLoop.run(NioEventLoop.java:496)
	at io.netty.util.concurrent.SingleThreadEventExecutor$4.run(SingleThreadEventExecutor.java:986)
	at io.netty.util.internal.ThreadExecutorMap$2.run(ThreadExecutorMap.java:74)
	at io.netty.util.concurrent.FastThreadLocalRunnable.run(FastThreadLocalRunnable.java:30)
	at java.base/java.lang.Thread.run(Thread.java:832)
16:18:40.303 [AsyncHttpClient-1-2] DEBUG org.asynchttpclient.netty.channel.ChannelManager - Closing Channel [id: 0x51e978e8, L:/127.0.0.1:63705 - R:localhost/127.0.0.1:63699] 
16:18:40.303 [AsyncHttpClient-1-2] DEBUG org.asynchttpclient.netty.handler.HttpHandler - Channel Closed: [id: 0x51e978e8, L:/127.0.0.1:63705 ! R:localhost/127.0.0.1:63699] with attribute DISCARD
16:18:40.323 [AsyncHttpClient-1-17] DEBUG org.asynchttpclient.netty.handler.HttpHandler - 

Request DefaultFullHttpRequest(decodeResult: success, version: HTTP/1.1, content: EmptyByteBufBE)
DELETE /session/19debefa994184f22ffa49e168c11e35 HTTP/1.1
User-Agent: selenium/4.1.2 (java windows)
Content-Type: application/json; charset=utf-8
host: localhost:60764
accept: */*

Response DefaultHttpResponse(decodeResult: success, version: HTTP/1.1)
HTTP/1.1 200 OK
Content-Type: application/json; charset=utf-8
cache-control: no-cache
content-length: 14

16:18:40.323 [AsyncHttpClient-1-17] DEBUG org.asynchttpclient.netty.channel.ChannelManager - Adding key: http://localhost:60764 for channel [id: 0x49832900, L:/127.0.0.1:63698 - R:localhost/127.0.0.1:60764]
16:18:40.412 [AsyncHttpClient-1-17] DEBUG org.asynchttpclient.netty.handler.HttpHandler - Channel Closed: [id: 0x49832900, L:/127.0.0.1:63698 ! R:localhost/127.0.0.1:60764] with attribute DISCARD
16:18:40.632 [AsyncHttpClient-1-1] DEBUG org.asynchttpclient.netty.channel.DefaultChannelPool - Entry count for : http://localhost:60764 : 1
16:18:40.632 [AsyncHttpClient-1-1] DEBUG org.asynchttpclient.netty.channel.DefaultChannelPool - Entry count for : http://localhost:63699 : 1
16:18:40.632 [AsyncHttpClient-1-1] DEBUG org.asynchttpclient.netty.channel.DefaultChannelPool - Adding Candidate expired Channel [id: 0x49832900, L:/127.0.0.1:63698 ! R:localhost/127.0.0.1:60764] isIdleTimeoutExpired=false isRemotelyClosed=true isTtlExpired=false
16:18:40.632 [AsyncHttpClient-1-1] DEBUG org.asynchttpclient.netty.channel.DefaultChannelPool - Closing Idle Channel [id: 0x49832900, L:/127.0.0.1:63698 ! R:localhost/127.0.0.1:60764]
16:18:40.632 [AsyncHttpClient-1-1] DEBUG org.asynchttpclient.netty.channel.DefaultChannelPool - Adding Candidate expired Channel [id: 0x51e978e8, L:/127.0.0.1:63705 ! R:localhost/127.0.0.1:63699] isIdleTimeoutExpired=false isRemotelyClosed=true isTtlExpired=false
16:18:40.632 [AsyncHttpClient-1-1] DEBUG org.asynchttpclient.netty.channel.DefaultChannelPool - Closing Idle Channel [id: 0x51e978e8, L:/127.0.0.1:63705 ! R:localhost/127.0.0.1:63699]
16:18:40.632 [AsyncHttpClient-1-1] DEBUG org.asynchttpclient.netty.channel.DefaultChannelPool - Closed 2 connections out of 2 in 0 ms
16:18:40.950 [main] INFO  - 
  _____   ___   ___   _____     ___     _     ___   ___   ___   ___  
 |_   _| | __| / __| |_   _|   | _ \   /_\   / __| / __| | __| |   \ 
   | |   | _|  \__ \   | |     |  _/  / _ \  \__ \ \__ \ | _|  | |) |
   |_|   |___| |___/   |_|     |_|   /_/ \_\ |___/ |___/ |___| |___/ 

Product scenario
----------------------------------------------------------------------
]]></system-out>
    <system-err><![CDATA[Starting ChromeDriver 101.0.4951.41 (93c720db8323b3ec10d056025ab95c23a31997c9-refs/branch-heads/4951@{#904}) on port 60764
Only local connections are allowed.
Please see https://chromedriver.chromium.org/security-considerations for suggestions on keeping ChromeDriver safe.
ChromeDriver was started successfully.
May 20, 2022 4:18:35 PM org.openqa.selenium.remote.ProtocolHandshake createSession
INFO: Detected dialect: W3C
May 20, 2022 4:18:35 PM org.openqa.selenium.devtools.CdpVersionFinder findNearestMatch
WARNING: Unable to find an exact match for CDP version 101, so returning the closest version found: 97
May 20, 2022 4:18:35 PM org.openqa.selenium.devtools.CdpVersionFinder findNearestMatch
INFO: Found CDP implementation for version 101 of 97
]]></system-err>
  </testcase>
  <testcase name="Register scenario #1" classname="Register" time="5.633">
    <system-out><![CDATA[16:18:40.952 [main] INFO io.cucumber.core.plugin.SerenityReporter - Running feature from file:///C:/Users/user/Documents/WebMiniLogin/src/test/resources/features/Register.feature
16:18:41.018 [main] DEBUG net.thucydides.core.steps.StepEventBus - Test suite started for story net.thucydides.core.model.Story@30e75088
16:18:41.019 [main] INFO  - Test Suite Started: Register

@Register
Scenario Outline: Register scenario  &amp#27;[90m# src/test/resources/features/Register.feature:17&amp#27;[0m
16:18:41.079 [main] INFO io.cucumber.core.plugin.SerenityReporter - Running feature from file:///C:/Users/user/Documents/WebMiniLogin/src/test/resources/features/Register.feature
16:18:41.082 [main] INFO  - 
  _____   ___   ___   _____     ___   _____     _     ___   _____   ___   ___  
 |_   _| | __| / __| |_   _|   / __| |_   _|   /_\   | _ \ |_   _| | __| |   \ 
   | |   | _|  \__ \   | |     \__ \   | |    / _ \  |   /   | |   | _|  | |) |
   |_|   |___| |___/   |_|     |___/   |_|   /_/ \_\ |_|_\   |_|   |___| |___/ 

Register scenario(register;register-scenario)
--------------------------------------------------------------------------------
16:18:41.659 [main] INFO net.serenitybdd.core.webdriver.driverproviders.ChromeDriverProvider - Using automatically driver download
16:18:41.818 [main] DEBUG io.github.bonigarcia.wdm.cache.ResolutionCache - Resolution chrome=101 in cache (valid until 17:17:56 20/05/2022 WIB)
16:18:41.823 [main] DEBUG io.github.bonigarcia.wdm.cache.ResolutionCache - Resolution chrome101=101.0.4951.41 in cache (valid until 16:17:56 21/05/2022 WIB)
16:18:41.826 [main] INFO io.github.bonigarcia.wdm.WebDriverManager - Using chromedriver 101.0.4951.41 (resolved driver for Chrome 101)
16:18:41.838 [main] DEBUG io.github.bonigarcia.wdm.WebDriverManager - Driver chromedriver 101.0.4951.41 found in cache
16:18:41.838 [main] INFO io.github.bonigarcia.wdm.WebDriverManager - Exporting webdriver.chrome.driver as C:\Users\user\.cache\selenium\chromedriver\win32\101.0.4951.41\chromedriver.exe
16:18:41.931 [main] DEBUG net.serenitybdd.core.webdriver.driverproviders.ProvideNewDriver - Instantiating driver
16:18:41.931 [main] DEBUG net.serenitybdd.core.webdriver.driverproviders.ProvideNewDriver - Driver capabilities: Capabilities {acceptInsecureCerts: false, base.url: https://qa.alta.id/, browserName: chrome, chrome.driver: src/test/resources/webdrive..., driver: chrome, goog:chromeOptions: {args: [], extensions: []}}
16:18:42.463 [AsyncHttpClient-1-4] DEBUG org.asynchttpclient.netty.channel.NettyConnectListener - Using new Channel '[id: 0x6ff91e6a, L:/127.0.0.1:63731 - R:localhost/127.0.0.1:49589]' for 'POST' to '/session'
16:18:43.141 [AsyncHttpClient-1-4] DEBUG org.asynchttpclient.netty.handler.HttpHandler - 

Request DefaultHttpRequest(decodeResult: success, version: HTTP/1.1)
POST /session HTTP/1.1
User-Agent: selenium/4.1.2 (java windows)
Content-Length: 605
Content-Type: application/json; charset=utf-8
host: localhost:49589
accept: */*

Response DefaultHttpResponse(decodeResult: success, version: HTTP/1.1)
HTTP/1.1 200 OK
Content-Type: application/json; charset=utf-8
cache-control: no-cache
content-length: 789

16:18:43.141 [AsyncHttpClient-1-4] DEBUG org.asynchttpclient.netty.channel.ChannelManager - Adding key: http://localhost:49589 for channel [id: 0x6ff91e6a, L:/127.0.0.1:63731 - R:localhost/127.0.0.1:49589]
16:18:43.151 [AsyncHttpClient-1-5] DEBUG org.asynchttpclient.netty.channel.NettyConnectListener - Using new Channel '[id: 0x4a8c9abf, L:/127.0.0.1:63738 - R:localhost/127.0.0.1:63732]' for 'GET' to '/json/version'
16:18:43.152 [AsyncHttpClient-1-5] DEBUG org.asynchttpclient.netty.handler.HttpHandler - 

Request DefaultFullHttpRequest(decodeResult: success, version: HTTP/1.1, content: EmptyByteBufBE)
GET /json/version HTTP/1.1
User-Agent: selenium/4.1.2 (java windows)
host: localhost:63732
accept: */*

Response DefaultHttpResponse(decodeResult: success, version: HTTP/1.1)
HTTP/1.1 200 OK
Content-Type: application/json; charset=UTF-8
content-length: 427

16:18:43.152 [AsyncHttpClient-1-5] DEBUG org.asynchttpclient.netty.channel.ChannelManager - Adding key: http://localhost:63732 for channel [id: 0x4a8c9abf, L:/127.0.0.1:63738 - R:localhost/127.0.0.1:63732]
16:18:43.155 [AsyncHttpClient-1-6] DEBUG org.asynchttpclient.netty.channel.NettyConnectListener - Using new Channel '[id: 0x3ea8da6f, L:/127.0.0.1:63739 - R:localhost/127.0.0.1:63732]' for 'GET' to '/devtools/browser/b0269550-2bb0-4acf-959d-a750c190417f'
16:18:43.157 [AsyncHttpClient-1-6] DEBUG org.asynchttpclient.netty.handler.WebSocketHandler - 

Request DefaultFullHttpRequest(decodeResult: success, version: HTTP/1.1, content: EmptyByteBufBE)
GET /devtools/browser/b0269550-2bb0-4acf-959d-a750c190417f HTTP/1.1
upgrade: websocket
connection: upgrade
sec-websocket-key: 5qUCSAqlGsglFfDebllHVA==
sec-websocket-version: 13
origin: http://localhost:63732
host: localhost:63732
accept: */*
user-agent: AHC/2.1

Response DefaultHttpResponse(decodeResult: success, version: HTTP/1.1)
HTTP/1.1 101 WebSocket Protocol Handshake
Upgrade: WebSocket
Connection: Upgrade
Sec-WebSocket-Accept: yPTqidRKBBMkTZXmEjpubViRliw=

16:18:43.163 [Forwarding maximizeCurrentWindow on session 8426e04792892a0ec8354bbbf3e9cf95 to remote] DEBUG org.asynchttpclient.netty.request.NettyRequestSender - Using pooled Channel '[id: 0x6ff91e6a, L:/127.0.0.1:63731 - R:localhost/127.0.0.1:49589]' for 'POST' to 'http://localhost:49589/session/8426e04792892a0ec8354bbbf3e9cf95/window/maximize'
16:18:43.163 [Forwarding maximizeCurrentWindow on session 8426e04792892a0ec8354bbbf3e9cf95 to remote] DEBUG org.asynchttpclient.netty.request.NettyRequestSender - Using open Channel [id: 0x6ff91e6a, L:/127.0.0.1:63731 - R:localhost/127.0.0.1:49589] for POST '/session/8426e04792892a0ec8354bbbf3e9cf95/window/maximize'
16:18:43.299 [AsyncHttpClient-1-4] DEBUG org.asynchttpclient.netty.handler.HttpHandler - 

Request DefaultHttpRequest(decodeResult: success, version: HTTP/1.1)
POST /session/8426e04792892a0ec8354bbbf3e9cf95/window/maximize HTTP/1.1
User-Agent: selenium/4.1.2 (java windows)
Content-Length: 3
Content-Type: application/json; charset=utf-8
host: localhost:49589
accept: */*

Response DefaultHttpResponse(decodeResult: success, version: HTTP/1.1)
HTTP/1.1 200 OK
Content-Type: application/json; charset=utf-8
cache-control: no-cache
content-length: 52

16:18:43.300 [AsyncHttpClient-1-4] DEBUG org.asynchttpclient.netty.channel.ChannelManager - Adding key: http://localhost:49589 for channel [id: 0x6ff91e6a, L:/127.0.0.1:63731 - R:localhost/127.0.0.1:49589]
16:18:43.301 [Forwarding get on session 8426e04792892a0ec8354bbbf3e9cf95 to remote] DEBUG org.asynchttpclient.netty.request.NettyRequestSender - Using pooled Channel '[id: 0x6ff91e6a, L:/127.0.0.1:63731 - R:localhost/127.0.0.1:49589]' for 'POST' to 'http://localhost:49589/session/8426e04792892a0ec8354bbbf3e9cf95/url'
16:18:43.301 [Forwarding get on session 8426e04792892a0ec8354bbbf3e9cf95 to remote] DEBUG org.asynchttpclient.netty.request.NettyRequestSender - Using open Channel [id: 0x6ff91e6a, L:/127.0.0.1:63731 - R:localhost/127.0.0.1:49589] for POST '/session/8426e04792892a0ec8354bbbf3e9cf95/url'
16:18:43.934 [AsyncHttpClient-1-1] DEBUG org.asynchttpclient.netty.channel.DefaultChannelPool - Entry count for : http://localhost:63732 : 1
16:18:44.039 [AsyncHttpClient-1-4] DEBUG org.asynchttpclient.netty.handler.HttpHandler - 

Request DefaultHttpRequest(decodeResult: success, version: HTTP/1.1)
POST /session/8426e04792892a0ec8354bbbf3e9cf95/url HTTP/1.1
User-Agent: selenium/4.1.2 (java windows)
Content-Length: 67
Content-Type: application/json; charset=utf-8
host: localhost:49589
accept: */*

Response DefaultHttpResponse(decodeResult: success, version: HTTP/1.1)
HTTP/1.1 200 OK
Content-Type: application/json; charset=utf-8
cache-control: no-cache
content-length: 14

16:18:44.039 [AsyncHttpClient-1-4] DEBUG org.asynchttpclient.netty.channel.ChannelManager - Adding key: http://localhost:49589 for channel [id: 0x6ff91e6a, L:/127.0.0.1:63731 - R:localhost/127.0.0.1:49589]
16:18:44.041 [Forwarding setTimeout on session 8426e04792892a0ec8354bbbf3e9cf95 to remote] DEBUG org.asynchttpclient.netty.request.NettyRequestSender - Using pooled Channel '[id: 0x6ff91e6a, L:/127.0.0.1:63731 - R:localhost/127.0.0.1:49589]' for 'POST' to 'http://localhost:49589/session/8426e04792892a0ec8354bbbf3e9cf95/timeouts'
16:18:44.041 [Forwarding setTimeout on session 8426e04792892a0ec8354bbbf3e9cf95 to remote] DEBUG org.asynchttpclient.netty.request.NettyRequestSender - Using open Channel [id: 0x6ff91e6a, L:/127.0.0.1:63731 - R:localhost/127.0.0.1:49589] for POST '/session/8426e04792892a0ec8354bbbf3e9cf95/timeouts'
16:18:44.041 [AsyncHttpClient-1-4] DEBUG org.asynchttpclient.netty.handler.HttpHandler - 

Request DefaultHttpRequest(decodeResult: success, version: HTTP/1.1)
POST /session/8426e04792892a0ec8354bbbf3e9cf95/timeouts HTTP/1.1
User-Agent: selenium/4.1.2 (java windows)
Content-Length: 22
Content-Type: application/json; charset=utf-8
host: localhost:49589
accept: */*

Response DefaultHttpResponse(decodeResult: success, version: HTTP/1.1)
HTTP/1.1 200 OK
Content-Type: application/json; charset=utf-8
cache-control: no-cache
content-length: 14

16:18:44.042 [AsyncHttpClient-1-4] DEBUG org.asynchttpclient.netty.channel.ChannelManager - Adding key: http://localhost:49589 for channel [id: 0x6ff91e6a, L:/127.0.0.1:63731 - R:localhost/127.0.0.1:49589]
16:18:44.045 [Forwarding getCurrentUrl on session 8426e04792892a0ec8354bbbf3e9cf95 to remote] DEBUG org.asynchttpclient.netty.request.NettyRequestSender - Using pooled Channel '[id: 0x6ff91e6a, L:/127.0.0.1:63731 - R:localhost/127.0.0.1:49589]' for 'GET' to 'http://localhost:49589/session/8426e04792892a0ec8354bbbf3e9cf95/url'
16:18:44.045 [Forwarding getCurrentUrl on session 8426e04792892a0ec8354bbbf3e9cf95 to remote] DEBUG org.asynchttpclient.netty.request.NettyRequestSender - Using open Channel [id: 0x6ff91e6a, L:/127.0.0.1:63731 - R:localhost/127.0.0.1:49589] for GET '/session/8426e04792892a0ec8354bbbf3e9cf95/url'
16:18:44.050 [AsyncHttpClient-1-4] DEBUG org.asynchttpclient.netty.handler.HttpHandler - 

Request DefaultFullHttpRequest(decodeResult: success, version: HTTP/1.1, content: EmptyByteBufBE)
GET /session/8426e04792892a0ec8354bbbf3e9cf95/url HTTP/1.1
User-Agent: selenium/4.1.2 (java windows)
Cache-Control: no-cache
Content-Type: application/json; charset=utf-8
host: localhost:49589
accept: */*

Response DefaultHttpResponse(decodeResult: success, version: HTTP/1.1)
HTTP/1.1 200 OK
Content-Type: application/json; charset=utf-8
cache-control: no-cache
content-length: 44

16:18:44.050 [AsyncHttpClient-1-4] DEBUG org.asynchttpclient.netty.channel.ChannelManager - Adding key: http://localhost:49589 for channel [id: 0x6ff91e6a, L:/127.0.0.1:63731 - R:localhost/127.0.0.1:49589]
16:18:44.057 [main] DEBUG net.serenitybdd.core.photography.Darkroom - Opening darkroom
16:18:44.057 [Darkroom Processing Line] DEBUG net.serenitybdd.core.photography.DarkroomProcessingLine - Darkroom processing line starting up
16:18:44.057 [Forwarding screenshot on session 8426e04792892a0ec8354bbbf3e9cf95 to remote] DEBUG org.asynchttpclient.netty.request.NettyRequestSender - Using pooled Channel '[id: 0x6ff91e6a, L:/127.0.0.1:63731 - R:localhost/127.0.0.1:49589]' for 'GET' to 'http://localhost:49589/session/8426e04792892a0ec8354bbbf3e9cf95/screenshot'
16:18:44.057 [Forwarding screenshot on session 8426e04792892a0ec8354bbbf3e9cf95 to remote] DEBUG org.asynchttpclient.netty.request.NettyRequestSender - Using open Channel [id: 0x6ff91e6a, L:/127.0.0.1:63731 - R:localhost/127.0.0.1:49589] for GET '/session/8426e04792892a0ec8354bbbf3e9cf95/screenshot'
16:18:44.363 [AsyncHttpClient-1-4] DEBUG org.asynchttpclient.netty.handler.HttpHandler - 

Request DefaultFullHttpRequest(decodeResult: success, version: HTTP/1.1, content: EmptyByteBufBE)
GET /session/8426e04792892a0ec8354bbbf3e9cf95/screenshot HTTP/1.1
User-Agent: selenium/4.1.2 (java windows)
Cache-Control: no-cache
Content-Type: application/json; charset=utf-8
host: localhost:49589
accept: */*

Response DefaultHttpResponse(decodeResult: success, version: HTTP/1.1)
HTTP/1.1 200 OK
Content-Type: application/json; charset=utf-8
cache-control: no-cache
content-length: 35724

16:18:44.364 [AsyncHttpClient-1-4] DEBUG org.asynchttpclient.netty.channel.ChannelManager - Adding key: http://localhost:49589 for channel [id: 0x6ff91e6a, L:/127.0.0.1:63731 - R:localhost/127.0.0.1:49589]
16:18:44.365 [main] DEBUG net.serenitybdd.core.photography.Darkroom - Send negative for processing for target\site\serenity\128b9aeafc681d0e5c9eb087db846ab3e79d9fa9fe5c8c3dd2abc1ce1d54dbc5.png
16:18:44.366 [main] DEBUG net.thucydides.core.steps.StepInterceptor - STARTING STEP: RegisterStep.iAmOnTheRegisterPage - validateOnRegisterPage
16:18:44.366 [Darkroom Processing Line] DEBUG net.serenitybdd.core.photography.DarkroomProcessingLine - Processing screenshot image in /var/screenshots/screenshot-9004009972842123470
16:18:44.366 [Darkroom Processing Line] DEBUG net.serenitybdd.core.photography.DarkroomProcessingLine - Saving screenshot to target\site\serenity\128b9aeafc681d0e5c9eb087db846ab3e79d9fa9fe5c8c3dd2abc1ce1d54dbc5.png
16:18:44.367 [Forwarding findElement on session 8426e04792892a0ec8354bbbf3e9cf95 to remote] DEBUG org.asynchttpclient.netty.request.NettyRequestSender - Using pooled Channel '[id: 0x6ff91e6a, L:/127.0.0.1:63731 - R:localhost/127.0.0.1:49589]' for 'POST' to 'http://localhost:49589/session/8426e04792892a0ec8354bbbf3e9cf95/element'
16:18:44.368 [Forwarding findElement on session 8426e04792892a0ec8354bbbf3e9cf95 to remote] DEBUG org.asynchttpclient.netty.request.NettyRequestSender - Using open Channel [id: 0x6ff91e6a, L:/127.0.0.1:63731 - R:localhost/127.0.0.1:49589] for POST '/session/8426e04792892a0ec8354bbbf3e9cf95/element'
16:18:44.377 [AsyncHttpClient-1-4] DEBUG org.asynchttpclient.netty.handler.HttpHandler - 

Request DefaultHttpRequest(decodeResult: success, version: HTTP/1.1)
POST /session/8426e04792892a0ec8354bbbf3e9cf95/element HTTP/1.1
User-Agent: selenium/4.1.2 (java windows)
Content-Length: 136
Content-Type: application/json; charset=utf-8
host: localhost:49589
accept: */*

Response DefaultHttpResponse(decodeResult: success, version: HTTP/1.1)
HTTP/1.1 200 OK
Content-Type: application/json; charset=utf-8
cache-control: no-cache
content-length: 88

16:18:44.378 [AsyncHttpClient-1-4] DEBUG org.asynchttpclient.netty.channel.ChannelManager - Adding key: http://localhost:49589 for channel [id: 0x6ff91e6a, L:/127.0.0.1:63731 - R:localhost/127.0.0.1:49589]
16:18:44.381 [Forwarding isElementDisplayed on session 8426e04792892a0ec8354bbbf3e9cf95 to remote] DEBUG org.asynchttpclient.netty.request.NettyRequestSender - Using pooled Channel '[id: 0x6ff91e6a, L:/127.0.0.1:63731 - R:localhost/127.0.0.1:49589]' for 'POST' to 'http://localhost:49589/session/8426e04792892a0ec8354bbbf3e9cf95/execute/sync'
16:18:44.381 [Forwarding isElementDisplayed on session 8426e04792892a0ec8354bbbf3e9cf95 to remote] DEBUG org.asynchttpclient.netty.request.NettyRequestSender - Using open Channel [id: 0x6ff91e6a, L:/127.0.0.1:63731 - R:localhost/127.0.0.1:49589] for POST '/session/8426e04792892a0ec8354bbbf3e9cf95/execute/sync'
16:18:44.393 [AsyncHttpClient-1-4] DEBUG org.asynchttpclient.netty.handler.HttpHandler - 

Request DefaultHttpRequest(decodeResult: success, version: HTTP/1.1)
POST /session/8426e04792892a0ec8354bbbf3e9cf95/execute/sync HTTP/1.1
User-Agent: selenium/4.1.2 (java windows)
Content-Length: 48780
Content-Type: application/json; charset=utf-8
host: localhost:49589
accept: */*

Response DefaultHttpResponse(decodeResult: success, version: HTTP/1.1)
HTTP/1.1 200 OK
Content-Type: application/json; charset=utf-8
cache-control: no-cache
content-length: 14

16:18:44.393 [AsyncHttpClient-1-4] DEBUG org.asynchttpclient.netty.channel.ChannelManager - Adding key: http://localhost:49589 for channel [id: 0x6ff91e6a, L:/127.0.0.1:63731 - R:localhost/127.0.0.1:49589]
16:18:44.397 [main] DEBUG net.thucydides.core.steps.StepInterceptor - STEP DONE: validateOnRegisterPage
  &amp#27;[32mGiven &amp#27;[0m&amp#27;[32mI am on the register page&amp#27;[0m    &amp#27;[90m# Starter.StepDefinitions.RegisterStep.iAmOnTheRegisterPage()&amp#27;[0m
16:18:44.409 [main] DEBUG net.thucydides.core.steps.StepInterceptor - STARTING STEP: RegisterStep.iInputnamalengkap - inputnamalengkap
16:18:44.412 [Forwarding findElement on session 8426e04792892a0ec8354bbbf3e9cf95 to remote] DEBUG org.asynchttpclient.netty.request.NettyRequestSender - Using pooled Channel '[id: 0x6ff91e6a, L:/127.0.0.1:63731 - R:localhost/127.0.0.1:49589]' for 'POST' to 'http://localhost:49589/session/8426e04792892a0ec8354bbbf3e9cf95/element'
16:18:44.412 [Forwarding findElement on session 8426e04792892a0ec8354bbbf3e9cf95 to remote] DEBUG org.asynchttpclient.netty.request.NettyRequestSender - Using open Channel [id: 0x6ff91e6a, L:/127.0.0.1:63731 - R:localhost/127.0.0.1:49589] for POST '/session/8426e04792892a0ec8354bbbf3e9cf95/element'
16:18:44.422 [AsyncHttpClient-1-4] DEBUG org.asynchttpclient.netty.handler.HttpHandler - 

Request DefaultHttpRequest(decodeResult: success, version: HTTP/1.1)
POST /session/8426e04792892a0ec8354bbbf3e9cf95/element HTTP/1.1
User-Agent: selenium/4.1.2 (java windows)
Content-Length: 98
Content-Type: application/json; charset=utf-8
host: localhost:49589
accept: */*

Response DefaultHttpResponse(decodeResult: success, version: HTTP/1.1)
HTTP/1.1 200 OK
Content-Type: application/json; charset=utf-8
cache-control: no-cache
content-length: 88

16:18:44.422 [AsyncHttpClient-1-4] DEBUG org.asynchttpclient.netty.channel.ChannelManager - Adding key: http://localhost:49589 for channel [id: 0x6ff91e6a, L:/127.0.0.1:63731 - R:localhost/127.0.0.1:49589]
16:18:44.424 [Forwarding clearElement on session 8426e04792892a0ec8354bbbf3e9cf95 to remote] DEBUG org.asynchttpclient.netty.request.NettyRequestSender - Using pooled Channel '[id: 0x6ff91e6a, L:/127.0.0.1:63731 - R:localhost/127.0.0.1:49589]' for 'POST' to 'http://localhost:49589/session/8426e04792892a0ec8354bbbf3e9cf95/element/0513a9a0-cff3-414b-9578-eb6413fbc848/clear'
16:18:44.424 [Forwarding clearElement on session 8426e04792892a0ec8354bbbf3e9cf95 to remote] DEBUG org.asynchttpclient.netty.request.NettyRequestSender - Using open Channel [id: 0x6ff91e6a, L:/127.0.0.1:63731 - R:localhost/127.0.0.1:49589] for POST '/session/8426e04792892a0ec8354bbbf3e9cf95/element/0513a9a0-cff3-414b-9578-eb6413fbc848/clear'
16:18:44.451 [AsyncHttpClient-1-4] DEBUG org.asynchttpclient.netty.handler.HttpHandler - 

Request DefaultHttpRequest(decodeResult: success, version: HTTP/1.1)
POST /session/8426e04792892a0ec8354bbbf3e9cf95/element/0513a9a0-cff3-414b-9578-eb6413fbc848/clear HTTP/1.1
User-Agent: selenium/4.1.2 (java windows)
Content-Length: 50
Content-Type: application/json; charset=utf-8
host: localhost:49589
accept: */*

Response DefaultHttpResponse(decodeResult: success, version: HTTP/1.1)
HTTP/1.1 200 OK
Content-Type: application/json; charset=utf-8
cache-control: no-cache
content-length: 14

16:18:44.451 [AsyncHttpClient-1-4] DEBUG org.asynchttpclient.netty.channel.ChannelManager - Adding key: http://localhost:49589 for channel [id: 0x6ff91e6a, L:/127.0.0.1:63731 - R:localhost/127.0.0.1:49589]
16:18:44.453 [Forwarding sendKeysToElement on session 8426e04792892a0ec8354bbbf3e9cf95 to remote] DEBUG org.asynchttpclient.netty.request.NettyRequestSender - Using pooled Channel '[id: 0x6ff91e6a, L:/127.0.0.1:63731 - R:localhost/127.0.0.1:49589]' for 'POST' to 'http://localhost:49589/session/8426e04792892a0ec8354bbbf3e9cf95/element/0513a9a0-cff3-414b-9578-eb6413fbc848/value'
16:18:44.453 [Forwarding sendKeysToElement on session 8426e04792892a0ec8354bbbf3e9cf95 to remote] DEBUG org.asynchttpclient.netty.request.NettyRequestSender - Using open Channel [id: 0x6ff91e6a, L:/127.0.0.1:63731 - R:localhost/127.0.0.1:49589] for POST '/session/8426e04792892a0ec8354bbbf3e9cf95/element/0513a9a0-cff3-414b-9578-eb6413fbc848/value'
16:18:44.511 [AsyncHttpClient-1-4] DEBUG org.asynchttpclient.netty.handler.HttpHandler - 

Request DefaultHttpRequest(decodeResult: success, version: HTTP/1.1)
POST /session/8426e04792892a0ec8354bbbf3e9cf95/element/0513a9a0-cff3-414b-9578-eb6413fbc848/value HTTP/1.1
User-Agent: selenium/4.1.2 (java windows)
Content-Length: 141
Content-Type: application/json; charset=utf-8
host: localhost:49589
accept: */*

Response DefaultHttpResponse(decodeResult: success, version: HTTP/1.1)
HTTP/1.1 200 OK
Content-Type: application/json; charset=utf-8
cache-control: no-cache
content-length: 14

16:18:44.512 [AsyncHttpClient-1-4] DEBUG org.asynchttpclient.netty.channel.ChannelManager - Adding key: http://localhost:49589 for channel [id: 0x6ff91e6a, L:/127.0.0.1:63731 - R:localhost/127.0.0.1:49589]
16:18:44.517 [Forwarding screenshot on session 8426e04792892a0ec8354bbbf3e9cf95 to remote] DEBUG org.asynchttpclient.netty.request.NettyRequestSender - Using pooled Channel '[id: 0x6ff91e6a, L:/127.0.0.1:63731 - R:localhost/127.0.0.1:49589]' for 'GET' to 'http://localhost:49589/session/8426e04792892a0ec8354bbbf3e9cf95/screenshot'
16:18:44.517 [Forwarding screenshot on session 8426e04792892a0ec8354bbbf3e9cf95 to remote] DEBUG org.asynchttpclient.netty.request.NettyRequestSender - Using open Channel [id: 0x6ff91e6a, L:/127.0.0.1:63731 - R:localhost/127.0.0.1:49589] for GET '/session/8426e04792892a0ec8354bbbf3e9cf95/screenshot'
16:18:44.665 [AsyncHttpClient-1-4] DEBUG org.asynchttpclient.netty.handler.HttpHandler - 

Request DefaultFullHttpRequest(decodeResult: success, version: HTTP/1.1, content: EmptyByteBufBE)
GET /session/8426e04792892a0ec8354bbbf3e9cf95/screenshot HTTP/1.1
User-Agent: selenium/4.1.2 (java windows)
Cache-Control: no-cache
Content-Type: application/json; charset=utf-8
host: localhost:49589
accept: */*

Response DefaultHttpResponse(decodeResult: success, version: HTTP/1.1)
HTTP/1.1 200 OK
Content-Type: application/json; charset=utf-8
cache-control: no-cache
content-length: 37416

16:18:44.665 [AsyncHttpClient-1-4] DEBUG org.asynchttpclient.netty.channel.ChannelManager - Adding key: http://localhost:49589 for channel [id: 0x6ff91e6a, L:/127.0.0.1:63731 - R:localhost/127.0.0.1:49589]
16:18:44.667 [main] DEBUG net.serenitybdd.core.photography.Darkroom - Send negative for processing for target\site\serenity\a6e9ba87375dfc0090ddfa9f10e13c1fdd95bfa173feb1faf23cdf3af8bf1629.png
16:18:44.667 [main] DEBUG net.thucydides.core.steps.StepInterceptor - STEP DONE: inputnamalengkap
  &amp#27;[32mWhen &amp#27;[0m&amp#27;[32mI input &amp#27;[0m&amp#27;[32m&amp#27;[1m"rayhan"&amp#27;[0m&amp#27;[32m namalengkap&amp#27;[0m  &amp#27;[90m# Starter.StepDefinitions.RegisterStep.iInputnamalengkap(java.lang.String)&amp#27;[0m
16:18:44.667 [Darkroom Processing Line] DEBUG net.serenitybdd.core.photography.DarkroomProcessingLine - Processing screenshot image in /var/screenshots/screenshot-15630515045457784235
16:18:44.667 [Darkroom Processing Line] DEBUG net.serenitybdd.core.photography.DarkroomProcessingLine - Saving screenshot to target\site\serenity\a6e9ba87375dfc0090ddfa9f10e13c1fdd95bfa173feb1faf23cdf3af8bf1629.png
16:18:44.679 [main] DEBUG net.thucydides.core.steps.StepInterceptor - STARTING STEP: RegisterStep.iInputEmails - inputemail
16:18:44.681 [Forwarding findElement on session 8426e04792892a0ec8354bbbf3e9cf95 to remote] DEBUG org.asynchttpclient.netty.request.NettyRequestSender - Using pooled Channel '[id: 0x6ff91e6a, L:/127.0.0.1:63731 - R:localhost/127.0.0.1:49589]' for 'POST' to 'http://localhost:49589/session/8426e04792892a0ec8354bbbf3e9cf95/element'
16:18:44.681 [Forwarding findElement on session 8426e04792892a0ec8354bbbf3e9cf95 to remote] DEBUG org.asynchttpclient.netty.request.NettyRequestSender - Using open Channel [id: 0x6ff91e6a, L:/127.0.0.1:63731 - R:localhost/127.0.0.1:49589] for POST '/session/8426e04792892a0ec8354bbbf3e9cf95/element'
16:18:44.688 [AsyncHttpClient-1-4] DEBUG org.asynchttpclient.netty.handler.HttpHandler - 

Request DefaultHttpRequest(decodeResult: success, version: HTTP/1.1)
POST /session/8426e04792892a0ec8354bbbf3e9cf95/element HTTP/1.1
User-Agent: selenium/4.1.2 (java windows)
Content-Length: 91
Content-Type: application/json; charset=utf-8
host: localhost:49589
accept: */*

Response DefaultHttpResponse(decodeResult: success, version: HTTP/1.1)
HTTP/1.1 200 OK
Content-Type: application/json; charset=utf-8
cache-control: no-cache
content-length: 88

16:18:44.689 [AsyncHttpClient-1-4] DEBUG org.asynchttpclient.netty.channel.ChannelManager - Adding key: http://localhost:49589 for channel [id: 0x6ff91e6a, L:/127.0.0.1:63731 - R:localhost/127.0.0.1:49589]
16:18:44.690 [Forwarding clearElement on session 8426e04792892a0ec8354bbbf3e9cf95 to remote] DEBUG org.asynchttpclient.netty.request.NettyRequestSender - Using pooled Channel '[id: 0x6ff91e6a, L:/127.0.0.1:63731 - R:localhost/127.0.0.1:49589]' for 'POST' to 'http://localhost:49589/session/8426e04792892a0ec8354bbbf3e9cf95/element/d349fe02-691c-459c-899a-eaa3226464db/clear'
16:18:44.690 [Forwarding clearElement on session 8426e04792892a0ec8354bbbf3e9cf95 to remote] DEBUG org.asynchttpclient.netty.request.NettyRequestSender - Using open Channel [id: 0x6ff91e6a, L:/127.0.0.1:63731 - R:localhost/127.0.0.1:49589] for POST '/session/8426e04792892a0ec8354bbbf3e9cf95/element/d349fe02-691c-459c-899a-eaa3226464db/clear'
16:18:44.712 [AsyncHttpClient-1-4] DEBUG org.asynchttpclient.netty.handler.HttpHandler - 

Request DefaultHttpRequest(decodeResult: success, version: HTTP/1.1)
POST /session/8426e04792892a0ec8354bbbf3e9cf95/element/d349fe02-691c-459c-899a-eaa3226464db/clear HTTP/1.1
User-Agent: selenium/4.1.2 (java windows)
Content-Length: 50
Content-Type: application/json; charset=utf-8
host: localhost:49589
accept: */*

Response DefaultHttpResponse(decodeResult: success, version: HTTP/1.1)
HTTP/1.1 200 OK
Content-Type: application/json; charset=utf-8
cache-control: no-cache
content-length: 14

16:18:44.712 [AsyncHttpClient-1-4] DEBUG org.asynchttpclient.netty.channel.ChannelManager - Adding key: http://localhost:49589 for channel [id: 0x6ff91e6a, L:/127.0.0.1:63731 - R:localhost/127.0.0.1:49589]
16:18:44.714 [Forwarding sendKeysToElement on session 8426e04792892a0ec8354bbbf3e9cf95 to remote] DEBUG org.asynchttpclient.netty.request.NettyRequestSender - Using pooled Channel '[id: 0x6ff91e6a, L:/127.0.0.1:63731 - R:localhost/127.0.0.1:49589]' for 'POST' to 'http://localhost:49589/session/8426e04792892a0ec8354bbbf3e9cf95/element/d349fe02-691c-459c-899a-eaa3226464db/value'
16:18:44.714 [Forwarding sendKeysToElement on session 8426e04792892a0ec8354bbbf3e9cf95 to remote] DEBUG org.asynchttpclient.netty.request.NettyRequestSender - Using open Channel [id: 0x6ff91e6a, L:/127.0.0.1:63731 - R:localhost/127.0.0.1:49589] for POST '/session/8426e04792892a0ec8354bbbf3e9cf95/element/d349fe02-691c-459c-899a-eaa3226464db/value'
16:18:44.843 [AsyncHttpClient-1-4] DEBUG org.asynchttpclient.netty.handler.HttpHandler - 

Request DefaultHttpRequest(decodeResult: success, version: HTTP/1.1)
POST /session/8426e04792892a0ec8354bbbf3e9cf95/element/d349fe02-691c-459c-899a-eaa3226464db/value HTTP/1.1
User-Agent: selenium/4.1.2 (java windows)
Content-Length: 411
Content-Type: application/json; charset=utf-8
host: localhost:49589
accept: */*

Response DefaultHttpResponse(decodeResult: success, version: HTTP/1.1)
HTTP/1.1 200 OK
Content-Type: application/json; charset=utf-8
cache-control: no-cache
content-length: 14

16:18:44.843 [AsyncHttpClient-1-4] DEBUG org.asynchttpclient.netty.channel.ChannelManager - Adding key: http://localhost:49589 for channel [id: 0x6ff91e6a, L:/127.0.0.1:63731 - R:localhost/127.0.0.1:49589]
16:18:44.848 [Forwarding screenshot on session 8426e04792892a0ec8354bbbf3e9cf95 to remote] DEBUG org.asynchttpclient.netty.request.NettyRequestSender - Using pooled Channel '[id: 0x6ff91e6a, L:/127.0.0.1:63731 - R:localhost/127.0.0.1:49589]' for 'GET' to 'http://localhost:49589/session/8426e04792892a0ec8354bbbf3e9cf95/screenshot'
16:18:44.848 [Forwarding screenshot on session 8426e04792892a0ec8354bbbf3e9cf95 to remote] DEBUG org.asynchttpclient.netty.request.NettyRequestSender - Using open Channel [id: 0x6ff91e6a, L:/127.0.0.1:63731 - R:localhost/127.0.0.1:49589] for GET '/session/8426e04792892a0ec8354bbbf3e9cf95/screenshot'
16:18:45.013 [AsyncHttpClient-1-4] DEBUG org.asynchttpclient.netty.handler.HttpHandler - 

Request DefaultFullHttpRequest(decodeResult: success, version: HTTP/1.1, content: EmptyByteBufBE)
GET /session/8426e04792892a0ec8354bbbf3e9cf95/screenshot HTTP/1.1
User-Agent: selenium/4.1.2 (java windows)
Cache-Control: no-cache
Content-Type: application/json; charset=utf-8
host: localhost:49589
accept: */*

Response DefaultHttpResponse(decodeResult: success, version: HTTP/1.1)
HTTP/1.1 200 OK
Content-Type: application/json; charset=utf-8
cache-control: no-cache
content-length: 42208

16:18:45.013 [AsyncHttpClient-1-4] DEBUG org.asynchttpclient.netty.channel.ChannelManager - Adding key: http://localhost:49589 for channel [id: 0x6ff91e6a, L:/127.0.0.1:63731 - R:localhost/127.0.0.1:49589]
16:18:45.015 [main] DEBUG net.serenitybdd.core.photography.Darkroom - Send negative for processing for target\site\serenity\23fccea8009997dfbc3021fa4cedbca8b10ad587ab5ef908e7bbe48583c05683.png
16:18:45.015 [main] DEBUG net.thucydides.core.steps.StepInterceptor - STEP DONE: inputemail
  &amp#27;[32mAnd &amp#27;[0m&amp#27;[32mI input &amp#27;[0m&amp#27;[32m&amp#27;[1m"New"&amp#27;[0m&amp#27;[32m emails&amp#27;[0m           &amp#27;[90m# Starter.StepDefinitions.RegisterStep.iInputEmails(java.lang.String)&amp#27;[0m
16:18:45.015 [Darkroom Processing Line] DEBUG net.serenitybdd.core.photography.DarkroomProcessingLine - Processing screenshot image in /var/screenshots/screenshot-16829153560937536271
16:18:45.015 [Darkroom Processing Line] DEBUG net.serenitybdd.core.photography.DarkroomProcessingLine - Saving screenshot to target\site\serenity\23fccea8009997dfbc3021fa4cedbca8b10ad587ab5ef908e7bbe48583c05683.png
16:18:45.031 [AsyncHttpClient-1-1] DEBUG org.asynchttpclient.netty.channel.DefaultChannelPool - Entry count for : http://localhost:49589 : 1
16:18:45.031 [AsyncHttpClient-1-1] DEBUG org.asynchttpclient.netty.channel.DefaultChannelPool - Entry count for : http://localhost:63732 : 1
16:18:45.043 [main] DEBUG net.thucydides.core.steps.StepInterceptor - STARTING STEP: LoginStep.iInputPassword - inputPassword
16:18:45.046 [Forwarding findElement on session 8426e04792892a0ec8354bbbf3e9cf95 to remote] DEBUG org.asynchttpclient.netty.request.NettyRequestSender - Using pooled Channel '[id: 0x6ff91e6a, L:/127.0.0.1:63731 - R:localhost/127.0.0.1:49589]' for 'POST' to 'http://localhost:49589/session/8426e04792892a0ec8354bbbf3e9cf95/element'
16:18:45.046 [Forwarding findElement on session 8426e04792892a0ec8354bbbf3e9cf95 to remote] DEBUG org.asynchttpclient.netty.request.NettyRequestSender - Using open Channel [id: 0x6ff91e6a, L:/127.0.0.1:63731 - R:localhost/127.0.0.1:49589] for POST '/session/8426e04792892a0ec8354bbbf3e9cf95/element'
16:18:45.060 [AsyncHttpClient-1-4] DEBUG org.asynchttpclient.netty.handler.HttpHandler - 

Request DefaultHttpRequest(decodeResult: success, version: HTTP/1.1)
POST /session/8426e04792892a0ec8354bbbf3e9cf95/element HTTP/1.1
User-Agent: selenium/4.1.2 (java windows)
Content-Length: 94
Content-Type: application/json; charset=utf-8
host: localhost:49589
accept: */*

Response DefaultHttpResponse(decodeResult: success, version: HTTP/1.1)
HTTP/1.1 200 OK
Content-Type: application/json; charset=utf-8
cache-control: no-cache
content-length: 88

16:18:45.060 [AsyncHttpClient-1-4] DEBUG org.asynchttpclient.netty.channel.ChannelManager - Adding key: http://localhost:49589 for channel [id: 0x6ff91e6a, L:/127.0.0.1:63731 - R:localhost/127.0.0.1:49589]
16:18:45.061 [Forwarding clearElement on session 8426e04792892a0ec8354bbbf3e9cf95 to remote] DEBUG org.asynchttpclient.netty.request.NettyRequestSender - Using pooled Channel '[id: 0x6ff91e6a, L:/127.0.0.1:63731 - R:localhost/127.0.0.1:49589]' for 'POST' to 'http://localhost:49589/session/8426e04792892a0ec8354bbbf3e9cf95/element/a6f8cde4-8786-48eb-8dd0-db235c3a0632/clear'
16:18:45.061 [Forwarding clearElement on session 8426e04792892a0ec8354bbbf3e9cf95 to remote] DEBUG org.asynchttpclient.netty.request.NettyRequestSender - Using open Channel [id: 0x6ff91e6a, L:/127.0.0.1:63731 - R:localhost/127.0.0.1:49589] for POST '/session/8426e04792892a0ec8354bbbf3e9cf95/element/a6f8cde4-8786-48eb-8dd0-db235c3a0632/clear'
16:18:45.085 [AsyncHttpClient-1-4] DEBUG org.asynchttpclient.netty.handler.HttpHandler - 

Request DefaultHttpRequest(decodeResult: success, version: HTTP/1.1)
POST /session/8426e04792892a0ec8354bbbf3e9cf95/element/a6f8cde4-8786-48eb-8dd0-db235c3a0632/clear HTTP/1.1
User-Agent: selenium/4.1.2 (java windows)
Content-Length: 50
Content-Type: application/json; charset=utf-8
host: localhost:49589
accept: */*

Response DefaultHttpResponse(decodeResult: success, version: HTTP/1.1)
HTTP/1.1 200 OK
Content-Type: application/json; charset=utf-8
cache-control: no-cache
content-length: 14

16:18:45.085 [AsyncHttpClient-1-4] DEBUG org.asynchttpclient.netty.channel.ChannelManager - Adding key: http://localhost:49589 for channel [id: 0x6ff91e6a, L:/127.0.0.1:63731 - R:localhost/127.0.0.1:49589]
16:18:45.086 [Forwarding sendKeysToElement on session 8426e04792892a0ec8354bbbf3e9cf95 to remote] DEBUG org.asynchttpclient.netty.request.NettyRequestSender - Using pooled Channel '[id: 0x6ff91e6a, L:/127.0.0.1:63731 - R:localhost/127.0.0.1:49589]' for 'POST' to 'http://localhost:49589/session/8426e04792892a0ec8354bbbf3e9cf95/element/a6f8cde4-8786-48eb-8dd0-db235c3a0632/value'
16:18:45.086 [Forwarding sendKeysToElement on session 8426e04792892a0ec8354bbbf3e9cf95 to remote] DEBUG org.asynchttpclient.netty.request.NettyRequestSender - Using open Channel [id: 0x6ff91e6a, L:/127.0.0.1:63731 - R:localhost/127.0.0.1:49589] for POST '/session/8426e04792892a0ec8354bbbf3e9cf95/element/a6f8cde4-8786-48eb-8dd0-db235c3a0632/value'
16:18:45.147 [AsyncHttpClient-1-4] DEBUG org.asynchttpclient.netty.handler.HttpHandler - 

Request DefaultHttpRequest(decodeResult: success, version: HTTP/1.1)
POST /session/8426e04792892a0ec8354bbbf3e9cf95/element/a6f8cde4-8786-48eb-8dd0-db235c3a0632/value HTTP/1.1
User-Agent: selenium/4.1.2 (java windows)
Content-Length: 191
Content-Type: application/json; charset=utf-8
host: localhost:49589
accept: */*

Response DefaultHttpResponse(decodeResult: success, version: HTTP/1.1)
HTTP/1.1 200 OK
Content-Type: application/json; charset=utf-8
cache-control: no-cache
content-length: 14

16:18:45.147 [AsyncHttpClient-1-4] DEBUG org.asynchttpclient.netty.channel.ChannelManager - Adding key: http://localhost:49589 for channel [id: 0x6ff91e6a, L:/127.0.0.1:63731 - R:localhost/127.0.0.1:49589]
16:18:45.151 [Forwarding screenshot on session 8426e04792892a0ec8354bbbf3e9cf95 to remote] DEBUG org.asynchttpclient.netty.request.NettyRequestSender - Using pooled Channel '[id: 0x6ff91e6a, L:/127.0.0.1:63731 - R:localhost/127.0.0.1:49589]' for 'GET' to 'http://localhost:49589/session/8426e04792892a0ec8354bbbf3e9cf95/screenshot'
16:18:45.151 [Forwarding screenshot on session 8426e04792892a0ec8354bbbf3e9cf95 to remote] DEBUG org.asynchttpclient.netty.request.NettyRequestSender - Using open Channel [id: 0x6ff91e6a, L:/127.0.0.1:63731 - R:localhost/127.0.0.1:49589] for GET '/session/8426e04792892a0ec8354bbbf3e9cf95/screenshot'
16:18:45.308 [AsyncHttpClient-1-4] DEBUG org.asynchttpclient.netty.handler.HttpHandler - 

Request DefaultFullHttpRequest(decodeResult: success, version: HTTP/1.1, content: EmptyByteBufBE)
GET /session/8426e04792892a0ec8354bbbf3e9cf95/screenshot HTTP/1.1
User-Agent: selenium/4.1.2 (java windows)
Cache-Control: no-cache
Content-Type: application/json; charset=utf-8
host: localhost:49589
accept: */*

Response DefaultHttpResponse(decodeResult: success, version: HTTP/1.1)
HTTP/1.1 200 OK
Content-Type: application/json; charset=utf-8
cache-control: no-cache
content-length: 44348

16:18:45.308 [AsyncHttpClient-1-4] DEBUG org.asynchttpclient.netty.channel.ChannelManager - Adding key: http://localhost:49589 for channel [id: 0x6ff91e6a, L:/127.0.0.1:63731 - R:localhost/127.0.0.1:49589]
16:18:45.309 [main] DEBUG net.serenitybdd.core.photography.Darkroom - Send negative for processing for target\site\serenity\60b6b5cb5c4810f820319d9ab8e32c967d94dc56525d38087a1400c6c9dc4d66.png
16:18:45.309 [main] DEBUG net.thucydides.core.steps.StepInterceptor - STEP DONE: inputPassword
  &amp#27;[32mAnd &amp#27;[0m&amp#27;[32mI input &amp#27;[0m&amp#27;[32m&amp#27;[1m"rayhan12346"&amp#27;[0m&amp#27;[32m password&amp#27;[0m &amp#27;[90m# Starter.StepDefinitions.LoginStep.iInputPassword(java.lang.String)&amp#27;[0m
16:18:45.310 [Darkroom Processing Line] DEBUG net.serenitybdd.core.photography.DarkroomProcessingLine - Processing screenshot image in /var/screenshots/screenshot-15337467977003267919
16:18:45.310 [Darkroom Processing Line] DEBUG net.serenitybdd.core.photography.DarkroomProcessingLine - Saving screenshot to target\site\serenity\60b6b5cb5c4810f820319d9ab8e32c967d94dc56525d38087a1400c6c9dc4d66.png
16:18:45.321 [main] DEBUG net.thucydides.core.steps.StepInterceptor - STARTING STEP: RegisterStep.clickRegisterButton - clickRegisterButton
16:18:45.323 [Forwarding findElement on session 8426e04792892a0ec8354bbbf3e9cf95 to remote] DEBUG org.asynchttpclient.netty.request.NettyRequestSender - Using pooled Channel '[id: 0x6ff91e6a, L:/127.0.0.1:63731 - R:localhost/127.0.0.1:49589]' for 'POST' to 'http://localhost:49589/session/8426e04792892a0ec8354bbbf3e9cf95/element'
16:18:45.323 [Forwarding findElement on session 8426e04792892a0ec8354bbbf3e9cf95 to remote] DEBUG org.asynchttpclient.netty.request.NettyRequestSender - Using open Channel [id: 0x6ff91e6a, L:/127.0.0.1:63731 - R:localhost/127.0.0.1:49589] for POST '/session/8426e04792892a0ec8354bbbf3e9cf95/element'
16:18:45.328 [AsyncHttpClient-1-4] DEBUG org.asynchttpclient.netty.handler.HttpHandler - 

Request DefaultHttpRequest(decodeResult: success, version: HTTP/1.1)
POST /session/8426e04792892a0ec8354bbbf3e9cf95/element HTTP/1.1
User-Agent: selenium/4.1.2 (java windows)
Content-Length: 136
Content-Type: application/json; charset=utf-8
host: localhost:49589
accept: */*

Response DefaultHttpResponse(decodeResult: success, version: HTTP/1.1)
HTTP/1.1 200 OK
Content-Type: application/json; charset=utf-8
cache-control: no-cache
content-length: 88

16:18:45.328 [AsyncHttpClient-1-4] DEBUG org.asynchttpclient.netty.channel.ChannelManager - Adding key: http://localhost:49589 for channel [id: 0x6ff91e6a, L:/127.0.0.1:63731 - R:localhost/127.0.0.1:49589]
16:18:45.329 [Forwarding getElementTagName on session 8426e04792892a0ec8354bbbf3e9cf95 to remote] DEBUG org.asynchttpclient.netty.request.NettyRequestSender - Using pooled Channel '[id: 0x6ff91e6a, L:/127.0.0.1:63731 - R:localhost/127.0.0.1:49589]' for 'GET' to 'http://localhost:49589/session/8426e04792892a0ec8354bbbf3e9cf95/element/c9a276d6-f029-4a26-826a-d8a2737c67fd/name'
16:18:45.329 [Forwarding getElementTagName on session 8426e04792892a0ec8354bbbf3e9cf95 to remote] DEBUG org.asynchttpclient.netty.request.NettyRequestSender - Using open Channel [id: 0x6ff91e6a, L:/127.0.0.1:63731 - R:localhost/127.0.0.1:49589] for GET '/session/8426e04792892a0ec8354bbbf3e9cf95/element/c9a276d6-f029-4a26-826a-d8a2737c67fd/name'
16:18:45.333 [AsyncHttpClient-1-4] DEBUG org.asynchttpclient.netty.handler.HttpHandler - 

Request DefaultFullHttpRequest(decodeResult: success, version: HTTP/1.1, content: EmptyByteBufBE)
GET /session/8426e04792892a0ec8354bbbf3e9cf95/element/c9a276d6-f029-4a26-826a-d8a2737c67fd/name HTTP/1.1
User-Agent: selenium/4.1.2 (java windows)
Cache-Control: no-cache
Content-Type: application/json; charset=utf-8
host: localhost:49589
accept: */*

Response DefaultHttpResponse(decodeResult: success, version: HTTP/1.1)
HTTP/1.1 200 OK
Content-Type: application/json; charset=utf-8
cache-control: no-cache
content-length: 18

16:18:45.334 [AsyncHttpClient-1-4] DEBUG org.asynchttpclient.netty.channel.ChannelManager - Adding key: http://localhost:49589 for channel [id: 0x6ff91e6a, L:/127.0.0.1:63731 - R:localhost/127.0.0.1:49589]
16:18:45.335 [Forwarding getElementTagName on session 8426e04792892a0ec8354bbbf3e9cf95 to remote] DEBUG org.asynchttpclient.netty.request.NettyRequestSender - Using pooled Channel '[id: 0x6ff91e6a, L:/127.0.0.1:63731 - R:localhost/127.0.0.1:49589]' for 'GET' to 'http://localhost:49589/session/8426e04792892a0ec8354bbbf3e9cf95/element/c9a276d6-f029-4a26-826a-d8a2737c67fd/name'
16:18:45.335 [Forwarding getElementTagName on session 8426e04792892a0ec8354bbbf3e9cf95 to remote] DEBUG org.asynchttpclient.netty.request.NettyRequestSender - Using open Channel [id: 0x6ff91e6a, L:/127.0.0.1:63731 - R:localhost/127.0.0.1:49589] for GET '/session/8426e04792892a0ec8354bbbf3e9cf95/element/c9a276d6-f029-4a26-826a-d8a2737c67fd/name'
16:18:45.337 [AsyncHttpClient-1-4] DEBUG org.asynchttpclient.netty.handler.HttpHandler - 

Request DefaultFullHttpRequest(decodeResult: success, version: HTTP/1.1, content: EmptyByteBufBE)
GET /session/8426e04792892a0ec8354bbbf3e9cf95/element/c9a276d6-f029-4a26-826a-d8a2737c67fd/name HTTP/1.1
User-Agent: selenium/4.1.2 (java windows)
Cache-Control: no-cache
Content-Type: application/json; charset=utf-8
host: localhost:49589
accept: */*

Response DefaultHttpResponse(decodeResult: success, version: HTTP/1.1)
HTTP/1.1 200 OK
Content-Type: application/json; charset=utf-8
cache-control: no-cache
content-length: 18

16:18:45.337 [AsyncHttpClient-1-4] DEBUG org.asynchttpclient.netty.channel.ChannelManager - Adding key: http://localhost:49589 for channel [id: 0x6ff91e6a, L:/127.0.0.1:63731 - R:localhost/127.0.0.1:49589]
16:18:45.339 [Forwarding isElementEnabled on session 8426e04792892a0ec8354bbbf3e9cf95 to remote] DEBUG org.asynchttpclient.netty.request.NettyRequestSender - Using pooled Channel '[id: 0x6ff91e6a, L:/127.0.0.1:63731 - R:localhost/127.0.0.1:49589]' for 'GET' to 'http://localhost:49589/session/8426e04792892a0ec8354bbbf3e9cf95/element/c9a276d6-f029-4a26-826a-d8a2737c67fd/enabled'
16:18:45.339 [Forwarding isElementEnabled on session 8426e04792892a0ec8354bbbf3e9cf95 to remote] DEBUG org.asynchttpclient.netty.request.NettyRequestSender - Using open Channel [id: 0x6ff91e6a, L:/127.0.0.1:63731 - R:localhost/127.0.0.1:49589] for GET '/session/8426e04792892a0ec8354bbbf3e9cf95/element/c9a276d6-f029-4a26-826a-d8a2737c67fd/enabled'
16:18:45.346 [AsyncHttpClient-1-4] DEBUG org.asynchttpclient.netty.handler.HttpHandler - 

Request DefaultFullHttpRequest(decodeResult: success, version: HTTP/1.1, content: EmptyByteBufBE)
GET /session/8426e04792892a0ec8354bbbf3e9cf95/element/c9a276d6-f029-4a26-826a-d8a2737c67fd/enabled HTTP/1.1
User-Agent: selenium/4.1.2 (java windows)
Cache-Control: no-cache
Content-Type: application/json; charset=utf-8
host: localhost:49589
accept: */*

Response DefaultHttpResponse(decodeResult: success, version: HTTP/1.1)
HTTP/1.1 200 OK
Content-Type: application/json; charset=utf-8
cache-control: no-cache
content-length: 14

16:18:45.346 [AsyncHttpClient-1-4] DEBUG org.asynchttpclient.netty.channel.ChannelManager - Adding key: http://localhost:49589 for channel [id: 0x6ff91e6a, L:/127.0.0.1:63731 - R:localhost/127.0.0.1:49589]
16:18:45.347 [Forwarding isElementEnabled on session 8426e04792892a0ec8354bbbf3e9cf95 to remote] DEBUG org.asynchttpclient.netty.request.NettyRequestSender - Using pooled Channel '[id: 0x6ff91e6a, L:/127.0.0.1:63731 - R:localhost/127.0.0.1:49589]' for 'GET' to 'http://localhost:49589/session/8426e04792892a0ec8354bbbf3e9cf95/element/c9a276d6-f029-4a26-826a-d8a2737c67fd/enabled'
16:18:45.347 [Forwarding isElementEnabled on session 8426e04792892a0ec8354bbbf3e9cf95 to remote] DEBUG org.asynchttpclient.netty.request.NettyRequestSender - Using open Channel [id: 0x6ff91e6a, L:/127.0.0.1:63731 - R:localhost/127.0.0.1:49589] for GET '/session/8426e04792892a0ec8354bbbf3e9cf95/element/c9a276d6-f029-4a26-826a-d8a2737c67fd/enabled'
16:18:45.351 [AsyncHttpClient-1-4] DEBUG org.asynchttpclient.netty.handler.HttpHandler - 

Request DefaultFullHttpRequest(decodeResult: success, version: HTTP/1.1, content: EmptyByteBufBE)
GET /session/8426e04792892a0ec8354bbbf3e9cf95/element/c9a276d6-f029-4a26-826a-d8a2737c67fd/enabled HTTP/1.1
User-Agent: selenium/4.1.2 (java windows)
Cache-Control: no-cache
Content-Type: application/json; charset=utf-8
host: localhost:49589
accept: */*

Response DefaultHttpResponse(decodeResult: success, version: HTTP/1.1)
HTTP/1.1 200 OK
Content-Type: application/json; charset=utf-8
cache-control: no-cache
content-length: 14

16:18:45.351 [AsyncHttpClient-1-4] DEBUG org.asynchttpclient.netty.channel.ChannelManager - Adding key: http://localhost:49589 for channel [id: 0x6ff91e6a, L:/127.0.0.1:63731 - R:localhost/127.0.0.1:49589]
16:18:45.353 [Forwarding findElement on session 8426e04792892a0ec8354bbbf3e9cf95 to remote] DEBUG org.asynchttpclient.netty.request.NettyRequestSender - Using pooled Channel '[id: 0x6ff91e6a, L:/127.0.0.1:63731 - R:localhost/127.0.0.1:49589]' for 'POST' to 'http://localhost:49589/session/8426e04792892a0ec8354bbbf3e9cf95/element'
16:18:45.353 [Forwarding findElement on session 8426e04792892a0ec8354bbbf3e9cf95 to remote] DEBUG org.asynchttpclient.netty.request.NettyRequestSender - Using open Channel [id: 0x6ff91e6a, L:/127.0.0.1:63731 - R:localhost/127.0.0.1:49589] for POST '/session/8426e04792892a0ec8354bbbf3e9cf95/element'
16:18:45.357 [AsyncHttpClient-1-4] DEBUG org.asynchttpclient.netty.handler.HttpHandler - 

Request DefaultHttpRequest(decodeResult: success, version: HTTP/1.1)
POST /session/8426e04792892a0ec8354bbbf3e9cf95/element HTTP/1.1
User-Agent: selenium/4.1.2 (java windows)
Content-Length: 136
Content-Type: application/json; charset=utf-8
host: localhost:49589
accept: */*

Response DefaultHttpResponse(decodeResult: success, version: HTTP/1.1)
HTTP/1.1 200 OK
Content-Type: application/json; charset=utf-8
cache-control: no-cache
content-length: 88

16:18:45.358 [AsyncHttpClient-1-4] DEBUG org.asynchttpclient.netty.channel.ChannelManager - Adding key: http://localhost:49589 for channel [id: 0x6ff91e6a, L:/127.0.0.1:63731 - R:localhost/127.0.0.1:49589]
16:18:45.359 [Forwarding clickElement on session 8426e04792892a0ec8354bbbf3e9cf95 to remote] DEBUG org.asynchttpclient.netty.request.NettyRequestSender - Using pooled Channel '[id: 0x6ff91e6a, L:/127.0.0.1:63731 - R:localhost/127.0.0.1:49589]' for 'POST' to 'http://localhost:49589/session/8426e04792892a0ec8354bbbf3e9cf95/element/c9a276d6-f029-4a26-826a-d8a2737c67fd/click'
16:18:45.359 [Forwarding clickElement on session 8426e04792892a0ec8354bbbf3e9cf95 to remote] DEBUG org.asynchttpclient.netty.request.NettyRequestSender - Using open Channel [id: 0x6ff91e6a, L:/127.0.0.1:63731 - R:localhost/127.0.0.1:49589] for POST '/session/8426e04792892a0ec8354bbbf3e9cf95/element/c9a276d6-f029-4a26-826a-d8a2737c67fd/click'
16:18:45.397 [AsyncHttpClient-1-4] DEBUG org.asynchttpclient.netty.handler.HttpHandler - 

Request DefaultHttpRequest(decodeResult: success, version: HTTP/1.1)
POST /session/8426e04792892a0ec8354bbbf3e9cf95/element/c9a276d6-f029-4a26-826a-d8a2737c67fd/click HTTP/1.1
User-Agent: selenium/4.1.2 (java windows)
Content-Length: 50
Content-Type: application/json; charset=utf-8
host: localhost:49589
accept: */*

Response DefaultHttpResponse(decodeResult: success, version: HTTP/1.1)
HTTP/1.1 200 OK
Content-Type: application/json; charset=utf-8
cache-control: no-cache
content-length: 14

16:18:45.397 [AsyncHttpClient-1-4] DEBUG org.asynchttpclient.netty.channel.ChannelManager - Adding key: http://localhost:49589 for channel [id: 0x6ff91e6a, L:/127.0.0.1:63731 - R:localhost/127.0.0.1:49589]
16:18:45.403 [Forwarding screenshot on session 8426e04792892a0ec8354bbbf3e9cf95 to remote] DEBUG org.asynchttpclient.netty.request.NettyRequestSender - Using pooled Channel '[id: 0x6ff91e6a, L:/127.0.0.1:63731 - R:localhost/127.0.0.1:49589]' for 'GET' to 'http://localhost:49589/session/8426e04792892a0ec8354bbbf3e9cf95/screenshot'
16:18:45.403 [Forwarding screenshot on session 8426e04792892a0ec8354bbbf3e9cf95 to remote] DEBUG org.asynchttpclient.netty.request.NettyRequestSender - Using open Channel [id: 0x6ff91e6a, L:/127.0.0.1:63731 - R:localhost/127.0.0.1:49589] for GET '/session/8426e04792892a0ec8354bbbf3e9cf95/screenshot'
16:18:45.573 [AsyncHttpClient-1-4] DEBUG org.asynchttpclient.netty.handler.HttpHandler - 

Request DefaultFullHttpRequest(decodeResult: success, version: HTTP/1.1, content: EmptyByteBufBE)
GET /session/8426e04792892a0ec8354bbbf3e9cf95/screenshot HTTP/1.1
User-Agent: selenium/4.1.2 (java windows)
Cache-Control: no-cache
Content-Type: application/json; charset=utf-8
host: localhost:49589
accept: */*

Response DefaultHttpResponse(decodeResult: success, version: HTTP/1.1)
HTTP/1.1 200 OK
Content-Type: application/json; charset=utf-8
cache-control: no-cache
content-length: 43536

16:18:45.573 [AsyncHttpClient-1-4] DEBUG org.asynchttpclient.netty.channel.ChannelManager - Adding key: http://localhost:49589 for channel [id: 0x6ff91e6a, L:/127.0.0.1:63731 - R:localhost/127.0.0.1:49589]
16:18:45.574 [main] DEBUG net.serenitybdd.core.photography.Darkroom - Send negative for processing for target\site\serenity\bcdbfdffb40b7208d66b1122fece1da091d1f9479a21369bff8b2d433cee58de.png
16:18:45.575 [main] DEBUG net.thucydides.core.steps.StepInterceptor - STEP DONE: clickRegisterButton
  &amp#27;[32mAnd &amp#27;[0m&amp#27;[32mclick register button&amp#27;[0m          &amp#27;[90m# Starter.StepDefinitions.RegisterStep.clickRegisterButton()&amp#27;[0m
16:18:45.575 [Darkroom Processing Line] DEBUG net.serenitybdd.core.photography.DarkroomProcessingLine - Processing screenshot image in /var/screenshots/screenshot-12675624856197396066
16:18:45.575 [Darkroom Processing Line] DEBUG net.serenitybdd.core.photography.DarkroomProcessingLine - Saving screenshot to target\site\serenity\bcdbfdffb40b7208d66b1122fece1da091d1f9479a21369bff8b2d433cee58de.png
  &amp#27;[32mThen &amp#27;[0m&amp#27;[32mI get &amp#27;[0m&amp#27;[32m&amp#27;[1m"login page"&amp#27;[0m            &amp#27;[90m# Starter.StepDefinitions.RegisterStep.iGet(java.lang.String)&amp#27;[0m
16:18:45.648 [Forwarding screenshot on session 8426e04792892a0ec8354bbbf3e9cf95 to remote] DEBUG org.asynchttpclient.netty.request.NettyRequestSender - Using pooled Channel '[id: 0x6ff91e6a, L:/127.0.0.1:63731 - R:localhost/127.0.0.1:49589]' for 'GET' to 'http://localhost:49589/session/8426e04792892a0ec8354bbbf3e9cf95/screenshot'
16:18:45.648 [Forwarding screenshot on session 8426e04792892a0ec8354bbbf3e9cf95 to remote] DEBUG org.asynchttpclient.netty.request.NettyRequestSender - Using open Channel [id: 0x6ff91e6a, L:/127.0.0.1:63731 - R:localhost/127.0.0.1:49589] for GET '/session/8426e04792892a0ec8354bbbf3e9cf95/screenshot'
16:18:45.867 [AsyncHttpClient-1-4] DEBUG org.asynchttpclient.netty.handler.HttpHandler - 

Request DefaultFullHttpRequest(decodeResult: success, version: HTTP/1.1, content: EmptyByteBufBE)
GET /session/8426e04792892a0ec8354bbbf3e9cf95/screenshot HTTP/1.1
User-Agent: selenium/4.1.2 (java windows)
Cache-Control: no-cache
Content-Type: application/json; charset=utf-8
host: localhost:49589
accept: */*

Response DefaultHttpResponse(decodeResult: success, version: HTTP/1.1)
HTTP/1.1 200 OK
Content-Type: application/json; charset=utf-8
cache-control: no-cache
content-length: 31092

16:18:45.867 [AsyncHttpClient-1-4] DEBUG org.asynchttpclient.netty.channel.ChannelManager - Adding key: http://localhost:49589 for channel [id: 0x6ff91e6a, L:/127.0.0.1:63731 - R:localhost/127.0.0.1:49589]
16:18:45.868 [main] DEBUG net.serenitybdd.core.photography.Darkroom - Send negative for processing for target\site\serenity\b625743ee732bdb87af642911c7f9583a57576024640458a3bdf0adf445bf9cb.png
16:18:45.872 [AsyncHttpClient-1-6] DEBUG org.asynchttpclient.netty.handler.WebSocketHandler - Channel Closed: [id: 0x3ea8da6f, L:/127.0.0.1:63739 ! R:localhost/127.0.0.1:63732] with attribute NettyResponseFuture{currentRetry=5,
	isDone=1,
	isCancelled=0,
	asyncHandler=org.asynchttpclient.ws.WebSocketUpgradeHandler@11cd80ec,
	nettyRequest=org.asynchttpclient.netty.request.NettyRequest@51fbff8b,
	future=java.util.concurrent.CompletableFuture@690d18a7[Completed normally],
	uri=ws://localhost:63732/devtools/browser/b0269550-2bb0-4acf-959d-a750c190417f,
	keepAlive=true,
	redirectCount=0,
	timeoutsHolder=null,
	inAuth=0,
	touch=1653038323157}
16:18:45.872 [AsyncHttpClient-1-6] DEBUG org.asynchttpclient.netty.channel.ChannelManager - Closing Channel [id: 0x3ea8da6f, L:/127.0.0.1:63739 ! R:localhost/127.0.0.1:63732] 
16:18:45.873 [Driver Command Executor] DEBUG org.asynchttpclient.netty.request.NettyRequestSender - Using pooled Channel '[id: 0x6ff91e6a, L:/127.0.0.1:63731 - R:localhost/127.0.0.1:49589]' for 'DELETE' to 'http://localhost:49589/session/8426e04792892a0ec8354bbbf3e9cf95'
16:18:45.873 [Driver Command Executor] DEBUG org.asynchttpclient.netty.request.NettyRequestSender - Using open Channel [id: 0x6ff91e6a, L:/127.0.0.1:63731 - R:localhost/127.0.0.1:49589] for DELETE '/session/8426e04792892a0ec8354bbbf3e9cf95'
16:18:45.904 [AsyncHttpClient-1-5] DEBUG org.asynchttpclient.netty.handler.HttpHandler - Unexpected I/O exception on channel [id: 0x4a8c9abf, L:/127.0.0.1:63738 - R:localhost/127.0.0.1:63732]
java.net.SocketException: Connection reset
	at java.base/sun.nio.ch.SocketChannelImpl.throwConnectionReset(SocketChannelImpl.java:367)
	at java.base/sun.nio.ch.SocketChannelImpl.read(SocketChannelImpl.java:398)
	at io.netty.buffer.PooledByteBuf.setBytes(PooledByteBuf.java:258)
	at io.netty.buffer.AbstractByteBuf.writeBytes(AbstractByteBuf.java:1132)
	at io.netty.channel.socket.nio.NioSocketChannel.doReadBytes(NioSocketChannel.java:350)
	at io.netty.channel.nio.AbstractNioByteChannel$NioByteUnsafe.read(AbstractNioByteChannel.java:151)
	at io.netty.channel.nio.NioEventLoop.processSelectedKey(NioEventLoop.java:722)
	at io.netty.channel.nio.NioEventLoop.processSelectedKeysOptimized(NioEventLoop.java:658)
	at io.netty.channel.nio.NioEventLoop.processSelectedKeys(NioEventLoop.java:584)
	at io.netty.channel.nio.NioEventLoop.run(NioEventLoop.java:496)
	at io.netty.util.concurrent.SingleThreadEventExecutor$4.run(SingleThreadEventExecutor.java:986)
	at io.netty.util.internal.ThreadExecutorMap$2.run(ThreadExecutorMap.java:74)
	at io.netty.util.concurrent.FastThreadLocalRunnable.run(FastThreadLocalRunnable.java:30)
	at java.base/java.lang.Thread.run(Thread.java:832)
16:18:45.904 [AsyncHttpClient-1-5] DEBUG org.asynchttpclient.netty.channel.ChannelManager - Closing Channel [id: 0x4a8c9abf, L:/127.0.0.1:63738 - R:localhost/127.0.0.1:63732] 
16:18:45.905 [AsyncHttpClient-1-5] DEBUG org.asynchttpclient.netty.handler.HttpHandler - Channel Closed: [id: 0x4a8c9abf, L:/127.0.0.1:63738 ! R:localhost/127.0.0.1:63732] with attribute DISCARD
16:18:45.916 [AsyncHttpClient-1-4] DEBUG org.asynchttpclient.netty.handler.HttpHandler - 

Request DefaultFullHttpRequest(decodeResult: success, version: HTTP/1.1, content: EmptyByteBufBE)
DELETE /session/8426e04792892a0ec8354bbbf3e9cf95 HTTP/1.1
User-Agent: selenium/4.1.2 (java windows)
Content-Type: application/json; charset=utf-8
host: localhost:49589
accept: */*

Response DefaultHttpResponse(decodeResult: success, version: HTTP/1.1)
HTTP/1.1 200 OK
Content-Type: application/json; charset=utf-8
cache-control: no-cache
content-length: 14

16:18:45.916 [AsyncHttpClient-1-4] DEBUG org.asynchttpclient.netty.channel.ChannelManager - Adding key: http://localhost:49589 for channel [id: 0x6ff91e6a, L:/127.0.0.1:63731 - R:localhost/127.0.0.1:49589]
16:18:46.131 [AsyncHttpClient-1-1] DEBUG org.asynchttpclient.netty.channel.DefaultChannelPool - Entry count for : http://localhost:49589 : 1
16:18:46.131 [AsyncHttpClient-1-1] DEBUG org.asynchttpclient.netty.channel.DefaultChannelPool - Entry count for : http://localhost:63732 : 1
16:18:46.131 [AsyncHttpClient-1-1] DEBUG org.asynchttpclient.netty.channel.DefaultChannelPool - Adding Candidate expired Channel [id: 0x4a8c9abf, L:/127.0.0.1:63738 ! R:localhost/127.0.0.1:63732] isIdleTimeoutExpired=false isRemotelyClosed=true isTtlExpired=false
16:18:46.131 [AsyncHttpClient-1-1] DEBUG org.asynchttpclient.netty.channel.DefaultChannelPool - Closing Idle Channel [id: 0x4a8c9abf, L:/127.0.0.1:63738 ! R:localhost/127.0.0.1:63732]
16:18:46.131 [AsyncHttpClient-1-1] DEBUG org.asynchttpclient.netty.channel.DefaultChannelPool - Closed 1 connections out of 2 in 0 ms
16:18:46.132 [AsyncHttpClient-1-4] DEBUG org.asynchttpclient.netty.handler.HttpHandler - Channel Closed: [id: 0x6ff91e6a, L:/127.0.0.1:63731 ! R:localhost/127.0.0.1:49589] with attribute DISCARD
16:18:46.651 [main] INFO  - 
  _____   ___   ___   _____     ___     _     ___   ___   ___   ___  
 |_   _| | __| / __| |_   _|   | _ \   /_\   / __| / __| | __| |   \ 
   | |   | _|  \__ \   | |     |  _/  / _ \  \__ \ \__ \ | _|  | |) |
   |_|   |___| |___/   |_|     |_|   /_/ \_\ |___/ |___/ |___| |___/ 

Register scenario
----------------------------------------------------------------------
]]></system-out>
    <system-err><![CDATA[Starting ChromeDriver 101.0.4951.41 (93c720db8323b3ec10d056025ab95c23a31997c9-refs/branch-heads/4951@{#904}) on port 49589
Only local connections are allowed.
Please see https://chromedriver.chromium.org/security-considerations for suggestions on keeping ChromeDriver safe.
ChromeDriver was started successfully.
May 20, 2022 4:18:43 PM org.openqa.selenium.remote.ProtocolHandshake createSession
INFO: Detected dialect: W3C
May 20, 2022 4:18:43 PM org.openqa.selenium.devtools.CdpVersionFinder findNearestMatch
WARNING: Unable to find an exact match for CDP version 101, so returning the closest version found: 97
May 20, 2022 4:18:43 PM org.openqa.selenium.devtools.CdpVersionFinder findNearestMatch
INFO: Found CDP implementation for version 101 of 97
]]></system-err>
  </testcase>
  <testcase name="Register scenario #2" classname="Register" time="5.054">
    <system-out><![CDATA[
@Register
Scenario Outline: Register scenario                &amp#27;[90m# src/test/resources/features/Register.feature:18&amp#27;[0m
16:18:46.710 [main] INFO io.cucumber.core.plugin.SerenityReporter - Running feature from file:///C:/Users/user/Documents/WebMiniLogin/src/test/resources/features/Register.feature
16:18:46.889 [main] INFO net.serenitybdd.core.webdriver.driverproviders.ChromeDriverProvider - Using automatically driver download
16:18:47.140 [main] DEBUG io.github.bonigarcia.wdm.cache.ResolutionCache - Resolution chrome=101 in cache (valid until 17:17:56 20/05/2022 WIB)
16:18:47.143 [main] DEBUG io.github.bonigarcia.wdm.cache.ResolutionCache - Resolution chrome101=101.0.4951.41 in cache (valid until 16:17:56 21/05/2022 WIB)
16:18:47.149 [main] INFO io.github.bonigarcia.wdm.WebDriverManager - Using chromedriver 101.0.4951.41 (resolved driver for Chrome 101)
16:18:47.166 [main] DEBUG io.github.bonigarcia.wdm.WebDriverManager - Driver chromedriver 101.0.4951.41 found in cache
16:18:47.167 [main] INFO io.github.bonigarcia.wdm.WebDriverManager - Exporting webdriver.chrome.driver as C:\Users\user\.cache\selenium\chromedriver\win32\101.0.4951.41\chromedriver.exe
16:18:47.234 [AsyncHttpClient-1-1] DEBUG org.asynchttpclient.netty.channel.DefaultChannelPool - Entry count for : http://localhost:49589 : 1
16:18:47.234 [AsyncHttpClient-1-1] DEBUG org.asynchttpclient.netty.channel.DefaultChannelPool - Adding Candidate expired Channel [id: 0x6ff91e6a, L:/127.0.0.1:63731 ! R:localhost/127.0.0.1:49589] isIdleTimeoutExpired=false isRemotelyClosed=true isTtlExpired=false
16:18:47.234 [AsyncHttpClient-1-1] DEBUG org.asynchttpclient.netty.channel.DefaultChannelPool - Closing Idle Channel [id: 0x6ff91e6a, L:/127.0.0.1:63731 ! R:localhost/127.0.0.1:49589]
16:18:47.234 [AsyncHttpClient-1-1] DEBUG org.asynchttpclient.netty.channel.DefaultChannelPool - Closed 1 connections out of 1 in 0 ms
16:18:47.326 [main] DEBUG net.serenitybdd.core.webdriver.driverproviders.ProvideNewDriver - Instantiating driver
16:18:47.326 [main] DEBUG net.serenitybdd.core.webdriver.driverproviders.ProvideNewDriver - Driver capabilities: Capabilities {acceptInsecureCerts: false, base.url: https://qa.alta.id/, browserName: chrome, chrome.driver: src/test/resources/webdrive..., driver: chrome, goog:chromeOptions: {args: [], extensions: []}}
16:18:47.863 [AsyncHttpClient-1-7] DEBUG org.asynchttpclient.netty.channel.NettyConnectListener - Using new Channel '[id: 0xa1fd8f08, L:/127.0.0.1:63757 - R:localhost/127.0.0.1:62805]' for 'POST' to '/session'
16:18:48.506 [AsyncHttpClient-1-7] DEBUG org.asynchttpclient.netty.handler.HttpHandler - 

Request DefaultHttpRequest(decodeResult: success, version: HTTP/1.1)
POST /session HTTP/1.1
User-Agent: selenium/4.1.2 (java windows)
Content-Length: 605
Content-Type: application/json; charset=utf-8
host: localhost:62805
accept: */*

Response DefaultHttpResponse(decodeResult: success, version: HTTP/1.1)
HTTP/1.1 200 OK
Content-Type: application/json; charset=utf-8
cache-control: no-cache
content-length: 788

16:18:48.506 [AsyncHttpClient-1-7] DEBUG org.asynchttpclient.netty.channel.ChannelManager - Adding key: http://localhost:62805 for channel [id: 0xa1fd8f08, L:/127.0.0.1:63757 - R:localhost/127.0.0.1:62805]
16:18:48.511 [AsyncHttpClient-1-8] DEBUG org.asynchttpclient.netty.channel.NettyConnectListener - Using new Channel '[id: 0xd1f4b49a, L:/127.0.0.1:63764 - R:localhost/127.0.0.1:63758]' for 'GET' to '/json/version'
16:18:48.512 [AsyncHttpClient-1-8] DEBUG org.asynchttpclient.netty.handler.HttpHandler - 

Request DefaultFullHttpRequest(decodeResult: success, version: HTTP/1.1, content: EmptyByteBufBE)
GET /json/version HTTP/1.1
User-Agent: selenium/4.1.2 (java windows)
host: localhost:63758
accept: */*

Response DefaultHttpResponse(decodeResult: success, version: HTTP/1.1)
HTTP/1.1 200 OK
Content-Type: application/json; charset=UTF-8
content-length: 427

16:18:48.512 [AsyncHttpClient-1-8] DEBUG org.asynchttpclient.netty.channel.ChannelManager - Adding key: http://localhost:63758 for channel [id: 0xd1f4b49a, L:/127.0.0.1:63764 - R:localhost/127.0.0.1:63758]
16:18:48.514 [AsyncHttpClient-1-9] DEBUG org.asynchttpclient.netty.channel.NettyConnectListener - Using new Channel '[id: 0xa47ca2be, L:/127.0.0.1:63765 - R:localhost/127.0.0.1:63758]' for 'GET' to '/devtools/browser/2ebb05e6-640e-4927-90d2-e97d50f86014'
16:18:48.514 [AsyncHttpClient-1-9] DEBUG org.asynchttpclient.netty.handler.WebSocketHandler - 

Request DefaultFullHttpRequest(decodeResult: success, version: HTTP/1.1, content: EmptyByteBufBE)
GET /devtools/browser/2ebb05e6-640e-4927-90d2-e97d50f86014 HTTP/1.1
upgrade: websocket
connection: upgrade
sec-websocket-key: ToywM+vKuYOv7Stjcnp8Cw==
sec-websocket-version: 13
origin: http://localhost:63758
host: localhost:63758
accept: */*
user-agent: AHC/2.1

Response DefaultHttpResponse(decodeResult: success, version: HTTP/1.1)
HTTP/1.1 101 WebSocket Protocol Handshake
Upgrade: WebSocket
Connection: Upgrade
Sec-WebSocket-Accept: tWGV/8dvymVoFiU479c7slVrl9g=

16:18:48.518 [Forwarding maximizeCurrentWindow on session d008bcbc445a0c07c356c7e0e48e9cee to remote] DEBUG org.asynchttpclient.netty.request.NettyRequestSender - Using pooled Channel '[id: 0xa1fd8f08, L:/127.0.0.1:63757 - R:localhost/127.0.0.1:62805]' for 'POST' to 'http://localhost:62805/session/d008bcbc445a0c07c356c7e0e48e9cee/window/maximize'
16:18:48.518 [Forwarding maximizeCurrentWindow on session d008bcbc445a0c07c356c7e0e48e9cee to remote] DEBUG org.asynchttpclient.netty.request.NettyRequestSender - Using open Channel [id: 0xa1fd8f08, L:/127.0.0.1:63757 - R:localhost/127.0.0.1:62805] for POST '/session/d008bcbc445a0c07c356c7e0e48e9cee/window/maximize'
16:18:48.646 [AsyncHttpClient-1-7] DEBUG org.asynchttpclient.netty.handler.HttpHandler - 

Request DefaultHttpRequest(decodeResult: success, version: HTTP/1.1)
POST /session/d008bcbc445a0c07c356c7e0e48e9cee/window/maximize HTTP/1.1
User-Agent: selenium/4.1.2 (java windows)
Content-Length: 3
Content-Type: application/json; charset=utf-8
host: localhost:62805
accept: */*

Response DefaultHttpResponse(decodeResult: success, version: HTTP/1.1)
HTTP/1.1 200 OK
Content-Type: application/json; charset=utf-8
cache-control: no-cache
content-length: 52

16:18:48.647 [AsyncHttpClient-1-7] DEBUG org.asynchttpclient.netty.channel.ChannelManager - Adding key: http://localhost:62805 for channel [id: 0xa1fd8f08, L:/127.0.0.1:63757 - R:localhost/127.0.0.1:62805]
16:18:48.648 [Forwarding get on session d008bcbc445a0c07c356c7e0e48e9cee to remote] DEBUG org.asynchttpclient.netty.request.NettyRequestSender - Using pooled Channel '[id: 0xa1fd8f08, L:/127.0.0.1:63757 - R:localhost/127.0.0.1:62805]' for 'POST' to 'http://localhost:62805/session/d008bcbc445a0c07c356c7e0e48e9cee/url'
16:18:48.648 [Forwarding get on session d008bcbc445a0c07c356c7e0e48e9cee to remote] DEBUG org.asynchttpclient.netty.request.NettyRequestSender - Using open Channel [id: 0xa1fd8f08, L:/127.0.0.1:63757 - R:localhost/127.0.0.1:62805] for POST '/session/d008bcbc445a0c07c356c7e0e48e9cee/url'
16:18:49.419 [AsyncHttpClient-1-7] DEBUG org.asynchttpclient.netty.handler.HttpHandler - 

Request DefaultHttpRequest(decodeResult: success, version: HTTP/1.1)
POST /session/d008bcbc445a0c07c356c7e0e48e9cee/url HTTP/1.1
User-Agent: selenium/4.1.2 (java windows)
Content-Length: 67
Content-Type: application/json; charset=utf-8
host: localhost:62805
accept: */*

Response DefaultHttpResponse(decodeResult: success, version: HTTP/1.1)
HTTP/1.1 200 OK
Content-Type: application/json; charset=utf-8
cache-control: no-cache
content-length: 14

16:18:49.419 [AsyncHttpClient-1-7] DEBUG org.asynchttpclient.netty.channel.ChannelManager - Adding key: http://localhost:62805 for channel [id: 0xa1fd8f08, L:/127.0.0.1:63757 - R:localhost/127.0.0.1:62805]
16:18:49.420 [Forwarding setTimeout on session d008bcbc445a0c07c356c7e0e48e9cee to remote] DEBUG org.asynchttpclient.netty.request.NettyRequestSender - Using pooled Channel '[id: 0xa1fd8f08, L:/127.0.0.1:63757 - R:localhost/127.0.0.1:62805]' for 'POST' to 'http://localhost:62805/session/d008bcbc445a0c07c356c7e0e48e9cee/timeouts'
16:18:49.421 [Forwarding setTimeout on session d008bcbc445a0c07c356c7e0e48e9cee to remote] DEBUG org.asynchttpclient.netty.request.NettyRequestSender - Using open Channel [id: 0xa1fd8f08, L:/127.0.0.1:63757 - R:localhost/127.0.0.1:62805] for POST '/session/d008bcbc445a0c07c356c7e0e48e9cee/timeouts'
16:18:49.421 [AsyncHttpClient-1-7] DEBUG org.asynchttpclient.netty.handler.HttpHandler - 

Request DefaultHttpRequest(decodeResult: success, version: HTTP/1.1)
POST /session/d008bcbc445a0c07c356c7e0e48e9cee/timeouts HTTP/1.1
User-Agent: selenium/4.1.2 (java windows)
Content-Length: 22
Content-Type: application/json; charset=utf-8
host: localhost:62805
accept: */*

Response DefaultHttpResponse(decodeResult: success, version: HTTP/1.1)
HTTP/1.1 200 OK
Content-Type: application/json; charset=utf-8
cache-control: no-cache
content-length: 14

16:18:49.422 [AsyncHttpClient-1-7] DEBUG org.asynchttpclient.netty.channel.ChannelManager - Adding key: http://localhost:62805 for channel [id: 0xa1fd8f08, L:/127.0.0.1:63757 - R:localhost/127.0.0.1:62805]
16:18:49.425 [Forwarding getCurrentUrl on session d008bcbc445a0c07c356c7e0e48e9cee to remote] DEBUG org.asynchttpclient.netty.request.NettyRequestSender - Using pooled Channel '[id: 0xa1fd8f08, L:/127.0.0.1:63757 - R:localhost/127.0.0.1:62805]' for 'GET' to 'http://localhost:62805/session/d008bcbc445a0c07c356c7e0e48e9cee/url'
16:18:49.425 [Forwarding getCurrentUrl on session d008bcbc445a0c07c356c7e0e48e9cee to remote] DEBUG org.asynchttpclient.netty.request.NettyRequestSender - Using open Channel [id: 0xa1fd8f08, L:/127.0.0.1:63757 - R:localhost/127.0.0.1:62805] for GET '/session/d008bcbc445a0c07c356c7e0e48e9cee/url'
16:18:49.429 [AsyncHttpClient-1-7] DEBUG org.asynchttpclient.netty.handler.HttpHandler - 

Request DefaultFullHttpRequest(decodeResult: success, version: HTTP/1.1, content: EmptyByteBufBE)
GET /session/d008bcbc445a0c07c356c7e0e48e9cee/url HTTP/1.1
User-Agent: selenium/4.1.2 (java windows)
Cache-Control: no-cache
Content-Type: application/json; charset=utf-8
host: localhost:62805
accept: */*

Response DefaultHttpResponse(decodeResult: success, version: HTTP/1.1)
HTTP/1.1 200 OK
Content-Type: application/json; charset=utf-8
cache-control: no-cache
content-length: 44

16:18:49.429 [AsyncHttpClient-1-7] DEBUG org.asynchttpclient.netty.channel.ChannelManager - Adding key: http://localhost:62805 for channel [id: 0xa1fd8f08, L:/127.0.0.1:63757 - R:localhost/127.0.0.1:62805]
16:18:49.433 [AsyncHttpClient-1-1] DEBUG org.asynchttpclient.netty.channel.DefaultChannelPool - Entry count for : http://localhost:62805 : 1
16:18:49.433 [AsyncHttpClient-1-1] DEBUG org.asynchttpclient.netty.channel.DefaultChannelPool - Entry count for : http://localhost:63758 : 1
16:18:49.435 [Forwarding screenshot on session d008bcbc445a0c07c356c7e0e48e9cee to remote] DEBUG org.asynchttpclient.netty.request.NettyRequestSender - Using pooled Channel '[id: 0xa1fd8f08, L:/127.0.0.1:63757 - R:localhost/127.0.0.1:62805]' for 'GET' to 'http://localhost:62805/session/d008bcbc445a0c07c356c7e0e48e9cee/screenshot'
16:18:49.435 [Forwarding screenshot on session d008bcbc445a0c07c356c7e0e48e9cee to remote] DEBUG org.asynchttpclient.netty.request.NettyRequestSender - Using open Channel [id: 0xa1fd8f08, L:/127.0.0.1:63757 - R:localhost/127.0.0.1:62805] for GET '/session/d008bcbc445a0c07c356c7e0e48e9cee/screenshot'
16:18:49.636 [AsyncHttpClient-1-7] DEBUG org.asynchttpclient.netty.handler.HttpHandler - 

Request DefaultFullHttpRequest(decodeResult: success, version: HTTP/1.1, content: EmptyByteBufBE)
GET /session/d008bcbc445a0c07c356c7e0e48e9cee/screenshot HTTP/1.1
User-Agent: selenium/4.1.2 (java windows)
Cache-Control: no-cache
Content-Type: application/json; charset=utf-8
host: localhost:62805
accept: */*

Response DefaultHttpResponse(decodeResult: success, version: HTTP/1.1)
HTTP/1.1 200 OK
Content-Type: application/json; charset=utf-8
cache-control: no-cache
content-length: 35724

16:18:49.637 [AsyncHttpClient-1-7] DEBUG org.asynchttpclient.netty.channel.ChannelManager - Adding key: http://localhost:62805 for channel [id: 0xa1fd8f08, L:/127.0.0.1:63757 - R:localhost/127.0.0.1:62805]
16:18:49.638 [main] DEBUG net.serenitybdd.core.photography.Darkroom - Send negative for processing for target\site\serenity\128b9aeafc681d0e5c9eb087db846ab3e79d9fa9fe5c8c3dd2abc1ce1d54dbc5.png
16:18:49.639 [main] DEBUG net.thucydides.core.steps.StepInterceptor - STARTING STEP: RegisterStep.iAmOnTheRegisterPage - validateOnRegisterPage
16:18:49.640 [Forwarding findElement on session d008bcbc445a0c07c356c7e0e48e9cee to remote] DEBUG org.asynchttpclient.netty.request.NettyRequestSender - Using pooled Channel '[id: 0xa1fd8f08, L:/127.0.0.1:63757 - R:localhost/127.0.0.1:62805]' for 'POST' to 'http://localhost:62805/session/d008bcbc445a0c07c356c7e0e48e9cee/element'
16:18:49.640 [Forwarding findElement on session d008bcbc445a0c07c356c7e0e48e9cee to remote] DEBUG org.asynchttpclient.netty.request.NettyRequestSender - Using open Channel [id: 0xa1fd8f08, L:/127.0.0.1:63757 - R:localhost/127.0.0.1:62805] for POST '/session/d008bcbc445a0c07c356c7e0e48e9cee/element'
16:18:49.649 [AsyncHttpClient-1-7] DEBUG org.asynchttpclient.netty.handler.HttpHandler - 

Request DefaultHttpRequest(decodeResult: success, version: HTTP/1.1)
POST /session/d008bcbc445a0c07c356c7e0e48e9cee/element HTTP/1.1
User-Agent: selenium/4.1.2 (java windows)
Content-Length: 136
Content-Type: application/json; charset=utf-8
host: localhost:62805
accept: */*

Response DefaultHttpResponse(decodeResult: success, version: HTTP/1.1)
HTTP/1.1 200 OK
Content-Type: application/json; charset=utf-8
cache-control: no-cache
content-length: 88

16:18:49.649 [AsyncHttpClient-1-7] DEBUG org.asynchttpclient.netty.channel.ChannelManager - Adding key: http://localhost:62805 for channel [id: 0xa1fd8f08, L:/127.0.0.1:63757 - R:localhost/127.0.0.1:62805]
16:18:49.652 [Forwarding isElementDisplayed on session d008bcbc445a0c07c356c7e0e48e9cee to remote] DEBUG org.asynchttpclient.netty.request.NettyRequestSender - Using pooled Channel '[id: 0xa1fd8f08, L:/127.0.0.1:63757 - R:localhost/127.0.0.1:62805]' for 'POST' to 'http://localhost:62805/session/d008bcbc445a0c07c356c7e0e48e9cee/execute/sync'
16:18:49.652 [Forwarding isElementDisplayed on session d008bcbc445a0c07c356c7e0e48e9cee to remote] DEBUG org.asynchttpclient.netty.request.NettyRequestSender - Using open Channel [id: 0xa1fd8f08, L:/127.0.0.1:63757 - R:localhost/127.0.0.1:62805] for POST '/session/d008bcbc445a0c07c356c7e0e48e9cee/execute/sync'
16:18:49.662 [AsyncHttpClient-1-7] DEBUG org.asynchttpclient.netty.handler.HttpHandler - 

Request DefaultHttpRequest(decodeResult: success, version: HTTP/1.1)
POST /session/d008bcbc445a0c07c356c7e0e48e9cee/execute/sync HTTP/1.1
User-Agent: selenium/4.1.2 (java windows)
Content-Length: 48780
Content-Type: application/json; charset=utf-8
host: localhost:62805
accept: */*

Response DefaultHttpResponse(decodeResult: success, version: HTTP/1.1)
HTTP/1.1 200 OK
Content-Type: application/json; charset=utf-8
cache-control: no-cache
content-length: 14

16:18:49.662 [AsyncHttpClient-1-7] DEBUG org.asynchttpclient.netty.channel.ChannelManager - Adding key: http://localhost:62805 for channel [id: 0xa1fd8f08, L:/127.0.0.1:63757 - R:localhost/127.0.0.1:62805]
16:18:49.665 [main] DEBUG net.thucydides.core.steps.StepInterceptor - STEP DONE: validateOnRegisterPage
  &amp#27;[32mGiven &amp#27;[0m&amp#27;[32mI am on the register page&amp#27;[0m                  &amp#27;[90m# Starter.StepDefinitions.RegisterStep.iAmOnTheRegisterPage()&amp#27;[0m
16:18:49.676 [main] DEBUG net.thucydides.core.steps.StepInterceptor - STARTING STEP: RegisterStep.iInputnamalengkap - inputnamalengkap
16:18:49.678 [Forwarding findElement on session d008bcbc445a0c07c356c7e0e48e9cee to remote] DEBUG org.asynchttpclient.netty.request.NettyRequestSender - Using pooled Channel '[id: 0xa1fd8f08, L:/127.0.0.1:63757 - R:localhost/127.0.0.1:62805]' for 'POST' to 'http://localhost:62805/session/d008bcbc445a0c07c356c7e0e48e9cee/element'
16:18:49.678 [Forwarding findElement on session d008bcbc445a0c07c356c7e0e48e9cee to remote] DEBUG org.asynchttpclient.netty.request.NettyRequestSender - Using open Channel [id: 0xa1fd8f08, L:/127.0.0.1:63757 - R:localhost/127.0.0.1:62805] for POST '/session/d008bcbc445a0c07c356c7e0e48e9cee/element'
16:18:49.687 [AsyncHttpClient-1-7] DEBUG org.asynchttpclient.netty.handler.HttpHandler - 

Request DefaultHttpRequest(decodeResult: success, version: HTTP/1.1)
POST /session/d008bcbc445a0c07c356c7e0e48e9cee/element HTTP/1.1
User-Agent: selenium/4.1.2 (java windows)
Content-Length: 98
Content-Type: application/json; charset=utf-8
host: localhost:62805
accept: */*

Response DefaultHttpResponse(decodeResult: success, version: HTTP/1.1)
HTTP/1.1 200 OK
Content-Type: application/json; charset=utf-8
cache-control: no-cache
content-length: 88

16:18:49.687 [AsyncHttpClient-1-7] DEBUG org.asynchttpclient.netty.channel.ChannelManager - Adding key: http://localhost:62805 for channel [id: 0xa1fd8f08, L:/127.0.0.1:63757 - R:localhost/127.0.0.1:62805]
16:18:49.688 [Forwarding clearElement on session d008bcbc445a0c07c356c7e0e48e9cee to remote] DEBUG org.asynchttpclient.netty.request.NettyRequestSender - Using pooled Channel '[id: 0xa1fd8f08, L:/127.0.0.1:63757 - R:localhost/127.0.0.1:62805]' for 'POST' to 'http://localhost:62805/session/d008bcbc445a0c07c356c7e0e48e9cee/element/97be35bf-af07-45e6-b6af-47bc9d4df67f/clear'
16:18:49.688 [Forwarding clearElement on session d008bcbc445a0c07c356c7e0e48e9cee to remote] DEBUG org.asynchttpclient.netty.request.NettyRequestSender - Using open Channel [id: 0xa1fd8f08, L:/127.0.0.1:63757 - R:localhost/127.0.0.1:62805] for POST '/session/d008bcbc445a0c07c356c7e0e48e9cee/element/97be35bf-af07-45e6-b6af-47bc9d4df67f/clear'
16:18:49.710 [AsyncHttpClient-1-7] DEBUG org.asynchttpclient.netty.handler.HttpHandler - 

Request DefaultHttpRequest(decodeResult: success, version: HTTP/1.1)
POST /session/d008bcbc445a0c07c356c7e0e48e9cee/element/97be35bf-af07-45e6-b6af-47bc9d4df67f/clear HTTP/1.1
User-Agent: selenium/4.1.2 (java windows)
Content-Length: 50
Content-Type: application/json; charset=utf-8
host: localhost:62805
accept: */*

Response DefaultHttpResponse(decodeResult: success, version: HTTP/1.1)
HTTP/1.1 200 OK
Content-Type: application/json; charset=utf-8
cache-control: no-cache
content-length: 14

16:18:49.710 [AsyncHttpClient-1-7] DEBUG org.asynchttpclient.netty.channel.ChannelManager - Adding key: http://localhost:62805 for channel [id: 0xa1fd8f08, L:/127.0.0.1:63757 - R:localhost/127.0.0.1:62805]
16:18:49.712 [Forwarding sendKeysToElement on session d008bcbc445a0c07c356c7e0e48e9cee to remote] DEBUG org.asynchttpclient.netty.request.NettyRequestSender - Using pooled Channel '[id: 0xa1fd8f08, L:/127.0.0.1:63757 - R:localhost/127.0.0.1:62805]' for 'POST' to 'http://localhost:62805/session/d008bcbc445a0c07c356c7e0e48e9cee/element/97be35bf-af07-45e6-b6af-47bc9d4df67f/value'
16:18:49.712 [Forwarding sendKeysToElement on session d008bcbc445a0c07c356c7e0e48e9cee to remote] DEBUG org.asynchttpclient.netty.request.NettyRequestSender - Using open Channel [id: 0xa1fd8f08, L:/127.0.0.1:63757 - R:localhost/127.0.0.1:62805] for POST '/session/d008bcbc445a0c07c356c7e0e48e9cee/element/97be35bf-af07-45e6-b6af-47bc9d4df67f/value'
16:18:49.802 [AsyncHttpClient-1-7] DEBUG org.asynchttpclient.netty.handler.HttpHandler - 

Request DefaultHttpRequest(decodeResult: success, version: HTTP/1.1)
POST /session/d008bcbc445a0c07c356c7e0e48e9cee/element/97be35bf-af07-45e6-b6af-47bc9d4df67f/value HTTP/1.1
User-Agent: selenium/4.1.2 (java windows)
Content-Length: 231
Content-Type: application/json; charset=utf-8
host: localhost:62805
accept: */*

Response DefaultHttpResponse(decodeResult: success, version: HTTP/1.1)
HTTP/1.1 200 OK
Content-Type: application/json; charset=utf-8
cache-control: no-cache
content-length: 14

16:18:49.802 [AsyncHttpClient-1-7] DEBUG org.asynchttpclient.netty.channel.ChannelManager - Adding key: http://localhost:62805 for channel [id: 0xa1fd8f08, L:/127.0.0.1:63757 - R:localhost/127.0.0.1:62805]
16:18:49.806 [Forwarding screenshot on session d008bcbc445a0c07c356c7e0e48e9cee to remote] DEBUG org.asynchttpclient.netty.request.NettyRequestSender - Using pooled Channel '[id: 0xa1fd8f08, L:/127.0.0.1:63757 - R:localhost/127.0.0.1:62805]' for 'GET' to 'http://localhost:62805/session/d008bcbc445a0c07c356c7e0e48e9cee/screenshot'
16:18:49.806 [Forwarding screenshot on session d008bcbc445a0c07c356c7e0e48e9cee to remote] DEBUG org.asynchttpclient.netty.request.NettyRequestSender - Using open Channel [id: 0xa1fd8f08, L:/127.0.0.1:63757 - R:localhost/127.0.0.1:62805] for GET '/session/d008bcbc445a0c07c356c7e0e48e9cee/screenshot'
16:18:49.954 [AsyncHttpClient-1-7] DEBUG org.asynchttpclient.netty.handler.HttpHandler - 

Request DefaultFullHttpRequest(decodeResult: success, version: HTTP/1.1, content: EmptyByteBufBE)
GET /session/d008bcbc445a0c07c356c7e0e48e9cee/screenshot HTTP/1.1
User-Agent: selenium/4.1.2 (java windows)
Cache-Control: no-cache
Content-Type: application/json; charset=utf-8
host: localhost:62805
accept: */*

Response DefaultHttpResponse(decodeResult: success, version: HTTP/1.1)
HTTP/1.1 200 OK
Content-Type: application/json; charset=utf-8
cache-control: no-cache
content-length: 38820

16:18:49.954 [AsyncHttpClient-1-7] DEBUG org.asynchttpclient.netty.channel.ChannelManager - Adding key: http://localhost:62805 for channel [id: 0xa1fd8f08, L:/127.0.0.1:63757 - R:localhost/127.0.0.1:62805]
16:18:49.956 [main] DEBUG net.serenitybdd.core.photography.Darkroom - Send negative for processing for target\site\serenity\bfeed7d4314655aba333ebf8c754a221c398628172f0ec1b8fa8ec74ebc7ae50.png
16:18:49.956 [main] DEBUG net.thucydides.core.steps.StepInterceptor - STEP DONE: inputnamalengkap
  &amp#27;[32mWhen &amp#27;[0m&amp#27;[32mI input &amp#27;[0m&amp#27;[32m&amp#27;[1m"rayhanekadinata"&amp#27;[0m&amp#27;[32m namalengkap&amp#27;[0m       &amp#27;[90m# Starter.StepDefinitions.RegisterStep.iInputnamalengkap(java.lang.String)&amp#27;[0m
16:18:49.956 [Darkroom Processing Line] DEBUG net.serenitybdd.core.photography.DarkroomProcessingLine - Processing screenshot image in /var/screenshots/screenshot-3213800138837096226
16:18:49.956 [Darkroom Processing Line] DEBUG net.serenitybdd.core.photography.DarkroomProcessingLine - Saving screenshot to target\site\serenity\bfeed7d4314655aba333ebf8c754a221c398628172f0ec1b8fa8ec74ebc7ae50.png
16:18:49.968 [main] DEBUG net.thucydides.core.steps.StepInterceptor - STARTING STEP: RegisterStep.iInputEmails - inputemail
16:18:49.970 [Forwarding findElement on session d008bcbc445a0c07c356c7e0e48e9cee to remote] DEBUG org.asynchttpclient.netty.request.NettyRequestSender - Using pooled Channel '[id: 0xa1fd8f08, L:/127.0.0.1:63757 - R:localhost/127.0.0.1:62805]' for 'POST' to 'http://localhost:62805/session/d008bcbc445a0c07c356c7e0e48e9cee/element'
16:18:49.970 [Forwarding findElement on session d008bcbc445a0c07c356c7e0e48e9cee to remote] DEBUG org.asynchttpclient.netty.request.NettyRequestSender - Using open Channel [id: 0xa1fd8f08, L:/127.0.0.1:63757 - R:localhost/127.0.0.1:62805] for POST '/session/d008bcbc445a0c07c356c7e0e48e9cee/element'
16:18:49.979 [AsyncHttpClient-1-7] DEBUG org.asynchttpclient.netty.handler.HttpHandler - 

Request DefaultHttpRequest(decodeResult: success, version: HTTP/1.1)
POST /session/d008bcbc445a0c07c356c7e0e48e9cee/element HTTP/1.1
User-Agent: selenium/4.1.2 (java windows)
Content-Length: 91
Content-Type: application/json; charset=utf-8
host: localhost:62805
accept: */*

Response DefaultHttpResponse(decodeResult: success, version: HTTP/1.1)
HTTP/1.1 200 OK
Content-Type: application/json; charset=utf-8
cache-control: no-cache
content-length: 88

16:18:49.979 [AsyncHttpClient-1-7] DEBUG org.asynchttpclient.netty.channel.ChannelManager - Adding key: http://localhost:62805 for channel [id: 0xa1fd8f08, L:/127.0.0.1:63757 - R:localhost/127.0.0.1:62805]
16:18:49.980 [Forwarding clearElement on session d008bcbc445a0c07c356c7e0e48e9cee to remote] DEBUG org.asynchttpclient.netty.request.NettyRequestSender - Using pooled Channel '[id: 0xa1fd8f08, L:/127.0.0.1:63757 - R:localhost/127.0.0.1:62805]' for 'POST' to 'http://localhost:62805/session/d008bcbc445a0c07c356c7e0e48e9cee/element/be2f5800-8bcb-4da0-bb4b-f0a36eabf901/clear'
16:18:49.980 [Forwarding clearElement on session d008bcbc445a0c07c356c7e0e48e9cee to remote] DEBUG org.asynchttpclient.netty.request.NettyRequestSender - Using open Channel [id: 0xa1fd8f08, L:/127.0.0.1:63757 - R:localhost/127.0.0.1:62805] for POST '/session/d008bcbc445a0c07c356c7e0e48e9cee/element/be2f5800-8bcb-4da0-bb4b-f0a36eabf901/clear'
16:18:50.005 [AsyncHttpClient-1-7] DEBUG org.asynchttpclient.netty.handler.HttpHandler - 

Request DefaultHttpRequest(decodeResult: success, version: HTTP/1.1)
POST /session/d008bcbc445a0c07c356c7e0e48e9cee/element/be2f5800-8bcb-4da0-bb4b-f0a36eabf901/clear HTTP/1.1
User-Agent: selenium/4.1.2 (java windows)
Content-Length: 50
Content-Type: application/json; charset=utf-8
host: localhost:62805
accept: */*

Response DefaultHttpResponse(decodeResult: success, version: HTTP/1.1)
HTTP/1.1 200 OK
Content-Type: application/json; charset=utf-8
cache-control: no-cache
content-length: 14

16:18:50.005 [AsyncHttpClient-1-7] DEBUG org.asynchttpclient.netty.channel.ChannelManager - Adding key: http://localhost:62805 for channel [id: 0xa1fd8f08, L:/127.0.0.1:63757 - R:localhost/127.0.0.1:62805]
16:18:50.006 [Forwarding sendKeysToElement on session d008bcbc445a0c07c356c7e0e48e9cee to remote] DEBUG org.asynchttpclient.netty.request.NettyRequestSender - Using pooled Channel '[id: 0xa1fd8f08, L:/127.0.0.1:63757 - R:localhost/127.0.0.1:62805]' for 'POST' to 'http://localhost:62805/session/d008bcbc445a0c07c356c7e0e48e9cee/element/be2f5800-8bcb-4da0-bb4b-f0a36eabf901/value'
16:18:50.006 [Forwarding sendKeysToElement on session d008bcbc445a0c07c356c7e0e48e9cee to remote] DEBUG org.asynchttpclient.netty.request.NettyRequestSender - Using open Channel [id: 0xa1fd8f08, L:/127.0.0.1:63757 - R:localhost/127.0.0.1:62805] for POST '/session/d008bcbc445a0c07c356c7e0e48e9cee/element/be2f5800-8bcb-4da0-bb4b-f0a36eabf901/value'
16:18:50.141 [AsyncHttpClient-1-7] DEBUG org.asynchttpclient.netty.handler.HttpHandler - 

Request DefaultHttpRequest(decodeResult: success, version: HTTP/1.1)
POST /session/d008bcbc445a0c07c356c7e0e48e9cee/element/be2f5800-8bcb-4da0-bb4b-f0a36eabf901/value HTTP/1.1
User-Agent: selenium/4.1.2 (java windows)
Content-Length: 351
Content-Type: application/json; charset=utf-8
host: localhost:62805
accept: */*

Response DefaultHttpResponse(decodeResult: success, version: HTTP/1.1)
HTTP/1.1 200 OK
Content-Type: application/json; charset=utf-8
cache-control: no-cache
content-length: 14

16:18:50.141 [AsyncHttpClient-1-7] DEBUG org.asynchttpclient.netty.channel.ChannelManager - Adding key: http://localhost:62805 for channel [id: 0xa1fd8f08, L:/127.0.0.1:63757 - R:localhost/127.0.0.1:62805]
16:18:50.148 [Forwarding screenshot on session d008bcbc445a0c07c356c7e0e48e9cee to remote] DEBUG org.asynchttpclient.netty.request.NettyRequestSender - Using pooled Channel '[id: 0xa1fd8f08, L:/127.0.0.1:63757 - R:localhost/127.0.0.1:62805]' for 'GET' to 'http://localhost:62805/session/d008bcbc445a0c07c356c7e0e48e9cee/screenshot'
16:18:50.148 [Forwarding screenshot on session d008bcbc445a0c07c356c7e0e48e9cee to remote] DEBUG org.asynchttpclient.netty.request.NettyRequestSender - Using open Channel [id: 0xa1fd8f08, L:/127.0.0.1:63757 - R:localhost/127.0.0.1:62805] for GET '/session/d008bcbc445a0c07c356c7e0e48e9cee/screenshot'
16:18:50.314 [AsyncHttpClient-1-7] DEBUG org.asynchttpclient.netty.handler.HttpHandler - 

Request DefaultFullHttpRequest(decodeResult: success, version: HTTP/1.1, content: EmptyByteBufBE)
GET /session/d008bcbc445a0c07c356c7e0e48e9cee/screenshot HTTP/1.1
User-Agent: selenium/4.1.2 (java windows)
Cache-Control: no-cache
Content-Type: application/json; charset=utf-8
host: localhost:62805
accept: */*

Response DefaultHttpResponse(decodeResult: success, version: HTTP/1.1)
HTTP/1.1 200 OK
Content-Type: application/json; charset=utf-8
cache-control: no-cache
content-length: 44616

16:18:50.315 [AsyncHttpClient-1-7] DEBUG org.asynchttpclient.netty.channel.ChannelManager - Adding key: http://localhost:62805 for channel [id: 0xa1fd8f08, L:/127.0.0.1:63757 - R:localhost/127.0.0.1:62805]
16:18:50.316 [main] DEBUG net.serenitybdd.core.photography.Darkroom - Send negative for processing for target\site\serenity\a9cf2dfcf07c71d3d60ba1497417c1c2aa9d695d965f244828ac55a459a4d8c1.png
16:18:50.317 [main] DEBUG net.thucydides.core.steps.StepInterceptor - STEP DONE: inputemail
  &amp#27;[32mAnd &amp#27;[0m&amp#27;[32mI input &amp#27;[0m&amp#27;[32m&amp#27;[1m"rayhanekadinata87@gmail.com"&amp#27;[0m&amp#27;[32m emails&amp#27;[0m &amp#27;[90m# Starter.StepDefinitions.RegisterStep.iInputEmails(java.lang.String)&amp#27;[0m
16:18:50.317 [Darkroom Processing Line] DEBUG net.serenitybdd.core.photography.DarkroomProcessingLine - Processing screenshot image in /var/screenshots/screenshot-3122170427316047784
16:18:50.317 [Darkroom Processing Line] DEBUG net.serenitybdd.core.photography.DarkroomProcessingLine - Saving screenshot to target\site\serenity\a9cf2dfcf07c71d3d60ba1497417c1c2aa9d695d965f244828ac55a459a4d8c1.png
16:18:50.338 [main] DEBUG net.thucydides.core.steps.StepInterceptor - STARTING STEP: LoginStep.iInputPassword - inputPassword
16:18:50.340 [Forwarding findElement on session d008bcbc445a0c07c356c7e0e48e9cee to remote] DEBUG org.asynchttpclient.netty.request.NettyRequestSender - Using pooled Channel '[id: 0xa1fd8f08, L:/127.0.0.1:63757 - R:localhost/127.0.0.1:62805]' for 'POST' to 'http://localhost:62805/session/d008bcbc445a0c07c356c7e0e48e9cee/element'
16:18:50.340 [Forwarding findElement on session d008bcbc445a0c07c356c7e0e48e9cee to remote] DEBUG org.asynchttpclient.netty.request.NettyRequestSender - Using open Channel [id: 0xa1fd8f08, L:/127.0.0.1:63757 - R:localhost/127.0.0.1:62805] for POST '/session/d008bcbc445a0c07c356c7e0e48e9cee/element'
16:18:50.351 [AsyncHttpClient-1-7] DEBUG org.asynchttpclient.netty.handler.HttpHandler - 

Request DefaultHttpRequest(decodeResult: success, version: HTTP/1.1)
POST /session/d008bcbc445a0c07c356c7e0e48e9cee/element HTTP/1.1
User-Agent: selenium/4.1.2 (java windows)
Content-Length: 94
Content-Type: application/json; charset=utf-8
host: localhost:62805
accept: */*

Response DefaultHttpResponse(decodeResult: success, version: HTTP/1.1)
HTTP/1.1 200 OK
Content-Type: application/json; charset=utf-8
cache-control: no-cache
content-length: 88

16:18:50.351 [AsyncHttpClient-1-7] DEBUG org.asynchttpclient.netty.channel.ChannelManager - Adding key: http://localhost:62805 for channel [id: 0xa1fd8f08, L:/127.0.0.1:63757 - R:localhost/127.0.0.1:62805]
16:18:50.352 [Forwarding clearElement on session d008bcbc445a0c07c356c7e0e48e9cee to remote] DEBUG org.asynchttpclient.netty.request.NettyRequestSender - Using pooled Channel '[id: 0xa1fd8f08, L:/127.0.0.1:63757 - R:localhost/127.0.0.1:62805]' for 'POST' to 'http://localhost:62805/session/d008bcbc445a0c07c356c7e0e48e9cee/element/adb8f681-eb73-4fb0-ae1d-047d136649c9/clear'
16:18:50.352 [Forwarding clearElement on session d008bcbc445a0c07c356c7e0e48e9cee to remote] DEBUG org.asynchttpclient.netty.request.NettyRequestSender - Using open Channel [id: 0xa1fd8f08, L:/127.0.0.1:63757 - R:localhost/127.0.0.1:62805] for POST '/session/d008bcbc445a0c07c356c7e0e48e9cee/element/adb8f681-eb73-4fb0-ae1d-047d136649c9/clear'
16:18:50.381 [AsyncHttpClient-1-7] DEBUG org.asynchttpclient.netty.handler.HttpHandler - 

Request DefaultHttpRequest(decodeResult: success, version: HTTP/1.1)
POST /session/d008bcbc445a0c07c356c7e0e48e9cee/element/adb8f681-eb73-4fb0-ae1d-047d136649c9/clear HTTP/1.1
User-Agent: selenium/4.1.2 (java windows)
Content-Length: 50
Content-Type: application/json; charset=utf-8
host: localhost:62805
accept: */*

Response DefaultHttpResponse(decodeResult: success, version: HTTP/1.1)
HTTP/1.1 200 OK
Content-Type: application/json; charset=utf-8
cache-control: no-cache
content-length: 14

16:18:50.381 [AsyncHttpClient-1-7] DEBUG org.asynchttpclient.netty.channel.ChannelManager - Adding key: http://localhost:62805 for channel [id: 0xa1fd8f08, L:/127.0.0.1:63757 - R:localhost/127.0.0.1:62805]
16:18:50.382 [Forwarding sendKeysToElement on session d008bcbc445a0c07c356c7e0e48e9cee to remote] DEBUG org.asynchttpclient.netty.request.NettyRequestSender - Using pooled Channel '[id: 0xa1fd8f08, L:/127.0.0.1:63757 - R:localhost/127.0.0.1:62805]' for 'POST' to 'http://localhost:62805/session/d008bcbc445a0c07c356c7e0e48e9cee/element/adb8f681-eb73-4fb0-ae1d-047d136649c9/value'
16:18:50.383 [Forwarding sendKeysToElement on session d008bcbc445a0c07c356c7e0e48e9cee to remote] DEBUG org.asynchttpclient.netty.request.NettyRequestSender - Using open Channel [id: 0xa1fd8f08, L:/127.0.0.1:63757 - R:localhost/127.0.0.1:62805] for POST '/session/d008bcbc445a0c07c356c7e0e48e9cee/element/adb8f681-eb73-4fb0-ae1d-047d136649c9/value'
16:18:50.447 [AsyncHttpClient-1-7] DEBUG org.asynchttpclient.netty.handler.HttpHandler - 

Request DefaultHttpRequest(decodeResult: success, version: HTTP/1.1)
POST /session/d008bcbc445a0c07c356c7e0e48e9cee/element/adb8f681-eb73-4fb0-ae1d-047d136649c9/value HTTP/1.1
User-Agent: selenium/4.1.2 (java windows)
Content-Length: 181
Content-Type: application/json; charset=utf-8
host: localhost:62805
accept: */*

Response DefaultHttpResponse(decodeResult: success, version: HTTP/1.1)
HTTP/1.1 200 OK
Content-Type: application/json; charset=utf-8
cache-control: no-cache
content-length: 14

16:18:50.447 [AsyncHttpClient-1-7] DEBUG org.asynchttpclient.netty.channel.ChannelManager - Adding key: http://localhost:62805 for channel [id: 0xa1fd8f08, L:/127.0.0.1:63757 - R:localhost/127.0.0.1:62805]
16:18:50.452 [Forwarding screenshot on session d008bcbc445a0c07c356c7e0e48e9cee to remote] DEBUG org.asynchttpclient.netty.request.NettyRequestSender - Using pooled Channel '[id: 0xa1fd8f08, L:/127.0.0.1:63757 - R:localhost/127.0.0.1:62805]' for 'GET' to 'http://localhost:62805/session/d008bcbc445a0c07c356c7e0e48e9cee/screenshot'
16:18:50.452 [Forwarding screenshot on session d008bcbc445a0c07c356c7e0e48e9cee to remote] DEBUG org.asynchttpclient.netty.request.NettyRequestSender - Using open Channel [id: 0xa1fd8f08, L:/127.0.0.1:63757 - R:localhost/127.0.0.1:62805] for GET '/session/d008bcbc445a0c07c356c7e0e48e9cee/screenshot'
16:18:50.530 [AsyncHttpClient-1-1] DEBUG org.asynchttpclient.netty.channel.DefaultChannelPool - Entry count for : http://localhost:63758 : 1
16:18:50.643 [AsyncHttpClient-1-7] DEBUG org.asynchttpclient.netty.handler.HttpHandler - 

Request DefaultFullHttpRequest(decodeResult: success, version: HTTP/1.1, content: EmptyByteBufBE)
GET /session/d008bcbc445a0c07c356c7e0e48e9cee/screenshot HTTP/1.1
User-Agent: selenium/4.1.2 (java windows)
Cache-Control: no-cache
Content-Type: application/json; charset=utf-8
host: localhost:62805
accept: */*

Response DefaultHttpResponse(decodeResult: success, version: HTTP/1.1)
HTTP/1.1 200 OK
Content-Type: application/json; charset=utf-8
cache-control: no-cache
content-length: 46616

16:18:50.643 [AsyncHttpClient-1-7] DEBUG org.asynchttpclient.netty.channel.ChannelManager - Adding key: http://localhost:62805 for channel [id: 0xa1fd8f08, L:/127.0.0.1:63757 - R:localhost/127.0.0.1:62805]
16:18:50.645 [main] DEBUG net.serenitybdd.core.photography.Darkroom - Send negative for processing for target\site\serenity\3c41bfa77ad836c88c9eef8dab8403b92fb33f126a2c3ad6703d775d01a06029.png
16:18:50.645 [main] DEBUG net.thucydides.core.steps.StepInterceptor - STEP DONE: inputPassword
  &amp#27;[32mAnd &amp#27;[0m&amp#27;[32mI input &amp#27;[0m&amp#27;[32m&amp#27;[1m"rayhan1234"&amp#27;[0m&amp#27;[32m password&amp#27;[0m                &amp#27;[90m# Starter.StepDefinitions.LoginStep.iInputPassword(java.lang.String)&amp#27;[0m
16:18:50.645 [Darkroom Processing Line] DEBUG net.serenitybdd.core.photography.DarkroomProcessingLine - Processing screenshot image in /var/screenshots/screenshot-6521250555223234291
16:18:50.645 [Darkroom Processing Line] DEBUG net.serenitybdd.core.photography.DarkroomProcessingLine - Saving screenshot to target\site\serenity\3c41bfa77ad836c88c9eef8dab8403b92fb33f126a2c3ad6703d775d01a06029.png
16:18:50.658 [main] DEBUG net.thucydides.core.steps.StepInterceptor - STARTING STEP: RegisterStep.clickRegisterButton - clickRegisterButton
16:18:50.660 [Forwarding findElement on session d008bcbc445a0c07c356c7e0e48e9cee to remote] DEBUG org.asynchttpclient.netty.request.NettyRequestSender - Using pooled Channel '[id: 0xa1fd8f08, L:/127.0.0.1:63757 - R:localhost/127.0.0.1:62805]' for 'POST' to 'http://localhost:62805/session/d008bcbc445a0c07c356c7e0e48e9cee/element'
16:18:50.660 [Forwarding findElement on session d008bcbc445a0c07c356c7e0e48e9cee to remote] DEBUG org.asynchttpclient.netty.request.NettyRequestSender - Using open Channel [id: 0xa1fd8f08, L:/127.0.0.1:63757 - R:localhost/127.0.0.1:62805] for POST '/session/d008bcbc445a0c07c356c7e0e48e9cee/element'
16:18:50.668 [AsyncHttpClient-1-7] DEBUG org.asynchttpclient.netty.handler.HttpHandler - 

Request DefaultHttpRequest(decodeResult: success, version: HTTP/1.1)
POST /session/d008bcbc445a0c07c356c7e0e48e9cee/element HTTP/1.1
User-Agent: selenium/4.1.2 (java windows)
Content-Length: 136
Content-Type: application/json; charset=utf-8
host: localhost:62805
accept: */*

Response DefaultHttpResponse(decodeResult: success, version: HTTP/1.1)
HTTP/1.1 200 OK
Content-Type: application/json; charset=utf-8
cache-control: no-cache
content-length: 88

16:18:50.669 [AsyncHttpClient-1-7] DEBUG org.asynchttpclient.netty.channel.ChannelManager - Adding key: http://localhost:62805 for channel [id: 0xa1fd8f08, L:/127.0.0.1:63757 - R:localhost/127.0.0.1:62805]
16:18:50.670 [Forwarding getElementTagName on session d008bcbc445a0c07c356c7e0e48e9cee to remote] DEBUG org.asynchttpclient.netty.request.NettyRequestSender - Using pooled Channel '[id: 0xa1fd8f08, L:/127.0.0.1:63757 - R:localhost/127.0.0.1:62805]' for 'GET' to 'http://localhost:62805/session/d008bcbc445a0c07c356c7e0e48e9cee/element/2eb816fb-d129-4d1f-be4e-9baa420c7bd4/name'
16:18:50.670 [Forwarding getElementTagName on session d008bcbc445a0c07c356c7e0e48e9cee to remote] DEBUG org.asynchttpclient.netty.request.NettyRequestSender - Using open Channel [id: 0xa1fd8f08, L:/127.0.0.1:63757 - R:localhost/127.0.0.1:62805] for GET '/session/d008bcbc445a0c07c356c7e0e48e9cee/element/2eb816fb-d129-4d1f-be4e-9baa420c7bd4/name'
16:18:50.673 [AsyncHttpClient-1-7] DEBUG org.asynchttpclient.netty.handler.HttpHandler - 

Request DefaultFullHttpRequest(decodeResult: success, version: HTTP/1.1, content: EmptyByteBufBE)
GET /session/d008bcbc445a0c07c356c7e0e48e9cee/element/2eb816fb-d129-4d1f-be4e-9baa420c7bd4/name HTTP/1.1
User-Agent: selenium/4.1.2 (java windows)
Cache-Control: no-cache
Content-Type: application/json; charset=utf-8
host: localhost:62805
accept: */*

Response DefaultHttpResponse(decodeResult: success, version: HTTP/1.1)
HTTP/1.1 200 OK
Content-Type: application/json; charset=utf-8
cache-control: no-cache
content-length: 18

16:18:50.673 [AsyncHttpClient-1-7] DEBUG org.asynchttpclient.netty.channel.ChannelManager - Adding key: http://localhost:62805 for channel [id: 0xa1fd8f08, L:/127.0.0.1:63757 - R:localhost/127.0.0.1:62805]
16:18:50.674 [Forwarding getElementTagName on session d008bcbc445a0c07c356c7e0e48e9cee to remote] DEBUG org.asynchttpclient.netty.request.NettyRequestSender - Using pooled Channel '[id: 0xa1fd8f08, L:/127.0.0.1:63757 - R:localhost/127.0.0.1:62805]' for 'GET' to 'http://localhost:62805/session/d008bcbc445a0c07c356c7e0e48e9cee/element/2eb816fb-d129-4d1f-be4e-9baa420c7bd4/name'
16:18:50.674 [Forwarding getElementTagName on session d008bcbc445a0c07c356c7e0e48e9cee to remote] DEBUG org.asynchttpclient.netty.request.NettyRequestSender - Using open Channel [id: 0xa1fd8f08, L:/127.0.0.1:63757 - R:localhost/127.0.0.1:62805] for GET '/session/d008bcbc445a0c07c356c7e0e48e9cee/element/2eb816fb-d129-4d1f-be4e-9baa420c7bd4/name'
16:18:50.677 [AsyncHttpClient-1-7] DEBUG org.asynchttpclient.netty.handler.HttpHandler - 

Request DefaultFullHttpRequest(decodeResult: success, version: HTTP/1.1, content: EmptyByteBufBE)
GET /session/d008bcbc445a0c07c356c7e0e48e9cee/element/2eb816fb-d129-4d1f-be4e-9baa420c7bd4/name HTTP/1.1
User-Agent: selenium/4.1.2 (java windows)
Cache-Control: no-cache
Content-Type: application/json; charset=utf-8
host: localhost:62805
accept: */*

Response DefaultHttpResponse(decodeResult: success, version: HTTP/1.1)
HTTP/1.1 200 OK
Content-Type: application/json; charset=utf-8
cache-control: no-cache
content-length: 18

16:18:50.677 [AsyncHttpClient-1-7] DEBUG org.asynchttpclient.netty.channel.ChannelManager - Adding key: http://localhost:62805 for channel [id: 0xa1fd8f08, L:/127.0.0.1:63757 - R:localhost/127.0.0.1:62805]
16:18:50.680 [Forwarding isElementEnabled on session d008bcbc445a0c07c356c7e0e48e9cee to remote] DEBUG org.asynchttpclient.netty.request.NettyRequestSender - Using pooled Channel '[id: 0xa1fd8f08, L:/127.0.0.1:63757 - R:localhost/127.0.0.1:62805]' for 'GET' to 'http://localhost:62805/session/d008bcbc445a0c07c356c7e0e48e9cee/element/2eb816fb-d129-4d1f-be4e-9baa420c7bd4/enabled'
16:18:50.680 [Forwarding isElementEnabled on session d008bcbc445a0c07c356c7e0e48e9cee to remote] DEBUG org.asynchttpclient.netty.request.NettyRequestSender - Using open Channel [id: 0xa1fd8f08, L:/127.0.0.1:63757 - R:localhost/127.0.0.1:62805] for GET '/session/d008bcbc445a0c07c356c7e0e48e9cee/element/2eb816fb-d129-4d1f-be4e-9baa420c7bd4/enabled'
16:18:50.687 [AsyncHttpClient-1-7] DEBUG org.asynchttpclient.netty.handler.HttpHandler - 

Request DefaultFullHttpRequest(decodeResult: success, version: HTTP/1.1, content: EmptyByteBufBE)
GET /session/d008bcbc445a0c07c356c7e0e48e9cee/element/2eb816fb-d129-4d1f-be4e-9baa420c7bd4/enabled HTTP/1.1
User-Agent: selenium/4.1.2 (java windows)
Cache-Control: no-cache
Content-Type: application/json; charset=utf-8
host: localhost:62805
accept: */*

Response DefaultHttpResponse(decodeResult: success, version: HTTP/1.1)
HTTP/1.1 200 OK
Content-Type: application/json; charset=utf-8
cache-control: no-cache
content-length: 14

16:18:50.687 [AsyncHttpClient-1-7] DEBUG org.asynchttpclient.netty.channel.ChannelManager - Adding key: http://localhost:62805 for channel [id: 0xa1fd8f08, L:/127.0.0.1:63757 - R:localhost/127.0.0.1:62805]
16:18:50.689 [Forwarding isElementEnabled on session d008bcbc445a0c07c356c7e0e48e9cee to remote] DEBUG org.asynchttpclient.netty.request.NettyRequestSender - Using pooled Channel '[id: 0xa1fd8f08, L:/127.0.0.1:63757 - R:localhost/127.0.0.1:62805]' for 'GET' to 'http://localhost:62805/session/d008bcbc445a0c07c356c7e0e48e9cee/element/2eb816fb-d129-4d1f-be4e-9baa420c7bd4/enabled'
16:18:50.689 [Forwarding isElementEnabled on session d008bcbc445a0c07c356c7e0e48e9cee to remote] DEBUG org.asynchttpclient.netty.request.NettyRequestSender - Using open Channel [id: 0xa1fd8f08, L:/127.0.0.1:63757 - R:localhost/127.0.0.1:62805] for GET '/session/d008bcbc445a0c07c356c7e0e48e9cee/element/2eb816fb-d129-4d1f-be4e-9baa420c7bd4/enabled'
16:18:50.695 [AsyncHttpClient-1-7] DEBUG org.asynchttpclient.netty.handler.HttpHandler - 

Request DefaultFullHttpRequest(decodeResult: success, version: HTTP/1.1, content: EmptyByteBufBE)
GET /session/d008bcbc445a0c07c356c7e0e48e9cee/element/2eb816fb-d129-4d1f-be4e-9baa420c7bd4/enabled HTTP/1.1
User-Agent: selenium/4.1.2 (java windows)
Cache-Control: no-cache
Content-Type: application/json; charset=utf-8
host: localhost:62805
accept: */*

Response DefaultHttpResponse(decodeResult: success, version: HTTP/1.1)
HTTP/1.1 200 OK
Content-Type: application/json; charset=utf-8
cache-control: no-cache
content-length: 14

16:18:50.696 [AsyncHttpClient-1-7] DEBUG org.asynchttpclient.netty.channel.ChannelManager - Adding key: http://localhost:62805 for channel [id: 0xa1fd8f08, L:/127.0.0.1:63757 - R:localhost/127.0.0.1:62805]
16:18:50.698 [Forwarding findElement on session d008bcbc445a0c07c356c7e0e48e9cee to remote] DEBUG org.asynchttpclient.netty.request.NettyRequestSender - Using pooled Channel '[id: 0xa1fd8f08, L:/127.0.0.1:63757 - R:localhost/127.0.0.1:62805]' for 'POST' to 'http://localhost:62805/session/d008bcbc445a0c07c356c7e0e48e9cee/element'
16:18:50.698 [Forwarding findElement on session d008bcbc445a0c07c356c7e0e48e9cee to remote] DEBUG org.asynchttpclient.netty.request.NettyRequestSender - Using open Channel [id: 0xa1fd8f08, L:/127.0.0.1:63757 - R:localhost/127.0.0.1:62805] for POST '/session/d008bcbc445a0c07c356c7e0e48e9cee/element'
16:18:50.703 [AsyncHttpClient-1-7] DEBUG org.asynchttpclient.netty.handler.HttpHandler - 

Request DefaultHttpRequest(decodeResult: success, version: HTTP/1.1)
POST /session/d008bcbc445a0c07c356c7e0e48e9cee/element HTTP/1.1
User-Agent: selenium/4.1.2 (java windows)
Content-Length: 136
Content-Type: application/json; charset=utf-8
host: localhost:62805
accept: */*

Response DefaultHttpResponse(decodeResult: success, version: HTTP/1.1)
HTTP/1.1 200 OK
Content-Type: application/json; charset=utf-8
cache-control: no-cache
content-length: 88

16:18:50.703 [AsyncHttpClient-1-7] DEBUG org.asynchttpclient.netty.channel.ChannelManager - Adding key: http://localhost:62805 for channel [id: 0xa1fd8f08, L:/127.0.0.1:63757 - R:localhost/127.0.0.1:62805]
16:18:50.704 [Forwarding clickElement on session d008bcbc445a0c07c356c7e0e48e9cee to remote] DEBUG org.asynchttpclient.netty.request.NettyRequestSender - Using pooled Channel '[id: 0xa1fd8f08, L:/127.0.0.1:63757 - R:localhost/127.0.0.1:62805]' for 'POST' to 'http://localhost:62805/session/d008bcbc445a0c07c356c7e0e48e9cee/element/2eb816fb-d129-4d1f-be4e-9baa420c7bd4/click'
16:18:50.704 [Forwarding clickElement on session d008bcbc445a0c07c356c7e0e48e9cee to remote] DEBUG org.asynchttpclient.netty.request.NettyRequestSender - Using open Channel [id: 0xa1fd8f08, L:/127.0.0.1:63757 - R:localhost/127.0.0.1:62805] for POST '/session/d008bcbc445a0c07c356c7e0e48e9cee/element/2eb816fb-d129-4d1f-be4e-9baa420c7bd4/click'
16:18:50.746 [AsyncHttpClient-1-7] DEBUG org.asynchttpclient.netty.handler.HttpHandler - 

Request DefaultHttpRequest(decodeResult: success, version: HTTP/1.1)
POST /session/d008bcbc445a0c07c356c7e0e48e9cee/element/2eb816fb-d129-4d1f-be4e-9baa420c7bd4/click HTTP/1.1
User-Agent: selenium/4.1.2 (java windows)
Content-Length: 50
Content-Type: application/json; charset=utf-8
host: localhost:62805
accept: */*

Response DefaultHttpResponse(decodeResult: success, version: HTTP/1.1)
HTTP/1.1 200 OK
Content-Type: application/json; charset=utf-8
cache-control: no-cache
content-length: 14

16:18:50.746 [AsyncHttpClient-1-7] DEBUG org.asynchttpclient.netty.channel.ChannelManager - Adding key: http://localhost:62805 for channel [id: 0xa1fd8f08, L:/127.0.0.1:63757 - R:localhost/127.0.0.1:62805]
16:18:50.752 [Forwarding screenshot on session d008bcbc445a0c07c356c7e0e48e9cee to remote] DEBUG org.asynchttpclient.netty.request.NettyRequestSender - Using pooled Channel '[id: 0xa1fd8f08, L:/127.0.0.1:63757 - R:localhost/127.0.0.1:62805]' for 'GET' to 'http://localhost:62805/session/d008bcbc445a0c07c356c7e0e48e9cee/screenshot'
16:18:50.752 [Forwarding screenshot on session d008bcbc445a0c07c356c7e0e48e9cee to remote] DEBUG org.asynchttpclient.netty.request.NettyRequestSender - Using open Channel [id: 0xa1fd8f08, L:/127.0.0.1:63757 - R:localhost/127.0.0.1:62805] for GET '/session/d008bcbc445a0c07c356c7e0e48e9cee/screenshot'
16:18:50.955 [AsyncHttpClient-1-7] DEBUG org.asynchttpclient.netty.handler.HttpHandler - 

Request DefaultFullHttpRequest(decodeResult: success, version: HTTP/1.1, content: EmptyByteBufBE)
GET /session/d008bcbc445a0c07c356c7e0e48e9cee/screenshot HTTP/1.1
User-Agent: selenium/4.1.2 (java windows)
Cache-Control: no-cache
Content-Type: application/json; charset=utf-8
host: localhost:62805
accept: */*

Response DefaultHttpResponse(decodeResult: success, version: HTTP/1.1)
HTTP/1.1 200 OK
Content-Type: application/json; charset=utf-8
cache-control: no-cache
content-length: 45856

16:18:50.955 [AsyncHttpClient-1-7] DEBUG org.asynchttpclient.netty.channel.ChannelManager - Adding key: http://localhost:62805 for channel [id: 0xa1fd8f08, L:/127.0.0.1:63757 - R:localhost/127.0.0.1:62805]
16:18:50.957 [main] DEBUG net.serenitybdd.core.photography.Darkroom - Send negative for processing for target\site\serenity\723daba69905807fa6589a954c5800b1c95afc5586ff0191e630a2aa8434ce02.png
16:18:50.957 [main] DEBUG net.thucydides.core.steps.StepInterceptor - STEP DONE: clickRegisterButton
  &amp#27;[32mAnd &amp#27;[0m&amp#27;[32mclick register button&amp#27;[0m                        &amp#27;[90m# Starter.StepDefinitions.RegisterStep.clickRegisterButton()&amp#27;[0m
16:18:50.957 [Darkroom Processing Line] DEBUG net.serenitybdd.core.photography.DarkroomProcessingLine - Processing screenshot image in /var/screenshots/screenshot-17503641953064490711
16:18:50.958 [Darkroom Processing Line] DEBUG net.serenitybdd.core.photography.DarkroomProcessingLine - Saving screenshot to target\site\serenity\723daba69905807fa6589a954c5800b1c95afc5586ff0191e630a2aa8434ce02.png
  &amp#27;[32mThen &amp#27;[0m&amp#27;[32mI get &amp#27;[0m&amp#27;[32m&amp#27;[1m"login page"&amp#27;[0m                          &amp#27;[90m# Starter.StepDefinitions.RegisterStep.iGet(java.lang.String)&amp#27;[0m
16:18:50.978 [AsyncHttpClient-1-9] DEBUG org.asynchttpclient.netty.handler.WebSocketHandler - Channel Closed: [id: 0xa47ca2be, L:/127.0.0.1:63765 ! R:localhost/127.0.0.1:63758] with attribute NettyResponseFuture{currentRetry=5,
	isDone=1,
	isCancelled=0,
	asyncHandler=org.asynchttpclient.ws.WebSocketUpgradeHandler@50b01511,
	nettyRequest=org.asynchttpclient.netty.request.NettyRequest@949e785,
	future=java.util.concurrent.CompletableFuture@68cf52b3[Completed normally],
	uri=ws://localhost:63758/devtools/browser/2ebb05e6-640e-4927-90d2-e97d50f86014,
	keepAlive=true,
	redirectCount=0,
	timeoutsHolder=null,
	inAuth=0,
	touch=1653038328515}
16:18:50.978 [AsyncHttpClient-1-9] DEBUG org.asynchttpclient.netty.channel.ChannelManager - Closing Channel [id: 0xa47ca2be, L:/127.0.0.1:63765 ! R:localhost/127.0.0.1:63758] 
16:18:50.978 [Driver Command Executor] DEBUG org.asynchttpclient.netty.request.NettyRequestSender - Using pooled Channel '[id: 0xa1fd8f08, L:/127.0.0.1:63757 - R:localhost/127.0.0.1:62805]' for 'DELETE' to 'http://localhost:62805/session/d008bcbc445a0c07c356c7e0e48e9cee'
16:18:50.978 [Driver Command Executor] DEBUG org.asynchttpclient.netty.request.NettyRequestSender - Using open Channel [id: 0xa1fd8f08, L:/127.0.0.1:63757 - R:localhost/127.0.0.1:62805] for DELETE '/session/d008bcbc445a0c07c356c7e0e48e9cee'
16:18:51.008 [AsyncHttpClient-1-8] DEBUG org.asynchttpclient.netty.handler.HttpHandler - Unexpected I/O exception on channel [id: 0xd1f4b49a, L:/127.0.0.1:63764 - R:localhost/127.0.0.1:63758]
java.net.SocketException: Connection reset
	at java.base/sun.nio.ch.SocketChannelImpl.throwConnectionReset(SocketChannelImpl.java:367)
	at java.base/sun.nio.ch.SocketChannelImpl.read(SocketChannelImpl.java:398)
	at io.netty.buffer.PooledByteBuf.setBytes(PooledByteBuf.java:258)
	at io.netty.buffer.AbstractByteBuf.writeBytes(AbstractByteBuf.java:1132)
	at io.netty.channel.socket.nio.NioSocketChannel.doReadBytes(NioSocketChannel.java:350)
	at io.netty.channel.nio.AbstractNioByteChannel$NioByteUnsafe.read(AbstractNioByteChannel.java:151)
	at io.netty.channel.nio.NioEventLoop.processSelectedKey(NioEventLoop.java:722)
	at io.netty.channel.nio.NioEventLoop.processSelectedKeysOptimized(NioEventLoop.java:658)
	at io.netty.channel.nio.NioEventLoop.processSelectedKeys(NioEventLoop.java:584)
	at io.netty.channel.nio.NioEventLoop.run(NioEventLoop.java:496)
	at io.netty.util.concurrent.SingleThreadEventExecutor$4.run(SingleThreadEventExecutor.java:986)
	at io.netty.util.internal.ThreadExecutorMap$2.run(ThreadExecutorMap.java:74)
	at io.netty.util.concurrent.FastThreadLocalRunnable.run(FastThreadLocalRunnable.java:30)
	at java.base/java.lang.Thread.run(Thread.java:832)
16:18:51.008 [AsyncHttpClient-1-8] DEBUG org.asynchttpclient.netty.channel.ChannelManager - Closing Channel [id: 0xd1f4b49a, L:/127.0.0.1:63764 - R:localhost/127.0.0.1:63758] 
16:18:51.008 [AsyncHttpClient-1-8] DEBUG org.asynchttpclient.netty.handler.HttpHandler - Channel Closed: [id: 0xd1f4b49a, L:/127.0.0.1:63764 ! R:localhost/127.0.0.1:63758] with attribute DISCARD
16:18:51.021 [AsyncHttpClient-1-7] DEBUG org.asynchttpclient.netty.handler.HttpHandler - 

Request DefaultFullHttpRequest(decodeResult: success, version: HTTP/1.1, content: EmptyByteBufBE)
DELETE /session/d008bcbc445a0c07c356c7e0e48e9cee HTTP/1.1
User-Agent: selenium/4.1.2 (java windows)
Content-Type: application/json; charset=utf-8
host: localhost:62805
accept: */*

Response DefaultHttpResponse(decodeResult: success, version: HTTP/1.1)
HTTP/1.1 200 OK
Content-Type: application/json; charset=utf-8
cache-control: no-cache
content-length: 14

16:18:51.021 [AsyncHttpClient-1-7] DEBUG org.asynchttpclient.netty.channel.ChannelManager - Adding key: http://localhost:62805 for channel [id: 0xa1fd8f08, L:/127.0.0.1:63757 - R:localhost/127.0.0.1:62805]
16:18:51.186 [AsyncHttpClient-1-7] DEBUG org.asynchttpclient.netty.handler.HttpHandler - Channel Closed: [id: 0xa1fd8f08, L:/127.0.0.1:63757 ! R:localhost/127.0.0.1:62805] with attribute DISCARD
16:18:51.631 [AsyncHttpClient-1-1] DEBUG org.asynchttpclient.netty.channel.DefaultChannelPool - Entry count for : http://localhost:62805 : 1
16:18:51.631 [AsyncHttpClient-1-1] DEBUG org.asynchttpclient.netty.channel.DefaultChannelPool - Entry count for : http://localhost:63758 : 1
16:18:51.631 [AsyncHttpClient-1-1] DEBUG org.asynchttpclient.netty.channel.DefaultChannelPool - Adding Candidate expired Channel [id: 0xa1fd8f08, L:/127.0.0.1:63757 ! R:localhost/127.0.0.1:62805] isIdleTimeoutExpired=false isRemotelyClosed=true isTtlExpired=false
16:18:51.631 [AsyncHttpClient-1-1] DEBUG org.asynchttpclient.netty.channel.DefaultChannelPool - Closing Idle Channel [id: 0xa1fd8f08, L:/127.0.0.1:63757 ! R:localhost/127.0.0.1:62805]
16:18:51.631 [AsyncHttpClient-1-1] DEBUG org.asynchttpclient.netty.channel.DefaultChannelPool - Adding Candidate expired Channel [id: 0xd1f4b49a, L:/127.0.0.1:63764 ! R:localhost/127.0.0.1:63758] isIdleTimeoutExpired=false isRemotelyClosed=true isTtlExpired=false
16:18:51.631 [AsyncHttpClient-1-1] DEBUG org.asynchttpclient.netty.channel.DefaultChannelPool - Closing Idle Channel [id: 0xd1f4b49a, L:/127.0.0.1:63764 ! R:localhost/127.0.0.1:63758]
16:18:51.631 [AsyncHttpClient-1-1] DEBUG org.asynchttpclient.netty.channel.DefaultChannelPool - Closed 2 connections out of 2 in 0 ms
16:18:51.706 [main] INFO  - 
  _____   ___   ___   _____     ___     _     ___   ___   ___   ___  
 |_   _| | __| / __| |_   _|   | _ \   /_\   / __| / __| | __| |   \ 
   | |   | _|  \__ \   | |     |  _/  / _ \  \__ \ \__ \ | _|  | |) |
   |_|   |___| |___/   |_|     |_|   /_/ \_\ |___/ |___/ |___| |___/ 

Register scenario
----------------------------------------------------------------------
]]></system-out>
    <system-err><![CDATA[Starting ChromeDriver 101.0.4951.41 (93c720db8323b3ec10d056025ab95c23a31997c9-refs/branch-heads/4951@{#904}) on port 62805
Only local connections are allowed.
Please see https://chromedriver.chromium.org/security-considerations for suggestions on keeping ChromeDriver safe.
ChromeDriver was started successfully.
May 20, 2022 4:18:48 PM org.openqa.selenium.remote.ProtocolHandshake createSession
INFO: Detected dialect: W3C
May 20, 2022 4:18:48 PM org.openqa.selenium.devtools.CdpVersionFinder findNearestMatch
WARNING: Unable to find an exact match for CDP version 101, so returning the closest version found: 97
May 20, 2022 4:18:48 PM org.openqa.selenium.devtools.CdpVersionFinder findNearestMatch
INFO: Found CDP implementation for version 101 of 97
]]></system-err>
  </testcase>
  <testcase name="Register scenario #3" classname="Register" time="5.543">
    <system-out><![CDATA[
@Register
Scenario Outline: Register scenario          &amp#27;[90m# src/test/resources/features/Register.feature:19&amp#27;[0m
16:18:51.727 [main] INFO io.cucumber.core.plugin.SerenityReporter - Running feature from file:///C:/Users/user/Documents/WebMiniLogin/src/test/resources/features/Register.feature
16:18:51.974 [main] INFO net.serenitybdd.core.webdriver.driverproviders.ChromeDriverProvider - Using automatically driver download
16:18:52.367 [main] DEBUG io.github.bonigarcia.wdm.cache.ResolutionCache - Resolution chrome=101 in cache (valid until 17:17:56 20/05/2022 WIB)
16:18:52.377 [main] DEBUG io.github.bonigarcia.wdm.cache.ResolutionCache - Resolution chrome101=101.0.4951.41 in cache (valid until 16:17:56 21/05/2022 WIB)
16:18:52.384 [main] INFO io.github.bonigarcia.wdm.WebDriverManager - Using chromedriver 101.0.4951.41 (resolved driver for Chrome 101)
16:18:52.464 [main] DEBUG io.github.bonigarcia.wdm.WebDriverManager - Driver chromedriver 101.0.4951.41 found in cache
16:18:52.465 [main] INFO io.github.bonigarcia.wdm.WebDriverManager - Exporting webdriver.chrome.driver as C:\Users\user\.cache\selenium\chromedriver\win32\101.0.4951.41\chromedriver.exe
16:18:52.617 [main] DEBUG net.serenitybdd.core.webdriver.driverproviders.ProvideNewDriver - Instantiating driver
16:18:52.617 [main] DEBUG net.serenitybdd.core.webdriver.driverproviders.ProvideNewDriver - Driver capabilities: Capabilities {acceptInsecureCerts: false, base.url: https://qa.alta.id/, browserName: chrome, chrome.driver: src/test/resources/webdrive..., driver: chrome, goog:chromeOptions: {args: [], extensions: []}}
16:18:53.156 [AsyncHttpClient-1-10] DEBUG org.asynchttpclient.netty.channel.NettyConnectListener - Using new Channel '[id: 0x1901541d, L:/127.0.0.1:63789 - R:localhost/127.0.0.1:51643]' for 'POST' to '/session'
16:18:53.775 [AsyncHttpClient-1-10] DEBUG org.asynchttpclient.netty.handler.HttpHandler - 

Request DefaultHttpRequest(decodeResult: success, version: HTTP/1.1)
POST /session HTTP/1.1
User-Agent: selenium/4.1.2 (java windows)
Content-Length: 605
Content-Type: application/json; charset=utf-8
host: localhost:51643
accept: */*

Response DefaultHttpResponse(decodeResult: success, version: HTTP/1.1)
HTTP/1.1 200 OK
Content-Type: application/json; charset=utf-8
cache-control: no-cache
content-length: 789

16:18:53.775 [AsyncHttpClient-1-10] DEBUG org.asynchttpclient.netty.channel.ChannelManager - Adding key: http://localhost:51643 for channel [id: 0x1901541d, L:/127.0.0.1:63789 - R:localhost/127.0.0.1:51643]
16:18:53.782 [AsyncHttpClient-1-11] DEBUG org.asynchttpclient.netty.channel.NettyConnectListener - Using new Channel '[id: 0xdffd1cbe, L:/127.0.0.1:63796 - R:localhost/127.0.0.1:63790]' for 'GET' to '/json/version'
16:18:53.783 [AsyncHttpClient-1-11] DEBUG org.asynchttpclient.netty.handler.HttpHandler - 

Request DefaultFullHttpRequest(decodeResult: success, version: HTTP/1.1, content: EmptyByteBufBE)
GET /json/version HTTP/1.1
User-Agent: selenium/4.1.2 (java windows)
host: localhost:63790
accept: */*

Response DefaultHttpResponse(decodeResult: success, version: HTTP/1.1)
HTTP/1.1 200 OK
Content-Type: application/json; charset=UTF-8
content-length: 427

16:18:53.783 [AsyncHttpClient-1-11] DEBUG org.asynchttpclient.netty.channel.ChannelManager - Adding key: http://localhost:63790 for channel [id: 0xdffd1cbe, L:/127.0.0.1:63796 - R:localhost/127.0.0.1:63790]
16:18:53.785 [AsyncHttpClient-1-12] DEBUG org.asynchttpclient.netty.channel.NettyConnectListener - Using new Channel '[id: 0x6cd12d7a, L:/127.0.0.1:63797 - R:localhost/127.0.0.1:63790]' for 'GET' to '/devtools/browser/1da68515-3648-4b7b-853c-d51eed87846c'
16:18:53.786 [AsyncHttpClient-1-12] DEBUG org.asynchttpclient.netty.handler.WebSocketHandler - 

Request DefaultFullHttpRequest(decodeResult: success, version: HTTP/1.1, content: EmptyByteBufBE)
GET /devtools/browser/1da68515-3648-4b7b-853c-d51eed87846c HTTP/1.1
upgrade: websocket
connection: upgrade
sec-websocket-key: E4Tc469jypa7EIQF14RtKA==
sec-websocket-version: 13
origin: http://localhost:63790
host: localhost:63790
accept: */*
user-agent: AHC/2.1

Response DefaultHttpResponse(decodeResult: success, version: HTTP/1.1)
HTTP/1.1 101 WebSocket Protocol Handshake
Upgrade: WebSocket
Connection: Upgrade
Sec-WebSocket-Accept: B7RFa1dm2zZjINxhEAiN+uWSJHo=

16:18:53.791 [Forwarding maximizeCurrentWindow on session 2a766db8162441d1205efbb48e5778a5 to remote] DEBUG org.asynchttpclient.netty.request.NettyRequestSender - Using pooled Channel '[id: 0x1901541d, L:/127.0.0.1:63789 - R:localhost/127.0.0.1:51643]' for 'POST' to 'http://localhost:51643/session/2a766db8162441d1205efbb48e5778a5/window/maximize'
16:18:53.791 [Forwarding maximizeCurrentWindow on session 2a766db8162441d1205efbb48e5778a5 to remote] DEBUG org.asynchttpclient.netty.request.NettyRequestSender - Using open Channel [id: 0x1901541d, L:/127.0.0.1:63789 - R:localhost/127.0.0.1:51643] for POST '/session/2a766db8162441d1205efbb48e5778a5/window/maximize'
16:18:53.833 [AsyncHttpClient-1-1] DEBUG org.asynchttpclient.netty.channel.DefaultChannelPool - Entry count for : http://localhost:63790 : 1
16:18:53.942 [AsyncHttpClient-1-10] DEBUG org.asynchttpclient.netty.handler.HttpHandler - 

Request DefaultHttpRequest(decodeResult: success, version: HTTP/1.1)
POST /session/2a766db8162441d1205efbb48e5778a5/window/maximize HTTP/1.1
User-Agent: selenium/4.1.2 (java windows)
Content-Length: 3
Content-Type: application/json; charset=utf-8
host: localhost:51643
accept: */*

Response DefaultHttpResponse(decodeResult: success, version: HTTP/1.1)
HTTP/1.1 200 OK
Content-Type: application/json; charset=utf-8
cache-control: no-cache
content-length: 52

16:18:53.942 [AsyncHttpClient-1-10] DEBUG org.asynchttpclient.netty.channel.ChannelManager - Adding key: http://localhost:51643 for channel [id: 0x1901541d, L:/127.0.0.1:63789 - R:localhost/127.0.0.1:51643]
16:18:53.943 [Forwarding get on session 2a766db8162441d1205efbb48e5778a5 to remote] DEBUG org.asynchttpclient.netty.request.NettyRequestSender - Using pooled Channel '[id: 0x1901541d, L:/127.0.0.1:63789 - R:localhost/127.0.0.1:51643]' for 'POST' to 'http://localhost:51643/session/2a766db8162441d1205efbb48e5778a5/url'
16:18:53.943 [Forwarding get on session 2a766db8162441d1205efbb48e5778a5 to remote] DEBUG org.asynchttpclient.netty.request.NettyRequestSender - Using open Channel [id: 0x1901541d, L:/127.0.0.1:63789 - R:localhost/127.0.0.1:51643] for POST '/session/2a766db8162441d1205efbb48e5778a5/url'
16:18:54.566 [AsyncHttpClient-1-10] DEBUG org.asynchttpclient.netty.handler.HttpHandler - 

Request DefaultHttpRequest(decodeResult: success, version: HTTP/1.1)
POST /session/2a766db8162441d1205efbb48e5778a5/url HTTP/1.1
User-Agent: selenium/4.1.2 (java windows)
Content-Length: 67
Content-Type: application/json; charset=utf-8
host: localhost:51643
accept: */*

Response DefaultHttpResponse(decodeResult: success, version: HTTP/1.1)
HTTP/1.1 200 OK
Content-Type: application/json; charset=utf-8
cache-control: no-cache
content-length: 14

16:18:54.566 [AsyncHttpClient-1-10] DEBUG org.asynchttpclient.netty.channel.ChannelManager - Adding key: http://localhost:51643 for channel [id: 0x1901541d, L:/127.0.0.1:63789 - R:localhost/127.0.0.1:51643]
16:18:54.567 [Forwarding setTimeout on session 2a766db8162441d1205efbb48e5778a5 to remote] DEBUG org.asynchttpclient.netty.request.NettyRequestSender - Using pooled Channel '[id: 0x1901541d, L:/127.0.0.1:63789 - R:localhost/127.0.0.1:51643]' for 'POST' to 'http://localhost:51643/session/2a766db8162441d1205efbb48e5778a5/timeouts'
16:18:54.567 [Forwarding setTimeout on session 2a766db8162441d1205efbb48e5778a5 to remote] DEBUG org.asynchttpclient.netty.request.NettyRequestSender - Using open Channel [id: 0x1901541d, L:/127.0.0.1:63789 - R:localhost/127.0.0.1:51643] for POST '/session/2a766db8162441d1205efbb48e5778a5/timeouts'
16:18:54.568 [AsyncHttpClient-1-10] DEBUG org.asynchttpclient.netty.handler.HttpHandler - 

Request DefaultHttpRequest(decodeResult: success, version: HTTP/1.1)
POST /session/2a766db8162441d1205efbb48e5778a5/timeouts HTTP/1.1
User-Agent: selenium/4.1.2 (java windows)
Content-Length: 22
Content-Type: application/json; charset=utf-8
host: localhost:51643
accept: */*

Response DefaultHttpResponse(decodeResult: success, version: HTTP/1.1)
HTTP/1.1 200 OK
Content-Type: application/json; charset=utf-8
cache-control: no-cache
content-length: 14

16:18:54.568 [AsyncHttpClient-1-10] DEBUG org.asynchttpclient.netty.channel.ChannelManager - Adding key: http://localhost:51643 for channel [id: 0x1901541d, L:/127.0.0.1:63789 - R:localhost/127.0.0.1:51643]
16:18:54.571 [Forwarding getCurrentUrl on session 2a766db8162441d1205efbb48e5778a5 to remote] DEBUG org.asynchttpclient.netty.request.NettyRequestSender - Using pooled Channel '[id: 0x1901541d, L:/127.0.0.1:63789 - R:localhost/127.0.0.1:51643]' for 'GET' to 'http://localhost:51643/session/2a766db8162441d1205efbb48e5778a5/url'
16:18:54.571 [Forwarding getCurrentUrl on session 2a766db8162441d1205efbb48e5778a5 to remote] DEBUG org.asynchttpclient.netty.request.NettyRequestSender - Using open Channel [id: 0x1901541d, L:/127.0.0.1:63789 - R:localhost/127.0.0.1:51643] for GET '/session/2a766db8162441d1205efbb48e5778a5/url'
16:18:54.584 [AsyncHttpClient-1-10] DEBUG org.asynchttpclient.netty.handler.HttpHandler - 

Request DefaultFullHttpRequest(decodeResult: success, version: HTTP/1.1, content: EmptyByteBufBE)
GET /session/2a766db8162441d1205efbb48e5778a5/url HTTP/1.1
User-Agent: selenium/4.1.2 (java windows)
Cache-Control: no-cache
Content-Type: application/json; charset=utf-8
host: localhost:51643
accept: */*

Response DefaultHttpResponse(decodeResult: success, version: HTTP/1.1)
HTTP/1.1 200 OK
Content-Type: application/json; charset=utf-8
cache-control: no-cache
content-length: 44

16:18:54.584 [AsyncHttpClient-1-10] DEBUG org.asynchttpclient.netty.channel.ChannelManager - Adding key: http://localhost:51643 for channel [id: 0x1901541d, L:/127.0.0.1:63789 - R:localhost/127.0.0.1:51643]
16:18:54.593 [Forwarding screenshot on session 2a766db8162441d1205efbb48e5778a5 to remote] DEBUG org.asynchttpclient.netty.request.NettyRequestSender - Using pooled Channel '[id: 0x1901541d, L:/127.0.0.1:63789 - R:localhost/127.0.0.1:51643]' for 'GET' to 'http://localhost:51643/session/2a766db8162441d1205efbb48e5778a5/screenshot'
16:18:54.593 [Forwarding screenshot on session 2a766db8162441d1205efbb48e5778a5 to remote] DEBUG org.asynchttpclient.netty.request.NettyRequestSender - Using open Channel [id: 0x1901541d, L:/127.0.0.1:63789 - R:localhost/127.0.0.1:51643] for GET '/session/2a766db8162441d1205efbb48e5778a5/screenshot'
16:18:54.848 [AsyncHttpClient-1-10] DEBUG org.asynchttpclient.netty.handler.HttpHandler - 

Request DefaultFullHttpRequest(decodeResult: success, version: HTTP/1.1, content: EmptyByteBufBE)
GET /session/2a766db8162441d1205efbb48e5778a5/screenshot HTTP/1.1
User-Agent: selenium/4.1.2 (java windows)
Cache-Control: no-cache
Content-Type: application/json; charset=utf-8
host: localhost:51643
accept: */*

Response DefaultHttpResponse(decodeResult: success, version: HTTP/1.1)
HTTP/1.1 200 OK
Content-Type: application/json; charset=utf-8
cache-control: no-cache
content-length: 35724

16:18:54.849 [AsyncHttpClient-1-10] DEBUG org.asynchttpclient.netty.channel.ChannelManager - Adding key: http://localhost:51643 for channel [id: 0x1901541d, L:/127.0.0.1:63789 - R:localhost/127.0.0.1:51643]
16:18:54.850 [main] DEBUG net.serenitybdd.core.photography.Darkroom - Send negative for processing for target\site\serenity\128b9aeafc681d0e5c9eb087db846ab3e79d9fa9fe5c8c3dd2abc1ce1d54dbc5.png
16:18:54.851 [main] DEBUG net.thucydides.core.steps.StepInterceptor - STARTING STEP: RegisterStep.iAmOnTheRegisterPage - validateOnRegisterPage
16:18:54.852 [Forwarding findElement on session 2a766db8162441d1205efbb48e5778a5 to remote] DEBUG org.asynchttpclient.netty.request.NettyRequestSender - Using pooled Channel '[id: 0x1901541d, L:/127.0.0.1:63789 - R:localhost/127.0.0.1:51643]' for 'POST' to 'http://localhost:51643/session/2a766db8162441d1205efbb48e5778a5/element'
16:18:54.852 [Forwarding findElement on session 2a766db8162441d1205efbb48e5778a5 to remote] DEBUG org.asynchttpclient.netty.request.NettyRequestSender - Using open Channel [id: 0x1901541d, L:/127.0.0.1:63789 - R:localhost/127.0.0.1:51643] for POST '/session/2a766db8162441d1205efbb48e5778a5/element'
16:18:54.861 [AsyncHttpClient-1-10] DEBUG org.asynchttpclient.netty.handler.HttpHandler - 

Request DefaultHttpRequest(decodeResult: success, version: HTTP/1.1)
POST /session/2a766db8162441d1205efbb48e5778a5/element HTTP/1.1
User-Agent: selenium/4.1.2 (java windows)
Content-Length: 136
Content-Type: application/json; charset=utf-8
host: localhost:51643
accept: */*

Response DefaultHttpResponse(decodeResult: success, version: HTTP/1.1)
HTTP/1.1 200 OK
Content-Type: application/json; charset=utf-8
cache-control: no-cache
content-length: 88

16:18:54.861 [AsyncHttpClient-1-10] DEBUG org.asynchttpclient.netty.channel.ChannelManager - Adding key: http://localhost:51643 for channel [id: 0x1901541d, L:/127.0.0.1:63789 - R:localhost/127.0.0.1:51643]
16:18:54.864 [Forwarding isElementDisplayed on session 2a766db8162441d1205efbb48e5778a5 to remote] DEBUG org.asynchttpclient.netty.request.NettyRequestSender - Using pooled Channel '[id: 0x1901541d, L:/127.0.0.1:63789 - R:localhost/127.0.0.1:51643]' for 'POST' to 'http://localhost:51643/session/2a766db8162441d1205efbb48e5778a5/execute/sync'
16:18:54.864 [Forwarding isElementDisplayed on session 2a766db8162441d1205efbb48e5778a5 to remote] DEBUG org.asynchttpclient.netty.request.NettyRequestSender - Using open Channel [id: 0x1901541d, L:/127.0.0.1:63789 - R:localhost/127.0.0.1:51643] for POST '/session/2a766db8162441d1205efbb48e5778a5/execute/sync'
16:18:54.876 [AsyncHttpClient-1-10] DEBUG org.asynchttpclient.netty.handler.HttpHandler - 

Request DefaultHttpRequest(decodeResult: success, version: HTTP/1.1)
POST /session/2a766db8162441d1205efbb48e5778a5/execute/sync HTTP/1.1
User-Agent: selenium/4.1.2 (java windows)
Content-Length: 48780
Content-Type: application/json; charset=utf-8
host: localhost:51643
accept: */*

Response DefaultHttpResponse(decodeResult: success, version: HTTP/1.1)
HTTP/1.1 200 OK
Content-Type: application/json; charset=utf-8
cache-control: no-cache
content-length: 14

16:18:54.876 [AsyncHttpClient-1-10] DEBUG org.asynchttpclient.netty.channel.ChannelManager - Adding key: http://localhost:51643 for channel [id: 0x1901541d, L:/127.0.0.1:63789 - R:localhost/127.0.0.1:51643]
16:18:54.879 [main] DEBUG net.thucydides.core.steps.StepInterceptor - STEP DONE: validateOnRegisterPage
  &amp#27;[32mGiven &amp#27;[0m&amp#27;[32mI am on the register page&amp#27;[0m            &amp#27;[90m# Starter.StepDefinitions.RegisterStep.iAmOnTheRegisterPage()&amp#27;[0m
16:18:54.889 [main] DEBUG net.thucydides.core.steps.StepInterceptor - STARTING STEP: RegisterStep.iInputnamalengkap - inputnamalengkap
16:18:54.892 [Forwarding findElement on session 2a766db8162441d1205efbb48e5778a5 to remote] DEBUG org.asynchttpclient.netty.request.NettyRequestSender - Using pooled Channel '[id: 0x1901541d, L:/127.0.0.1:63789 - R:localhost/127.0.0.1:51643]' for 'POST' to 'http://localhost:51643/session/2a766db8162441d1205efbb48e5778a5/element'
16:18:54.892 [Forwarding findElement on session 2a766db8162441d1205efbb48e5778a5 to remote] DEBUG org.asynchttpclient.netty.request.NettyRequestSender - Using open Channel [id: 0x1901541d, L:/127.0.0.1:63789 - R:localhost/127.0.0.1:51643] for POST '/session/2a766db8162441d1205efbb48e5778a5/element'
16:18:54.900 [AsyncHttpClient-1-10] DEBUG org.asynchttpclient.netty.handler.HttpHandler - 

Request DefaultHttpRequest(decodeResult: success, version: HTTP/1.1)
POST /session/2a766db8162441d1205efbb48e5778a5/element HTTP/1.1
User-Agent: selenium/4.1.2 (java windows)
Content-Length: 98
Content-Type: application/json; charset=utf-8
host: localhost:51643
accept: */*

Response DefaultHttpResponse(decodeResult: success, version: HTTP/1.1)
HTTP/1.1 200 OK
Content-Type: application/json; charset=utf-8
cache-control: no-cache
content-length: 88

16:18:54.900 [AsyncHttpClient-1-10] DEBUG org.asynchttpclient.netty.channel.ChannelManager - Adding key: http://localhost:51643 for channel [id: 0x1901541d, L:/127.0.0.1:63789 - R:localhost/127.0.0.1:51643]
16:18:54.901 [Forwarding clearElement on session 2a766db8162441d1205efbb48e5778a5 to remote] DEBUG org.asynchttpclient.netty.request.NettyRequestSender - Using pooled Channel '[id: 0x1901541d, L:/127.0.0.1:63789 - R:localhost/127.0.0.1:51643]' for 'POST' to 'http://localhost:51643/session/2a766db8162441d1205efbb48e5778a5/element/8168c2c1-6f13-4aee-b2ec-da46b9bd8098/clear'
16:18:54.901 [Forwarding clearElement on session 2a766db8162441d1205efbb48e5778a5 to remote] DEBUG org.asynchttpclient.netty.request.NettyRequestSender - Using open Channel [id: 0x1901541d, L:/127.0.0.1:63789 - R:localhost/127.0.0.1:51643] for POST '/session/2a766db8162441d1205efbb48e5778a5/element/8168c2c1-6f13-4aee-b2ec-da46b9bd8098/clear'
16:18:54.923 [AsyncHttpClient-1-10] DEBUG org.asynchttpclient.netty.handler.HttpHandler - 

Request DefaultHttpRequest(decodeResult: success, version: HTTP/1.1)
POST /session/2a766db8162441d1205efbb48e5778a5/element/8168c2c1-6f13-4aee-b2ec-da46b9bd8098/clear HTTP/1.1
User-Agent: selenium/4.1.2 (java windows)
Content-Length: 50
Content-Type: application/json; charset=utf-8
host: localhost:51643
accept: */*

Response DefaultHttpResponse(decodeResult: success, version: HTTP/1.1)
HTTP/1.1 200 OK
Content-Type: application/json; charset=utf-8
cache-control: no-cache
content-length: 14

16:18:54.923 [AsyncHttpClient-1-10] DEBUG org.asynchttpclient.netty.channel.ChannelManager - Adding key: http://localhost:51643 for channel [id: 0x1901541d, L:/127.0.0.1:63789 - R:localhost/127.0.0.1:51643]
16:18:54.925 [Forwarding sendKeysToElement on session 2a766db8162441d1205efbb48e5778a5 to remote] DEBUG org.asynchttpclient.netty.request.NettyRequestSender - Using pooled Channel '[id: 0x1901541d, L:/127.0.0.1:63789 - R:localhost/127.0.0.1:51643]' for 'POST' to 'http://localhost:51643/session/2a766db8162441d1205efbb48e5778a5/element/8168c2c1-6f13-4aee-b2ec-da46b9bd8098/value'
16:18:54.925 [Forwarding sendKeysToElement on session 2a766db8162441d1205efbb48e5778a5 to remote] DEBUG org.asynchttpclient.netty.request.NettyRequestSender - Using open Channel [id: 0x1901541d, L:/127.0.0.1:63789 - R:localhost/127.0.0.1:51643] for POST '/session/2a766db8162441d1205efbb48e5778a5/element/8168c2c1-6f13-4aee-b2ec-da46b9bd8098/value'
16:18:54.930 [AsyncHttpClient-1-1] DEBUG org.asynchttpclient.netty.channel.DefaultChannelPool - Entry count for : http://localhost:63790 : 1
16:18:55.015 [AsyncHttpClient-1-10] DEBUG org.asynchttpclient.netty.handler.HttpHandler - 

Request DefaultHttpRequest(decodeResult: success, version: HTTP/1.1)
POST /session/2a766db8162441d1205efbb48e5778a5/element/8168c2c1-6f13-4aee-b2ec-da46b9bd8098/value HTTP/1.1
User-Agent: selenium/4.1.2 (java windows)
Content-Length: 231
Content-Type: application/json; charset=utf-8
host: localhost:51643
accept: */*

Response DefaultHttpResponse(decodeResult: success, version: HTTP/1.1)
HTTP/1.1 200 OK
Content-Type: application/json; charset=utf-8
cache-control: no-cache
content-length: 14

16:18:55.015 [AsyncHttpClient-1-10] DEBUG org.asynchttpclient.netty.channel.ChannelManager - Adding key: http://localhost:51643 for channel [id: 0x1901541d, L:/127.0.0.1:63789 - R:localhost/127.0.0.1:51643]
16:18:55.019 [Forwarding screenshot on session 2a766db8162441d1205efbb48e5778a5 to remote] DEBUG org.asynchttpclient.netty.request.NettyRequestSender - Using pooled Channel '[id: 0x1901541d, L:/127.0.0.1:63789 - R:localhost/127.0.0.1:51643]' for 'GET' to 'http://localhost:51643/session/2a766db8162441d1205efbb48e5778a5/screenshot'
16:18:55.019 [Forwarding screenshot on session 2a766db8162441d1205efbb48e5778a5 to remote] DEBUG org.asynchttpclient.netty.request.NettyRequestSender - Using open Channel [id: 0x1901541d, L:/127.0.0.1:63789 - R:localhost/127.0.0.1:51643] for GET '/session/2a766db8162441d1205efbb48e5778a5/screenshot'
16:18:55.204 [AsyncHttpClient-1-10] DEBUG org.asynchttpclient.netty.handler.HttpHandler - 

Request DefaultFullHttpRequest(decodeResult: success, version: HTTP/1.1, content: EmptyByteBufBE)
GET /session/2a766db8162441d1205efbb48e5778a5/screenshot HTTP/1.1
User-Agent: selenium/4.1.2 (java windows)
Cache-Control: no-cache
Content-Type: application/json; charset=utf-8
host: localhost:51643
accept: */*

Response DefaultHttpResponse(decodeResult: success, version: HTTP/1.1)
HTTP/1.1 200 OK
Content-Type: application/json; charset=utf-8
cache-control: no-cache
content-length: 38848

16:18:55.205 [AsyncHttpClient-1-10] DEBUG org.asynchttpclient.netty.channel.ChannelManager - Adding key: http://localhost:51643 for channel [id: 0x1901541d, L:/127.0.0.1:63789 - R:localhost/127.0.0.1:51643]
16:18:55.207 [main] DEBUG net.serenitybdd.core.photography.Darkroom - Send negative for processing for target\site\serenity\f6148e020b8ed3906989edd1f8280caf0ca564e739d8e0723cafc2e627edb1e1.png
16:18:55.207 [main] DEBUG net.thucydides.core.steps.StepInterceptor - STEP DONE: inputnamalengkap
  &amp#27;[32mWhen &amp#27;[0m&amp#27;[32mI input &amp#27;[0m&amp#27;[32m&amp#27;[1m"rayhanekadinata"&amp#27;[0m&amp#27;[32m namalengkap&amp#27;[0m &amp#27;[90m# Starter.StepDefinitions.RegisterStep.iInputnamalengkap(java.lang.String)&amp#27;[0m
16:18:55.207 [Darkroom Processing Line] DEBUG net.serenitybdd.core.photography.DarkroomProcessingLine - Processing screenshot image in /var/screenshots/screenshot-16951416001879182065
16:18:55.207 [Darkroom Processing Line] DEBUG net.serenitybdd.core.photography.DarkroomProcessingLine - Saving screenshot to target\site\serenity\f6148e020b8ed3906989edd1f8280caf0ca564e739d8e0723cafc2e627edb1e1.png
16:18:55.221 [main] DEBUG net.thucydides.core.steps.StepInterceptor - STARTING STEP: RegisterStep.iInputEmails - inputemail
16:18:55.223 [Forwarding findElement on session 2a766db8162441d1205efbb48e5778a5 to remote] DEBUG org.asynchttpclient.netty.request.NettyRequestSender - Using pooled Channel '[id: 0x1901541d, L:/127.0.0.1:63789 - R:localhost/127.0.0.1:51643]' for 'POST' to 'http://localhost:51643/session/2a766db8162441d1205efbb48e5778a5/element'
16:18:55.223 [Forwarding findElement on session 2a766db8162441d1205efbb48e5778a5 to remote] DEBUG org.asynchttpclient.netty.request.NettyRequestSender - Using open Channel [id: 0x1901541d, L:/127.0.0.1:63789 - R:localhost/127.0.0.1:51643] for POST '/session/2a766db8162441d1205efbb48e5778a5/element'
16:18:55.233 [AsyncHttpClient-1-10] DEBUG org.asynchttpclient.netty.handler.HttpHandler - 

Request DefaultHttpRequest(decodeResult: success, version: HTTP/1.1)
POST /session/2a766db8162441d1205efbb48e5778a5/element HTTP/1.1
User-Agent: selenium/4.1.2 (java windows)
Content-Length: 91
Content-Type: application/json; charset=utf-8
host: localhost:51643
accept: */*

Response DefaultHttpResponse(decodeResult: success, version: HTTP/1.1)
HTTP/1.1 200 OK
Content-Type: application/json; charset=utf-8
cache-control: no-cache
content-length: 88

16:18:55.233 [AsyncHttpClient-1-10] DEBUG org.asynchttpclient.netty.channel.ChannelManager - Adding key: http://localhost:51643 for channel [id: 0x1901541d, L:/127.0.0.1:63789 - R:localhost/127.0.0.1:51643]
16:18:55.234 [Forwarding clearElement on session 2a766db8162441d1205efbb48e5778a5 to remote] DEBUG org.asynchttpclient.netty.request.NettyRequestSender - Using pooled Channel '[id: 0x1901541d, L:/127.0.0.1:63789 - R:localhost/127.0.0.1:51643]' for 'POST' to 'http://localhost:51643/session/2a766db8162441d1205efbb48e5778a5/element/d5f5452d-e3bf-4cc0-9ab8-c08e607debd5/clear'
16:18:55.234 [Forwarding clearElement on session 2a766db8162441d1205efbb48e5778a5 to remote] DEBUG org.asynchttpclient.netty.request.NettyRequestSender - Using open Channel [id: 0x1901541d, L:/127.0.0.1:63789 - R:localhost/127.0.0.1:51643] for POST '/session/2a766db8162441d1205efbb48e5778a5/element/d5f5452d-e3bf-4cc0-9ab8-c08e607debd5/clear'
16:18:55.262 [AsyncHttpClient-1-10] DEBUG org.asynchttpclient.netty.handler.HttpHandler - 

Request DefaultHttpRequest(decodeResult: success, version: HTTP/1.1)
POST /session/2a766db8162441d1205efbb48e5778a5/element/d5f5452d-e3bf-4cc0-9ab8-c08e607debd5/clear HTTP/1.1
User-Agent: selenium/4.1.2 (java windows)
Content-Length: 50
Content-Type: application/json; charset=utf-8
host: localhost:51643
accept: */*

Response DefaultHttpResponse(decodeResult: success, version: HTTP/1.1)
HTTP/1.1 200 OK
Content-Type: application/json; charset=utf-8
cache-control: no-cache
content-length: 14

16:18:55.262 [AsyncHttpClient-1-10] DEBUG org.asynchttpclient.netty.channel.ChannelManager - Adding key: http://localhost:51643 for channel [id: 0x1901541d, L:/127.0.0.1:63789 - R:localhost/127.0.0.1:51643]
16:18:55.263 [Forwarding sendKeysToElement on session 2a766db8162441d1205efbb48e5778a5 to remote] DEBUG org.asynchttpclient.netty.request.NettyRequestSender - Using pooled Channel '[id: 0x1901541d, L:/127.0.0.1:63789 - R:localhost/127.0.0.1:51643]' for 'POST' to 'http://localhost:51643/session/2a766db8162441d1205efbb48e5778a5/element/d5f5452d-e3bf-4cc0-9ab8-c08e607debd5/value'
16:18:55.263 [Forwarding sendKeysToElement on session 2a766db8162441d1205efbb48e5778a5 to remote] DEBUG org.asynchttpclient.netty.request.NettyRequestSender - Using open Channel [id: 0x1901541d, L:/127.0.0.1:63789 - R:localhost/127.0.0.1:51643] for POST '/session/2a766db8162441d1205efbb48e5778a5/element/d5f5452d-e3bf-4cc0-9ab8-c08e607debd5/value'
16:18:55.302 [AsyncHttpClient-1-10] DEBUG org.asynchttpclient.netty.handler.HttpHandler - 

Request DefaultHttpRequest(decodeResult: success, version: HTTP/1.1)
POST /session/2a766db8162441d1205efbb48e5778a5/element/d5f5452d-e3bf-4cc0-9ab8-c08e607debd5/value HTTP/1.1
User-Agent: selenium/4.1.2 (java windows)
Content-Length: 82
Content-Type: application/json; charset=utf-8
host: localhost:51643
accept: */*

Response DefaultHttpResponse(decodeResult: success, version: HTTP/1.1)
HTTP/1.1 200 OK
Content-Type: application/json; charset=utf-8
cache-control: no-cache
content-length: 14

16:18:55.302 [AsyncHttpClient-1-10] DEBUG org.asynchttpclient.netty.channel.ChannelManager - Adding key: http://localhost:51643 for channel [id: 0x1901541d, L:/127.0.0.1:63789 - R:localhost/127.0.0.1:51643]
16:18:55.308 [Forwarding screenshot on session 2a766db8162441d1205efbb48e5778a5 to remote] DEBUG org.asynchttpclient.netty.request.NettyRequestSender - Using pooled Channel '[id: 0x1901541d, L:/127.0.0.1:63789 - R:localhost/127.0.0.1:51643]' for 'GET' to 'http://localhost:51643/session/2a766db8162441d1205efbb48e5778a5/screenshot'
16:18:55.308 [Forwarding screenshot on session 2a766db8162441d1205efbb48e5778a5 to remote] DEBUG org.asynchttpclient.netty.request.NettyRequestSender - Using open Channel [id: 0x1901541d, L:/127.0.0.1:63789 - R:localhost/127.0.0.1:51643] for GET '/session/2a766db8162441d1205efbb48e5778a5/screenshot'
16:18:55.498 [AsyncHttpClient-1-10] DEBUG org.asynchttpclient.netty.handler.HttpHandler - 

Request DefaultFullHttpRequest(decodeResult: success, version: HTTP/1.1, content: EmptyByteBufBE)
GET /session/2a766db8162441d1205efbb48e5778a5/screenshot HTTP/1.1
User-Agent: selenium/4.1.2 (java windows)
Cache-Control: no-cache
Content-Type: application/json; charset=utf-8
host: localhost:51643
accept: */*

Response DefaultHttpResponse(decodeResult: success, version: HTTP/1.1)
HTTP/1.1 200 OK
Content-Type: application/json; charset=utf-8
cache-control: no-cache
content-length: 38280

16:18:55.499 [AsyncHttpClient-1-10] DEBUG org.asynchttpclient.netty.channel.ChannelManager - Adding key: http://localhost:51643 for channel [id: 0x1901541d, L:/127.0.0.1:63789 - R:localhost/127.0.0.1:51643]
16:18:55.500 [main] DEBUG net.serenitybdd.core.photography.Darkroom - Send negative for processing for target\site\serenity\3ab954d8601f9791dafd3ed55fe8c4c157fac85558b62ebad0073077ea1b0248.png
16:18:55.500 [main] DEBUG net.thucydides.core.steps.StepInterceptor - STEP DONE: inputemail
  &amp#27;[32mAnd &amp#27;[0m&amp#27;[32mI input &amp#27;[0m&amp#27;[32m&amp#27;[1m""&amp#27;[0m&amp#27;[32m emails&amp#27;[0m                      &amp#27;[90m# Starter.StepDefinitions.RegisterStep.iInputEmails(java.lang.String)&amp#27;[0m
16:18:55.500 [Darkroom Processing Line] DEBUG net.serenitybdd.core.photography.DarkroomProcessingLine - Processing screenshot image in /var/screenshots/screenshot-10888627938208827663
16:18:55.501 [Darkroom Processing Line] DEBUG net.serenitybdd.core.photography.DarkroomProcessingLine - Saving screenshot to target\site\serenity\3ab954d8601f9791dafd3ed55fe8c4c157fac85558b62ebad0073077ea1b0248.png
16:18:55.522 [main] DEBUG net.thucydides.core.steps.StepInterceptor - STARTING STEP: LoginStep.iInputPassword - inputPassword
16:18:55.524 [Forwarding findElement on session 2a766db8162441d1205efbb48e5778a5 to remote] DEBUG org.asynchttpclient.netty.request.NettyRequestSender - Using pooled Channel '[id: 0x1901541d, L:/127.0.0.1:63789 - R:localhost/127.0.0.1:51643]' for 'POST' to 'http://localhost:51643/session/2a766db8162441d1205efbb48e5778a5/element'
16:18:55.524 [Forwarding findElement on session 2a766db8162441d1205efbb48e5778a5 to remote] DEBUG org.asynchttpclient.netty.request.NettyRequestSender - Using open Channel [id: 0x1901541d, L:/127.0.0.1:63789 - R:localhost/127.0.0.1:51643] for POST '/session/2a766db8162441d1205efbb48e5778a5/element'
16:18:55.533 [AsyncHttpClient-1-10] DEBUG org.asynchttpclient.netty.handler.HttpHandler - 

Request DefaultHttpRequest(decodeResult: success, version: HTTP/1.1)
POST /session/2a766db8162441d1205efbb48e5778a5/element HTTP/1.1
User-Agent: selenium/4.1.2 (java windows)
Content-Length: 94
Content-Type: application/json; charset=utf-8
host: localhost:51643
accept: */*

Response DefaultHttpResponse(decodeResult: success, version: HTTP/1.1)
HTTP/1.1 200 OK
Content-Type: application/json; charset=utf-8
cache-control: no-cache
content-length: 88

16:18:55.533 [AsyncHttpClient-1-10] DEBUG org.asynchttpclient.netty.channel.ChannelManager - Adding key: http://localhost:51643 for channel [id: 0x1901541d, L:/127.0.0.1:63789 - R:localhost/127.0.0.1:51643]
16:18:55.536 [Forwarding clearElement on session 2a766db8162441d1205efbb48e5778a5 to remote] DEBUG org.asynchttpclient.netty.request.NettyRequestSender - Using pooled Channel '[id: 0x1901541d, L:/127.0.0.1:63789 - R:localhost/127.0.0.1:51643]' for 'POST' to 'http://localhost:51643/session/2a766db8162441d1205efbb48e5778a5/element/af9238d5-75f4-45db-82bb-fddbfc6f4b7f/clear'
16:18:55.536 [Forwarding clearElement on session 2a766db8162441d1205efbb48e5778a5 to remote] DEBUG org.asynchttpclient.netty.request.NettyRequestSender - Using open Channel [id: 0x1901541d, L:/127.0.0.1:63789 - R:localhost/127.0.0.1:51643] for POST '/session/2a766db8162441d1205efbb48e5778a5/element/af9238d5-75f4-45db-82bb-fddbfc6f4b7f/clear'
16:18:55.568 [AsyncHttpClient-1-10] DEBUG org.asynchttpclient.netty.handler.HttpHandler - 

Request DefaultHttpRequest(decodeResult: success, version: HTTP/1.1)
POST /session/2a766db8162441d1205efbb48e5778a5/element/af9238d5-75f4-45db-82bb-fddbfc6f4b7f/clear HTTP/1.1
User-Agent: selenium/4.1.2 (java windows)
Content-Length: 50
Content-Type: application/json; charset=utf-8
host: localhost:51643
accept: */*

Response DefaultHttpResponse(decodeResult: success, version: HTTP/1.1)
HTTP/1.1 200 OK
Content-Type: application/json; charset=utf-8
cache-control: no-cache
content-length: 14

16:18:55.568 [AsyncHttpClient-1-10] DEBUG org.asynchttpclient.netty.channel.ChannelManager - Adding key: http://localhost:51643 for channel [id: 0x1901541d, L:/127.0.0.1:63789 - R:localhost/127.0.0.1:51643]
16:18:55.570 [Forwarding sendKeysToElement on session 2a766db8162441d1205efbb48e5778a5 to remote] DEBUG org.asynchttpclient.netty.request.NettyRequestSender - Using pooled Channel '[id: 0x1901541d, L:/127.0.0.1:63789 - R:localhost/127.0.0.1:51643]' for 'POST' to 'http://localhost:51643/session/2a766db8162441d1205efbb48e5778a5/element/af9238d5-75f4-45db-82bb-fddbfc6f4b7f/value'
16:18:55.570 [Forwarding sendKeysToElement on session 2a766db8162441d1205efbb48e5778a5 to remote] DEBUG org.asynchttpclient.netty.request.NettyRequestSender - Using open Channel [id: 0x1901541d, L:/127.0.0.1:63789 - R:localhost/127.0.0.1:51643] for POST '/session/2a766db8162441d1205efbb48e5778a5/element/af9238d5-75f4-45db-82bb-fddbfc6f4b7f/value'
16:18:55.648 [AsyncHttpClient-1-10] DEBUG org.asynchttpclient.netty.handler.HttpHandler - 

Request DefaultHttpRequest(decodeResult: success, version: HTTP/1.1)
POST /session/2a766db8162441d1205efbb48e5778a5/element/af9238d5-75f4-45db-82bb-fddbfc6f4b7f/value HTTP/1.1
User-Agent: selenium/4.1.2 (java windows)
Content-Length: 181
Content-Type: application/json; charset=utf-8
host: localhost:51643
accept: */*

Response DefaultHttpResponse(decodeResult: success, version: HTTP/1.1)
HTTP/1.1 200 OK
Content-Type: application/json; charset=utf-8
cache-control: no-cache
content-length: 14

16:18:55.649 [AsyncHttpClient-1-10] DEBUG org.asynchttpclient.netty.channel.ChannelManager - Adding key: http://localhost:51643 for channel [id: 0x1901541d, L:/127.0.0.1:63789 - R:localhost/127.0.0.1:51643]
16:18:55.654 [Forwarding screenshot on session 2a766db8162441d1205efbb48e5778a5 to remote] DEBUG org.asynchttpclient.netty.request.NettyRequestSender - Using pooled Channel '[id: 0x1901541d, L:/127.0.0.1:63789 - R:localhost/127.0.0.1:51643]' for 'GET' to 'http://localhost:51643/session/2a766db8162441d1205efbb48e5778a5/screenshot'
16:18:55.654 [Forwarding screenshot on session 2a766db8162441d1205efbb48e5778a5 to remote] DEBUG org.asynchttpclient.netty.request.NettyRequestSender - Using open Channel [id: 0x1901541d, L:/127.0.0.1:63789 - R:localhost/127.0.0.1:51643] for GET '/session/2a766db8162441d1205efbb48e5778a5/screenshot'
16:18:55.899 [AsyncHttpClient-1-10] DEBUG org.asynchttpclient.netty.handler.HttpHandler - 

Request DefaultFullHttpRequest(decodeResult: success, version: HTTP/1.1, content: EmptyByteBufBE)
GET /session/2a766db8162441d1205efbb48e5778a5/screenshot HTTP/1.1
User-Agent: selenium/4.1.2 (java windows)
Cache-Control: no-cache
Content-Type: application/json; charset=utf-8
host: localhost:51643
accept: */*

Response DefaultHttpResponse(decodeResult: success, version: HTTP/1.1)
HTTP/1.1 200 OK
Content-Type: application/json; charset=utf-8
cache-control: no-cache
content-length: 40616

16:18:55.900 [AsyncHttpClient-1-10] DEBUG org.asynchttpclient.netty.channel.ChannelManager - Adding key: http://localhost:51643 for channel [id: 0x1901541d, L:/127.0.0.1:63789 - R:localhost/127.0.0.1:51643]
16:18:55.901 [main] DEBUG net.serenitybdd.core.photography.Darkroom - Send negative for processing for target\site\serenity\78178dfb3e78bca3edd17a7b54711b3f4538c714776b4e567efb98f45769a3f9.png
16:18:55.902 [main] DEBUG net.thucydides.core.steps.StepInterceptor - STEP DONE: inputPassword
  &amp#27;[32mAnd &amp#27;[0m&amp#27;[32mI input &amp#27;[0m&amp#27;[32m&amp#27;[1m"rayhan1234"&amp#27;[0m&amp#27;[32m password&amp#27;[0m          &amp#27;[90m# Starter.StepDefinitions.LoginStep.iInputPassword(java.lang.String)&amp#27;[0m
16:18:55.902 [Darkroom Processing Line] DEBUG net.serenitybdd.core.photography.DarkroomProcessingLine - Processing screenshot image in /var/screenshots/screenshot-16058259848707907025
16:18:55.902 [Darkroom Processing Line] DEBUG net.serenitybdd.core.photography.DarkroomProcessingLine - Saving screenshot to target\site\serenity\78178dfb3e78bca3edd17a7b54711b3f4538c714776b4e567efb98f45769a3f9.png
16:18:55.915 [main] DEBUG net.thucydides.core.steps.StepInterceptor - STARTING STEP: RegisterStep.clickRegisterButton - clickRegisterButton
16:18:55.917 [Forwarding findElement on session 2a766db8162441d1205efbb48e5778a5 to remote] DEBUG org.asynchttpclient.netty.request.NettyRequestSender - Using pooled Channel '[id: 0x1901541d, L:/127.0.0.1:63789 - R:localhost/127.0.0.1:51643]' for 'POST' to 'http://localhost:51643/session/2a766db8162441d1205efbb48e5778a5/element'
16:18:55.917 [Forwarding findElement on session 2a766db8162441d1205efbb48e5778a5 to remote] DEBUG org.asynchttpclient.netty.request.NettyRequestSender - Using open Channel [id: 0x1901541d, L:/127.0.0.1:63789 - R:localhost/127.0.0.1:51643] for POST '/session/2a766db8162441d1205efbb48e5778a5/element'
16:18:55.924 [AsyncHttpClient-1-10] DEBUG org.asynchttpclient.netty.handler.HttpHandler - 

Request DefaultHttpRequest(decodeResult: success, version: HTTP/1.1)
POST /session/2a766db8162441d1205efbb48e5778a5/element HTTP/1.1
User-Agent: selenium/4.1.2 (java windows)
Content-Length: 136
Content-Type: application/json; charset=utf-8
host: localhost:51643
accept: */*

Response DefaultHttpResponse(decodeResult: success, version: HTTP/1.1)
HTTP/1.1 200 OK
Content-Type: application/json; charset=utf-8
cache-control: no-cache
content-length: 88

16:18:55.924 [AsyncHttpClient-1-10] DEBUG org.asynchttpclient.netty.channel.ChannelManager - Adding key: http://localhost:51643 for channel [id: 0x1901541d, L:/127.0.0.1:63789 - R:localhost/127.0.0.1:51643]
16:18:55.925 [Forwarding getElementTagName on session 2a766db8162441d1205efbb48e5778a5 to remote] DEBUG org.asynchttpclient.netty.request.NettyRequestSender - Using pooled Channel '[id: 0x1901541d, L:/127.0.0.1:63789 - R:localhost/127.0.0.1:51643]' for 'GET' to 'http://localhost:51643/session/2a766db8162441d1205efbb48e5778a5/element/dd392674-aaae-446b-9f62-355d129e4533/name'
16:18:55.925 [Forwarding getElementTagName on session 2a766db8162441d1205efbb48e5778a5 to remote] DEBUG org.asynchttpclient.netty.request.NettyRequestSender - Using open Channel [id: 0x1901541d, L:/127.0.0.1:63789 - R:localhost/127.0.0.1:51643] for GET '/session/2a766db8162441d1205efbb48e5778a5/element/dd392674-aaae-446b-9f62-355d129e4533/name'
16:18:55.928 [AsyncHttpClient-1-10] DEBUG org.asynchttpclient.netty.handler.HttpHandler - 

Request DefaultFullHttpRequest(decodeResult: success, version: HTTP/1.1, content: EmptyByteBufBE)
GET /session/2a766db8162441d1205efbb48e5778a5/element/dd392674-aaae-446b-9f62-355d129e4533/name HTTP/1.1
User-Agent: selenium/4.1.2 (java windows)
Cache-Control: no-cache
Content-Type: application/json; charset=utf-8
host: localhost:51643
accept: */*

Response DefaultHttpResponse(decodeResult: success, version: HTTP/1.1)
HTTP/1.1 200 OK
Content-Type: application/json; charset=utf-8
cache-control: no-cache
content-length: 18

16:18:55.928 [AsyncHttpClient-1-10] DEBUG org.asynchttpclient.netty.channel.ChannelManager - Adding key: http://localhost:51643 for channel [id: 0x1901541d, L:/127.0.0.1:63789 - R:localhost/127.0.0.1:51643]
16:18:55.929 [Forwarding getElementTagName on session 2a766db8162441d1205efbb48e5778a5 to remote] DEBUG org.asynchttpclient.netty.request.NettyRequestSender - Using pooled Channel '[id: 0x1901541d, L:/127.0.0.1:63789 - R:localhost/127.0.0.1:51643]' for 'GET' to 'http://localhost:51643/session/2a766db8162441d1205efbb48e5778a5/element/dd392674-aaae-446b-9f62-355d129e4533/name'
16:18:55.929 [Forwarding getElementTagName on session 2a766db8162441d1205efbb48e5778a5 to remote] DEBUG org.asynchttpclient.netty.request.NettyRequestSender - Using open Channel [id: 0x1901541d, L:/127.0.0.1:63789 - R:localhost/127.0.0.1:51643] for GET '/session/2a766db8162441d1205efbb48e5778a5/element/dd392674-aaae-446b-9f62-355d129e4533/name'
16:18:55.932 [AsyncHttpClient-1-10] DEBUG org.asynchttpclient.netty.handler.HttpHandler - 

Request DefaultFullHttpRequest(decodeResult: success, version: HTTP/1.1, content: EmptyByteBufBE)
GET /session/2a766db8162441d1205efbb48e5778a5/element/dd392674-aaae-446b-9f62-355d129e4533/name HTTP/1.1
User-Agent: selenium/4.1.2 (java windows)
Cache-Control: no-cache
Content-Type: application/json; charset=utf-8
host: localhost:51643
accept: */*

Response DefaultHttpResponse(decodeResult: success, version: HTTP/1.1)
HTTP/1.1 200 OK
Content-Type: application/json; charset=utf-8
cache-control: no-cache
content-length: 18

16:18:55.932 [AsyncHttpClient-1-10] DEBUG org.asynchttpclient.netty.channel.ChannelManager - Adding key: http://localhost:51643 for channel [id: 0x1901541d, L:/127.0.0.1:63789 - R:localhost/127.0.0.1:51643]
16:18:55.935 [Forwarding isElementEnabled on session 2a766db8162441d1205efbb48e5778a5 to remote] DEBUG org.asynchttpclient.netty.request.NettyRequestSender - Using pooled Channel '[id: 0x1901541d, L:/127.0.0.1:63789 - R:localhost/127.0.0.1:51643]' for 'GET' to 'http://localhost:51643/session/2a766db8162441d1205efbb48e5778a5/element/dd392674-aaae-446b-9f62-355d129e4533/enabled'
16:18:55.935 [Forwarding isElementEnabled on session 2a766db8162441d1205efbb48e5778a5 to remote] DEBUG org.asynchttpclient.netty.request.NettyRequestSender - Using open Channel [id: 0x1901541d, L:/127.0.0.1:63789 - R:localhost/127.0.0.1:51643] for GET '/session/2a766db8162441d1205efbb48e5778a5/element/dd392674-aaae-446b-9f62-355d129e4533/enabled'
16:18:55.941 [AsyncHttpClient-1-10] DEBUG org.asynchttpclient.netty.handler.HttpHandler - 

Request DefaultFullHttpRequest(decodeResult: success, version: HTTP/1.1, content: EmptyByteBufBE)
GET /session/2a766db8162441d1205efbb48e5778a5/element/dd392674-aaae-446b-9f62-355d129e4533/enabled HTTP/1.1
User-Agent: selenium/4.1.2 (java windows)
Cache-Control: no-cache
Content-Type: application/json; charset=utf-8
host: localhost:51643
accept: */*

Response DefaultHttpResponse(decodeResult: success, version: HTTP/1.1)
HTTP/1.1 200 OK
Content-Type: application/json; charset=utf-8
cache-control: no-cache
content-length: 14

16:18:55.941 [AsyncHttpClient-1-10] DEBUG org.asynchttpclient.netty.channel.ChannelManager - Adding key: http://localhost:51643 for channel [id: 0x1901541d, L:/127.0.0.1:63789 - R:localhost/127.0.0.1:51643]
16:18:55.942 [Forwarding isElementEnabled on session 2a766db8162441d1205efbb48e5778a5 to remote] DEBUG org.asynchttpclient.netty.request.NettyRequestSender - Using pooled Channel '[id: 0x1901541d, L:/127.0.0.1:63789 - R:localhost/127.0.0.1:51643]' for 'GET' to 'http://localhost:51643/session/2a766db8162441d1205efbb48e5778a5/element/dd392674-aaae-446b-9f62-355d129e4533/enabled'
16:18:55.942 [Forwarding isElementEnabled on session 2a766db8162441d1205efbb48e5778a5 to remote] DEBUG org.asynchttpclient.netty.request.NettyRequestSender - Using open Channel [id: 0x1901541d, L:/127.0.0.1:63789 - R:localhost/127.0.0.1:51643] for GET '/session/2a766db8162441d1205efbb48e5778a5/element/dd392674-aaae-446b-9f62-355d129e4533/enabled'
16:18:55.947 [AsyncHttpClient-1-10] DEBUG org.asynchttpclient.netty.handler.HttpHandler - 

Request DefaultFullHttpRequest(decodeResult: success, version: HTTP/1.1, content: EmptyByteBufBE)
GET /session/2a766db8162441d1205efbb48e5778a5/element/dd392674-aaae-446b-9f62-355d129e4533/enabled HTTP/1.1
User-Agent: selenium/4.1.2 (java windows)
Cache-Control: no-cache
Content-Type: application/json; charset=utf-8
host: localhost:51643
accept: */*

Response DefaultHttpResponse(decodeResult: success, version: HTTP/1.1)
HTTP/1.1 200 OK
Content-Type: application/json; charset=utf-8
cache-control: no-cache
content-length: 14

16:18:55.947 [AsyncHttpClient-1-10] DEBUG org.asynchttpclient.netty.channel.ChannelManager - Adding key: http://localhost:51643 for channel [id: 0x1901541d, L:/127.0.0.1:63789 - R:localhost/127.0.0.1:51643]
16:18:55.949 [Forwarding findElement on session 2a766db8162441d1205efbb48e5778a5 to remote] DEBUG org.asynchttpclient.netty.request.NettyRequestSender - Using pooled Channel '[id: 0x1901541d, L:/127.0.0.1:63789 - R:localhost/127.0.0.1:51643]' for 'POST' to 'http://localhost:51643/session/2a766db8162441d1205efbb48e5778a5/element'
16:18:55.949 [Forwarding findElement on session 2a766db8162441d1205efbb48e5778a5 to remote] DEBUG org.asynchttpclient.netty.request.NettyRequestSender - Using open Channel [id: 0x1901541d, L:/127.0.0.1:63789 - R:localhost/127.0.0.1:51643] for POST '/session/2a766db8162441d1205efbb48e5778a5/element'
16:18:55.954 [AsyncHttpClient-1-10] DEBUG org.asynchttpclient.netty.handler.HttpHandler - 

Request DefaultHttpRequest(decodeResult: success, version: HTTP/1.1)
POST /session/2a766db8162441d1205efbb48e5778a5/element HTTP/1.1
User-Agent: selenium/4.1.2 (java windows)
Content-Length: 136
Content-Type: application/json; charset=utf-8
host: localhost:51643
accept: */*

Response DefaultHttpResponse(decodeResult: success, version: HTTP/1.1)
HTTP/1.1 200 OK
Content-Type: application/json; charset=utf-8
cache-control: no-cache
content-length: 88

16:18:55.954 [AsyncHttpClient-1-10] DEBUG org.asynchttpclient.netty.channel.ChannelManager - Adding key: http://localhost:51643 for channel [id: 0x1901541d, L:/127.0.0.1:63789 - R:localhost/127.0.0.1:51643]
16:18:55.955 [Forwarding clickElement on session 2a766db8162441d1205efbb48e5778a5 to remote] DEBUG org.asynchttpclient.netty.request.NettyRequestSender - Using pooled Channel '[id: 0x1901541d, L:/127.0.0.1:63789 - R:localhost/127.0.0.1:51643]' for 'POST' to 'http://localhost:51643/session/2a766db8162441d1205efbb48e5778a5/element/dd392674-aaae-446b-9f62-355d129e4533/click'
16:18:55.955 [Forwarding clickElement on session 2a766db8162441d1205efbb48e5778a5 to remote] DEBUG org.asynchttpclient.netty.request.NettyRequestSender - Using open Channel [id: 0x1901541d, L:/127.0.0.1:63789 - R:localhost/127.0.0.1:51643] for POST '/session/2a766db8162441d1205efbb48e5778a5/element/dd392674-aaae-446b-9f62-355d129e4533/click'
16:18:55.995 [AsyncHttpClient-1-10] DEBUG org.asynchttpclient.netty.handler.HttpHandler - 

Request DefaultHttpRequest(decodeResult: success, version: HTTP/1.1)
POST /session/2a766db8162441d1205efbb48e5778a5/element/dd392674-aaae-446b-9f62-355d129e4533/click HTTP/1.1
User-Agent: selenium/4.1.2 (java windows)
Content-Length: 50
Content-Type: application/json; charset=utf-8
host: localhost:51643
accept: */*

Response DefaultHttpResponse(decodeResult: success, version: HTTP/1.1)
HTTP/1.1 200 OK
Content-Type: application/json; charset=utf-8
cache-control: no-cache
content-length: 14

16:18:55.995 [AsyncHttpClient-1-10] DEBUG org.asynchttpclient.netty.channel.ChannelManager - Adding key: http://localhost:51643 for channel [id: 0x1901541d, L:/127.0.0.1:63789 - R:localhost/127.0.0.1:51643]
16:18:56.002 [Forwarding screenshot on session 2a766db8162441d1205efbb48e5778a5 to remote] DEBUG org.asynchttpclient.netty.request.NettyRequestSender - Using pooled Channel '[id: 0x1901541d, L:/127.0.0.1:63789 - R:localhost/127.0.0.1:51643]' for 'GET' to 'http://localhost:51643/session/2a766db8162441d1205efbb48e5778a5/screenshot'
16:18:56.002 [Forwarding screenshot on session 2a766db8162441d1205efbb48e5778a5 to remote] DEBUG org.asynchttpclient.netty.request.NettyRequestSender - Using open Channel [id: 0x1901541d, L:/127.0.0.1:63789 - R:localhost/127.0.0.1:51643] for GET '/session/2a766db8162441d1205efbb48e5778a5/screenshot'
16:18:56.033 [AsyncHttpClient-1-1] DEBUG org.asynchttpclient.netty.channel.DefaultChannelPool - Entry count for : http://localhost:63790 : 1
16:18:56.221 [AsyncHttpClient-1-10] DEBUG org.asynchttpclient.netty.handler.HttpHandler - 

Request DefaultFullHttpRequest(decodeResult: success, version: HTTP/1.1, content: EmptyByteBufBE)
GET /session/2a766db8162441d1205efbb48e5778a5/screenshot HTTP/1.1
User-Agent: selenium/4.1.2 (java windows)
Cache-Control: no-cache
Content-Type: application/json; charset=utf-8
host: localhost:51643
accept: */*

Response DefaultHttpResponse(decodeResult: success, version: HTTP/1.1)
HTTP/1.1 200 OK
Content-Type: application/json; charset=utf-8
cache-control: no-cache
content-length: 39672

16:18:56.221 [AsyncHttpClient-1-10] DEBUG org.asynchttpclient.netty.channel.ChannelManager - Adding key: http://localhost:51643 for channel [id: 0x1901541d, L:/127.0.0.1:63789 - R:localhost/127.0.0.1:51643]
16:18:56.223 [main] DEBUG net.serenitybdd.core.photography.Darkroom - Send negative for processing for target\site\serenity\e3007362874ed624cac12ad9717231070b24b52c0ab68c508ba3ce5bbbdeabec.png
16:18:56.223 [main] DEBUG net.thucydides.core.steps.StepInterceptor - STEP DONE: clickRegisterButton
  &amp#27;[32mAnd &amp#27;[0m&amp#27;[32mclick register button&amp#27;[0m                  &amp#27;[90m# Starter.StepDefinitions.RegisterStep.clickRegisterButton()&amp#27;[0m
16:18:56.223 [Darkroom Processing Line] DEBUG net.serenitybdd.core.photography.DarkroomProcessingLine - Processing screenshot image in /var/screenshots/screenshot-17858238702454856366
16:18:56.224 [Darkroom Processing Line] DEBUG net.serenitybdd.core.photography.DarkroomProcessingLine - Saving screenshot to target\site\serenity\e3007362874ed624cac12ad9717231070b24b52c0ab68c508ba3ce5bbbdeabec.png
16:18:56.237 [main] DEBUG net.thucydides.core.steps.StepInterceptor - STARTING STEP: RegisterStep.iGet - errorMessageAppears
16:18:56.238 [Forwarding findElement on session 2a766db8162441d1205efbb48e5778a5 to remote] DEBUG org.asynchttpclient.netty.request.NettyRequestSender - Using pooled Channel '[id: 0x1901541d, L:/127.0.0.1:63789 - R:localhost/127.0.0.1:51643]' for 'POST' to 'http://localhost:51643/session/2a766db8162441d1205efbb48e5778a5/element'
16:18:56.238 [Forwarding findElement on session 2a766db8162441d1205efbb48e5778a5 to remote] DEBUG org.asynchttpclient.netty.request.NettyRequestSender - Using open Channel [id: 0x1901541d, L:/127.0.0.1:63789 - R:localhost/127.0.0.1:51643] for POST '/session/2a766db8162441d1205efbb48e5778a5/element'
16:18:56.249 [AsyncHttpClient-1-10] DEBUG org.asynchttpclient.netty.handler.HttpHandler - 

Request DefaultHttpRequest(decodeResult: success, version: HTTP/1.1)
POST /session/2a766db8162441d1205efbb48e5778a5/element HTTP/1.1
User-Agent: selenium/4.1.2 (java windows)
Content-Length: 137
Content-Type: application/json; charset=utf-8
host: localhost:51643
accept: */*

Response DefaultHttpResponse(decodeResult: success, version: HTTP/1.1)
HTTP/1.1 200 OK
Content-Type: application/json; charset=utf-8
cache-control: no-cache
content-length: 88

16:18:56.249 [AsyncHttpClient-1-10] DEBUG org.asynchttpclient.netty.channel.ChannelManager - Adding key: http://localhost:51643 for channel [id: 0x1901541d, L:/127.0.0.1:63789 - R:localhost/127.0.0.1:51643]
16:18:56.252 [Forwarding isElementDisplayed on session 2a766db8162441d1205efbb48e5778a5 to remote] DEBUG org.asynchttpclient.netty.request.NettyRequestSender - Using pooled Channel '[id: 0x1901541d, L:/127.0.0.1:63789 - R:localhost/127.0.0.1:51643]' for 'POST' to 'http://localhost:51643/session/2a766db8162441d1205efbb48e5778a5/execute/sync'
16:18:56.252 [Forwarding isElementDisplayed on session 2a766db8162441d1205efbb48e5778a5 to remote] DEBUG org.asynchttpclient.netty.request.NettyRequestSender - Using open Channel [id: 0x1901541d, L:/127.0.0.1:63789 - R:localhost/127.0.0.1:51643] for POST '/session/2a766db8162441d1205efbb48e5778a5/execute/sync'
16:18:56.266 [AsyncHttpClient-1-10] DEBUG org.asynchttpclient.netty.handler.HttpHandler - 

Request DefaultHttpRequest(decodeResult: success, version: HTTP/1.1)
POST /session/2a766db8162441d1205efbb48e5778a5/execute/sync HTTP/1.1
User-Agent: selenium/4.1.2 (java windows)
Content-Length: 48780
Content-Type: application/json; charset=utf-8
host: localhost:51643
accept: */*

Response DefaultHttpResponse(decodeResult: success, version: HTTP/1.1)
HTTP/1.1 200 OK
Content-Type: application/json; charset=utf-8
cache-control: no-cache
content-length: 14

16:18:56.266 [AsyncHttpClient-1-10] DEBUG org.asynchttpclient.netty.channel.ChannelManager - Adding key: http://localhost:51643 for channel [id: 0x1901541d, L:/127.0.0.1:63789 - R:localhost/127.0.0.1:51643]
16:18:56.269 [main] DEBUG net.thucydides.core.steps.StepInterceptor - STEP DONE: errorMessageAppears
16:18:56.273 [Forwarding screenshot on session 2a766db8162441d1205efbb48e5778a5 to remote] DEBUG org.asynchttpclient.netty.request.NettyRequestSender - Using pooled Channel '[id: 0x1901541d, L:/127.0.0.1:63789 - R:localhost/127.0.0.1:51643]' for 'GET' to 'http://localhost:51643/session/2a766db8162441d1205efbb48e5778a5/screenshot'
16:18:56.273 [Forwarding screenshot on session 2a766db8162441d1205efbb48e5778a5 to remote] DEBUG org.asynchttpclient.netty.request.NettyRequestSender - Using open Channel [id: 0x1901541d, L:/127.0.0.1:63789 - R:localhost/127.0.0.1:51643] for GET '/session/2a766db8162441d1205efbb48e5778a5/screenshot'
16:18:56.467 [AsyncHttpClient-1-10] DEBUG org.asynchttpclient.netty.handler.HttpHandler - 

Request DefaultFullHttpRequest(decodeResult: success, version: HTTP/1.1, content: EmptyByteBufBE)
GET /session/2a766db8162441d1205efbb48e5778a5/screenshot HTTP/1.1
User-Agent: selenium/4.1.2 (java windows)
Cache-Control: no-cache
Content-Type: application/json; charset=utf-8
host: localhost:51643
accept: */*

Response DefaultHttpResponse(decodeResult: success, version: HTTP/1.1)
HTTP/1.1 200 OK
Content-Type: application/json; charset=utf-8
cache-control: no-cache
content-length: 40988

16:18:56.468 [AsyncHttpClient-1-10] DEBUG org.asynchttpclient.netty.channel.ChannelManager - Adding key: http://localhost:51643 for channel [id: 0x1901541d, L:/127.0.0.1:63789 - R:localhost/127.0.0.1:51643]
16:18:56.470 [main] DEBUG net.serenitybdd.core.photography.Darkroom - Send negative for processing for target\site\serenity\934dd38c9e03ae14aa8f8f8db6579b8b12b6334760b7dc72ac484304f04549db.png
16:18:56.470 [main] DEBUG net.thucydides.core.steps.StepInterceptor - STARTING STEP: RegisterStep.iGet - errorMessageEquals
16:18:56.470 [Darkroom Processing Line] DEBUG net.serenitybdd.core.photography.DarkroomProcessingLine - Processing screenshot image in /var/screenshots/screenshot-1814914226361364914
16:18:56.470 [Darkroom Processing Line] DEBUG net.serenitybdd.core.photography.DarkroomProcessingLine - Saving screenshot to target\site\serenity\934dd38c9e03ae14aa8f8f8db6579b8b12b6334760b7dc72ac484304f04549db.png
16:18:56.472 [Forwarding findElement on session 2a766db8162441d1205efbb48e5778a5 to remote] DEBUG org.asynchttpclient.netty.request.NettyRequestSender - Using pooled Channel '[id: 0x1901541d, L:/127.0.0.1:63789 - R:localhost/127.0.0.1:51643]' for 'POST' to 'http://localhost:51643/session/2a766db8162441d1205efbb48e5778a5/element'
16:18:56.472 [Forwarding findElement on session 2a766db8162441d1205efbb48e5778a5 to remote] DEBUG org.asynchttpclient.netty.request.NettyRequestSender - Using open Channel [id: 0x1901541d, L:/127.0.0.1:63789 - R:localhost/127.0.0.1:51643] for POST '/session/2a766db8162441d1205efbb48e5778a5/element'
16:18:56.478 [AsyncHttpClient-1-10] DEBUG org.asynchttpclient.netty.handler.HttpHandler - 

Request DefaultHttpRequest(decodeResult: success, version: HTTP/1.1)
POST /session/2a766db8162441d1205efbb48e5778a5/element HTTP/1.1
User-Agent: selenium/4.1.2 (java windows)
Content-Length: 137
Content-Type: application/json; charset=utf-8
host: localhost:51643
accept: */*

Response DefaultHttpResponse(decodeResult: success, version: HTTP/1.1)
HTTP/1.1 200 OK
Content-Type: application/json; charset=utf-8
cache-control: no-cache
content-length: 88

16:18:56.478 [AsyncHttpClient-1-10] DEBUG org.asynchttpclient.netty.channel.ChannelManager - Adding key: http://localhost:51643 for channel [id: 0x1901541d, L:/127.0.0.1:63789 - R:localhost/127.0.0.1:51643]
16:18:56.479 [Forwarding getElementText on session 2a766db8162441d1205efbb48e5778a5 to remote] DEBUG org.asynchttpclient.netty.request.NettyRequestSender - Using pooled Channel '[id: 0x1901541d, L:/127.0.0.1:63789 - R:localhost/127.0.0.1:51643]' for 'GET' to 'http://localhost:51643/session/2a766db8162441d1205efbb48e5778a5/element/0f47b75c-31a4-4a28-a0ab-99101db27afa/text'
16:18:56.479 [Forwarding getElementText on session 2a766db8162441d1205efbb48e5778a5 to remote] DEBUG org.asynchttpclient.netty.request.NettyRequestSender - Using open Channel [id: 0x1901541d, L:/127.0.0.1:63789 - R:localhost/127.0.0.1:51643] for GET '/session/2a766db8162441d1205efbb48e5778a5/element/0f47b75c-31a4-4a28-a0ab-99101db27afa/text'
16:18:56.491 [AsyncHttpClient-1-10] DEBUG org.asynchttpclient.netty.handler.HttpHandler - 

Request DefaultFullHttpRequest(decodeResult: success, version: HTTP/1.1, content: EmptyByteBufBE)
GET /session/2a766db8162441d1205efbb48e5778a5/element/0f47b75c-31a4-4a28-a0ab-99101db27afa/text HTTP/1.1
User-Agent: selenium/4.1.2 (java windows)
Cache-Control: no-cache
Content-Type: application/json; charset=utf-8
host: localhost:51643
accept: */*

Response DefaultHttpResponse(decodeResult: success, version: HTTP/1.1)
HTTP/1.1 200 OK
Content-Type: application/json; charset=utf-8
cache-control: no-cache
content-length: 12

16:18:56.491 [AsyncHttpClient-1-10] DEBUG org.asynchttpclient.netty.channel.ChannelManager - Adding key: http://localhost:51643 for channel [id: 0x1901541d, L:/127.0.0.1:63789 - R:localhost/127.0.0.1:51643]
16:18:56.494 [main] DEBUG net.thucydides.core.steps.StepInterceptor - STEP DONE: errorMessageEquals
  &amp#27;[32mThen &amp#27;[0m&amp#27;[32mI get &amp#27;[0m&amp#27;[32m&amp#27;[1m"register page"&amp#27;[0m                 &amp#27;[90m# Starter.StepDefinitions.RegisterStep.iGet(java.lang.String)&amp#27;[0m
16:18:56.503 [AsyncHttpClient-1-12] DEBUG org.asynchttpclient.netty.handler.WebSocketHandler - Channel Closed: [id: 0x6cd12d7a, L:/127.0.0.1:63797 ! R:localhost/127.0.0.1:63790] with attribute NettyResponseFuture{currentRetry=5,
	isDone=1,
	isCancelled=0,
	asyncHandler=org.asynchttpclient.ws.WebSocketUpgradeHandler@64dc3f4c,
	nettyRequest=org.asynchttpclient.netty.request.NettyRequest@3430909a,
	future=java.util.concurrent.CompletableFuture@1cf9648d[Completed normally],
	uri=ws://localhost:63790/devtools/browser/1da68515-3648-4b7b-853c-d51eed87846c,
	keepAlive=true,
	redirectCount=0,
	timeoutsHolder=null,
	inAuth=0,
	touch=1653038333786}
16:18:56.503 [AsyncHttpClient-1-12] DEBUG org.asynchttpclient.netty.channel.ChannelManager - Closing Channel [id: 0x6cd12d7a, L:/127.0.0.1:63797 ! R:localhost/127.0.0.1:63790] 
16:18:56.503 [Driver Command Executor] DEBUG org.asynchttpclient.netty.request.NettyRequestSender - Using pooled Channel '[id: 0x1901541d, L:/127.0.0.1:63789 - R:localhost/127.0.0.1:51643]' for 'DELETE' to 'http://localhost:51643/session/2a766db8162441d1205efbb48e5778a5'
16:18:56.503 [Driver Command Executor] DEBUG org.asynchttpclient.netty.request.NettyRequestSender - Using open Channel [id: 0x1901541d, L:/127.0.0.1:63789 - R:localhost/127.0.0.1:51643] for DELETE '/session/2a766db8162441d1205efbb48e5778a5'
16:18:56.535 [AsyncHttpClient-1-11] DEBUG org.asynchttpclient.netty.handler.HttpHandler - Unexpected I/O exception on channel [id: 0xdffd1cbe, L:/127.0.0.1:63796 - R:localhost/127.0.0.1:63790]
java.net.SocketException: Connection reset
	at java.base/sun.nio.ch.SocketChannelImpl.throwConnectionReset(SocketChannelImpl.java:367)
	at java.base/sun.nio.ch.SocketChannelImpl.read(SocketChannelImpl.java:398)
	at io.netty.buffer.PooledByteBuf.setBytes(PooledByteBuf.java:258)
	at io.netty.buffer.AbstractByteBuf.writeBytes(AbstractByteBuf.java:1132)
	at io.netty.channel.socket.nio.NioSocketChannel.doReadBytes(NioSocketChannel.java:350)
	at io.netty.channel.nio.AbstractNioByteChannel$NioByteUnsafe.read(AbstractNioByteChannel.java:151)
	at io.netty.channel.nio.NioEventLoop.processSelectedKey(NioEventLoop.java:722)
	at io.netty.channel.nio.NioEventLoop.processSelectedKeysOptimized(NioEventLoop.java:658)
	at io.netty.channel.nio.NioEventLoop.processSelectedKeys(NioEventLoop.java:584)
	at io.netty.channel.nio.NioEventLoop.run(NioEventLoop.java:496)
	at io.netty.util.concurrent.SingleThreadEventExecutor$4.run(SingleThreadEventExecutor.java:986)
	at io.netty.util.internal.ThreadExecutorMap$2.run(ThreadExecutorMap.java:74)
	at io.netty.util.concurrent.FastThreadLocalRunnable.run(FastThreadLocalRunnable.java:30)
	at java.base/java.lang.Thread.run(Thread.java:832)
16:18:56.535 [AsyncHttpClient-1-11] DEBUG org.asynchttpclient.netty.channel.ChannelManager - Closing Channel [id: 0xdffd1cbe, L:/127.0.0.1:63796 - R:localhost/127.0.0.1:63790] 
16:18:56.535 [AsyncHttpClient-1-11] DEBUG org.asynchttpclient.netty.handler.HttpHandler - Channel Closed: [id: 0xdffd1cbe, L:/127.0.0.1:63796 ! R:localhost/127.0.0.1:63790] with attribute DISCARD
16:18:56.547 [AsyncHttpClient-1-10] DEBUG org.asynchttpclient.netty.handler.HttpHandler - 

Request DefaultFullHttpRequest(decodeResult: success, version: HTTP/1.1, content: EmptyByteBufBE)
DELETE /session/2a766db8162441d1205efbb48e5778a5 HTTP/1.1
User-Agent: selenium/4.1.2 (java windows)
Content-Type: application/json; charset=utf-8
host: localhost:51643
accept: */*

Response DefaultHttpResponse(decodeResult: success, version: HTTP/1.1)
HTTP/1.1 200 OK
Content-Type: application/json; charset=utf-8
cache-control: no-cache
content-length: 14

16:18:56.547 [AsyncHttpClient-1-10] DEBUG org.asynchttpclient.netty.channel.ChannelManager - Adding key: http://localhost:51643 for channel [id: 0x1901541d, L:/127.0.0.1:63789 - R:localhost/127.0.0.1:51643]
16:18:56.720 [AsyncHttpClient-1-10] DEBUG org.asynchttpclient.netty.handler.HttpHandler - Channel Closed: [id: 0x1901541d, L:/127.0.0.1:63789 ! R:localhost/127.0.0.1:51643] with attribute DISCARD
16:18:57.130 [AsyncHttpClient-1-1] DEBUG org.asynchttpclient.netty.channel.DefaultChannelPool - Entry count for : http://localhost:63790 : 1
16:18:57.130 [AsyncHttpClient-1-1] DEBUG org.asynchttpclient.netty.channel.DefaultChannelPool - Entry count for : http://localhost:51643 : 1
16:18:57.130 [AsyncHttpClient-1-1] DEBUG org.asynchttpclient.netty.channel.DefaultChannelPool - Adding Candidate expired Channel [id: 0xdffd1cbe, L:/127.0.0.1:63796 ! R:localhost/127.0.0.1:63790] isIdleTimeoutExpired=false isRemotelyClosed=true isTtlExpired=false
16:18:57.130 [AsyncHttpClient-1-1] DEBUG org.asynchttpclient.netty.channel.DefaultChannelPool - Closing Idle Channel [id: 0xdffd1cbe, L:/127.0.0.1:63796 ! R:localhost/127.0.0.1:63790]
16:18:57.130 [AsyncHttpClient-1-1] DEBUG org.asynchttpclient.netty.channel.DefaultChannelPool - Adding Candidate expired Channel [id: 0x1901541d, L:/127.0.0.1:63789 ! R:localhost/127.0.0.1:51643] isIdleTimeoutExpired=false isRemotelyClosed=true isTtlExpired=false
16:18:57.130 [AsyncHttpClient-1-1] DEBUG org.asynchttpclient.netty.channel.DefaultChannelPool - Closing Idle Channel [id: 0x1901541d, L:/127.0.0.1:63789 ! R:localhost/127.0.0.1:51643]
16:18:57.130 [AsyncHttpClient-1-1] DEBUG org.asynchttpclient.netty.channel.DefaultChannelPool - Closed 2 connections out of 2 in 0 ms
]]></system-out>
    <system-err><![CDATA[Starting ChromeDriver 101.0.4951.41 (93c720db8323b3ec10d056025ab95c23a31997c9-refs/branch-heads/4951@{#904}) on port 51643
Only local connections are allowed.
Please see https://chromedriver.chromium.org/security-considerations for suggestions on keeping ChromeDriver safe.
ChromeDriver was started successfully.
May 20, 2022 4:18:53 PM org.openqa.selenium.remote.ProtocolHandshake createSession
INFO: Detected dialect: W3C
May 20, 2022 4:18:53 PM org.openqa.selenium.devtools.CdpVersionFinder findNearestMatch
WARNING: Unable to find an exact match for CDP version 101, so returning the closest version found: 97
May 20, 2022 4:18:53 PM org.openqa.selenium.devtools.CdpVersionFinder findNearestMatch
INFO: Found CDP implementation for version 101 of 97
]]></system-err>
  </testcase>
  <testcase name="Register scenario #4" classname="Register" time="5.142">
    <system-out><![CDATA[
@Register
Scenario Outline: Register scenario       &amp#27;[90m# src/test/resources/features/Register.feature:20&amp#27;[0m
16:18:57.259 [main] INFO io.cucumber.core.plugin.SerenityReporter - Running feature from file:///C:/Users/user/Documents/WebMiniLogin/src/test/resources/features/Register.feature
16:18:57.277 [main] INFO net.serenitybdd.core.webdriver.driverproviders.ChromeDriverProvider - Using automatically driver download
16:18:57.382 [main] DEBUG io.github.bonigarcia.wdm.cache.ResolutionCache - Resolution chrome=101 in cache (valid until 17:17:56 20/05/2022 WIB)
16:18:57.385 [main] DEBUG io.github.bonigarcia.wdm.cache.ResolutionCache - Resolution chrome101=101.0.4951.41 in cache (valid until 16:17:56 21/05/2022 WIB)
16:18:57.387 [main] INFO io.github.bonigarcia.wdm.WebDriverManager - Using chromedriver 101.0.4951.41 (resolved driver for Chrome 101)
16:18:57.397 [main] DEBUG io.github.bonigarcia.wdm.WebDriverManager - Driver chromedriver 101.0.4951.41 found in cache
16:18:57.398 [main] INFO io.github.bonigarcia.wdm.WebDriverManager - Exporting webdriver.chrome.driver as C:\Users\user\.cache\selenium\chromedriver\win32\101.0.4951.41\chromedriver.exe
16:18:57.671 [main] DEBUG net.serenitybdd.core.webdriver.driverproviders.ProvideNewDriver - Instantiating driver
16:18:57.671 [main] DEBUG net.serenitybdd.core.webdriver.driverproviders.ProvideNewDriver - Driver capabilities: Capabilities {acceptInsecureCerts: false, base.url: https://qa.alta.id/, browserName: chrome, chrome.driver: src/test/resources/webdrive..., driver: chrome, goog:chromeOptions: {args: [], extensions: []}}
16:18:58.218 [AsyncHttpClient-1-13] DEBUG org.asynchttpclient.netty.channel.NettyConnectListener - Using new Channel '[id: 0x87d94a0a, L:/127.0.0.1:63815 - R:localhost/127.0.0.1:59976]' for 'POST' to '/session'
16:18:59.025 [AsyncHttpClient-1-13] DEBUG org.asynchttpclient.netty.handler.HttpHandler - 

Request DefaultHttpRequest(decodeResult: success, version: HTTP/1.1)
POST /session HTTP/1.1
User-Agent: selenium/4.1.2 (java windows)
Content-Length: 605
Content-Type: application/json; charset=utf-8
host: localhost:59976
accept: */*

Response DefaultHttpResponse(decodeResult: success, version: HTTP/1.1)
HTTP/1.1 200 OK
Content-Type: application/json; charset=utf-8
cache-control: no-cache
content-length: 789

16:18:59.025 [AsyncHttpClient-1-13] DEBUG org.asynchttpclient.netty.channel.ChannelManager - Adding key: http://localhost:59976 for channel [id: 0x87d94a0a, L:/127.0.0.1:63815 - R:localhost/127.0.0.1:59976]
16:18:59.030 [AsyncHttpClient-1-14] DEBUG org.asynchttpclient.netty.channel.NettyConnectListener - Using new Channel '[id: 0x4aa5ef90, L:/127.0.0.1:63822 - R:localhost/127.0.0.1:63816]' for 'GET' to '/json/version'
16:18:59.031 [AsyncHttpClient-1-14] DEBUG org.asynchttpclient.netty.handler.HttpHandler - 

Request DefaultFullHttpRequest(decodeResult: success, version: HTTP/1.1, content: EmptyByteBufBE)
GET /json/version HTTP/1.1
User-Agent: selenium/4.1.2 (java windows)
host: localhost:63816
accept: */*

Response DefaultHttpResponse(decodeResult: success, version: HTTP/1.1)
HTTP/1.1 200 OK
Content-Type: application/json; charset=UTF-8
content-length: 427

16:18:59.031 [AsyncHttpClient-1-14] DEBUG org.asynchttpclient.netty.channel.ChannelManager - Adding key: http://localhost:63816 for channel [id: 0x4aa5ef90, L:/127.0.0.1:63822 - R:localhost/127.0.0.1:63816]
16:18:59.032 [AsyncHttpClient-1-15] DEBUG org.asynchttpclient.netty.channel.NettyConnectListener - Using new Channel '[id: 0xc3a9aa23, L:/127.0.0.1:63823 - R:localhost/127.0.0.1:63816]' for 'GET' to '/devtools/browser/fe8ad7e5-f7fc-490b-9a60-f9caee4dcff4'
16:18:59.033 [AsyncHttpClient-1-15] DEBUG org.asynchttpclient.netty.handler.WebSocketHandler - 

Request DefaultFullHttpRequest(decodeResult: success, version: HTTP/1.1, content: EmptyByteBufBE)
GET /devtools/browser/fe8ad7e5-f7fc-490b-9a60-f9caee4dcff4 HTTP/1.1
upgrade: websocket
connection: upgrade
sec-websocket-key: O+R2YHDwisu7sKy88BG7ew==
sec-websocket-version: 13
origin: http://localhost:63816
host: localhost:63816
accept: */*
user-agent: AHC/2.1

Response DefaultHttpResponse(decodeResult: success, version: HTTP/1.1)
HTTP/1.1 101 WebSocket Protocol Handshake
Upgrade: WebSocket
Connection: Upgrade
Sec-WebSocket-Accept: 74aivgb4fx2HHO65Qigel64DzH0=

16:18:59.035 [Forwarding maximizeCurrentWindow on session 23d58b8ad04202a86269718e84ef5696 to remote] DEBUG org.asynchttpclient.netty.request.NettyRequestSender - Using pooled Channel '[id: 0x87d94a0a, L:/127.0.0.1:63815 - R:localhost/127.0.0.1:59976]' for 'POST' to 'http://localhost:59976/session/23d58b8ad04202a86269718e84ef5696/window/maximize'
16:18:59.035 [Forwarding maximizeCurrentWindow on session 23d58b8ad04202a86269718e84ef5696 to remote] DEBUG org.asynchttpclient.netty.request.NettyRequestSender - Using open Channel [id: 0x87d94a0a, L:/127.0.0.1:63815 - R:localhost/127.0.0.1:59976] for POST '/session/23d58b8ad04202a86269718e84ef5696/window/maximize'
16:18:59.156 [AsyncHttpClient-1-13] DEBUG org.asynchttpclient.netty.handler.HttpHandler - 

Request DefaultHttpRequest(decodeResult: success, version: HTTP/1.1)
POST /session/23d58b8ad04202a86269718e84ef5696/window/maximize HTTP/1.1
User-Agent: selenium/4.1.2 (java windows)
Content-Length: 3
Content-Type: application/json; charset=utf-8
host: localhost:59976
accept: */*

Response DefaultHttpResponse(decodeResult: success, version: HTTP/1.1)
HTTP/1.1 200 OK
Content-Type: application/json; charset=utf-8
cache-control: no-cache
content-length: 52

16:18:59.156 [AsyncHttpClient-1-13] DEBUG org.asynchttpclient.netty.channel.ChannelManager - Adding key: http://localhost:59976 for channel [id: 0x87d94a0a, L:/127.0.0.1:63815 - R:localhost/127.0.0.1:59976]
16:18:59.158 [Forwarding get on session 23d58b8ad04202a86269718e84ef5696 to remote] DEBUG org.asynchttpclient.netty.request.NettyRequestSender - Using pooled Channel '[id: 0x87d94a0a, L:/127.0.0.1:63815 - R:localhost/127.0.0.1:59976]' for 'POST' to 'http://localhost:59976/session/23d58b8ad04202a86269718e84ef5696/url'
16:18:59.158 [Forwarding get on session 23d58b8ad04202a86269718e84ef5696 to remote] DEBUG org.asynchttpclient.netty.request.NettyRequestSender - Using open Channel [id: 0x87d94a0a, L:/127.0.0.1:63815 - R:localhost/127.0.0.1:59976] for POST '/session/23d58b8ad04202a86269718e84ef5696/url'
16:18:59.337 [AsyncHttpClient-1-1] DEBUG org.asynchttpclient.netty.channel.DefaultChannelPool - Entry count for : http://localhost:63816 : 1
16:18:59.871 [AsyncHttpClient-1-13] DEBUG org.asynchttpclient.netty.handler.HttpHandler - 

Request DefaultHttpRequest(decodeResult: success, version: HTTP/1.1)
POST /session/23d58b8ad04202a86269718e84ef5696/url HTTP/1.1
User-Agent: selenium/4.1.2 (java windows)
Content-Length: 67
Content-Type: application/json; charset=utf-8
host: localhost:59976
accept: */*

Response DefaultHttpResponse(decodeResult: success, version: HTTP/1.1)
HTTP/1.1 200 OK
Content-Type: application/json; charset=utf-8
cache-control: no-cache
content-length: 14

16:18:59.871 [AsyncHttpClient-1-13] DEBUG org.asynchttpclient.netty.channel.ChannelManager - Adding key: http://localhost:59976 for channel [id: 0x87d94a0a, L:/127.0.0.1:63815 - R:localhost/127.0.0.1:59976]
16:18:59.874 [Forwarding setTimeout on session 23d58b8ad04202a86269718e84ef5696 to remote] DEBUG org.asynchttpclient.netty.request.NettyRequestSender - Using pooled Channel '[id: 0x87d94a0a, L:/127.0.0.1:63815 - R:localhost/127.0.0.1:59976]' for 'POST' to 'http://localhost:59976/session/23d58b8ad04202a86269718e84ef5696/timeouts'
16:18:59.874 [Forwarding setTimeout on session 23d58b8ad04202a86269718e84ef5696 to remote] DEBUG org.asynchttpclient.netty.request.NettyRequestSender - Using open Channel [id: 0x87d94a0a, L:/127.0.0.1:63815 - R:localhost/127.0.0.1:59976] for POST '/session/23d58b8ad04202a86269718e84ef5696/timeouts'
16:18:59.875 [AsyncHttpClient-1-13] DEBUG org.asynchttpclient.netty.handler.HttpHandler - 

Request DefaultHttpRequest(decodeResult: success, version: HTTP/1.1)
POST /session/23d58b8ad04202a86269718e84ef5696/timeouts HTTP/1.1
User-Agent: selenium/4.1.2 (java windows)
Content-Length: 22
Content-Type: application/json; charset=utf-8
host: localhost:59976
accept: */*

Response DefaultHttpResponse(decodeResult: success, version: HTTP/1.1)
HTTP/1.1 200 OK
Content-Type: application/json; charset=utf-8
cache-control: no-cache
content-length: 14

16:18:59.875 [AsyncHttpClient-1-13] DEBUG org.asynchttpclient.netty.channel.ChannelManager - Adding key: http://localhost:59976 for channel [id: 0x87d94a0a, L:/127.0.0.1:63815 - R:localhost/127.0.0.1:59976]
16:18:59.878 [Forwarding getCurrentUrl on session 23d58b8ad04202a86269718e84ef5696 to remote] DEBUG org.asynchttpclient.netty.request.NettyRequestSender - Using pooled Channel '[id: 0x87d94a0a, L:/127.0.0.1:63815 - R:localhost/127.0.0.1:59976]' for 'GET' to 'http://localhost:59976/session/23d58b8ad04202a86269718e84ef5696/url'
16:18:59.878 [Forwarding getCurrentUrl on session 23d58b8ad04202a86269718e84ef5696 to remote] DEBUG org.asynchttpclient.netty.request.NettyRequestSender - Using open Channel [id: 0x87d94a0a, L:/127.0.0.1:63815 - R:localhost/127.0.0.1:59976] for GET '/session/23d58b8ad04202a86269718e84ef5696/url'
16:18:59.884 [AsyncHttpClient-1-13] DEBUG org.asynchttpclient.netty.handler.HttpHandler - 

Request DefaultFullHttpRequest(decodeResult: success, version: HTTP/1.1, content: EmptyByteBufBE)
GET /session/23d58b8ad04202a86269718e84ef5696/url HTTP/1.1
User-Agent: selenium/4.1.2 (java windows)
Cache-Control: no-cache
Content-Type: application/json; charset=utf-8
host: localhost:59976
accept: */*

Response DefaultHttpResponse(decodeResult: success, version: HTTP/1.1)
HTTP/1.1 200 OK
Content-Type: application/json; charset=utf-8
cache-control: no-cache
content-length: 44

16:18:59.884 [AsyncHttpClient-1-13] DEBUG org.asynchttpclient.netty.channel.ChannelManager - Adding key: http://localhost:59976 for channel [id: 0x87d94a0a, L:/127.0.0.1:63815 - R:localhost/127.0.0.1:59976]
16:18:59.893 [Forwarding screenshot on session 23d58b8ad04202a86269718e84ef5696 to remote] DEBUG org.asynchttpclient.netty.request.NettyRequestSender - Using pooled Channel '[id: 0x87d94a0a, L:/127.0.0.1:63815 - R:localhost/127.0.0.1:59976]' for 'GET' to 'http://localhost:59976/session/23d58b8ad04202a86269718e84ef5696/screenshot'
16:18:59.893 [Forwarding screenshot on session 23d58b8ad04202a86269718e84ef5696 to remote] DEBUG org.asynchttpclient.netty.request.NettyRequestSender - Using open Channel [id: 0x87d94a0a, L:/127.0.0.1:63815 - R:localhost/127.0.0.1:59976] for GET '/session/23d58b8ad04202a86269718e84ef5696/screenshot'
16:19:00.172 [AsyncHttpClient-1-13] DEBUG org.asynchttpclient.netty.handler.HttpHandler - 

Request DefaultFullHttpRequest(decodeResult: success, version: HTTP/1.1, content: EmptyByteBufBE)
GET /session/23d58b8ad04202a86269718e84ef5696/screenshot HTTP/1.1
User-Agent: selenium/4.1.2 (java windows)
Cache-Control: no-cache
Content-Type: application/json; charset=utf-8
host: localhost:59976
accept: */*

Response DefaultHttpResponse(decodeResult: success, version: HTTP/1.1)
HTTP/1.1 200 OK
Content-Type: application/json; charset=utf-8
cache-control: no-cache
content-length: 35724

16:19:00.172 [AsyncHttpClient-1-13] DEBUG org.asynchttpclient.netty.channel.ChannelManager - Adding key: http://localhost:59976 for channel [id: 0x87d94a0a, L:/127.0.0.1:63815 - R:localhost/127.0.0.1:59976]
16:19:00.174 [main] DEBUG net.serenitybdd.core.photography.Darkroom - Send negative for processing for target\site\serenity\128b9aeafc681d0e5c9eb087db846ab3e79d9fa9fe5c8c3dd2abc1ce1d54dbc5.png
16:19:00.174 [main] DEBUG net.thucydides.core.steps.StepInterceptor - STARTING STEP: RegisterStep.iAmOnTheRegisterPage - validateOnRegisterPage
16:19:00.176 [Forwarding findElement on session 23d58b8ad04202a86269718e84ef5696 to remote] DEBUG org.asynchttpclient.netty.request.NettyRequestSender - Using pooled Channel '[id: 0x87d94a0a, L:/127.0.0.1:63815 - R:localhost/127.0.0.1:59976]' for 'POST' to 'http://localhost:59976/session/23d58b8ad04202a86269718e84ef5696/element'
16:19:00.176 [Forwarding findElement on session 23d58b8ad04202a86269718e84ef5696 to remote] DEBUG org.asynchttpclient.netty.request.NettyRequestSender - Using open Channel [id: 0x87d94a0a, L:/127.0.0.1:63815 - R:localhost/127.0.0.1:59976] for POST '/session/23d58b8ad04202a86269718e84ef5696/element'
16:19:00.185 [AsyncHttpClient-1-13] DEBUG org.asynchttpclient.netty.handler.HttpHandler - 

Request DefaultHttpRequest(decodeResult: success, version: HTTP/1.1)
POST /session/23d58b8ad04202a86269718e84ef5696/element HTTP/1.1
User-Agent: selenium/4.1.2 (java windows)
Content-Length: 136
Content-Type: application/json; charset=utf-8
host: localhost:59976
accept: */*

Response DefaultHttpResponse(decodeResult: success, version: HTTP/1.1)
HTTP/1.1 200 OK
Content-Type: application/json; charset=utf-8
cache-control: no-cache
content-length: 88

16:19:00.185 [AsyncHttpClient-1-13] DEBUG org.asynchttpclient.netty.channel.ChannelManager - Adding key: http://localhost:59976 for channel [id: 0x87d94a0a, L:/127.0.0.1:63815 - R:localhost/127.0.0.1:59976]
16:19:00.188 [Forwarding isElementDisplayed on session 23d58b8ad04202a86269718e84ef5696 to remote] DEBUG org.asynchttpclient.netty.request.NettyRequestSender - Using pooled Channel '[id: 0x87d94a0a, L:/127.0.0.1:63815 - R:localhost/127.0.0.1:59976]' for 'POST' to 'http://localhost:59976/session/23d58b8ad04202a86269718e84ef5696/execute/sync'
16:19:00.188 [Forwarding isElementDisplayed on session 23d58b8ad04202a86269718e84ef5696 to remote] DEBUG org.asynchttpclient.netty.request.NettyRequestSender - Using open Channel [id: 0x87d94a0a, L:/127.0.0.1:63815 - R:localhost/127.0.0.1:59976] for POST '/session/23d58b8ad04202a86269718e84ef5696/execute/sync'
16:19:00.199 [AsyncHttpClient-1-13] DEBUG org.asynchttpclient.netty.handler.HttpHandler - 

Request DefaultHttpRequest(decodeResult: success, version: HTTP/1.1)
POST /session/23d58b8ad04202a86269718e84ef5696/execute/sync HTTP/1.1
User-Agent: selenium/4.1.2 (java windows)
Content-Length: 48780
Content-Type: application/json; charset=utf-8
host: localhost:59976
accept: */*

Response DefaultHttpResponse(decodeResult: success, version: HTTP/1.1)
HTTP/1.1 200 OK
Content-Type: application/json; charset=utf-8
cache-control: no-cache
content-length: 14

16:19:00.200 [AsyncHttpClient-1-13] DEBUG org.asynchttpclient.netty.channel.ChannelManager - Adding key: http://localhost:59976 for channel [id: 0x87d94a0a, L:/127.0.0.1:63815 - R:localhost/127.0.0.1:59976]
16:19:00.203 [main] DEBUG net.thucydides.core.steps.StepInterceptor - STEP DONE: validateOnRegisterPage
  &amp#27;[32mGiven &amp#27;[0m&amp#27;[32mI am on the register page&amp#27;[0m         &amp#27;[90m# Starter.StepDefinitions.RegisterStep.iAmOnTheRegisterPage()&amp#27;[0m
16:19:00.214 [main] DEBUG net.thucydides.core.steps.StepInterceptor - STARTING STEP: RegisterStep.iInputnamalengkap - inputnamalengkap
16:19:00.218 [Forwarding findElement on session 23d58b8ad04202a86269718e84ef5696 to remote] DEBUG org.asynchttpclient.netty.request.NettyRequestSender - Using pooled Channel '[id: 0x87d94a0a, L:/127.0.0.1:63815 - R:localhost/127.0.0.1:59976]' for 'POST' to 'http://localhost:59976/session/23d58b8ad04202a86269718e84ef5696/element'
16:19:00.218 [Forwarding findElement on session 23d58b8ad04202a86269718e84ef5696 to remote] DEBUG org.asynchttpclient.netty.request.NettyRequestSender - Using open Channel [id: 0x87d94a0a, L:/127.0.0.1:63815 - R:localhost/127.0.0.1:59976] for POST '/session/23d58b8ad04202a86269718e84ef5696/element'
16:19:00.226 [AsyncHttpClient-1-13] DEBUG org.asynchttpclient.netty.handler.HttpHandler - 

Request DefaultHttpRequest(decodeResult: success, version: HTTP/1.1)
POST /session/23d58b8ad04202a86269718e84ef5696/element HTTP/1.1
User-Agent: selenium/4.1.2 (java windows)
Content-Length: 98
Content-Type: application/json; charset=utf-8
host: localhost:59976
accept: */*

Response DefaultHttpResponse(decodeResult: success, version: HTTP/1.1)
HTTP/1.1 200 OK
Content-Type: application/json; charset=utf-8
cache-control: no-cache
content-length: 88

16:19:00.226 [AsyncHttpClient-1-13] DEBUG org.asynchttpclient.netty.channel.ChannelManager - Adding key: http://localhost:59976 for channel [id: 0x87d94a0a, L:/127.0.0.1:63815 - R:localhost/127.0.0.1:59976]
16:19:00.227 [Forwarding clearElement on session 23d58b8ad04202a86269718e84ef5696 to remote] DEBUG org.asynchttpclient.netty.request.NettyRequestSender - Using pooled Channel '[id: 0x87d94a0a, L:/127.0.0.1:63815 - R:localhost/127.0.0.1:59976]' for 'POST' to 'http://localhost:59976/session/23d58b8ad04202a86269718e84ef5696/element/48267627-efab-4a4d-956a-1f4962300cc2/clear'
16:19:00.227 [Forwarding clearElement on session 23d58b8ad04202a86269718e84ef5696 to remote] DEBUG org.asynchttpclient.netty.request.NettyRequestSender - Using open Channel [id: 0x87d94a0a, L:/127.0.0.1:63815 - R:localhost/127.0.0.1:59976] for POST '/session/23d58b8ad04202a86269718e84ef5696/element/48267627-efab-4a4d-956a-1f4962300cc2/clear'
16:19:00.251 [AsyncHttpClient-1-13] DEBUG org.asynchttpclient.netty.handler.HttpHandler - 

Request DefaultHttpRequest(decodeResult: success, version: HTTP/1.1)
POST /session/23d58b8ad04202a86269718e84ef5696/element/48267627-efab-4a4d-956a-1f4962300cc2/clear HTTP/1.1
User-Agent: selenium/4.1.2 (java windows)
Content-Length: 50
Content-Type: application/json; charset=utf-8
host: localhost:59976
accept: */*

Response DefaultHttpResponse(decodeResult: success, version: HTTP/1.1)
HTTP/1.1 200 OK
Content-Type: application/json; charset=utf-8
cache-control: no-cache
content-length: 14

16:19:00.251 [AsyncHttpClient-1-13] DEBUG org.asynchttpclient.netty.channel.ChannelManager - Adding key: http://localhost:59976 for channel [id: 0x87d94a0a, L:/127.0.0.1:63815 - R:localhost/127.0.0.1:59976]
16:19:00.252 [Forwarding sendKeysToElement on session 23d58b8ad04202a86269718e84ef5696 to remote] DEBUG org.asynchttpclient.netty.request.NettyRequestSender - Using pooled Channel '[id: 0x87d94a0a, L:/127.0.0.1:63815 - R:localhost/127.0.0.1:59976]' for 'POST' to 'http://localhost:59976/session/23d58b8ad04202a86269718e84ef5696/element/48267627-efab-4a4d-956a-1f4962300cc2/value'
16:19:00.252 [Forwarding sendKeysToElement on session 23d58b8ad04202a86269718e84ef5696 to remote] DEBUG org.asynchttpclient.netty.request.NettyRequestSender - Using open Channel [id: 0x87d94a0a, L:/127.0.0.1:63815 - R:localhost/127.0.0.1:59976] for POST '/session/23d58b8ad04202a86269718e84ef5696/element/48267627-efab-4a4d-956a-1f4962300cc2/value'
16:19:00.329 [AsyncHttpClient-1-13] DEBUG org.asynchttpclient.netty.handler.HttpHandler - 

Request DefaultHttpRequest(decodeResult: success, version: HTTP/1.1)
POST /session/23d58b8ad04202a86269718e84ef5696/element/48267627-efab-4a4d-956a-1f4962300cc2/value HTTP/1.1
User-Agent: selenium/4.1.2 (java windows)
Content-Length: 171
Content-Type: application/json; charset=utf-8
host: localhost:59976
accept: */*

Response DefaultHttpResponse(decodeResult: success, version: HTTP/1.1)
HTTP/1.1 200 OK
Content-Type: application/json; charset=utf-8
cache-control: no-cache
content-length: 14

16:19:00.329 [AsyncHttpClient-1-13] DEBUG org.asynchttpclient.netty.channel.ChannelManager - Adding key: http://localhost:59976 for channel [id: 0x87d94a0a, L:/127.0.0.1:63815 - R:localhost/127.0.0.1:59976]
16:19:00.333 [Forwarding screenshot on session 23d58b8ad04202a86269718e84ef5696 to remote] DEBUG org.asynchttpclient.netty.request.NettyRequestSender - Using pooled Channel '[id: 0x87d94a0a, L:/127.0.0.1:63815 - R:localhost/127.0.0.1:59976]' for 'GET' to 'http://localhost:59976/session/23d58b8ad04202a86269718e84ef5696/screenshot'
16:19:00.333 [Forwarding screenshot on session 23d58b8ad04202a86269718e84ef5696 to remote] DEBUG org.asynchttpclient.netty.request.NettyRequestSender - Using open Channel [id: 0x87d94a0a, L:/127.0.0.1:63815 - R:localhost/127.0.0.1:59976] for GET '/session/23d58b8ad04202a86269718e84ef5696/screenshot'
16:19:00.430 [AsyncHttpClient-1-1] DEBUG org.asynchttpclient.netty.channel.DefaultChannelPool - Entry count for : http://localhost:63816 : 1
16:19:00.528 [AsyncHttpClient-1-13] DEBUG org.asynchttpclient.netty.handler.HttpHandler - 

Request DefaultFullHttpRequest(decodeResult: success, version: HTTP/1.1, content: EmptyByteBufBE)
GET /session/23d58b8ad04202a86269718e84ef5696/screenshot HTTP/1.1
User-Agent: selenium/4.1.2 (java windows)
Cache-Control: no-cache
Content-Type: application/json; charset=utf-8
host: localhost:59976
accept: */*

Response DefaultHttpResponse(decodeResult: success, version: HTTP/1.1)
HTTP/1.1 200 OK
Content-Type: application/json; charset=utf-8
cache-control: no-cache
content-length: 37856

16:19:00.528 [AsyncHttpClient-1-13] DEBUG org.asynchttpclient.netty.channel.ChannelManager - Adding key: http://localhost:59976 for channel [id: 0x87d94a0a, L:/127.0.0.1:63815 - R:localhost/127.0.0.1:59976]
16:19:00.529 [main] DEBUG net.serenitybdd.core.photography.Darkroom - Send negative for processing for target\site\serenity\844dd0c6bc1372392e926bb4bc58c256ad52c6f8357900f2eeacdd2d667a1d1b.png
16:19:00.529 [main] DEBUG net.thucydides.core.steps.StepInterceptor - STEP DONE: inputnamalengkap
  &amp#27;[32mWhen &amp#27;[0m&amp#27;[32mI input &amp#27;[0m&amp#27;[32m&amp#27;[1m"Ekadinata"&amp#27;[0m&amp#27;[32m namalengkap&amp#27;[0m    &amp#27;[90m# Starter.StepDefinitions.RegisterStep.iInputnamalengkap(java.lang.String)&amp#27;[0m
16:19:00.529 [Darkroom Processing Line] DEBUG net.serenitybdd.core.photography.DarkroomProcessingLine - Processing screenshot image in /var/screenshots/screenshot-2482691979271453782
16:19:00.529 [Darkroom Processing Line] DEBUG net.serenitybdd.core.photography.DarkroomProcessingLine - Saving screenshot to target\site\serenity\844dd0c6bc1372392e926bb4bc58c256ad52c6f8357900f2eeacdd2d667a1d1b.png
16:19:00.541 [main] DEBUG net.thucydides.core.steps.StepInterceptor - STARTING STEP: RegisterStep.iInputEmails - inputemail
16:19:00.543 [Forwarding findElement on session 23d58b8ad04202a86269718e84ef5696 to remote] DEBUG org.asynchttpclient.netty.request.NettyRequestSender - Using pooled Channel '[id: 0x87d94a0a, L:/127.0.0.1:63815 - R:localhost/127.0.0.1:59976]' for 'POST' to 'http://localhost:59976/session/23d58b8ad04202a86269718e84ef5696/element'
16:19:00.543 [Forwarding findElement on session 23d58b8ad04202a86269718e84ef5696 to remote] DEBUG org.asynchttpclient.netty.request.NettyRequestSender - Using open Channel [id: 0x87d94a0a, L:/127.0.0.1:63815 - R:localhost/127.0.0.1:59976] for POST '/session/23d58b8ad04202a86269718e84ef5696/element'
16:19:00.552 [AsyncHttpClient-1-13] DEBUG org.asynchttpclient.netty.handler.HttpHandler - 

Request DefaultHttpRequest(decodeResult: success, version: HTTP/1.1)
POST /session/23d58b8ad04202a86269718e84ef5696/element HTTP/1.1
User-Agent: selenium/4.1.2 (java windows)
Content-Length: 91
Content-Type: application/json; charset=utf-8
host: localhost:59976
accept: */*

Response DefaultHttpResponse(decodeResult: success, version: HTTP/1.1)
HTTP/1.1 200 OK
Content-Type: application/json; charset=utf-8
cache-control: no-cache
content-length: 88

16:19:00.552 [AsyncHttpClient-1-13] DEBUG org.asynchttpclient.netty.channel.ChannelManager - Adding key: http://localhost:59976 for channel [id: 0x87d94a0a, L:/127.0.0.1:63815 - R:localhost/127.0.0.1:59976]
16:19:00.553 [Forwarding clearElement on session 23d58b8ad04202a86269718e84ef5696 to remote] DEBUG org.asynchttpclient.netty.request.NettyRequestSender - Using pooled Channel '[id: 0x87d94a0a, L:/127.0.0.1:63815 - R:localhost/127.0.0.1:59976]' for 'POST' to 'http://localhost:59976/session/23d58b8ad04202a86269718e84ef5696/element/2478064c-fff6-4512-bae4-27df3a8c44fb/clear'
16:19:00.553 [Forwarding clearElement on session 23d58b8ad04202a86269718e84ef5696 to remote] DEBUG org.asynchttpclient.netty.request.NettyRequestSender - Using open Channel [id: 0x87d94a0a, L:/127.0.0.1:63815 - R:localhost/127.0.0.1:59976] for POST '/session/23d58b8ad04202a86269718e84ef5696/element/2478064c-fff6-4512-bae4-27df3a8c44fb/clear'
16:19:00.577 [AsyncHttpClient-1-13] DEBUG org.asynchttpclient.netty.handler.HttpHandler - 

Request DefaultHttpRequest(decodeResult: success, version: HTTP/1.1)
POST /session/23d58b8ad04202a86269718e84ef5696/element/2478064c-fff6-4512-bae4-27df3a8c44fb/clear HTTP/1.1
User-Agent: selenium/4.1.2 (java windows)
Content-Length: 50
Content-Type: application/json; charset=utf-8
host: localhost:59976
accept: */*

Response DefaultHttpResponse(decodeResult: success, version: HTTP/1.1)
HTTP/1.1 200 OK
Content-Type: application/json; charset=utf-8
cache-control: no-cache
content-length: 14

16:19:00.577 [AsyncHttpClient-1-13] DEBUG org.asynchttpclient.netty.channel.ChannelManager - Adding key: http://localhost:59976 for channel [id: 0x87d94a0a, L:/127.0.0.1:63815 - R:localhost/127.0.0.1:59976]
16:19:00.579 [Forwarding sendKeysToElement on session 23d58b8ad04202a86269718e84ef5696 to remote] DEBUG org.asynchttpclient.netty.request.NettyRequestSender - Using pooled Channel '[id: 0x87d94a0a, L:/127.0.0.1:63815 - R:localhost/127.0.0.1:59976]' for 'POST' to 'http://localhost:59976/session/23d58b8ad04202a86269718e84ef5696/element/2478064c-fff6-4512-bae4-27df3a8c44fb/value'
16:19:00.579 [Forwarding sendKeysToElement on session 23d58b8ad04202a86269718e84ef5696 to remote] DEBUG org.asynchttpclient.netty.request.NettyRequestSender - Using open Channel [id: 0x87d94a0a, L:/127.0.0.1:63815 - R:localhost/127.0.0.1:59976] for POST '/session/23d58b8ad04202a86269718e84ef5696/element/2478064c-fff6-4512-bae4-27df3a8c44fb/value'
16:19:00.668 [AsyncHttpClient-1-13] DEBUG org.asynchttpclient.netty.handler.HttpHandler - 

Request DefaultHttpRequest(decodeResult: success, version: HTTP/1.1)
POST /session/23d58b8ad04202a86269718e84ef5696/element/2478064c-fff6-4512-bae4-27df3a8c44fb/value HTTP/1.1
User-Agent: selenium/4.1.2 (java windows)
Content-Length: 261
Content-Type: application/json; charset=utf-8
host: localhost:59976
accept: */*

Response DefaultHttpResponse(decodeResult: success, version: HTTP/1.1)
HTTP/1.1 200 OK
Content-Type: application/json; charset=utf-8
cache-control: no-cache
content-length: 14

16:19:00.668 [AsyncHttpClient-1-13] DEBUG org.asynchttpclient.netty.channel.ChannelManager - Adding key: http://localhost:59976 for channel [id: 0x87d94a0a, L:/127.0.0.1:63815 - R:localhost/127.0.0.1:59976]
16:19:00.673 [Forwarding screenshot on session 23d58b8ad04202a86269718e84ef5696 to remote] DEBUG org.asynchttpclient.netty.request.NettyRequestSender - Using pooled Channel '[id: 0x87d94a0a, L:/127.0.0.1:63815 - R:localhost/127.0.0.1:59976]' for 'GET' to 'http://localhost:59976/session/23d58b8ad04202a86269718e84ef5696/screenshot'
16:19:00.673 [Forwarding screenshot on session 23d58b8ad04202a86269718e84ef5696 to remote] DEBUG org.asynchttpclient.netty.request.NettyRequestSender - Using open Channel [id: 0x87d94a0a, L:/127.0.0.1:63815 - R:localhost/127.0.0.1:59976] for GET '/session/23d58b8ad04202a86269718e84ef5696/screenshot'
16:19:00.844 [AsyncHttpClient-1-13] DEBUG org.asynchttpclient.netty.handler.HttpHandler - 

Request DefaultFullHttpRequest(decodeResult: success, version: HTTP/1.1, content: EmptyByteBufBE)
GET /session/23d58b8ad04202a86269718e84ef5696/screenshot HTTP/1.1
User-Agent: selenium/4.1.2 (java windows)
Cache-Control: no-cache
Content-Type: application/json; charset=utf-8
host: localhost:59976
accept: */*

Response DefaultHttpResponse(decodeResult: success, version: HTTP/1.1)
HTTP/1.1 200 OK
Content-Type: application/json; charset=utf-8
cache-control: no-cache
content-length: 41656

16:19:00.845 [AsyncHttpClient-1-13] DEBUG org.asynchttpclient.netty.channel.ChannelManager - Adding key: http://localhost:59976 for channel [id: 0x87d94a0a, L:/127.0.0.1:63815 - R:localhost/127.0.0.1:59976]
16:19:00.846 [main] DEBUG net.serenitybdd.core.photography.Darkroom - Send negative for processing for target\site\serenity\665f97d0e06bde3bac20d0c14dd0844072807d6255314b7085434fd30f04a8ff.png
16:19:00.847 [main] DEBUG net.thucydides.core.steps.StepInterceptor - STEP DONE: inputemail
  &amp#27;[32mAnd &amp#27;[0m&amp#27;[32mI input &amp#27;[0m&amp#27;[32m&amp#27;[1m"iniiseng@yahoo.com"&amp#27;[0m&amp#27;[32m emails&amp#27;[0m &amp#27;[90m# Starter.StepDefinitions.RegisterStep.iInputEmails(java.lang.String)&amp#27;[0m
16:19:00.847 [Darkroom Processing Line] DEBUG net.serenitybdd.core.photography.DarkroomProcessingLine - Processing screenshot image in /var/screenshots/screenshot-14498060940703098921
16:19:00.847 [Darkroom Processing Line] DEBUG net.serenitybdd.core.photography.DarkroomProcessingLine - Saving screenshot to target\site\serenity\665f97d0e06bde3bac20d0c14dd0844072807d6255314b7085434fd30f04a8ff.png
16:19:00.865 [main] DEBUG net.thucydides.core.steps.StepInterceptor - STARTING STEP: LoginStep.iInputPassword - inputPassword
16:19:00.866 [Forwarding findElement on session 23d58b8ad04202a86269718e84ef5696 to remote] DEBUG org.asynchttpclient.netty.request.NettyRequestSender - Using pooled Channel '[id: 0x87d94a0a, L:/127.0.0.1:63815 - R:localhost/127.0.0.1:59976]' for 'POST' to 'http://localhost:59976/session/23d58b8ad04202a86269718e84ef5696/element'
16:19:00.866 [Forwarding findElement on session 23d58b8ad04202a86269718e84ef5696 to remote] DEBUG org.asynchttpclient.netty.request.NettyRequestSender - Using open Channel [id: 0x87d94a0a, L:/127.0.0.1:63815 - R:localhost/127.0.0.1:59976] for POST '/session/23d58b8ad04202a86269718e84ef5696/element'
16:19:00.875 [AsyncHttpClient-1-13] DEBUG org.asynchttpclient.netty.handler.HttpHandler - 

Request DefaultHttpRequest(decodeResult: success, version: HTTP/1.1)
POST /session/23d58b8ad04202a86269718e84ef5696/element HTTP/1.1
User-Agent: selenium/4.1.2 (java windows)
Content-Length: 94
Content-Type: application/json; charset=utf-8
host: localhost:59976
accept: */*

Response DefaultHttpResponse(decodeResult: success, version: HTTP/1.1)
HTTP/1.1 200 OK
Content-Type: application/json; charset=utf-8
cache-control: no-cache
content-length: 88

16:19:00.875 [AsyncHttpClient-1-13] DEBUG org.asynchttpclient.netty.channel.ChannelManager - Adding key: http://localhost:59976 for channel [id: 0x87d94a0a, L:/127.0.0.1:63815 - R:localhost/127.0.0.1:59976]
16:19:00.877 [Forwarding clearElement on session 23d58b8ad04202a86269718e84ef5696 to remote] DEBUG org.asynchttpclient.netty.request.NettyRequestSender - Using pooled Channel '[id: 0x87d94a0a, L:/127.0.0.1:63815 - R:localhost/127.0.0.1:59976]' for 'POST' to 'http://localhost:59976/session/23d58b8ad04202a86269718e84ef5696/element/9fcd7e8c-194c-45db-ac0d-803b4085d319/clear'
16:19:00.877 [Forwarding clearElement on session 23d58b8ad04202a86269718e84ef5696 to remote] DEBUG org.asynchttpclient.netty.request.NettyRequestSender - Using open Channel [id: 0x87d94a0a, L:/127.0.0.1:63815 - R:localhost/127.0.0.1:59976] for POST '/session/23d58b8ad04202a86269718e84ef5696/element/9fcd7e8c-194c-45db-ac0d-803b4085d319/clear'
16:19:00.906 [AsyncHttpClient-1-13] DEBUG org.asynchttpclient.netty.handler.HttpHandler - 

Request DefaultHttpRequest(decodeResult: success, version: HTTP/1.1)
POST /session/23d58b8ad04202a86269718e84ef5696/element/9fcd7e8c-194c-45db-ac0d-803b4085d319/clear HTTP/1.1
User-Agent: selenium/4.1.2 (java windows)
Content-Length: 50
Content-Type: application/json; charset=utf-8
host: localhost:59976
accept: */*

Response DefaultHttpResponse(decodeResult: success, version: HTTP/1.1)
HTTP/1.1 200 OK
Content-Type: application/json; charset=utf-8
cache-control: no-cache
content-length: 14

16:19:00.906 [AsyncHttpClient-1-13] DEBUG org.asynchttpclient.netty.channel.ChannelManager - Adding key: http://localhost:59976 for channel [id: 0x87d94a0a, L:/127.0.0.1:63815 - R:localhost/127.0.0.1:59976]
16:19:00.908 [Forwarding sendKeysToElement on session 23d58b8ad04202a86269718e84ef5696 to remote] DEBUG org.asynchttpclient.netty.request.NettyRequestSender - Using pooled Channel '[id: 0x87d94a0a, L:/127.0.0.1:63815 - R:localhost/127.0.0.1:59976]' for 'POST' to 'http://localhost:59976/session/23d58b8ad04202a86269718e84ef5696/element/9fcd7e8c-194c-45db-ac0d-803b4085d319/value'
16:19:00.908 [Forwarding sendKeysToElement on session 23d58b8ad04202a86269718e84ef5696 to remote] DEBUG org.asynchttpclient.netty.request.NettyRequestSender - Using open Channel [id: 0x87d94a0a, L:/127.0.0.1:63815 - R:localhost/127.0.0.1:59976] for POST '/session/23d58b8ad04202a86269718e84ef5696/element/9fcd7e8c-194c-45db-ac0d-803b4085d319/value'
16:19:00.942 [AsyncHttpClient-1-13] DEBUG org.asynchttpclient.netty.handler.HttpHandler - 

Request DefaultHttpRequest(decodeResult: success, version: HTTP/1.1)
POST /session/23d58b8ad04202a86269718e84ef5696/element/9fcd7e8c-194c-45db-ac0d-803b4085d319/value HTTP/1.1
User-Agent: selenium/4.1.2 (java windows)
Content-Length: 82
Content-Type: application/json; charset=utf-8
host: localhost:59976
accept: */*

Response DefaultHttpResponse(decodeResult: success, version: HTTP/1.1)
HTTP/1.1 200 OK
Content-Type: application/json; charset=utf-8
cache-control: no-cache
content-length: 14

16:19:00.942 [AsyncHttpClient-1-13] DEBUG org.asynchttpclient.netty.channel.ChannelManager - Adding key: http://localhost:59976 for channel [id: 0x87d94a0a, L:/127.0.0.1:63815 - R:localhost/127.0.0.1:59976]
16:19:00.946 [Forwarding screenshot on session 23d58b8ad04202a86269718e84ef5696 to remote] DEBUG org.asynchttpclient.netty.request.NettyRequestSender - Using pooled Channel '[id: 0x87d94a0a, L:/127.0.0.1:63815 - R:localhost/127.0.0.1:59976]' for 'GET' to 'http://localhost:59976/session/23d58b8ad04202a86269718e84ef5696/screenshot'
16:19:00.946 [Forwarding screenshot on session 23d58b8ad04202a86269718e84ef5696 to remote] DEBUG org.asynchttpclient.netty.request.NettyRequestSender - Using open Channel [id: 0x87d94a0a, L:/127.0.0.1:63815 - R:localhost/127.0.0.1:59976] for GET '/session/23d58b8ad04202a86269718e84ef5696/screenshot'
16:19:01.112 [AsyncHttpClient-1-13] DEBUG org.asynchttpclient.netty.handler.HttpHandler - 

Request DefaultFullHttpRequest(decodeResult: success, version: HTTP/1.1, content: EmptyByteBufBE)
GET /session/23d58b8ad04202a86269718e84ef5696/screenshot HTTP/1.1
User-Agent: selenium/4.1.2 (java windows)
Cache-Control: no-cache
Content-Type: application/json; charset=utf-8
host: localhost:59976
accept: */*

Response DefaultHttpResponse(decodeResult: success, version: HTTP/1.1)
HTTP/1.1 200 OK
Content-Type: application/json; charset=utf-8
cache-control: no-cache
content-length: 41324

16:19:01.113 [AsyncHttpClient-1-13] DEBUG org.asynchttpclient.netty.channel.ChannelManager - Adding key: http://localhost:59976 for channel [id: 0x87d94a0a, L:/127.0.0.1:63815 - R:localhost/127.0.0.1:59976]
16:19:01.114 [main] DEBUG net.serenitybdd.core.photography.Darkroom - Send negative for processing for target\site\serenity\1fb0ba56aa4026969f50c0de76d8c6db4c9f2537cdc6962257ddc56e8da9c6f0.png
16:19:01.114 [main] DEBUG net.thucydides.core.steps.StepInterceptor - STEP DONE: inputPassword
  &amp#27;[32mAnd &amp#27;[0m&amp#27;[32mI input &amp#27;[0m&amp#27;[32m&amp#27;[1m""&amp#27;[0m&amp#27;[32m password&amp#27;[0m                 &amp#27;[90m# Starter.StepDefinitions.LoginStep.iInputPassword(java.lang.String)&amp#27;[0m
16:19:01.115 [Darkroom Processing Line] DEBUG net.serenitybdd.core.photography.DarkroomProcessingLine - Processing screenshot image in /var/screenshots/screenshot-13621689144330437331
16:19:01.115 [Darkroom Processing Line] DEBUG net.serenitybdd.core.photography.DarkroomProcessingLine - Saving screenshot to target\site\serenity\1fb0ba56aa4026969f50c0de76d8c6db4c9f2537cdc6962257ddc56e8da9c6f0.png
16:19:01.125 [main] DEBUG net.thucydides.core.steps.StepInterceptor - STARTING STEP: RegisterStep.clickRegisterButton - clickRegisterButton
16:19:01.127 [Forwarding findElement on session 23d58b8ad04202a86269718e84ef5696 to remote] DEBUG org.asynchttpclient.netty.request.NettyRequestSender - Using pooled Channel '[id: 0x87d94a0a, L:/127.0.0.1:63815 - R:localhost/127.0.0.1:59976]' for 'POST' to 'http://localhost:59976/session/23d58b8ad04202a86269718e84ef5696/element'
16:19:01.127 [Forwarding findElement on session 23d58b8ad04202a86269718e84ef5696 to remote] DEBUG org.asynchttpclient.netty.request.NettyRequestSender - Using open Channel [id: 0x87d94a0a, L:/127.0.0.1:63815 - R:localhost/127.0.0.1:59976] for POST '/session/23d58b8ad04202a86269718e84ef5696/element'
16:19:01.132 [AsyncHttpClient-1-13] DEBUG org.asynchttpclient.netty.handler.HttpHandler - 

Request DefaultHttpRequest(decodeResult: success, version: HTTP/1.1)
POST /session/23d58b8ad04202a86269718e84ef5696/element HTTP/1.1
User-Agent: selenium/4.1.2 (java windows)
Content-Length: 136
Content-Type: application/json; charset=utf-8
host: localhost:59976
accept: */*

Response DefaultHttpResponse(decodeResult: success, version: HTTP/1.1)
HTTP/1.1 200 OK
Content-Type: application/json; charset=utf-8
cache-control: no-cache
content-length: 88

16:19:01.132 [AsyncHttpClient-1-13] DEBUG org.asynchttpclient.netty.channel.ChannelManager - Adding key: http://localhost:59976 for channel [id: 0x87d94a0a, L:/127.0.0.1:63815 - R:localhost/127.0.0.1:59976]
16:19:01.133 [Forwarding getElementTagName on session 23d58b8ad04202a86269718e84ef5696 to remote] DEBUG org.asynchttpclient.netty.request.NettyRequestSender - Using pooled Channel '[id: 0x87d94a0a, L:/127.0.0.1:63815 - R:localhost/127.0.0.1:59976]' for 'GET' to 'http://localhost:59976/session/23d58b8ad04202a86269718e84ef5696/element/bf634588-a0fa-4f60-ad85-cbd22bfedc4f/name'
16:19:01.133 [Forwarding getElementTagName on session 23d58b8ad04202a86269718e84ef5696 to remote] DEBUG org.asynchttpclient.netty.request.NettyRequestSender - Using open Channel [id: 0x87d94a0a, L:/127.0.0.1:63815 - R:localhost/127.0.0.1:59976] for GET '/session/23d58b8ad04202a86269718e84ef5696/element/bf634588-a0fa-4f60-ad85-cbd22bfedc4f/name'
16:19:01.138 [AsyncHttpClient-1-13] DEBUG org.asynchttpclient.netty.handler.HttpHandler - 

Request DefaultFullHttpRequest(decodeResult: success, version: HTTP/1.1, content: EmptyByteBufBE)
GET /session/23d58b8ad04202a86269718e84ef5696/element/bf634588-a0fa-4f60-ad85-cbd22bfedc4f/name HTTP/1.1
User-Agent: selenium/4.1.2 (java windows)
Cache-Control: no-cache
Content-Type: application/json; charset=utf-8
host: localhost:59976
accept: */*

Response DefaultHttpResponse(decodeResult: success, version: HTTP/1.1)
HTTP/1.1 200 OK
Content-Type: application/json; charset=utf-8
cache-control: no-cache
content-length: 18

16:19:01.138 [AsyncHttpClient-1-13] DEBUG org.asynchttpclient.netty.channel.ChannelManager - Adding key: http://localhost:59976 for channel [id: 0x87d94a0a, L:/127.0.0.1:63815 - R:localhost/127.0.0.1:59976]
16:19:01.139 [Forwarding getElementTagName on session 23d58b8ad04202a86269718e84ef5696 to remote] DEBUG org.asynchttpclient.netty.request.NettyRequestSender - Using pooled Channel '[id: 0x87d94a0a, L:/127.0.0.1:63815 - R:localhost/127.0.0.1:59976]' for 'GET' to 'http://localhost:59976/session/23d58b8ad04202a86269718e84ef5696/element/bf634588-a0fa-4f60-ad85-cbd22bfedc4f/name'
16:19:01.139 [Forwarding getElementTagName on session 23d58b8ad04202a86269718e84ef5696 to remote] DEBUG org.asynchttpclient.netty.request.NettyRequestSender - Using open Channel [id: 0x87d94a0a, L:/127.0.0.1:63815 - R:localhost/127.0.0.1:59976] for GET '/session/23d58b8ad04202a86269718e84ef5696/element/bf634588-a0fa-4f60-ad85-cbd22bfedc4f/name'
16:19:01.141 [AsyncHttpClient-1-13] DEBUG org.asynchttpclient.netty.handler.HttpHandler - 

Request DefaultFullHttpRequest(decodeResult: success, version: HTTP/1.1, content: EmptyByteBufBE)
GET /session/23d58b8ad04202a86269718e84ef5696/element/bf634588-a0fa-4f60-ad85-cbd22bfedc4f/name HTTP/1.1
User-Agent: selenium/4.1.2 (java windows)
Cache-Control: no-cache
Content-Type: application/json; charset=utf-8
host: localhost:59976
accept: */*

Response DefaultHttpResponse(decodeResult: success, version: HTTP/1.1)
HTTP/1.1 200 OK
Content-Type: application/json; charset=utf-8
cache-control: no-cache
content-length: 18

16:19:01.141 [AsyncHttpClient-1-13] DEBUG org.asynchttpclient.netty.channel.ChannelManager - Adding key: http://localhost:59976 for channel [id: 0x87d94a0a, L:/127.0.0.1:63815 - R:localhost/127.0.0.1:59976]
16:19:01.143 [Forwarding isElementEnabled on session 23d58b8ad04202a86269718e84ef5696 to remote] DEBUG org.asynchttpclient.netty.request.NettyRequestSender - Using pooled Channel '[id: 0x87d94a0a, L:/127.0.0.1:63815 - R:localhost/127.0.0.1:59976]' for 'GET' to 'http://localhost:59976/session/23d58b8ad04202a86269718e84ef5696/element/bf634588-a0fa-4f60-ad85-cbd22bfedc4f/enabled'
16:19:01.143 [Forwarding isElementEnabled on session 23d58b8ad04202a86269718e84ef5696 to remote] DEBUG org.asynchttpclient.netty.request.NettyRequestSender - Using open Channel [id: 0x87d94a0a, L:/127.0.0.1:63815 - R:localhost/127.0.0.1:59976] for GET '/session/23d58b8ad04202a86269718e84ef5696/element/bf634588-a0fa-4f60-ad85-cbd22bfedc4f/enabled'
16:19:01.148 [AsyncHttpClient-1-13] DEBUG org.asynchttpclient.netty.handler.HttpHandler - 

Request DefaultFullHttpRequest(decodeResult: success, version: HTTP/1.1, content: EmptyByteBufBE)
GET /session/23d58b8ad04202a86269718e84ef5696/element/bf634588-a0fa-4f60-ad85-cbd22bfedc4f/enabled HTTP/1.1
User-Agent: selenium/4.1.2 (java windows)
Cache-Control: no-cache
Content-Type: application/json; charset=utf-8
host: localhost:59976
accept: */*

Response DefaultHttpResponse(decodeResult: success, version: HTTP/1.1)
HTTP/1.1 200 OK
Content-Type: application/json; charset=utf-8
cache-control: no-cache
content-length: 14

16:19:01.148 [AsyncHttpClient-1-13] DEBUG org.asynchttpclient.netty.channel.ChannelManager - Adding key: http://localhost:59976 for channel [id: 0x87d94a0a, L:/127.0.0.1:63815 - R:localhost/127.0.0.1:59976]
16:19:01.150 [Forwarding isElementEnabled on session 23d58b8ad04202a86269718e84ef5696 to remote] DEBUG org.asynchttpclient.netty.request.NettyRequestSender - Using pooled Channel '[id: 0x87d94a0a, L:/127.0.0.1:63815 - R:localhost/127.0.0.1:59976]' for 'GET' to 'http://localhost:59976/session/23d58b8ad04202a86269718e84ef5696/element/bf634588-a0fa-4f60-ad85-cbd22bfedc4f/enabled'
16:19:01.150 [Forwarding isElementEnabled on session 23d58b8ad04202a86269718e84ef5696 to remote] DEBUG org.asynchttpclient.netty.request.NettyRequestSender - Using open Channel [id: 0x87d94a0a, L:/127.0.0.1:63815 - R:localhost/127.0.0.1:59976] for GET '/session/23d58b8ad04202a86269718e84ef5696/element/bf634588-a0fa-4f60-ad85-cbd22bfedc4f/enabled'
16:19:01.154 [AsyncHttpClient-1-13] DEBUG org.asynchttpclient.netty.handler.HttpHandler - 

Request DefaultFullHttpRequest(decodeResult: success, version: HTTP/1.1, content: EmptyByteBufBE)
GET /session/23d58b8ad04202a86269718e84ef5696/element/bf634588-a0fa-4f60-ad85-cbd22bfedc4f/enabled HTTP/1.1
User-Agent: selenium/4.1.2 (java windows)
Cache-Control: no-cache
Content-Type: application/json; charset=utf-8
host: localhost:59976
accept: */*

Response DefaultHttpResponse(decodeResult: success, version: HTTP/1.1)
HTTP/1.1 200 OK
Content-Type: application/json; charset=utf-8
cache-control: no-cache
content-length: 14

16:19:01.154 [AsyncHttpClient-1-13] DEBUG org.asynchttpclient.netty.channel.ChannelManager - Adding key: http://localhost:59976 for channel [id: 0x87d94a0a, L:/127.0.0.1:63815 - R:localhost/127.0.0.1:59976]
16:19:01.155 [Forwarding findElement on session 23d58b8ad04202a86269718e84ef5696 to remote] DEBUG org.asynchttpclient.netty.request.NettyRequestSender - Using pooled Channel '[id: 0x87d94a0a, L:/127.0.0.1:63815 - R:localhost/127.0.0.1:59976]' for 'POST' to 'http://localhost:59976/session/23d58b8ad04202a86269718e84ef5696/element'
16:19:01.155 [Forwarding findElement on session 23d58b8ad04202a86269718e84ef5696 to remote] DEBUG org.asynchttpclient.netty.request.NettyRequestSender - Using open Channel [id: 0x87d94a0a, L:/127.0.0.1:63815 - R:localhost/127.0.0.1:59976] for POST '/session/23d58b8ad04202a86269718e84ef5696/element'
16:19:01.160 [AsyncHttpClient-1-13] DEBUG org.asynchttpclient.netty.handler.HttpHandler - 

Request DefaultHttpRequest(decodeResult: success, version: HTTP/1.1)
POST /session/23d58b8ad04202a86269718e84ef5696/element HTTP/1.1
User-Agent: selenium/4.1.2 (java windows)
Content-Length: 136
Content-Type: application/json; charset=utf-8
host: localhost:59976
accept: */*

Response DefaultHttpResponse(decodeResult: success, version: HTTP/1.1)
HTTP/1.1 200 OK
Content-Type: application/json; charset=utf-8
cache-control: no-cache
content-length: 88

16:19:01.160 [AsyncHttpClient-1-13] DEBUG org.asynchttpclient.netty.channel.ChannelManager - Adding key: http://localhost:59976 for channel [id: 0x87d94a0a, L:/127.0.0.1:63815 - R:localhost/127.0.0.1:59976]
16:19:01.161 [Forwarding clickElement on session 23d58b8ad04202a86269718e84ef5696 to remote] DEBUG org.asynchttpclient.netty.request.NettyRequestSender - Using pooled Channel '[id: 0x87d94a0a, L:/127.0.0.1:63815 - R:localhost/127.0.0.1:59976]' for 'POST' to 'http://localhost:59976/session/23d58b8ad04202a86269718e84ef5696/element/bf634588-a0fa-4f60-ad85-cbd22bfedc4f/click'
16:19:01.161 [Forwarding clickElement on session 23d58b8ad04202a86269718e84ef5696 to remote] DEBUG org.asynchttpclient.netty.request.NettyRequestSender - Using open Channel [id: 0x87d94a0a, L:/127.0.0.1:63815 - R:localhost/127.0.0.1:59976] for POST '/session/23d58b8ad04202a86269718e84ef5696/element/bf634588-a0fa-4f60-ad85-cbd22bfedc4f/click'
16:19:01.195 [AsyncHttpClient-1-13] DEBUG org.asynchttpclient.netty.handler.HttpHandler - 

Request DefaultHttpRequest(decodeResult: success, version: HTTP/1.1)
POST /session/23d58b8ad04202a86269718e84ef5696/element/bf634588-a0fa-4f60-ad85-cbd22bfedc4f/click HTTP/1.1
User-Agent: selenium/4.1.2 (java windows)
Content-Length: 50
Content-Type: application/json; charset=utf-8
host: localhost:59976
accept: */*

Response DefaultHttpResponse(decodeResult: success, version: HTTP/1.1)
HTTP/1.1 200 OK
Content-Type: application/json; charset=utf-8
cache-control: no-cache
content-length: 14

16:19:01.195 [AsyncHttpClient-1-13] DEBUG org.asynchttpclient.netty.channel.ChannelManager - Adding key: http://localhost:59976 for channel [id: 0x87d94a0a, L:/127.0.0.1:63815 - R:localhost/127.0.0.1:59976]
16:19:01.199 [Forwarding screenshot on session 23d58b8ad04202a86269718e84ef5696 to remote] DEBUG org.asynchttpclient.netty.request.NettyRequestSender - Using pooled Channel '[id: 0x87d94a0a, L:/127.0.0.1:63815 - R:localhost/127.0.0.1:59976]' for 'GET' to 'http://localhost:59976/session/23d58b8ad04202a86269718e84ef5696/screenshot'
16:19:01.199 [Forwarding screenshot on session 23d58b8ad04202a86269718e84ef5696 to remote] DEBUG org.asynchttpclient.netty.request.NettyRequestSender - Using open Channel [id: 0x87d94a0a, L:/127.0.0.1:63815 - R:localhost/127.0.0.1:59976] for GET '/session/23d58b8ad04202a86269718e84ef5696/screenshot'
16:19:01.386 [AsyncHttpClient-1-13] DEBUG org.asynchttpclient.netty.handler.HttpHandler - 

Request DefaultFullHttpRequest(decodeResult: success, version: HTTP/1.1, content: EmptyByteBufBE)
GET /session/23d58b8ad04202a86269718e84ef5696/screenshot HTTP/1.1
User-Agent: selenium/4.1.2 (java windows)
Cache-Control: no-cache
Content-Type: application/json; charset=utf-8
host: localhost:59976
accept: */*

Response DefaultHttpResponse(decodeResult: success, version: HTTP/1.1)
HTTP/1.1 200 OK
Content-Type: application/json; charset=utf-8
cache-control: no-cache
content-length: 41492

16:19:01.386 [AsyncHttpClient-1-13] DEBUG org.asynchttpclient.netty.channel.ChannelManager - Adding key: http://localhost:59976 for channel [id: 0x87d94a0a, L:/127.0.0.1:63815 - R:localhost/127.0.0.1:59976]
16:19:01.387 [main] DEBUG net.serenitybdd.core.photography.Darkroom - Send negative for processing for target\site\serenity\5e2dca7e093da0149f01f4e30d05d4b0917b47eb5c29b805815b4337b840bc79.png
16:19:01.387 [main] DEBUG net.thucydides.core.steps.StepInterceptor - STEP DONE: clickRegisterButton
  &amp#27;[32mAnd &amp#27;[0m&amp#27;[32mclick register button&amp#27;[0m               &amp#27;[90m# Starter.StepDefinitions.RegisterStep.clickRegisterButton()&amp#27;[0m
16:19:01.388 [Darkroom Processing Line] DEBUG net.serenitybdd.core.photography.DarkroomProcessingLine - Processing screenshot image in /var/screenshots/screenshot-9527180102239004231
16:19:01.388 [Darkroom Processing Line] DEBUG net.serenitybdd.core.photography.DarkroomProcessingLine - Saving screenshot to target\site\serenity\5e2dca7e093da0149f01f4e30d05d4b0917b47eb5c29b805815b4337b840bc79.png
16:19:01.401 [main] DEBUG net.thucydides.core.steps.StepInterceptor - STARTING STEP: RegisterStep.iGet - errorMessageAppears
16:19:01.402 [Forwarding findElement on session 23d58b8ad04202a86269718e84ef5696 to remote] DEBUG org.asynchttpclient.netty.request.NettyRequestSender - Using pooled Channel '[id: 0x87d94a0a, L:/127.0.0.1:63815 - R:localhost/127.0.0.1:59976]' for 'POST' to 'http://localhost:59976/session/23d58b8ad04202a86269718e84ef5696/element'
16:19:01.402 [Forwarding findElement on session 23d58b8ad04202a86269718e84ef5696 to remote] DEBUG org.asynchttpclient.netty.request.NettyRequestSender - Using open Channel [id: 0x87d94a0a, L:/127.0.0.1:63815 - R:localhost/127.0.0.1:59976] for POST '/session/23d58b8ad04202a86269718e84ef5696/element'
16:19:01.411 [AsyncHttpClient-1-13] DEBUG org.asynchttpclient.netty.handler.HttpHandler - 

Request DefaultHttpRequest(decodeResult: success, version: HTTP/1.1)
POST /session/23d58b8ad04202a86269718e84ef5696/element HTTP/1.1
User-Agent: selenium/4.1.2 (java windows)
Content-Length: 137
Content-Type: application/json; charset=utf-8
host: localhost:59976
accept: */*

Response DefaultHttpResponse(decodeResult: success, version: HTTP/1.1)
HTTP/1.1 200 OK
Content-Type: application/json; charset=utf-8
cache-control: no-cache
content-length: 88

16:19:01.411 [AsyncHttpClient-1-13] DEBUG org.asynchttpclient.netty.channel.ChannelManager - Adding key: http://localhost:59976 for channel [id: 0x87d94a0a, L:/127.0.0.1:63815 - R:localhost/127.0.0.1:59976]
16:19:01.414 [Forwarding isElementDisplayed on session 23d58b8ad04202a86269718e84ef5696 to remote] DEBUG org.asynchttpclient.netty.request.NettyRequestSender - Using pooled Channel '[id: 0x87d94a0a, L:/127.0.0.1:63815 - R:localhost/127.0.0.1:59976]' for 'POST' to 'http://localhost:59976/session/23d58b8ad04202a86269718e84ef5696/execute/sync'
16:19:01.414 [Forwarding isElementDisplayed on session 23d58b8ad04202a86269718e84ef5696 to remote] DEBUG org.asynchttpclient.netty.request.NettyRequestSender - Using open Channel [id: 0x87d94a0a, L:/127.0.0.1:63815 - R:localhost/127.0.0.1:59976] for POST '/session/23d58b8ad04202a86269718e84ef5696/execute/sync'
16:19:01.427 [AsyncHttpClient-1-13] DEBUG org.asynchttpclient.netty.handler.HttpHandler - 

Request DefaultHttpRequest(decodeResult: success, version: HTTP/1.1)
POST /session/23d58b8ad04202a86269718e84ef5696/execute/sync HTTP/1.1
User-Agent: selenium/4.1.2 (java windows)
Content-Length: 48780
Content-Type: application/json; charset=utf-8
host: localhost:59976
accept: */*

Response DefaultHttpResponse(decodeResult: success, version: HTTP/1.1)
HTTP/1.1 200 OK
Content-Type: application/json; charset=utf-8
cache-control: no-cache
content-length: 14

16:19:01.427 [AsyncHttpClient-1-13] DEBUG org.asynchttpclient.netty.channel.ChannelManager - Adding key: http://localhost:59976 for channel [id: 0x87d94a0a, L:/127.0.0.1:63815 - R:localhost/127.0.0.1:59976]
16:19:01.431 [main] DEBUG net.thucydides.core.steps.StepInterceptor - STEP DONE: errorMessageAppears
16:19:01.436 [main] DEBUG net.thucydides.core.steps.StepInterceptor - STARTING STEP: RegisterStep.iGet - errorMessageEquals
16:19:01.438 [Forwarding findElement on session 23d58b8ad04202a86269718e84ef5696 to remote] DEBUG org.asynchttpclient.netty.request.NettyRequestSender - Using pooled Channel '[id: 0x87d94a0a, L:/127.0.0.1:63815 - R:localhost/127.0.0.1:59976]' for 'POST' to 'http://localhost:59976/session/23d58b8ad04202a86269718e84ef5696/element'
16:19:01.438 [Forwarding findElement on session 23d58b8ad04202a86269718e84ef5696 to remote] DEBUG org.asynchttpclient.netty.request.NettyRequestSender - Using open Channel [id: 0x87d94a0a, L:/127.0.0.1:63815 - R:localhost/127.0.0.1:59976] for POST '/session/23d58b8ad04202a86269718e84ef5696/element'
16:19:01.442 [AsyncHttpClient-1-13] DEBUG org.asynchttpclient.netty.handler.HttpHandler - 

Request DefaultHttpRequest(decodeResult: success, version: HTTP/1.1)
POST /session/23d58b8ad04202a86269718e84ef5696/element HTTP/1.1
User-Agent: selenium/4.1.2 (java windows)
Content-Length: 137
Content-Type: application/json; charset=utf-8
host: localhost:59976
accept: */*

Response DefaultHttpResponse(decodeResult: success, version: HTTP/1.1)
HTTP/1.1 200 OK
Content-Type: application/json; charset=utf-8
cache-control: no-cache
content-length: 88

16:19:01.443 [AsyncHttpClient-1-13] DEBUG org.asynchttpclient.netty.channel.ChannelManager - Adding key: http://localhost:59976 for channel [id: 0x87d94a0a, L:/127.0.0.1:63815 - R:localhost/127.0.0.1:59976]
16:19:01.444 [Forwarding getElementText on session 23d58b8ad04202a86269718e84ef5696 to remote] DEBUG org.asynchttpclient.netty.request.NettyRequestSender - Using pooled Channel '[id: 0x87d94a0a, L:/127.0.0.1:63815 - R:localhost/127.0.0.1:59976]' for 'GET' to 'http://localhost:59976/session/23d58b8ad04202a86269718e84ef5696/element/e3204f33-430f-4ab1-9403-943ecf9fa822/text'
16:19:01.444 [Forwarding getElementText on session 23d58b8ad04202a86269718e84ef5696 to remote] DEBUG org.asynchttpclient.netty.request.NettyRequestSender - Using open Channel [id: 0x87d94a0a, L:/127.0.0.1:63815 - R:localhost/127.0.0.1:59976] for GET '/session/23d58b8ad04202a86269718e84ef5696/element/e3204f33-430f-4ab1-9403-943ecf9fa822/text'
16:19:01.455 [AsyncHttpClient-1-13] DEBUG org.asynchttpclient.netty.handler.HttpHandler - 

Request DefaultFullHttpRequest(decodeResult: success, version: HTTP/1.1, content: EmptyByteBufBE)
GET /session/23d58b8ad04202a86269718e84ef5696/element/e3204f33-430f-4ab1-9403-943ecf9fa822/text HTTP/1.1
User-Agent: selenium/4.1.2 (java windows)
Cache-Control: no-cache
Content-Type: application/json; charset=utf-8
host: localhost:59976
accept: */*

Response DefaultHttpResponse(decodeResult: success, version: HTTP/1.1)
HTTP/1.1 200 OK
Content-Type: application/json; charset=utf-8
cache-control: no-cache
content-length: 12

16:19:01.455 [AsyncHttpClient-1-13] DEBUG org.asynchttpclient.netty.channel.ChannelManager - Adding key: http://localhost:59976 for channel [id: 0x87d94a0a, L:/127.0.0.1:63815 - R:localhost/127.0.0.1:59976]
16:19:01.459 [Forwarding screenshot on session 23d58b8ad04202a86269718e84ef5696 to remote] DEBUG org.asynchttpclient.netty.request.NettyRequestSender - Using pooled Channel '[id: 0x87d94a0a, L:/127.0.0.1:63815 - R:localhost/127.0.0.1:59976]' for 'GET' to 'http://localhost:59976/session/23d58b8ad04202a86269718e84ef5696/screenshot'
16:19:01.459 [Forwarding screenshot on session 23d58b8ad04202a86269718e84ef5696 to remote] DEBUG org.asynchttpclient.netty.request.NettyRequestSender - Using open Channel [id: 0x87d94a0a, L:/127.0.0.1:63815 - R:localhost/127.0.0.1:59976] for GET '/session/23d58b8ad04202a86269718e84ef5696/screenshot'
16:19:01.532 [AsyncHttpClient-1-1] DEBUG org.asynchttpclient.netty.channel.DefaultChannelPool - Entry count for : http://localhost:63816 : 1
16:19:01.659 [AsyncHttpClient-1-13] DEBUG org.asynchttpclient.netty.handler.HttpHandler - 

Request DefaultFullHttpRequest(decodeResult: success, version: HTTP/1.1, content: EmptyByteBufBE)
GET /session/23d58b8ad04202a86269718e84ef5696/screenshot HTTP/1.1
User-Agent: selenium/4.1.2 (java windows)
Cache-Control: no-cache
Content-Type: application/json; charset=utf-8
host: localhost:59976
accept: */*

Response DefaultHttpResponse(decodeResult: success, version: HTTP/1.1)
HTTP/1.1 200 OK
Content-Type: application/json; charset=utf-8
cache-control: no-cache
content-length: 42820

16:19:01.659 [AsyncHttpClient-1-13] DEBUG org.asynchttpclient.netty.channel.ChannelManager - Adding key: http://localhost:59976 for channel [id: 0x87d94a0a, L:/127.0.0.1:63815 - R:localhost/127.0.0.1:59976]
16:19:01.660 [main] DEBUG net.serenitybdd.core.photography.Darkroom - Send negative for processing for target\site\serenity\55264bdd34572e78ae1dffbe77fa86115f578321f7ff2b305747b5fe67fc0c57.png
16:19:01.661 [main] DEBUG net.thucydides.core.steps.StepInterceptor - STEP DONE: errorMessageEquals
  &amp#27;[32mThen &amp#27;[0m&amp#27;[32mI get &amp#27;[0m&amp#27;[32m&amp#27;[1m"register  page"&amp#27;[0m             &amp#27;[90m# Starter.StepDefinitions.RegisterStep.iGet(java.lang.String)&amp#27;[0m
16:19:01.661 [Darkroom Processing Line] DEBUG net.serenitybdd.core.photography.DarkroomProcessingLine - Processing screenshot image in /var/screenshots/screenshot-2916502321114491796
16:19:01.661 [Darkroom Processing Line] DEBUG net.serenitybdd.core.photography.DarkroomProcessingLine - Saving screenshot to target\site\serenity\55264bdd34572e78ae1dffbe77fa86115f578321f7ff2b305747b5fe67fc0c57.png
16:19:01.668 [AsyncHttpClient-1-15] DEBUG org.asynchttpclient.netty.handler.WebSocketHandler - Channel Closed: [id: 0xc3a9aa23, L:/127.0.0.1:63823 ! R:localhost/127.0.0.1:63816] with attribute NettyResponseFuture{currentRetry=5,
	isDone=1,
	isCancelled=0,
	asyncHandler=org.asynchttpclient.ws.WebSocketUpgradeHandler@d1a0cc8,
	nettyRequest=org.asynchttpclient.netty.request.NettyRequest@5f2253be,
	future=java.util.concurrent.CompletableFuture@2842c17[Completed normally],
	uri=ws://localhost:63816/devtools/browser/fe8ad7e5-f7fc-490b-9a60-f9caee4dcff4,
	keepAlive=true,
	redirectCount=0,
	timeoutsHolder=null,
	inAuth=0,
	touch=1653038339033}
16:19:01.668 [AsyncHttpClient-1-15] DEBUG org.asynchttpclient.netty.channel.ChannelManager - Closing Channel [id: 0xc3a9aa23, L:/127.0.0.1:63823 ! R:localhost/127.0.0.1:63816] 
16:19:01.668 [Driver Command Executor] DEBUG org.asynchttpclient.netty.request.NettyRequestSender - Using pooled Channel '[id: 0x87d94a0a, L:/127.0.0.1:63815 - R:localhost/127.0.0.1:59976]' for 'DELETE' to 'http://localhost:59976/session/23d58b8ad04202a86269718e84ef5696'
16:19:01.668 [Driver Command Executor] DEBUG org.asynchttpclient.netty.request.NettyRequestSender - Using open Channel [id: 0x87d94a0a, L:/127.0.0.1:63815 - R:localhost/127.0.0.1:59976] for DELETE '/session/23d58b8ad04202a86269718e84ef5696'
16:19:01.771 [AsyncHttpClient-1-14] DEBUG org.asynchttpclient.netty.handler.HttpHandler - Unexpected I/O exception on channel [id: 0x4aa5ef90, L:/127.0.0.1:63822 - R:localhost/127.0.0.1:63816]
java.net.SocketException: Connection reset
	at java.base/sun.nio.ch.SocketChannelImpl.throwConnectionReset(SocketChannelImpl.java:367)
	at java.base/sun.nio.ch.SocketChannelImpl.read(SocketChannelImpl.java:398)
	at io.netty.buffer.PooledByteBuf.setBytes(PooledByteBuf.java:258)
	at io.netty.buffer.AbstractByteBuf.writeBytes(AbstractByteBuf.java:1132)
	at io.netty.channel.socket.nio.NioSocketChannel.doReadBytes(NioSocketChannel.java:350)
	at io.netty.channel.nio.AbstractNioByteChannel$NioByteUnsafe.read(AbstractNioByteChannel.java:151)
	at io.netty.channel.nio.NioEventLoop.processSelectedKey(NioEventLoop.java:722)
	at io.netty.channel.nio.NioEventLoop.processSelectedKeysOptimized(NioEventLoop.java:658)
	at io.netty.channel.nio.NioEventLoop.processSelectedKeys(NioEventLoop.java:584)
	at io.netty.channel.nio.NioEventLoop.run(NioEventLoop.java:496)
	at io.netty.util.concurrent.SingleThreadEventExecutor$4.run(SingleThreadEventExecutor.java:986)
	at io.netty.util.internal.ThreadExecutorMap$2.run(ThreadExecutorMap.java:74)
	at io.netty.util.concurrent.FastThreadLocalRunnable.run(FastThreadLocalRunnable.java:30)
	at java.base/java.lang.Thread.run(Thread.java:832)
16:19:01.771 [AsyncHttpClient-1-14] DEBUG org.asynchttpclient.netty.channel.ChannelManager - Closing Channel [id: 0x4aa5ef90, L:/127.0.0.1:63822 - R:localhost/127.0.0.1:63816] 
16:19:01.772 [AsyncHttpClient-1-14] DEBUG org.asynchttpclient.netty.handler.HttpHandler - Channel Closed: [id: 0x4aa5ef90, L:/127.0.0.1:63822 ! R:localhost/127.0.0.1:63816] with attribute DISCARD
16:19:01.787 [AsyncHttpClient-1-13] DEBUG org.asynchttpclient.netty.handler.HttpHandler - 

Request DefaultFullHttpRequest(decodeResult: success, version: HTTP/1.1, content: EmptyByteBufBE)
DELETE /session/23d58b8ad04202a86269718e84ef5696 HTTP/1.1
User-Agent: selenium/4.1.2 (java windows)
Content-Type: application/json; charset=utf-8
host: localhost:59976
accept: */*

Response DefaultHttpResponse(decodeResult: success, version: HTTP/1.1)
HTTP/1.1 200 OK
Content-Type: application/json; charset=utf-8
cache-control: no-cache
content-length: 14

16:19:01.787 [AsyncHttpClient-1-13] DEBUG org.asynchttpclient.netty.channel.ChannelManager - Adding key: http://localhost:59976 for channel [id: 0x87d94a0a, L:/127.0.0.1:63815 - R:localhost/127.0.0.1:59976]
16:19:01.874 [AsyncHttpClient-1-13] DEBUG org.asynchttpclient.netty.handler.HttpHandler - Channel Closed: [id: 0x87d94a0a, L:/127.0.0.1:63815 ! R:localhost/127.0.0.1:59976] with attribute DISCARD
]]></system-out>
    <system-err><![CDATA[Starting ChromeDriver 101.0.4951.41 (93c720db8323b3ec10d056025ab95c23a31997c9-refs/branch-heads/4951@{#904}) on port 59976
Only local connections are allowed.
Please see https://chromedriver.chromium.org/security-considerations for suggestions on keeping ChromeDriver safe.
ChromeDriver was started successfully.
May 20, 2022 4:18:59 PM org.openqa.selenium.remote.ProtocolHandshake createSession
INFO: Detected dialect: W3C
May 20, 2022 4:18:59 PM org.openqa.selenium.devtools.CdpVersionFinder findNearestMatch
WARNING: Unable to find an exact match for CDP version 101, so returning the closest version found: 97
May 20, 2022 4:18:59 PM org.openqa.selenium.devtools.CdpVersionFinder findNearestMatch
INFO: Found CDP implementation for version 101 of 97
]]></system-err>
  </testcase>
  <testcase name="Register scenario #5" classname="Register" time="5.129">
    <system-out><![CDATA[
@Register
Scenario Outline: Register scenario &amp#27;[90m# src/test/resources/features/Register.feature:21&amp#27;[0m
16:19:02.402 [main] INFO io.cucumber.core.plugin.SerenityReporter - Running feature from file:///C:/Users/user/Documents/WebMiniLogin/src/test/resources/features/Register.feature
16:19:02.421 [main] INFO net.serenitybdd.core.webdriver.driverproviders.ChromeDriverProvider - Using automatically driver download
16:19:02.712 [AsyncHttpClient-1-1] DEBUG org.asynchttpclient.netty.channel.DefaultChannelPool - Entry count for : http://localhost:59976 : 1
16:19:02.712 [AsyncHttpClient-1-1] DEBUG org.asynchttpclient.netty.channel.DefaultChannelPool - Entry count for : http://localhost:63816 : 1
16:19:02.712 [AsyncHttpClient-1-1] DEBUG org.asynchttpclient.netty.channel.DefaultChannelPool - Adding Candidate expired Channel [id: 0x87d94a0a, L:/127.0.0.1:63815 ! R:localhost/127.0.0.1:59976] isIdleTimeoutExpired=false isRemotelyClosed=true isTtlExpired=false
16:19:02.712 [AsyncHttpClient-1-1] DEBUG org.asynchttpclient.netty.channel.DefaultChannelPool - Closing Idle Channel [id: 0x87d94a0a, L:/127.0.0.1:63815 ! R:localhost/127.0.0.1:59976]
16:19:02.712 [AsyncHttpClient-1-1] DEBUG org.asynchttpclient.netty.channel.DefaultChannelPool - Adding Candidate expired Channel [id: 0x4aa5ef90, L:/127.0.0.1:63822 ! R:localhost/127.0.0.1:63816] isIdleTimeoutExpired=false isRemotelyClosed=true isTtlExpired=false
16:19:02.712 [AsyncHttpClient-1-1] DEBUG org.asynchttpclient.netty.channel.DefaultChannelPool - Closing Idle Channel [id: 0x4aa5ef90, L:/127.0.0.1:63822 ! R:localhost/127.0.0.1:63816]
16:19:02.712 [AsyncHttpClient-1-1] DEBUG org.asynchttpclient.netty.channel.DefaultChannelPool - Closed 2 connections out of 2 in 0 ms
16:19:02.772 [main] DEBUG io.github.bonigarcia.wdm.cache.ResolutionCache - Resolution chrome=101 in cache (valid until 17:17:56 20/05/2022 WIB)
16:19:02.776 [main] DEBUG io.github.bonigarcia.wdm.cache.ResolutionCache - Resolution chrome101=101.0.4951.41 in cache (valid until 16:17:56 21/05/2022 WIB)
16:19:02.785 [main] INFO io.github.bonigarcia.wdm.WebDriverManager - Using chromedriver 101.0.4951.41 (resolved driver for Chrome 101)
16:19:02.798 [main] DEBUG io.github.bonigarcia.wdm.WebDriverManager - Driver chromedriver 101.0.4951.41 found in cache
16:19:02.799 [main] INFO io.github.bonigarcia.wdm.WebDriverManager - Exporting webdriver.chrome.driver as C:\Users\user\.cache\selenium\chromedriver\win32\101.0.4951.41\chromedriver.exe
16:19:02.934 [main] DEBUG net.serenitybdd.core.webdriver.driverproviders.ProvideNewDriver - Instantiating driver
16:19:02.934 [main] DEBUG net.serenitybdd.core.webdriver.driverproviders.ProvideNewDriver - Driver capabilities: Capabilities {acceptInsecureCerts: false, base.url: https://qa.alta.id/, browserName: chrome, chrome.driver: src/test/resources/webdrive..., driver: chrome, goog:chromeOptions: {args: [], extensions: []}}
16:19:03.500 [AsyncHttpClient-1-16] DEBUG org.asynchttpclient.netty.channel.NettyConnectListener - Using new Channel '[id: 0xa5dbacfb, L:/127.0.0.1:63845 - R:localhost/127.0.0.1:59188]' for 'POST' to '/session'
16:19:04.196 [AsyncHttpClient-1-16] DEBUG org.asynchttpclient.netty.handler.HttpHandler - 

Request DefaultHttpRequest(decodeResult: success, version: HTTP/1.1)
POST /session HTTP/1.1
User-Agent: selenium/4.1.2 (java windows)
Content-Length: 605
Content-Type: application/json; charset=utf-8
host: localhost:59188
accept: */*

Response DefaultHttpResponse(decodeResult: success, version: HTTP/1.1)
HTTP/1.1 200 OK
Content-Type: application/json; charset=utf-8
cache-control: no-cache
content-length: 788

16:19:04.196 [AsyncHttpClient-1-16] DEBUG org.asynchttpclient.netty.channel.ChannelManager - Adding key: http://localhost:59188 for channel [id: 0xa5dbacfb, L:/127.0.0.1:63845 - R:localhost/127.0.0.1:59188]
16:19:04.203 [AsyncHttpClient-1-17] DEBUG org.asynchttpclient.netty.channel.NettyConnectListener - Using new Channel '[id: 0x3fe97ffc, L:/127.0.0.1:63852 - R:localhost/127.0.0.1:63846]' for 'GET' to '/json/version'
16:19:04.204 [AsyncHttpClient-1-17] DEBUG org.asynchttpclient.netty.handler.HttpHandler - 

Request DefaultFullHttpRequest(decodeResult: success, version: HTTP/1.1, content: EmptyByteBufBE)
GET /json/version HTTP/1.1
User-Agent: selenium/4.1.2 (java windows)
host: localhost:63846
accept: */*

Response DefaultHttpResponse(decodeResult: success, version: HTTP/1.1)
HTTP/1.1 200 OK
Content-Type: application/json; charset=UTF-8
content-length: 427

16:19:04.204 [AsyncHttpClient-1-17] DEBUG org.asynchttpclient.netty.channel.ChannelManager - Adding key: http://localhost:63846 for channel [id: 0x3fe97ffc, L:/127.0.0.1:63852 - R:localhost/127.0.0.1:63846]
16:19:04.207 [AsyncHttpClient-1-2] DEBUG org.asynchttpclient.netty.channel.NettyConnectListener - Using new Channel '[id: 0x2ab585b0, L:/127.0.0.1:63853 - R:localhost/127.0.0.1:63846]' for 'GET' to '/devtools/browser/876def0c-b99c-43c3-8590-e459c3fdb960'
16:19:04.208 [AsyncHttpClient-1-2] DEBUG org.asynchttpclient.netty.handler.WebSocketHandler - 

Request DefaultFullHttpRequest(decodeResult: success, version: HTTP/1.1, content: EmptyByteBufBE)
GET /devtools/browser/876def0c-b99c-43c3-8590-e459c3fdb960 HTTP/1.1
upgrade: websocket
connection: upgrade
sec-websocket-key: +hC7Xi2iLPlSWdB93v1stA==
sec-websocket-version: 13
origin: http://localhost:63846
host: localhost:63846
accept: */*
user-agent: AHC/2.1

Response DefaultHttpResponse(decodeResult: success, version: HTTP/1.1)
HTTP/1.1 101 WebSocket Protocol Handshake
Upgrade: WebSocket
Connection: Upgrade
Sec-WebSocket-Accept: DppjK++H4ICXVhB43Ad0veoisA4=

16:19:04.211 [Forwarding maximizeCurrentWindow on session bc1b397e7d00e08c7e5fb2efe1d0d5df to remote] DEBUG org.asynchttpclient.netty.request.NettyRequestSender - Using pooled Channel '[id: 0xa5dbacfb, L:/127.0.0.1:63845 - R:localhost/127.0.0.1:59188]' for 'POST' to 'http://localhost:59188/session/bc1b397e7d00e08c7e5fb2efe1d0d5df/window/maximize'
16:19:04.211 [Forwarding maximizeCurrentWindow on session bc1b397e7d00e08c7e5fb2efe1d0d5df to remote] DEBUG org.asynchttpclient.netty.request.NettyRequestSender - Using open Channel [id: 0xa5dbacfb, L:/127.0.0.1:63845 - R:localhost/127.0.0.1:59188] for POST '/session/bc1b397e7d00e08c7e5fb2efe1d0d5df/window/maximize'
16:19:04.339 [AsyncHttpClient-1-16] DEBUG org.asynchttpclient.netty.handler.HttpHandler - 

Request DefaultHttpRequest(decodeResult: success, version: HTTP/1.1)
POST /session/bc1b397e7d00e08c7e5fb2efe1d0d5df/window/maximize HTTP/1.1
User-Agent: selenium/4.1.2 (java windows)
Content-Length: 3
Content-Type: application/json; charset=utf-8
host: localhost:59188
accept: */*

Response DefaultHttpResponse(decodeResult: success, version: HTTP/1.1)
HTTP/1.1 200 OK
Content-Type: application/json; charset=utf-8
cache-control: no-cache
content-length: 52

16:19:04.339 [AsyncHttpClient-1-16] DEBUG org.asynchttpclient.netty.channel.ChannelManager - Adding key: http://localhost:59188 for channel [id: 0xa5dbacfb, L:/127.0.0.1:63845 - R:localhost/127.0.0.1:59188]
16:19:04.340 [Forwarding get on session bc1b397e7d00e08c7e5fb2efe1d0d5df to remote] DEBUG org.asynchttpclient.netty.request.NettyRequestSender - Using pooled Channel '[id: 0xa5dbacfb, L:/127.0.0.1:63845 - R:localhost/127.0.0.1:59188]' for 'POST' to 'http://localhost:59188/session/bc1b397e7d00e08c7e5fb2efe1d0d5df/url'
16:19:04.340 [Forwarding get on session bc1b397e7d00e08c7e5fb2efe1d0d5df to remote] DEBUG org.asynchttpclient.netty.request.NettyRequestSender - Using open Channel [id: 0xa5dbacfb, L:/127.0.0.1:63845 - R:localhost/127.0.0.1:59188] for POST '/session/bc1b397e7d00e08c7e5fb2efe1d0d5df/url'
16:19:04.832 [AsyncHttpClient-1-1] DEBUG org.asynchttpclient.netty.channel.DefaultChannelPool - Entry count for : http://localhost:63846 : 1
16:19:05.247 [AsyncHttpClient-1-16] DEBUG org.asynchttpclient.netty.handler.HttpHandler - 

Request DefaultHttpRequest(decodeResult: success, version: HTTP/1.1)
POST /session/bc1b397e7d00e08c7e5fb2efe1d0d5df/url HTTP/1.1
User-Agent: selenium/4.1.2 (java windows)
Content-Length: 67
Content-Type: application/json; charset=utf-8
host: localhost:59188
accept: */*

Response DefaultHttpResponse(decodeResult: success, version: HTTP/1.1)
HTTP/1.1 200 OK
Content-Type: application/json; charset=utf-8
cache-control: no-cache
content-length: 14

16:19:05.247 [AsyncHttpClient-1-16] DEBUG org.asynchttpclient.netty.channel.ChannelManager - Adding key: http://localhost:59188 for channel [id: 0xa5dbacfb, L:/127.0.0.1:63845 - R:localhost/127.0.0.1:59188]
16:19:05.248 [Forwarding setTimeout on session bc1b397e7d00e08c7e5fb2efe1d0d5df to remote] DEBUG org.asynchttpclient.netty.request.NettyRequestSender - Using pooled Channel '[id: 0xa5dbacfb, L:/127.0.0.1:63845 - R:localhost/127.0.0.1:59188]' for 'POST' to 'http://localhost:59188/session/bc1b397e7d00e08c7e5fb2efe1d0d5df/timeouts'
16:19:05.248 [Forwarding setTimeout on session bc1b397e7d00e08c7e5fb2efe1d0d5df to remote] DEBUG org.asynchttpclient.netty.request.NettyRequestSender - Using open Channel [id: 0xa5dbacfb, L:/127.0.0.1:63845 - R:localhost/127.0.0.1:59188] for POST '/session/bc1b397e7d00e08c7e5fb2efe1d0d5df/timeouts'
16:19:05.249 [AsyncHttpClient-1-16] DEBUG org.asynchttpclient.netty.handler.HttpHandler - 

Request DefaultHttpRequest(decodeResult: success, version: HTTP/1.1)
POST /session/bc1b397e7d00e08c7e5fb2efe1d0d5df/timeouts HTTP/1.1
User-Agent: selenium/4.1.2 (java windows)
Content-Length: 22
Content-Type: application/json; charset=utf-8
host: localhost:59188
accept: */*

Response DefaultHttpResponse(decodeResult: success, version: HTTP/1.1)
HTTP/1.1 200 OK
Content-Type: application/json; charset=utf-8
cache-control: no-cache
content-length: 14

16:19:05.249 [AsyncHttpClient-1-16] DEBUG org.asynchttpclient.netty.channel.ChannelManager - Adding key: http://localhost:59188 for channel [id: 0xa5dbacfb, L:/127.0.0.1:63845 - R:localhost/127.0.0.1:59188]
16:19:05.250 [Forwarding getCurrentUrl on session bc1b397e7d00e08c7e5fb2efe1d0d5df to remote] DEBUG org.asynchttpclient.netty.request.NettyRequestSender - Using pooled Channel '[id: 0xa5dbacfb, L:/127.0.0.1:63845 - R:localhost/127.0.0.1:59188]' for 'GET' to 'http://localhost:59188/session/bc1b397e7d00e08c7e5fb2efe1d0d5df/url'
16:19:05.250 [Forwarding getCurrentUrl on session bc1b397e7d00e08c7e5fb2efe1d0d5df to remote] DEBUG org.asynchttpclient.netty.request.NettyRequestSender - Using open Channel [id: 0xa5dbacfb, L:/127.0.0.1:63845 - R:localhost/127.0.0.1:59188] for GET '/session/bc1b397e7d00e08c7e5fb2efe1d0d5df/url'
16:19:05.253 [AsyncHttpClient-1-16] DEBUG org.asynchttpclient.netty.handler.HttpHandler - 

Request DefaultFullHttpRequest(decodeResult: success, version: HTTP/1.1, content: EmptyByteBufBE)
GET /session/bc1b397e7d00e08c7e5fb2efe1d0d5df/url HTTP/1.1
User-Agent: selenium/4.1.2 (java windows)
Cache-Control: no-cache
Content-Type: application/json; charset=utf-8
host: localhost:59188
accept: */*

Response DefaultHttpResponse(decodeResult: success, version: HTTP/1.1)
HTTP/1.1 200 OK
Content-Type: application/json; charset=utf-8
cache-control: no-cache
content-length: 44

16:19:05.253 [AsyncHttpClient-1-16] DEBUG org.asynchttpclient.netty.channel.ChannelManager - Adding key: http://localhost:59188 for channel [id: 0xa5dbacfb, L:/127.0.0.1:63845 - R:localhost/127.0.0.1:59188]
16:19:05.259 [Forwarding screenshot on session bc1b397e7d00e08c7e5fb2efe1d0d5df to remote] DEBUG org.asynchttpclient.netty.request.NettyRequestSender - Using pooled Channel '[id: 0xa5dbacfb, L:/127.0.0.1:63845 - R:localhost/127.0.0.1:59188]' for 'GET' to 'http://localhost:59188/session/bc1b397e7d00e08c7e5fb2efe1d0d5df/screenshot'
16:19:05.259 [Forwarding screenshot on session bc1b397e7d00e08c7e5fb2efe1d0d5df to remote] DEBUG org.asynchttpclient.netty.request.NettyRequestSender - Using open Channel [id: 0xa5dbacfb, L:/127.0.0.1:63845 - R:localhost/127.0.0.1:59188] for GET '/session/bc1b397e7d00e08c7e5fb2efe1d0d5df/screenshot'
16:19:05.499 [AsyncHttpClient-1-16] DEBUG org.asynchttpclient.netty.handler.HttpHandler - 

Request DefaultFullHttpRequest(decodeResult: success, version: HTTP/1.1, content: EmptyByteBufBE)
GET /session/bc1b397e7d00e08c7e5fb2efe1d0d5df/screenshot HTTP/1.1
User-Agent: selenium/4.1.2 (java windows)
Cache-Control: no-cache
Content-Type: application/json; charset=utf-8
host: localhost:59188
accept: */*

Response DefaultHttpResponse(decodeResult: success, version: HTTP/1.1)
HTTP/1.1 200 OK
Content-Type: application/json; charset=utf-8
cache-control: no-cache
content-length: 35724

16:19:05.499 [AsyncHttpClient-1-16] DEBUG org.asynchttpclient.netty.channel.ChannelManager - Adding key: http://localhost:59188 for channel [id: 0xa5dbacfb, L:/127.0.0.1:63845 - R:localhost/127.0.0.1:59188]
16:19:05.501 [main] DEBUG net.serenitybdd.core.photography.Darkroom - Send negative for processing for target\site\serenity\128b9aeafc681d0e5c9eb087db846ab3e79d9fa9fe5c8c3dd2abc1ce1d54dbc5.png
16:19:05.501 [main] DEBUG net.thucydides.core.steps.StepInterceptor - STARTING STEP: RegisterStep.iAmOnTheRegisterPage - validateOnRegisterPage
16:19:05.503 [Forwarding findElement on session bc1b397e7d00e08c7e5fb2efe1d0d5df to remote] DEBUG org.asynchttpclient.netty.request.NettyRequestSender - Using pooled Channel '[id: 0xa5dbacfb, L:/127.0.0.1:63845 - R:localhost/127.0.0.1:59188]' for 'POST' to 'http://localhost:59188/session/bc1b397e7d00e08c7e5fb2efe1d0d5df/element'
16:19:05.503 [Forwarding findElement on session bc1b397e7d00e08c7e5fb2efe1d0d5df to remote] DEBUG org.asynchttpclient.netty.request.NettyRequestSender - Using open Channel [id: 0xa5dbacfb, L:/127.0.0.1:63845 - R:localhost/127.0.0.1:59188] for POST '/session/bc1b397e7d00e08c7e5fb2efe1d0d5df/element'
16:19:05.511 [AsyncHttpClient-1-16] DEBUG org.asynchttpclient.netty.handler.HttpHandler - 

Request DefaultHttpRequest(decodeResult: success, version: HTTP/1.1)
POST /session/bc1b397e7d00e08c7e5fb2efe1d0d5df/element HTTP/1.1
User-Agent: selenium/4.1.2 (java windows)
Content-Length: 136
Content-Type: application/json; charset=utf-8
host: localhost:59188
accept: */*

Response DefaultHttpResponse(decodeResult: success, version: HTTP/1.1)
HTTP/1.1 200 OK
Content-Type: application/json; charset=utf-8
cache-control: no-cache
content-length: 88

16:19:05.512 [AsyncHttpClient-1-16] DEBUG org.asynchttpclient.netty.channel.ChannelManager - Adding key: http://localhost:59188 for channel [id: 0xa5dbacfb, L:/127.0.0.1:63845 - R:localhost/127.0.0.1:59188]
16:19:05.514 [Forwarding isElementDisplayed on session bc1b397e7d00e08c7e5fb2efe1d0d5df to remote] DEBUG org.asynchttpclient.netty.request.NettyRequestSender - Using pooled Channel '[id: 0xa5dbacfb, L:/127.0.0.1:63845 - R:localhost/127.0.0.1:59188]' for 'POST' to 'http://localhost:59188/session/bc1b397e7d00e08c7e5fb2efe1d0d5df/execute/sync'
16:19:05.514 [Forwarding isElementDisplayed on session bc1b397e7d00e08c7e5fb2efe1d0d5df to remote] DEBUG org.asynchttpclient.netty.request.NettyRequestSender - Using open Channel [id: 0xa5dbacfb, L:/127.0.0.1:63845 - R:localhost/127.0.0.1:59188] for POST '/session/bc1b397e7d00e08c7e5fb2efe1d0d5df/execute/sync'
16:19:05.524 [AsyncHttpClient-1-16] DEBUG org.asynchttpclient.netty.handler.HttpHandler - 

Request DefaultHttpRequest(decodeResult: success, version: HTTP/1.1)
POST /session/bc1b397e7d00e08c7e5fb2efe1d0d5df/execute/sync HTTP/1.1
User-Agent: selenium/4.1.2 (java windows)
Content-Length: 48780
Content-Type: application/json; charset=utf-8
host: localhost:59188
accept: */*

Response DefaultHttpResponse(decodeResult: success, version: HTTP/1.1)
HTTP/1.1 200 OK
Content-Type: application/json; charset=utf-8
cache-control: no-cache
content-length: 14

16:19:05.524 [AsyncHttpClient-1-16] DEBUG org.asynchttpclient.netty.channel.ChannelManager - Adding key: http://localhost:59188 for channel [id: 0xa5dbacfb, L:/127.0.0.1:63845 - R:localhost/127.0.0.1:59188]
16:19:05.527 [main] DEBUG net.thucydides.core.steps.StepInterceptor - STEP DONE: validateOnRegisterPage
  &amp#27;[32mGiven &amp#27;[0m&amp#27;[32mI am on the register page&amp#27;[0m   &amp#27;[90m# Starter.StepDefinitions.RegisterStep.iAmOnTheRegisterPage()&amp#27;[0m
16:19:05.538 [main] DEBUG net.thucydides.core.steps.StepInterceptor - STARTING STEP: RegisterStep.iInputnamalengkap - inputnamalengkap
16:19:05.541 [Forwarding findElement on session bc1b397e7d00e08c7e5fb2efe1d0d5df to remote] DEBUG org.asynchttpclient.netty.request.NettyRequestSender - Using pooled Channel '[id: 0xa5dbacfb, L:/127.0.0.1:63845 - R:localhost/127.0.0.1:59188]' for 'POST' to 'http://localhost:59188/session/bc1b397e7d00e08c7e5fb2efe1d0d5df/element'
16:19:05.541 [Forwarding findElement on session bc1b397e7d00e08c7e5fb2efe1d0d5df to remote] DEBUG org.asynchttpclient.netty.request.NettyRequestSender - Using open Channel [id: 0xa5dbacfb, L:/127.0.0.1:63845 - R:localhost/127.0.0.1:59188] for POST '/session/bc1b397e7d00e08c7e5fb2efe1d0d5df/element'
16:19:05.549 [AsyncHttpClient-1-16] DEBUG org.asynchttpclient.netty.handler.HttpHandler - 

Request DefaultHttpRequest(decodeResult: success, version: HTTP/1.1)
POST /session/bc1b397e7d00e08c7e5fb2efe1d0d5df/element HTTP/1.1
User-Agent: selenium/4.1.2 (java windows)
Content-Length: 98
Content-Type: application/json; charset=utf-8
host: localhost:59188
accept: */*

Response DefaultHttpResponse(decodeResult: success, version: HTTP/1.1)
HTTP/1.1 200 OK
Content-Type: application/json; charset=utf-8
cache-control: no-cache
content-length: 88

16:19:05.549 [AsyncHttpClient-1-16] DEBUG org.asynchttpclient.netty.channel.ChannelManager - Adding key: http://localhost:59188 for channel [id: 0xa5dbacfb, L:/127.0.0.1:63845 - R:localhost/127.0.0.1:59188]
16:19:05.550 [Forwarding clearElement on session bc1b397e7d00e08c7e5fb2efe1d0d5df to remote] DEBUG org.asynchttpclient.netty.request.NettyRequestSender - Using pooled Channel '[id: 0xa5dbacfb, L:/127.0.0.1:63845 - R:localhost/127.0.0.1:59188]' for 'POST' to 'http://localhost:59188/session/bc1b397e7d00e08c7e5fb2efe1d0d5df/element/40152d4a-ac96-40cc-a8fa-8f84ae8db963/clear'
16:19:05.550 [Forwarding clearElement on session bc1b397e7d00e08c7e5fb2efe1d0d5df to remote] DEBUG org.asynchttpclient.netty.request.NettyRequestSender - Using open Channel [id: 0xa5dbacfb, L:/127.0.0.1:63845 - R:localhost/127.0.0.1:59188] for POST '/session/bc1b397e7d00e08c7e5fb2efe1d0d5df/element/40152d4a-ac96-40cc-a8fa-8f84ae8db963/clear'
16:19:05.572 [AsyncHttpClient-1-16] DEBUG org.asynchttpclient.netty.handler.HttpHandler - 

Request DefaultHttpRequest(decodeResult: success, version: HTTP/1.1)
POST /session/bc1b397e7d00e08c7e5fb2efe1d0d5df/element/40152d4a-ac96-40cc-a8fa-8f84ae8db963/clear HTTP/1.1
User-Agent: selenium/4.1.2 (java windows)
Content-Length: 50
Content-Type: application/json; charset=utf-8
host: localhost:59188
accept: */*

Response DefaultHttpResponse(decodeResult: success, version: HTTP/1.1)
HTTP/1.1 200 OK
Content-Type: application/json; charset=utf-8
cache-control: no-cache
content-length: 14

16:19:05.572 [AsyncHttpClient-1-16] DEBUG org.asynchttpclient.netty.channel.ChannelManager - Adding key: http://localhost:59188 for channel [id: 0xa5dbacfb, L:/127.0.0.1:63845 - R:localhost/127.0.0.1:59188]
16:19:05.574 [Forwarding sendKeysToElement on session bc1b397e7d00e08c7e5fb2efe1d0d5df to remote] DEBUG org.asynchttpclient.netty.request.NettyRequestSender - Using pooled Channel '[id: 0xa5dbacfb, L:/127.0.0.1:63845 - R:localhost/127.0.0.1:59188]' for 'POST' to 'http://localhost:59188/session/bc1b397e7d00e08c7e5fb2efe1d0d5df/element/40152d4a-ac96-40cc-a8fa-8f84ae8db963/value'
16:19:05.574 [Forwarding sendKeysToElement on session bc1b397e7d00e08c7e5fb2efe1d0d5df to remote] DEBUG org.asynchttpclient.netty.request.NettyRequestSender - Using open Channel [id: 0xa5dbacfb, L:/127.0.0.1:63845 - R:localhost/127.0.0.1:59188] for POST '/session/bc1b397e7d00e08c7e5fb2efe1d0d5df/element/40152d4a-ac96-40cc-a8fa-8f84ae8db963/value'
16:19:05.600 [AsyncHttpClient-1-16] DEBUG org.asynchttpclient.netty.handler.HttpHandler - 

Request DefaultHttpRequest(decodeResult: success, version: HTTP/1.1)
POST /session/bc1b397e7d00e08c7e5fb2efe1d0d5df/element/40152d4a-ac96-40cc-a8fa-8f84ae8db963/value HTTP/1.1
User-Agent: selenium/4.1.2 (java windows)
Content-Length: 82
Content-Type: application/json; charset=utf-8
host: localhost:59188
accept: */*

Response DefaultHttpResponse(decodeResult: success, version: HTTP/1.1)
HTTP/1.1 200 OK
Content-Type: application/json; charset=utf-8
cache-control: no-cache
content-length: 14

16:19:05.600 [AsyncHttpClient-1-16] DEBUG org.asynchttpclient.netty.channel.ChannelManager - Adding key: http://localhost:59188 for channel [id: 0xa5dbacfb, L:/127.0.0.1:63845 - R:localhost/127.0.0.1:59188]
16:19:05.605 [Forwarding screenshot on session bc1b397e7d00e08c7e5fb2efe1d0d5df to remote] DEBUG org.asynchttpclient.netty.request.NettyRequestSender - Using pooled Channel '[id: 0xa5dbacfb, L:/127.0.0.1:63845 - R:localhost/127.0.0.1:59188]' for 'GET' to 'http://localhost:59188/session/bc1b397e7d00e08c7e5fb2efe1d0d5df/screenshot'
16:19:05.605 [Forwarding screenshot on session bc1b397e7d00e08c7e5fb2efe1d0d5df to remote] DEBUG org.asynchttpclient.netty.request.NettyRequestSender - Using open Channel [id: 0xa5dbacfb, L:/127.0.0.1:63845 - R:localhost/127.0.0.1:59188] for GET '/session/bc1b397e7d00e08c7e5fb2efe1d0d5df/screenshot'
16:19:05.740 [AsyncHttpClient-1-16] DEBUG org.asynchttpclient.netty.handler.HttpHandler - 

Request DefaultFullHttpRequest(decodeResult: success, version: HTTP/1.1, content: EmptyByteBufBE)
GET /session/bc1b397e7d00e08c7e5fb2efe1d0d5df/screenshot HTTP/1.1
User-Agent: selenium/4.1.2 (java windows)
Cache-Control: no-cache
Content-Type: application/json; charset=utf-8
host: localhost:59188
accept: */*

Response DefaultHttpResponse(decodeResult: success, version: HTTP/1.1)
HTTP/1.1 200 OK
Content-Type: application/json; charset=utf-8
cache-control: no-cache
content-length: 36152

16:19:05.740 [AsyncHttpClient-1-16] DEBUG org.asynchttpclient.netty.channel.ChannelManager - Adding key: http://localhost:59188 for channel [id: 0xa5dbacfb, L:/127.0.0.1:63845 - R:localhost/127.0.0.1:59188]
16:19:05.742 [main] DEBUG net.serenitybdd.core.photography.Darkroom - Send negative for processing for target\site\serenity\9873efa8e4ba88d33969843c795109437d536d52c53d7c17710a28511c693cd2.png
16:19:05.742 [main] DEBUG net.thucydides.core.steps.StepInterceptor - STEP DONE: inputnamalengkap
16:19:05.742 [Darkroom Processing Line] DEBUG net.serenitybdd.core.photography.DarkroomProcessingLine - Processing screenshot image in /var/screenshots/screenshot-17379272669391700454
  &amp#27;[32mWhen &amp#27;[0m&amp#27;[32mI input &amp#27;[0m&amp#27;[32m&amp#27;[1m""&amp#27;[0m&amp#27;[32m namalengkap&amp#27;[0m       &amp#27;[90m# Starter.StepDefinitions.RegisterStep.iInputnamalengkap(java.lang.String)&amp#27;[0m
16:19:05.742 [Darkroom Processing Line] DEBUG net.serenitybdd.core.photography.DarkroomProcessingLine - Saving screenshot to target\site\serenity\9873efa8e4ba88d33969843c795109437d536d52c53d7c17710a28511c693cd2.png
16:19:05.753 [main] DEBUG net.thucydides.core.steps.StepInterceptor - STARTING STEP: RegisterStep.iInputEmails - inputemail
16:19:05.755 [Forwarding findElement on session bc1b397e7d00e08c7e5fb2efe1d0d5df to remote] DEBUG org.asynchttpclient.netty.request.NettyRequestSender - Using pooled Channel '[id: 0xa5dbacfb, L:/127.0.0.1:63845 - R:localhost/127.0.0.1:59188]' for 'POST' to 'http://localhost:59188/session/bc1b397e7d00e08c7e5fb2efe1d0d5df/element'
16:19:05.755 [Forwarding findElement on session bc1b397e7d00e08c7e5fb2efe1d0d5df to remote] DEBUG org.asynchttpclient.netty.request.NettyRequestSender - Using open Channel [id: 0xa5dbacfb, L:/127.0.0.1:63845 - R:localhost/127.0.0.1:59188] for POST '/session/bc1b397e7d00e08c7e5fb2efe1d0d5df/element'
16:19:05.763 [AsyncHttpClient-1-16] DEBUG org.asynchttpclient.netty.handler.HttpHandler - 

Request DefaultHttpRequest(decodeResult: success, version: HTTP/1.1)
POST /session/bc1b397e7d00e08c7e5fb2efe1d0d5df/element HTTP/1.1
User-Agent: selenium/4.1.2 (java windows)
Content-Length: 91
Content-Type: application/json; charset=utf-8
host: localhost:59188
accept: */*

Response DefaultHttpResponse(decodeResult: success, version: HTTP/1.1)
HTTP/1.1 200 OK
Content-Type: application/json; charset=utf-8
cache-control: no-cache
content-length: 88

16:19:05.763 [AsyncHttpClient-1-16] DEBUG org.asynchttpclient.netty.channel.ChannelManager - Adding key: http://localhost:59188 for channel [id: 0xa5dbacfb, L:/127.0.0.1:63845 - R:localhost/127.0.0.1:59188]
16:19:05.764 [Forwarding clearElement on session bc1b397e7d00e08c7e5fb2efe1d0d5df to remote] DEBUG org.asynchttpclient.netty.request.NettyRequestSender - Using pooled Channel '[id: 0xa5dbacfb, L:/127.0.0.1:63845 - R:localhost/127.0.0.1:59188]' for 'POST' to 'http://localhost:59188/session/bc1b397e7d00e08c7e5fb2efe1d0d5df/element/5076f7d1-e6e6-4e36-bb94-74054f700d62/clear'
16:19:05.764 [Forwarding clearElement on session bc1b397e7d00e08c7e5fb2efe1d0d5df to remote] DEBUG org.asynchttpclient.netty.request.NettyRequestSender - Using open Channel [id: 0xa5dbacfb, L:/127.0.0.1:63845 - R:localhost/127.0.0.1:59188] for POST '/session/bc1b397e7d00e08c7e5fb2efe1d0d5df/element/5076f7d1-e6e6-4e36-bb94-74054f700d62/clear'
16:19:05.786 [AsyncHttpClient-1-16] DEBUG org.asynchttpclient.netty.handler.HttpHandler - 

Request DefaultHttpRequest(decodeResult: success, version: HTTP/1.1)
POST /session/bc1b397e7d00e08c7e5fb2efe1d0d5df/element/5076f7d1-e6e6-4e36-bb94-74054f700d62/clear HTTP/1.1
User-Agent: selenium/4.1.2 (java windows)
Content-Length: 50
Content-Type: application/json; charset=utf-8
host: localhost:59188
accept: */*

Response DefaultHttpResponse(decodeResult: success, version: HTTP/1.1)
HTTP/1.1 200 OK
Content-Type: application/json; charset=utf-8
cache-control: no-cache
content-length: 14

16:19:05.787 [AsyncHttpClient-1-16] DEBUG org.asynchttpclient.netty.channel.ChannelManager - Adding key: http://localhost:59188 for channel [id: 0xa5dbacfb, L:/127.0.0.1:63845 - R:localhost/127.0.0.1:59188]
16:19:05.788 [Forwarding sendKeysToElement on session bc1b397e7d00e08c7e5fb2efe1d0d5df to remote] DEBUG org.asynchttpclient.netty.request.NettyRequestSender - Using pooled Channel '[id: 0xa5dbacfb, L:/127.0.0.1:63845 - R:localhost/127.0.0.1:59188]' for 'POST' to 'http://localhost:59188/session/bc1b397e7d00e08c7e5fb2efe1d0d5df/element/5076f7d1-e6e6-4e36-bb94-74054f700d62/value'
16:19:05.788 [Forwarding sendKeysToElement on session bc1b397e7d00e08c7e5fb2efe1d0d5df to remote] DEBUG org.asynchttpclient.netty.request.NettyRequestSender - Using open Channel [id: 0xa5dbacfb, L:/127.0.0.1:63845 - R:localhost/127.0.0.1:59188] for POST '/session/bc1b397e7d00e08c7e5fb2efe1d0d5df/element/5076f7d1-e6e6-4e36-bb94-74054f700d62/value'
16:19:05.816 [AsyncHttpClient-1-16] DEBUG org.asynchttpclient.netty.handler.HttpHandler - 

Request DefaultHttpRequest(decodeResult: success, version: HTTP/1.1)
POST /session/bc1b397e7d00e08c7e5fb2efe1d0d5df/element/5076f7d1-e6e6-4e36-bb94-74054f700d62/value HTTP/1.1
User-Agent: selenium/4.1.2 (java windows)
Content-Length: 82
Content-Type: application/json; charset=utf-8
host: localhost:59188
accept: */*

Response DefaultHttpResponse(decodeResult: success, version: HTTP/1.1)
HTTP/1.1 200 OK
Content-Type: application/json; charset=utf-8
cache-control: no-cache
content-length: 14

16:19:05.816 [AsyncHttpClient-1-16] DEBUG org.asynchttpclient.netty.channel.ChannelManager - Adding key: http://localhost:59188 for channel [id: 0xa5dbacfb, L:/127.0.0.1:63845 - R:localhost/127.0.0.1:59188]
16:19:05.821 [Forwarding screenshot on session bc1b397e7d00e08c7e5fb2efe1d0d5df to remote] DEBUG org.asynchttpclient.netty.request.NettyRequestSender - Using pooled Channel '[id: 0xa5dbacfb, L:/127.0.0.1:63845 - R:localhost/127.0.0.1:59188]' for 'GET' to 'http://localhost:59188/session/bc1b397e7d00e08c7e5fb2efe1d0d5df/screenshot'
16:19:05.822 [Forwarding screenshot on session bc1b397e7d00e08c7e5fb2efe1d0d5df to remote] DEBUG org.asynchttpclient.netty.request.NettyRequestSender - Using open Channel [id: 0xa5dbacfb, L:/127.0.0.1:63845 - R:localhost/127.0.0.1:59188] for GET '/session/bc1b397e7d00e08c7e5fb2efe1d0d5df/screenshot'
16:19:05.930 [AsyncHttpClient-1-1] DEBUG org.asynchttpclient.netty.channel.DefaultChannelPool - Entry count for : http://localhost:63846 : 1
16:19:05.957 [AsyncHttpClient-1-16] DEBUG org.asynchttpclient.netty.handler.HttpHandler - 

Request DefaultFullHttpRequest(decodeResult: success, version: HTTP/1.1, content: EmptyByteBufBE)
GET /session/bc1b397e7d00e08c7e5fb2efe1d0d5df/screenshot HTTP/1.1
User-Agent: selenium/4.1.2 (java windows)
Cache-Control: no-cache
Content-Type: application/json; charset=utf-8
host: localhost:59188
accept: */*

Response DefaultHttpResponse(decodeResult: success, version: HTTP/1.1)
HTTP/1.1 200 OK
Content-Type: application/json; charset=utf-8
cache-control: no-cache
content-length: 36120

16:19:05.957 [AsyncHttpClient-1-16] DEBUG org.asynchttpclient.netty.channel.ChannelManager - Adding key: http://localhost:59188 for channel [id: 0xa5dbacfb, L:/127.0.0.1:63845 - R:localhost/127.0.0.1:59188]
16:19:05.959 [main] DEBUG net.serenitybdd.core.photography.Darkroom - Send negative for processing for target\site\serenity\f5de65f8d8b6bca13d8f135e7348fc054908547b5fe8c2e860354b51d3c5095a.png
16:19:05.959 [main] DEBUG net.thucydides.core.steps.StepInterceptor - STEP DONE: inputemail
  &amp#27;[32mAnd &amp#27;[0m&amp#27;[32mI input &amp#27;[0m&amp#27;[32m&amp#27;[1m""&amp#27;[0m&amp#27;[32m emails&amp#27;[0m             &amp#27;[90m# Starter.StepDefinitions.RegisterStep.iInputEmails(java.lang.String)&amp#27;[0m
16:19:05.959 [Darkroom Processing Line] DEBUG net.serenitybdd.core.photography.DarkroomProcessingLine - Processing screenshot image in /var/screenshots/screenshot-13023763874218967333
16:19:05.959 [Darkroom Processing Line] DEBUG net.serenitybdd.core.photography.DarkroomProcessingLine - Saving screenshot to target\site\serenity\f5de65f8d8b6bca13d8f135e7348fc054908547b5fe8c2e860354b51d3c5095a.png
16:19:05.986 [main] DEBUG net.thucydides.core.steps.StepInterceptor - STARTING STEP: LoginStep.iInputPassword - inputPassword
16:19:05.988 [Forwarding findElement on session bc1b397e7d00e08c7e5fb2efe1d0d5df to remote] DEBUG org.asynchttpclient.netty.request.NettyRequestSender - Using pooled Channel '[id: 0xa5dbacfb, L:/127.0.0.1:63845 - R:localhost/127.0.0.1:59188]' for 'POST' to 'http://localhost:59188/session/bc1b397e7d00e08c7e5fb2efe1d0d5df/element'
16:19:05.988 [Forwarding findElement on session bc1b397e7d00e08c7e5fb2efe1d0d5df to remote] DEBUG org.asynchttpclient.netty.request.NettyRequestSender - Using open Channel [id: 0xa5dbacfb, L:/127.0.0.1:63845 - R:localhost/127.0.0.1:59188] for POST '/session/bc1b397e7d00e08c7e5fb2efe1d0d5df/element'
16:19:06.000 [AsyncHttpClient-1-16] DEBUG org.asynchttpclient.netty.handler.HttpHandler - 

Request DefaultHttpRequest(decodeResult: success, version: HTTP/1.1)
POST /session/bc1b397e7d00e08c7e5fb2efe1d0d5df/element HTTP/1.1
User-Agent: selenium/4.1.2 (java windows)
Content-Length: 94
Content-Type: application/json; charset=utf-8
host: localhost:59188
accept: */*

Response DefaultHttpResponse(decodeResult: success, version: HTTP/1.1)
HTTP/1.1 200 OK
Content-Type: application/json; charset=utf-8
cache-control: no-cache
content-length: 88

16:19:06.000 [AsyncHttpClient-1-16] DEBUG org.asynchttpclient.netty.channel.ChannelManager - Adding key: http://localhost:59188 for channel [id: 0xa5dbacfb, L:/127.0.0.1:63845 - R:localhost/127.0.0.1:59188]
16:19:06.001 [Forwarding clearElement on session bc1b397e7d00e08c7e5fb2efe1d0d5df to remote] DEBUG org.asynchttpclient.netty.request.NettyRequestSender - Using pooled Channel '[id: 0xa5dbacfb, L:/127.0.0.1:63845 - R:localhost/127.0.0.1:59188]' for 'POST' to 'http://localhost:59188/session/bc1b397e7d00e08c7e5fb2efe1d0d5df/element/f92d98ef-cfa8-446a-b1dd-4748e2841332/clear'
16:19:06.001 [Forwarding clearElement on session bc1b397e7d00e08c7e5fb2efe1d0d5df to remote] DEBUG org.asynchttpclient.netty.request.NettyRequestSender - Using open Channel [id: 0xa5dbacfb, L:/127.0.0.1:63845 - R:localhost/127.0.0.1:59188] for POST '/session/bc1b397e7d00e08c7e5fb2efe1d0d5df/element/f92d98ef-cfa8-446a-b1dd-4748e2841332/clear'
16:19:06.027 [AsyncHttpClient-1-16] DEBUG org.asynchttpclient.netty.handler.HttpHandler - 

Request DefaultHttpRequest(decodeResult: success, version: HTTP/1.1)
POST /session/bc1b397e7d00e08c7e5fb2efe1d0d5df/element/f92d98ef-cfa8-446a-b1dd-4748e2841332/clear HTTP/1.1
User-Agent: selenium/4.1.2 (java windows)
Content-Length: 50
Content-Type: application/json; charset=utf-8
host: localhost:59188
accept: */*

Response DefaultHttpResponse(decodeResult: success, version: HTTP/1.1)
HTTP/1.1 200 OK
Content-Type: application/json; charset=utf-8
cache-control: no-cache
content-length: 14

16:19:06.027 [AsyncHttpClient-1-16] DEBUG org.asynchttpclient.netty.channel.ChannelManager - Adding key: http://localhost:59188 for channel [id: 0xa5dbacfb, L:/127.0.0.1:63845 - R:localhost/127.0.0.1:59188]
16:19:06.029 [Forwarding sendKeysToElement on session bc1b397e7d00e08c7e5fb2efe1d0d5df to remote] DEBUG org.asynchttpclient.netty.request.NettyRequestSender - Using pooled Channel '[id: 0xa5dbacfb, L:/127.0.0.1:63845 - R:localhost/127.0.0.1:59188]' for 'POST' to 'http://localhost:59188/session/bc1b397e7d00e08c7e5fb2efe1d0d5df/element/f92d98ef-cfa8-446a-b1dd-4748e2841332/value'
16:19:06.029 [Forwarding sendKeysToElement on session bc1b397e7d00e08c7e5fb2efe1d0d5df to remote] DEBUG org.asynchttpclient.netty.request.NettyRequestSender - Using open Channel [id: 0xa5dbacfb, L:/127.0.0.1:63845 - R:localhost/127.0.0.1:59188] for POST '/session/bc1b397e7d00e08c7e5fb2efe1d0d5df/element/f92d98ef-cfa8-446a-b1dd-4748e2841332/value'
16:19:06.066 [AsyncHttpClient-1-16] DEBUG org.asynchttpclient.netty.handler.HttpHandler - 

Request DefaultHttpRequest(decodeResult: success, version: HTTP/1.1)
POST /session/bc1b397e7d00e08c7e5fb2efe1d0d5df/element/f92d98ef-cfa8-446a-b1dd-4748e2841332/value HTTP/1.1
User-Agent: selenium/4.1.2 (java windows)
Content-Length: 82
Content-Type: application/json; charset=utf-8
host: localhost:59188
accept: */*

Response DefaultHttpResponse(decodeResult: success, version: HTTP/1.1)
HTTP/1.1 200 OK
Content-Type: application/json; charset=utf-8
cache-control: no-cache
content-length: 14

16:19:06.066 [AsyncHttpClient-1-16] DEBUG org.asynchttpclient.netty.channel.ChannelManager - Adding key: http://localhost:59188 for channel [id: 0xa5dbacfb, L:/127.0.0.1:63845 - R:localhost/127.0.0.1:59188]
16:19:06.070 [Forwarding screenshot on session bc1b397e7d00e08c7e5fb2efe1d0d5df to remote] DEBUG org.asynchttpclient.netty.request.NettyRequestSender - Using pooled Channel '[id: 0xa5dbacfb, L:/127.0.0.1:63845 - R:localhost/127.0.0.1:59188]' for 'GET' to 'http://localhost:59188/session/bc1b397e7d00e08c7e5fb2efe1d0d5df/screenshot'
16:19:06.070 [Forwarding screenshot on session bc1b397e7d00e08c7e5fb2efe1d0d5df to remote] DEBUG org.asynchttpclient.netty.request.NettyRequestSender - Using open Channel [id: 0xa5dbacfb, L:/127.0.0.1:63845 - R:localhost/127.0.0.1:59188] for GET '/session/bc1b397e7d00e08c7e5fb2efe1d0d5df/screenshot'
16:19:06.205 [AsyncHttpClient-1-16] DEBUG org.asynchttpclient.netty.handler.HttpHandler - 

Request DefaultFullHttpRequest(decodeResult: success, version: HTTP/1.1, content: EmptyByteBufBE)
GET /session/bc1b397e7d00e08c7e5fb2efe1d0d5df/screenshot HTTP/1.1
User-Agent: selenium/4.1.2 (java windows)
Cache-Control: no-cache
Content-Type: application/json; charset=utf-8
host: localhost:59188
accept: */*

Response DefaultHttpResponse(decodeResult: success, version: HTTP/1.1)
HTTP/1.1 200 OK
Content-Type: application/json; charset=utf-8
cache-control: no-cache
content-length: 36216

16:19:06.205 [AsyncHttpClient-1-16] DEBUG org.asynchttpclient.netty.channel.ChannelManager - Adding key: http://localhost:59188 for channel [id: 0xa5dbacfb, L:/127.0.0.1:63845 - R:localhost/127.0.0.1:59188]
16:19:06.207 [main] DEBUG net.serenitybdd.core.photography.Darkroom - Send negative for processing for target\site\serenity\eaaa88995c13a7dd5e23001b0a88256c0d2bef9780a9e4ad18bfd5a72d2d32d8.png
16:19:06.207 [main] DEBUG net.thucydides.core.steps.StepInterceptor - STEP DONE: inputPassword
  &amp#27;[32mAnd &amp#27;[0m&amp#27;[32mI input &amp#27;[0m&amp#27;[32m&amp#27;[1m""&amp#27;[0m&amp#27;[32m password&amp#27;[0m           &amp#27;[90m# Starter.StepDefinitions.LoginStep.iInputPassword(java.lang.String)&amp#27;[0m
16:19:06.207 [Darkroom Processing Line] DEBUG net.serenitybdd.core.photography.DarkroomProcessingLine - Processing screenshot image in /var/screenshots/screenshot-5696226648785354676
16:19:06.207 [Darkroom Processing Line] DEBUG net.serenitybdd.core.photography.DarkroomProcessingLine - Saving screenshot to target\site\serenity\eaaa88995c13a7dd5e23001b0a88256c0d2bef9780a9e4ad18bfd5a72d2d32d8.png
16:19:06.219 [main] DEBUG net.thucydides.core.steps.StepInterceptor - STARTING STEP: RegisterStep.clickRegisterButton - clickRegisterButton
16:19:06.221 [Forwarding findElement on session bc1b397e7d00e08c7e5fb2efe1d0d5df to remote] DEBUG org.asynchttpclient.netty.request.NettyRequestSender - Using pooled Channel '[id: 0xa5dbacfb, L:/127.0.0.1:63845 - R:localhost/127.0.0.1:59188]' for 'POST' to 'http://localhost:59188/session/bc1b397e7d00e08c7e5fb2efe1d0d5df/element'
16:19:06.221 [Forwarding findElement on session bc1b397e7d00e08c7e5fb2efe1d0d5df to remote] DEBUG org.asynchttpclient.netty.request.NettyRequestSender - Using open Channel [id: 0xa5dbacfb, L:/127.0.0.1:63845 - R:localhost/127.0.0.1:59188] for POST '/session/bc1b397e7d00e08c7e5fb2efe1d0d5df/element'
16:19:06.226 [AsyncHttpClient-1-16] DEBUG org.asynchttpclient.netty.handler.HttpHandler - 

Request DefaultHttpRequest(decodeResult: success, version: HTTP/1.1)
POST /session/bc1b397e7d00e08c7e5fb2efe1d0d5df/element HTTP/1.1
User-Agent: selenium/4.1.2 (java windows)
Content-Length: 136
Content-Type: application/json; charset=utf-8
host: localhost:59188
accept: */*

Response DefaultHttpResponse(decodeResult: success, version: HTTP/1.1)
HTTP/1.1 200 OK
Content-Type: application/json; charset=utf-8
cache-control: no-cache
content-length: 88

16:19:06.226 [AsyncHttpClient-1-16] DEBUG org.asynchttpclient.netty.channel.ChannelManager - Adding key: http://localhost:59188 for channel [id: 0xa5dbacfb, L:/127.0.0.1:63845 - R:localhost/127.0.0.1:59188]
16:19:06.227 [Forwarding getElementTagName on session bc1b397e7d00e08c7e5fb2efe1d0d5df to remote] DEBUG org.asynchttpclient.netty.request.NettyRequestSender - Using pooled Channel '[id: 0xa5dbacfb, L:/127.0.0.1:63845 - R:localhost/127.0.0.1:59188]' for 'GET' to 'http://localhost:59188/session/bc1b397e7d00e08c7e5fb2efe1d0d5df/element/75b058ec-6637-4954-8f12-8a24d94a24f0/name'
16:19:06.227 [Forwarding getElementTagName on session bc1b397e7d00e08c7e5fb2efe1d0d5df to remote] DEBUG org.asynchttpclient.netty.request.NettyRequestSender - Using open Channel [id: 0xa5dbacfb, L:/127.0.0.1:63845 - R:localhost/127.0.0.1:59188] for GET '/session/bc1b397e7d00e08c7e5fb2efe1d0d5df/element/75b058ec-6637-4954-8f12-8a24d94a24f0/name'
16:19:06.230 [AsyncHttpClient-1-16] DEBUG org.asynchttpclient.netty.handler.HttpHandler - 

Request DefaultFullHttpRequest(decodeResult: success, version: HTTP/1.1, content: EmptyByteBufBE)
GET /session/bc1b397e7d00e08c7e5fb2efe1d0d5df/element/75b058ec-6637-4954-8f12-8a24d94a24f0/name HTTP/1.1
User-Agent: selenium/4.1.2 (java windows)
Cache-Control: no-cache
Content-Type: application/json; charset=utf-8
host: localhost:59188
accept: */*

Response DefaultHttpResponse(decodeResult: success, version: HTTP/1.1)
HTTP/1.1 200 OK
Content-Type: application/json; charset=utf-8
cache-control: no-cache
content-length: 18

16:19:06.230 [AsyncHttpClient-1-16] DEBUG org.asynchttpclient.netty.channel.ChannelManager - Adding key: http://localhost:59188 for channel [id: 0xa5dbacfb, L:/127.0.0.1:63845 - R:localhost/127.0.0.1:59188]
16:19:06.232 [Forwarding getElementTagName on session bc1b397e7d00e08c7e5fb2efe1d0d5df to remote] DEBUG org.asynchttpclient.netty.request.NettyRequestSender - Using pooled Channel '[id: 0xa5dbacfb, L:/127.0.0.1:63845 - R:localhost/127.0.0.1:59188]' for 'GET' to 'http://localhost:59188/session/bc1b397e7d00e08c7e5fb2efe1d0d5df/element/75b058ec-6637-4954-8f12-8a24d94a24f0/name'
16:19:06.232 [Forwarding getElementTagName on session bc1b397e7d00e08c7e5fb2efe1d0d5df to remote] DEBUG org.asynchttpclient.netty.request.NettyRequestSender - Using open Channel [id: 0xa5dbacfb, L:/127.0.0.1:63845 - R:localhost/127.0.0.1:59188] for GET '/session/bc1b397e7d00e08c7e5fb2efe1d0d5df/element/75b058ec-6637-4954-8f12-8a24d94a24f0/name'
16:19:06.235 [AsyncHttpClient-1-16] DEBUG org.asynchttpclient.netty.handler.HttpHandler - 

Request DefaultFullHttpRequest(decodeResult: success, version: HTTP/1.1, content: EmptyByteBufBE)
GET /session/bc1b397e7d00e08c7e5fb2efe1d0d5df/element/75b058ec-6637-4954-8f12-8a24d94a24f0/name HTTP/1.1
User-Agent: selenium/4.1.2 (java windows)
Cache-Control: no-cache
Content-Type: application/json; charset=utf-8
host: localhost:59188
accept: */*

Response DefaultHttpResponse(decodeResult: success, version: HTTP/1.1)
HTTP/1.1 200 OK
Content-Type: application/json; charset=utf-8
cache-control: no-cache
content-length: 18

16:19:06.235 [AsyncHttpClient-1-16] DEBUG org.asynchttpclient.netty.channel.ChannelManager - Adding key: http://localhost:59188 for channel [id: 0xa5dbacfb, L:/127.0.0.1:63845 - R:localhost/127.0.0.1:59188]
16:19:06.236 [Forwarding isElementEnabled on session bc1b397e7d00e08c7e5fb2efe1d0d5df to remote] DEBUG org.asynchttpclient.netty.request.NettyRequestSender - Using pooled Channel '[id: 0xa5dbacfb, L:/127.0.0.1:63845 - R:localhost/127.0.0.1:59188]' for 'GET' to 'http://localhost:59188/session/bc1b397e7d00e08c7e5fb2efe1d0d5df/element/75b058ec-6637-4954-8f12-8a24d94a24f0/enabled'
16:19:06.236 [Forwarding isElementEnabled on session bc1b397e7d00e08c7e5fb2efe1d0d5df to remote] DEBUG org.asynchttpclient.netty.request.NettyRequestSender - Using open Channel [id: 0xa5dbacfb, L:/127.0.0.1:63845 - R:localhost/127.0.0.1:59188] for GET '/session/bc1b397e7d00e08c7e5fb2efe1d0d5df/element/75b058ec-6637-4954-8f12-8a24d94a24f0/enabled'
16:19:06.242 [AsyncHttpClient-1-16] DEBUG org.asynchttpclient.netty.handler.HttpHandler - 

Request DefaultFullHttpRequest(decodeResult: success, version: HTTP/1.1, content: EmptyByteBufBE)
GET /session/bc1b397e7d00e08c7e5fb2efe1d0d5df/element/75b058ec-6637-4954-8f12-8a24d94a24f0/enabled HTTP/1.1
User-Agent: selenium/4.1.2 (java windows)
Cache-Control: no-cache
Content-Type: application/json; charset=utf-8
host: localhost:59188
accept: */*

Response DefaultHttpResponse(decodeResult: success, version: HTTP/1.1)
HTTP/1.1 200 OK
Content-Type: application/json; charset=utf-8
cache-control: no-cache
content-length: 14

16:19:06.242 [AsyncHttpClient-1-16] DEBUG org.asynchttpclient.netty.channel.ChannelManager - Adding key: http://localhost:59188 for channel [id: 0xa5dbacfb, L:/127.0.0.1:63845 - R:localhost/127.0.0.1:59188]
16:19:06.243 [Forwarding isElementEnabled on session bc1b397e7d00e08c7e5fb2efe1d0d5df to remote] DEBUG org.asynchttpclient.netty.request.NettyRequestSender - Using pooled Channel '[id: 0xa5dbacfb, L:/127.0.0.1:63845 - R:localhost/127.0.0.1:59188]' for 'GET' to 'http://localhost:59188/session/bc1b397e7d00e08c7e5fb2efe1d0d5df/element/75b058ec-6637-4954-8f12-8a24d94a24f0/enabled'
16:19:06.243 [Forwarding isElementEnabled on session bc1b397e7d00e08c7e5fb2efe1d0d5df to remote] DEBUG org.asynchttpclient.netty.request.NettyRequestSender - Using open Channel [id: 0xa5dbacfb, L:/127.0.0.1:63845 - R:localhost/127.0.0.1:59188] for GET '/session/bc1b397e7d00e08c7e5fb2efe1d0d5df/element/75b058ec-6637-4954-8f12-8a24d94a24f0/enabled'
16:19:06.249 [AsyncHttpClient-1-16] DEBUG org.asynchttpclient.netty.handler.HttpHandler - 

Request DefaultFullHttpRequest(decodeResult: success, version: HTTP/1.1, content: EmptyByteBufBE)
GET /session/bc1b397e7d00e08c7e5fb2efe1d0d5df/element/75b058ec-6637-4954-8f12-8a24d94a24f0/enabled HTTP/1.1
User-Agent: selenium/4.1.2 (java windows)
Cache-Control: no-cache
Content-Type: application/json; charset=utf-8
host: localhost:59188
accept: */*

Response DefaultHttpResponse(decodeResult: success, version: HTTP/1.1)
HTTP/1.1 200 OK
Content-Type: application/json; charset=utf-8
cache-control: no-cache
content-length: 14

16:19:06.249 [AsyncHttpClient-1-16] DEBUG org.asynchttpclient.netty.channel.ChannelManager - Adding key: http://localhost:59188 for channel [id: 0xa5dbacfb, L:/127.0.0.1:63845 - R:localhost/127.0.0.1:59188]
16:19:06.251 [Forwarding findElement on session bc1b397e7d00e08c7e5fb2efe1d0d5df to remote] DEBUG org.asynchttpclient.netty.request.NettyRequestSender - Using pooled Channel '[id: 0xa5dbacfb, L:/127.0.0.1:63845 - R:localhost/127.0.0.1:59188]' for 'POST' to 'http://localhost:59188/session/bc1b397e7d00e08c7e5fb2efe1d0d5df/element'
16:19:06.251 [Forwarding findElement on session bc1b397e7d00e08c7e5fb2efe1d0d5df to remote] DEBUG org.asynchttpclient.netty.request.NettyRequestSender - Using open Channel [id: 0xa5dbacfb, L:/127.0.0.1:63845 - R:localhost/127.0.0.1:59188] for POST '/session/bc1b397e7d00e08c7e5fb2efe1d0d5df/element'
16:19:06.255 [AsyncHttpClient-1-16] DEBUG org.asynchttpclient.netty.handler.HttpHandler - 

Request DefaultHttpRequest(decodeResult: success, version: HTTP/1.1)
POST /session/bc1b397e7d00e08c7e5fb2efe1d0d5df/element HTTP/1.1
User-Agent: selenium/4.1.2 (java windows)
Content-Length: 136
Content-Type: application/json; charset=utf-8
host: localhost:59188
accept: */*

Response DefaultHttpResponse(decodeResult: success, version: HTTP/1.1)
HTTP/1.1 200 OK
Content-Type: application/json; charset=utf-8
cache-control: no-cache
content-length: 88

16:19:06.256 [AsyncHttpClient-1-16] DEBUG org.asynchttpclient.netty.channel.ChannelManager - Adding key: http://localhost:59188 for channel [id: 0xa5dbacfb, L:/127.0.0.1:63845 - R:localhost/127.0.0.1:59188]
16:19:06.257 [Forwarding clickElement on session bc1b397e7d00e08c7e5fb2efe1d0d5df to remote] DEBUG org.asynchttpclient.netty.request.NettyRequestSender - Using pooled Channel '[id: 0xa5dbacfb, L:/127.0.0.1:63845 - R:localhost/127.0.0.1:59188]' for 'POST' to 'http://localhost:59188/session/bc1b397e7d00e08c7e5fb2efe1d0d5df/element/75b058ec-6637-4954-8f12-8a24d94a24f0/click'
16:19:06.257 [Forwarding clickElement on session bc1b397e7d00e08c7e5fb2efe1d0d5df to remote] DEBUG org.asynchttpclient.netty.request.NettyRequestSender - Using open Channel [id: 0xa5dbacfb, L:/127.0.0.1:63845 - R:localhost/127.0.0.1:59188] for POST '/session/bc1b397e7d00e08c7e5fb2efe1d0d5df/element/75b058ec-6637-4954-8f12-8a24d94a24f0/click'
16:19:06.291 [AsyncHttpClient-1-16] DEBUG org.asynchttpclient.netty.handler.HttpHandler - 

Request DefaultHttpRequest(decodeResult: success, version: HTTP/1.1)
POST /session/bc1b397e7d00e08c7e5fb2efe1d0d5df/element/75b058ec-6637-4954-8f12-8a24d94a24f0/click HTTP/1.1
User-Agent: selenium/4.1.2 (java windows)
Content-Length: 50
Content-Type: application/json; charset=utf-8
host: localhost:59188
accept: */*

Response DefaultHttpResponse(decodeResult: success, version: HTTP/1.1)
HTTP/1.1 200 OK
Content-Type: application/json; charset=utf-8
cache-control: no-cache
content-length: 14

16:19:06.292 [AsyncHttpClient-1-16] DEBUG org.asynchttpclient.netty.channel.ChannelManager - Adding key: http://localhost:59188 for channel [id: 0xa5dbacfb, L:/127.0.0.1:63845 - R:localhost/127.0.0.1:59188]
16:19:06.295 [Forwarding screenshot on session bc1b397e7d00e08c7e5fb2efe1d0d5df to remote] DEBUG org.asynchttpclient.netty.request.NettyRequestSender - Using pooled Channel '[id: 0xa5dbacfb, L:/127.0.0.1:63845 - R:localhost/127.0.0.1:59188]' for 'GET' to 'http://localhost:59188/session/bc1b397e7d00e08c7e5fb2efe1d0d5df/screenshot'
16:19:06.295 [Forwarding screenshot on session bc1b397e7d00e08c7e5fb2efe1d0d5df to remote] DEBUG org.asynchttpclient.netty.request.NettyRequestSender - Using open Channel [id: 0xa5dbacfb, L:/127.0.0.1:63845 - R:localhost/127.0.0.1:59188] for GET '/session/bc1b397e7d00e08c7e5fb2efe1d0d5df/screenshot'
16:19:06.494 [AsyncHttpClient-1-16] DEBUG org.asynchttpclient.netty.handler.HttpHandler - 

Request DefaultFullHttpRequest(decodeResult: success, version: HTTP/1.1, content: EmptyByteBufBE)
GET /session/bc1b397e7d00e08c7e5fb2efe1d0d5df/screenshot HTTP/1.1
User-Agent: selenium/4.1.2 (java windows)
Cache-Control: no-cache
Content-Type: application/json; charset=utf-8
host: localhost:59188
accept: */*

Response DefaultHttpResponse(decodeResult: success, version: HTTP/1.1)
HTTP/1.1 200 OK
Content-Type: application/json; charset=utf-8
cache-control: no-cache
content-length: 36156

16:19:06.494 [AsyncHttpClient-1-16] DEBUG org.asynchttpclient.netty.channel.ChannelManager - Adding key: http://localhost:59188 for channel [id: 0xa5dbacfb, L:/127.0.0.1:63845 - R:localhost/127.0.0.1:59188]
16:19:06.495 [main] DEBUG net.serenitybdd.core.photography.Darkroom - Send negative for processing for target\site\serenity\d68d78caa7f910b0448e1efe1b1eb84ba28a4cdf37c6000ecf1184a0117d299a.png
16:19:06.496 [main] DEBUG net.thucydides.core.steps.StepInterceptor - STEP DONE: clickRegisterButton
  &amp#27;[32mAnd &amp#27;[0m&amp#27;[32mclick register button&amp#27;[0m         &amp#27;[90m# Starter.StepDefinitions.RegisterStep.clickRegisterButton()&amp#27;[0m
16:19:06.496 [Darkroom Processing Line] DEBUG net.serenitybdd.core.photography.DarkroomProcessingLine - Processing screenshot image in /var/screenshots/screenshot-13185024559041149840
16:19:06.496 [Darkroom Processing Line] DEBUG net.serenitybdd.core.photography.DarkroomProcessingLine - Saving screenshot to target\site\serenity\d68d78caa7f910b0448e1efe1b1eb84ba28a4cdf37c6000ecf1184a0117d299a.png
16:19:06.508 [main] DEBUG net.thucydides.core.steps.StepInterceptor - STARTING STEP: RegisterStep.iGet - errorMessageAppears
16:19:06.509 [Forwarding findElement on session bc1b397e7d00e08c7e5fb2efe1d0d5df to remote] DEBUG org.asynchttpclient.netty.request.NettyRequestSender - Using pooled Channel '[id: 0xa5dbacfb, L:/127.0.0.1:63845 - R:localhost/127.0.0.1:59188]' for 'POST' to 'http://localhost:59188/session/bc1b397e7d00e08c7e5fb2efe1d0d5df/element'
16:19:06.509 [Forwarding findElement on session bc1b397e7d00e08c7e5fb2efe1d0d5df to remote] DEBUG org.asynchttpclient.netty.request.NettyRequestSender - Using open Channel [id: 0xa5dbacfb, L:/127.0.0.1:63845 - R:localhost/127.0.0.1:59188] for POST '/session/bc1b397e7d00e08c7e5fb2efe1d0d5df/element'
16:19:06.519 [AsyncHttpClient-1-16] DEBUG org.asynchttpclient.netty.handler.HttpHandler - 

Request DefaultHttpRequest(decodeResult: success, version: HTTP/1.1)
POST /session/bc1b397e7d00e08c7e5fb2efe1d0d5df/element HTTP/1.1
User-Agent: selenium/4.1.2 (java windows)
Content-Length: 137
Content-Type: application/json; charset=utf-8
host: localhost:59188
accept: */*

Response DefaultHttpResponse(decodeResult: success, version: HTTP/1.1)
HTTP/1.1 200 OK
Content-Type: application/json; charset=utf-8
cache-control: no-cache
content-length: 88

16:19:06.519 [AsyncHttpClient-1-16] DEBUG org.asynchttpclient.netty.channel.ChannelManager - Adding key: http://localhost:59188 for channel [id: 0xa5dbacfb, L:/127.0.0.1:63845 - R:localhost/127.0.0.1:59188]
16:19:06.521 [Forwarding isElementDisplayed on session bc1b397e7d00e08c7e5fb2efe1d0d5df to remote] DEBUG org.asynchttpclient.netty.request.NettyRequestSender - Using pooled Channel '[id: 0xa5dbacfb, L:/127.0.0.1:63845 - R:localhost/127.0.0.1:59188]' for 'POST' to 'http://localhost:59188/session/bc1b397e7d00e08c7e5fb2efe1d0d5df/execute/sync'
16:19:06.521 [Forwarding isElementDisplayed on session bc1b397e7d00e08c7e5fb2efe1d0d5df to remote] DEBUG org.asynchttpclient.netty.request.NettyRequestSender - Using open Channel [id: 0xa5dbacfb, L:/127.0.0.1:63845 - R:localhost/127.0.0.1:59188] for POST '/session/bc1b397e7d00e08c7e5fb2efe1d0d5df/execute/sync'
16:19:06.532 [AsyncHttpClient-1-16] DEBUG org.asynchttpclient.netty.handler.HttpHandler - 

Request DefaultHttpRequest(decodeResult: success, version: HTTP/1.1)
POST /session/bc1b397e7d00e08c7e5fb2efe1d0d5df/execute/sync HTTP/1.1
User-Agent: selenium/4.1.2 (java windows)
Content-Length: 48780
Content-Type: application/json; charset=utf-8
host: localhost:59188
accept: */*

Response DefaultHttpResponse(decodeResult: success, version: HTTP/1.1)
HTTP/1.1 200 OK
Content-Type: application/json; charset=utf-8
cache-control: no-cache
content-length: 14

16:19:06.533 [AsyncHttpClient-1-16] DEBUG org.asynchttpclient.netty.channel.ChannelManager - Adding key: http://localhost:59188 for channel [id: 0xa5dbacfb, L:/127.0.0.1:63845 - R:localhost/127.0.0.1:59188]
16:19:06.535 [main] DEBUG net.thucydides.core.steps.StepInterceptor - STEP DONE: errorMessageAppears
16:19:06.539 [main] DEBUG net.thucydides.core.steps.StepInterceptor - STARTING STEP: RegisterStep.iGet - errorMessageEquals
16:19:06.541 [Forwarding findElement on session bc1b397e7d00e08c7e5fb2efe1d0d5df to remote] DEBUG org.asynchttpclient.netty.request.NettyRequestSender - Using pooled Channel '[id: 0xa5dbacfb, L:/127.0.0.1:63845 - R:localhost/127.0.0.1:59188]' for 'POST' to 'http://localhost:59188/session/bc1b397e7d00e08c7e5fb2efe1d0d5df/element'
16:19:06.541 [Forwarding findElement on session bc1b397e7d00e08c7e5fb2efe1d0d5df to remote] DEBUG org.asynchttpclient.netty.request.NettyRequestSender - Using open Channel [id: 0xa5dbacfb, L:/127.0.0.1:63845 - R:localhost/127.0.0.1:59188] for POST '/session/bc1b397e7d00e08c7e5fb2efe1d0d5df/element'
16:19:06.546 [AsyncHttpClient-1-16] DEBUG org.asynchttpclient.netty.handler.HttpHandler - 

Request DefaultHttpRequest(decodeResult: success, version: HTTP/1.1)
POST /session/bc1b397e7d00e08c7e5fb2efe1d0d5df/element HTTP/1.1
User-Agent: selenium/4.1.2 (java windows)
Content-Length: 137
Content-Type: application/json; charset=utf-8
host: localhost:59188
accept: */*

Response DefaultHttpResponse(decodeResult: success, version: HTTP/1.1)
HTTP/1.1 200 OK
Content-Type: application/json; charset=utf-8
cache-control: no-cache
content-length: 88

16:19:06.546 [AsyncHttpClient-1-16] DEBUG org.asynchttpclient.netty.channel.ChannelManager - Adding key: http://localhost:59188 for channel [id: 0xa5dbacfb, L:/127.0.0.1:63845 - R:localhost/127.0.0.1:59188]
16:19:06.546 [Forwarding getElementText on session bc1b397e7d00e08c7e5fb2efe1d0d5df to remote] DEBUG org.asynchttpclient.netty.request.NettyRequestSender - Using pooled Channel '[id: 0xa5dbacfb, L:/127.0.0.1:63845 - R:localhost/127.0.0.1:59188]' for 'GET' to 'http://localhost:59188/session/bc1b397e7d00e08c7e5fb2efe1d0d5df/element/8bc8af61-f45b-4eda-b971-9cd270e14f81/text'
16:19:06.546 [Forwarding getElementText on session bc1b397e7d00e08c7e5fb2efe1d0d5df to remote] DEBUG org.asynchttpclient.netty.request.NettyRequestSender - Using open Channel [id: 0xa5dbacfb, L:/127.0.0.1:63845 - R:localhost/127.0.0.1:59188] for GET '/session/bc1b397e7d00e08c7e5fb2efe1d0d5df/element/8bc8af61-f45b-4eda-b971-9cd270e14f81/text'
16:19:06.558 [AsyncHttpClient-1-16] DEBUG org.asynchttpclient.netty.handler.HttpHandler - 

Request DefaultFullHttpRequest(decodeResult: success, version: HTTP/1.1, content: EmptyByteBufBE)
GET /session/bc1b397e7d00e08c7e5fb2efe1d0d5df/element/8bc8af61-f45b-4eda-b971-9cd270e14f81/text HTTP/1.1
User-Agent: selenium/4.1.2 (java windows)
Cache-Control: no-cache
Content-Type: application/json; charset=utf-8
host: localhost:59188
accept: */*

Response DefaultHttpResponse(decodeResult: success, version: HTTP/1.1)
HTTP/1.1 200 OK
Content-Type: application/json; charset=utf-8
cache-control: no-cache
content-length: 12

16:19:06.558 [AsyncHttpClient-1-16] DEBUG org.asynchttpclient.netty.channel.ChannelManager - Adding key: http://localhost:59188 for channel [id: 0xa5dbacfb, L:/127.0.0.1:63845 - R:localhost/127.0.0.1:59188]
16:19:06.561 [Forwarding screenshot on session bc1b397e7d00e08c7e5fb2efe1d0d5df to remote] DEBUG org.asynchttpclient.netty.request.NettyRequestSender - Using pooled Channel '[id: 0xa5dbacfb, L:/127.0.0.1:63845 - R:localhost/127.0.0.1:59188]' for 'GET' to 'http://localhost:59188/session/bc1b397e7d00e08c7e5fb2efe1d0d5df/screenshot'
16:19:06.561 [Forwarding screenshot on session bc1b397e7d00e08c7e5fb2efe1d0d5df to remote] DEBUG org.asynchttpclient.netty.request.NettyRequestSender - Using open Channel [id: 0xa5dbacfb, L:/127.0.0.1:63845 - R:localhost/127.0.0.1:59188] for GET '/session/bc1b397e7d00e08c7e5fb2efe1d0d5df/screenshot'
16:19:06.760 [AsyncHttpClient-1-16] DEBUG org.asynchttpclient.netty.handler.HttpHandler - 

Request DefaultFullHttpRequest(decodeResult: success, version: HTTP/1.1, content: EmptyByteBufBE)
GET /session/bc1b397e7d00e08c7e5fb2efe1d0d5df/screenshot HTTP/1.1
User-Agent: selenium/4.1.2 (java windows)
Cache-Control: no-cache
Content-Type: application/json; charset=utf-8
host: localhost:59188
accept: */*

Response DefaultHttpResponse(decodeResult: success, version: HTTP/1.1)
HTTP/1.1 200 OK
Content-Type: application/json; charset=utf-8
cache-control: no-cache
content-length: 37220

16:19:06.760 [AsyncHttpClient-1-16] DEBUG org.asynchttpclient.netty.channel.ChannelManager - Adding key: http://localhost:59188 for channel [id: 0xa5dbacfb, L:/127.0.0.1:63845 - R:localhost/127.0.0.1:59188]
16:19:06.761 [main] DEBUG net.serenitybdd.core.photography.Darkroom - Send negative for processing for target\site\serenity\f566e6ee66e503d8061de743b705dee602d6cc8c0af204b5bf37edc85b6af252.png
16:19:06.762 [main] DEBUG net.thucydides.core.steps.StepInterceptor - STEP DONE: errorMessageEquals
  &amp#27;[32mThen &amp#27;[0m&amp#27;[32mI get &amp#27;[0m&amp#27;[32m&amp#27;[1m"register page"&amp#27;[0m        &amp#27;[90m# Starter.StepDefinitions.RegisterStep.iGet(java.lang.String)&amp#27;[0m
16:19:06.762 [Darkroom Processing Line] DEBUG net.serenitybdd.core.photography.DarkroomProcessingLine - Processing screenshot image in /var/screenshots/screenshot-4614725033449024475
16:19:06.762 [Darkroom Processing Line] DEBUG net.serenitybdd.core.photography.DarkroomProcessingLine - Saving screenshot to target\site\serenity\f566e6ee66e503d8061de743b705dee602d6cc8c0af204b5bf37edc85b6af252.png
16:19:06.770 [AsyncHttpClient-1-2] DEBUG org.asynchttpclient.netty.handler.WebSocketHandler - Channel Closed: [id: 0x2ab585b0, L:/127.0.0.1:63853 ! R:localhost/127.0.0.1:63846] with attribute NettyResponseFuture{currentRetry=5,
	isDone=1,
	isCancelled=0,
	asyncHandler=org.asynchttpclient.ws.WebSocketUpgradeHandler@684da93e,
	nettyRequest=org.asynchttpclient.netty.request.NettyRequest@1525996b,
	future=java.util.concurrent.CompletableFuture@3dfc6ace[Completed normally],
	uri=ws://localhost:63846/devtools/browser/876def0c-b99c-43c3-8590-e459c3fdb960,
	keepAlive=true,
	redirectCount=0,
	timeoutsHolder=null,
	inAuth=0,
	touch=1653038344208}
16:19:06.770 [AsyncHttpClient-1-2] DEBUG org.asynchttpclient.netty.channel.ChannelManager - Closing Channel [id: 0x2ab585b0, L:/127.0.0.1:63853 ! R:localhost/127.0.0.1:63846] 
16:19:06.770 [Driver Command Executor] DEBUG org.asynchttpclient.netty.request.NettyRequestSender - Using pooled Channel '[id: 0xa5dbacfb, L:/127.0.0.1:63845 - R:localhost/127.0.0.1:59188]' for 'DELETE' to 'http://localhost:59188/session/bc1b397e7d00e08c7e5fb2efe1d0d5df'
16:19:06.770 [Driver Command Executor] DEBUG org.asynchttpclient.netty.request.NettyRequestSender - Using open Channel [id: 0xa5dbacfb, L:/127.0.0.1:63845 - R:localhost/127.0.0.1:59188] for DELETE '/session/bc1b397e7d00e08c7e5fb2efe1d0d5df'
16:19:06.800 [AsyncHttpClient-1-17] DEBUG org.asynchttpclient.netty.handler.HttpHandler - Unexpected I/O exception on channel [id: 0x3fe97ffc, L:/127.0.0.1:63852 - R:localhost/127.0.0.1:63846]
java.net.SocketException: Connection reset
	at java.base/sun.nio.ch.SocketChannelImpl.throwConnectionReset(SocketChannelImpl.java:367)
	at java.base/sun.nio.ch.SocketChannelImpl.read(SocketChannelImpl.java:398)
	at io.netty.buffer.PooledByteBuf.setBytes(PooledByteBuf.java:258)
	at io.netty.buffer.AbstractByteBuf.writeBytes(AbstractByteBuf.java:1132)
	at io.netty.channel.socket.nio.NioSocketChannel.doReadBytes(NioSocketChannel.java:350)
	at io.netty.channel.nio.AbstractNioByteChannel$NioByteUnsafe.read(AbstractNioByteChannel.java:151)
	at io.netty.channel.nio.NioEventLoop.processSelectedKey(NioEventLoop.java:722)
	at io.netty.channel.nio.NioEventLoop.processSelectedKeysOptimized(NioEventLoop.java:658)
	at io.netty.channel.nio.NioEventLoop.processSelectedKeys(NioEventLoop.java:584)
	at io.netty.channel.nio.NioEventLoop.run(NioEventLoop.java:496)
	at io.netty.util.concurrent.SingleThreadEventExecutor$4.run(SingleThreadEventExecutor.java:986)
	at io.netty.util.internal.ThreadExecutorMap$2.run(ThreadExecutorMap.java:74)
	at io.netty.util.concurrent.FastThreadLocalRunnable.run(FastThreadLocalRunnable.java:30)
	at java.base/java.lang.Thread.run(Thread.java:832)
16:19:06.800 [AsyncHttpClient-1-17] DEBUG org.asynchttpclient.netty.channel.ChannelManager - Closing Channel [id: 0x3fe97ffc, L:/127.0.0.1:63852 - R:localhost/127.0.0.1:63846] 
16:19:06.801 [AsyncHttpClient-1-17] DEBUG org.asynchttpclient.netty.handler.HttpHandler - Channel Closed: [id: 0x3fe97ffc, L:/127.0.0.1:63852 ! R:localhost/127.0.0.1:63846] with attribute DISCARD
16:19:06.811 [AsyncHttpClient-1-16] DEBUG org.asynchttpclient.netty.handler.HttpHandler - 

Request DefaultFullHttpRequest(decodeResult: success, version: HTTP/1.1, content: EmptyByteBufBE)
DELETE /session/bc1b397e7d00e08c7e5fb2efe1d0d5df HTTP/1.1
User-Agent: selenium/4.1.2 (java windows)
Content-Type: application/json; charset=utf-8
host: localhost:59188
accept: */*

Response DefaultHttpResponse(decodeResult: success, version: HTTP/1.1)
HTTP/1.1 200 OK
Content-Type: application/json; charset=utf-8
cache-control: no-cache
content-length: 14

16:19:06.812 [AsyncHttpClient-1-16] DEBUG org.asynchttpclient.netty.channel.ChannelManager - Adding key: http://localhost:59188 for channel [id: 0xa5dbacfb, L:/127.0.0.1:63845 - R:localhost/127.0.0.1:59188]
16:19:07.005 [AsyncHttpClient-1-16] DEBUG org.asynchttpclient.netty.handler.HttpHandler - Channel Closed: [id: 0xa5dbacfb, L:/127.0.0.1:63845 ! R:localhost/127.0.0.1:59188] with attribute DISCARD
16:19:07.033 [AsyncHttpClient-1-1] DEBUG org.asynchttpclient.netty.channel.DefaultChannelPool - Entry count for : http://localhost:59188 : 1
16:19:07.033 [AsyncHttpClient-1-1] DEBUG org.asynchttpclient.netty.channel.DefaultChannelPool - Entry count for : http://localhost:63846 : 1
16:19:07.033 [AsyncHttpClient-1-1] DEBUG org.asynchttpclient.netty.channel.DefaultChannelPool - Adding Candidate expired Channel [id: 0xa5dbacfb, L:/127.0.0.1:63845 ! R:localhost/127.0.0.1:59188] isIdleTimeoutExpired=false isRemotelyClosed=true isTtlExpired=false
16:19:07.033 [AsyncHttpClient-1-1] DEBUG org.asynchttpclient.netty.channel.DefaultChannelPool - Closing Idle Channel [id: 0xa5dbacfb, L:/127.0.0.1:63845 ! R:localhost/127.0.0.1:59188]
16:19:07.033 [AsyncHttpClient-1-1] DEBUG org.asynchttpclient.netty.channel.DefaultChannelPool - Adding Candidate expired Channel [id: 0x3fe97ffc, L:/127.0.0.1:63852 ! R:localhost/127.0.0.1:63846] isIdleTimeoutExpired=false isRemotelyClosed=true isTtlExpired=false
16:19:07.033 [AsyncHttpClient-1-1] DEBUG org.asynchttpclient.netty.channel.DefaultChannelPool - Closing Idle Channel [id: 0x3fe97ffc, L:/127.0.0.1:63852 ! R:localhost/127.0.0.1:63846]
16:19:07.033 [AsyncHttpClient-1-1] DEBUG org.asynchttpclient.netty.channel.DefaultChannelPool - Closed 2 connections out of 2 in 0 ms
]]></system-out>
    <system-err><![CDATA[Starting ChromeDriver 101.0.4951.41 (93c720db8323b3ec10d056025ab95c23a31997c9-refs/branch-heads/4951@{#904}) on port 59188
Only local connections are allowed.
Please see https://chromedriver.chromium.org/security-considerations for suggestions on keeping ChromeDriver safe.
ChromeDriver was started successfully.
May 20, 2022 4:19:04 PM org.openqa.selenium.remote.ProtocolHandshake createSession
INFO: Detected dialect: W3C
May 20, 2022 4:19:04 PM org.openqa.selenium.devtools.CdpVersionFinder findNearestMatch
WARNING: Unable to find an exact match for CDP version 101, so returning the closest version found: 97
May 20, 2022 4:19:04 PM org.openqa.selenium.devtools.CdpVersionFinder findNearestMatch
INFO: Found CDP implementation for version 101 of 97
]]></system-err>
  </testcase>
  <testcase name="Transaksi" classname="Transaksi" time="8.729">
    <system-out><![CDATA[16:19:07.522 [main] INFO io.cucumber.core.plugin.SerenityReporter - Running feature from file:///C:/Users/user/Documents/WebMiniLogin/src/test/resources/features/Transaksi.feature
16:19:07.527 [main] DEBUG net.thucydides.core.steps.StepEventBus - Test suite started for story net.thucydides.core.model.Story@e4d277e8
16:19:07.527 [main] INFO  - Test Suite Started: Transaksi

@Transaksi
Scenario Outline: Transaksi                                                       &amp#27;[90m# src/test/resources/features/Transaksi.feature:17&amp#27;[0m
16:19:07.537 [main] INFO io.cucumber.core.plugin.SerenityReporter - Running feature from file:///C:/Users/user/Documents/WebMiniLogin/src/test/resources/features/Transaksi.feature
16:19:07.540 [main] INFO  - 
  _____   ___   ___   _____     ___   _____     _     ___   _____   ___   ___  
 |_   _| | __| / __| |_   _|   / __| |_   _|   /_\   | _ \ |_   _| | __| |   \ 
   | |   | _|  \__ \   | |     \__ \   | |    / _ \  |   /   | |   | _|  | |) |
   |_|   |___| |___/   |_|     |___/   |_|   /_/ \_\ |_|_\   |_|   |___| |___/ 

Transaksi(transaksi;transaksi)
--------------------------------------------------------------------------------
16:19:07.623 [main] INFO net.serenitybdd.core.webdriver.driverproviders.ChromeDriverProvider - Using automatically driver download
16:19:07.982 [main] DEBUG io.github.bonigarcia.wdm.cache.ResolutionCache - Resolution chrome=101 in cache (valid until 17:17:56 20/05/2022 WIB)
16:19:07.989 [main] DEBUG io.github.bonigarcia.wdm.cache.ResolutionCache - Resolution chrome101=101.0.4951.41 in cache (valid until 16:17:56 21/05/2022 WIB)
16:19:07.991 [main] INFO io.github.bonigarcia.wdm.WebDriverManager - Using chromedriver 101.0.4951.41 (resolved driver for Chrome 101)
16:19:08.004 [main] DEBUG io.github.bonigarcia.wdm.WebDriverManager - Driver chromedriver 101.0.4951.41 found in cache
16:19:08.006 [main] INFO io.github.bonigarcia.wdm.WebDriverManager - Exporting webdriver.chrome.driver as C:\Users\user\.cache\selenium\chromedriver\win32\101.0.4951.41\chromedriver.exe
16:19:08.221 [main] DEBUG net.serenitybdd.core.webdriver.driverproviders.ProvideNewDriver - Instantiating driver
16:19:08.221 [main] DEBUG net.serenitybdd.core.webdriver.driverproviders.ProvideNewDriver - Driver capabilities: Capabilities {acceptInsecureCerts: false, base.url: https://qa.alta.id/, browserName: chrome, chrome.driver: src/test/resources/webdrive..., driver: chrome, goog:chromeOptions: {args: [], extensions: []}}
16:19:08.760 [AsyncHttpClient-1-3] DEBUG org.asynchttpclient.netty.channel.NettyConnectListener - Using new Channel '[id: 0xba975e55, L:/127.0.0.1:63873 - R:localhost/127.0.0.1:54675]' for 'POST' to '/session'
16:19:09.370 [AsyncHttpClient-1-3] DEBUG org.asynchttpclient.netty.handler.HttpHandler - 

Request DefaultHttpRequest(decodeResult: success, version: HTTP/1.1)
POST /session HTTP/1.1
User-Agent: selenium/4.1.2 (java windows)
Content-Length: 605
Content-Type: application/json; charset=utf-8
host: localhost:54675
accept: */*

Response DefaultHttpResponse(decodeResult: success, version: HTTP/1.1)
HTTP/1.1 200 OK
Content-Type: application/json; charset=utf-8
cache-control: no-cache
content-length: 787

16:19:09.370 [AsyncHttpClient-1-3] DEBUG org.asynchttpclient.netty.channel.ChannelManager - Adding key: http://localhost:54675 for channel [id: 0xba975e55, L:/127.0.0.1:63873 - R:localhost/127.0.0.1:54675]
16:19:09.375 [AsyncHttpClient-1-4] DEBUG org.asynchttpclient.netty.channel.NettyConnectListener - Using new Channel '[id: 0x70783380, L:/127.0.0.1:63880 - R:localhost/127.0.0.1:63874]' for 'GET' to '/json/version'
16:19:09.375 [AsyncHttpClient-1-4] DEBUG org.asynchttpclient.netty.handler.HttpHandler - 

Request DefaultFullHttpRequest(decodeResult: success, version: HTTP/1.1, content: EmptyByteBufBE)
GET /json/version HTTP/1.1
User-Agent: selenium/4.1.2 (java windows)
host: localhost:63874
accept: */*

Response DefaultHttpResponse(decodeResult: success, version: HTTP/1.1)
HTTP/1.1 200 OK
Content-Type: application/json; charset=UTF-8
content-length: 427

16:19:09.375 [AsyncHttpClient-1-4] DEBUG org.asynchttpclient.netty.channel.ChannelManager - Adding key: http://localhost:63874 for channel [id: 0x70783380, L:/127.0.0.1:63880 - R:localhost/127.0.0.1:63874]
16:19:09.377 [AsyncHttpClient-1-5] DEBUG org.asynchttpclient.netty.channel.NettyConnectListener - Using new Channel '[id: 0x4bae5c6d, L:/127.0.0.1:63881 - R:localhost/127.0.0.1:63874]' for 'GET' to '/devtools/browser/8dab88af-9e9b-431a-abd3-60177b1a4647'
16:19:09.378 [AsyncHttpClient-1-5] DEBUG org.asynchttpclient.netty.handler.WebSocketHandler - 

Request DefaultFullHttpRequest(decodeResult: success, version: HTTP/1.1, content: EmptyByteBufBE)
GET /devtools/browser/8dab88af-9e9b-431a-abd3-60177b1a4647 HTTP/1.1
upgrade: websocket
connection: upgrade
sec-websocket-key: aRPSmvxhaXa1JeU8mEgqAQ==
sec-websocket-version: 13
origin: http://localhost:63874
host: localhost:63874
accept: */*
user-agent: AHC/2.1

Response DefaultHttpResponse(decodeResult: success, version: HTTP/1.1)
HTTP/1.1 101 WebSocket Protocol Handshake
Upgrade: WebSocket
Connection: Upgrade
Sec-WebSocket-Accept: 1x6r816zrOoweG/vPIxx0RZXIGo=

16:19:09.382 [Forwarding maximizeCurrentWindow on session 6ae03fc8bc7c7f5181f1a43a0a9deb81 to remote] DEBUG org.asynchttpclient.netty.request.NettyRequestSender - Using pooled Channel '[id: 0xba975e55, L:/127.0.0.1:63873 - R:localhost/127.0.0.1:54675]' for 'POST' to 'http://localhost:54675/session/6ae03fc8bc7c7f5181f1a43a0a9deb81/window/maximize'
16:19:09.382 [Forwarding maximizeCurrentWindow on session 6ae03fc8bc7c7f5181f1a43a0a9deb81 to remote] DEBUG org.asynchttpclient.netty.request.NettyRequestSender - Using open Channel [id: 0xba975e55, L:/127.0.0.1:63873 - R:localhost/127.0.0.1:54675] for POST '/session/6ae03fc8bc7c7f5181f1a43a0a9deb81/window/maximize'
16:19:09.508 [AsyncHttpClient-1-3] DEBUG org.asynchttpclient.netty.handler.HttpHandler - 

Request DefaultHttpRequest(decodeResult: success, version: HTTP/1.1)
POST /session/6ae03fc8bc7c7f5181f1a43a0a9deb81/window/maximize HTTP/1.1
User-Agent: selenium/4.1.2 (java windows)
Content-Length: 3
Content-Type: application/json; charset=utf-8
host: localhost:54675
accept: */*

Response DefaultHttpResponse(decodeResult: success, version: HTTP/1.1)
HTTP/1.1 200 OK
Content-Type: application/json; charset=utf-8
cache-control: no-cache
content-length: 52

16:19:09.508 [AsyncHttpClient-1-3] DEBUG org.asynchttpclient.netty.channel.ChannelManager - Adding key: http://localhost:54675 for channel [id: 0xba975e55, L:/127.0.0.1:63873 - R:localhost/127.0.0.1:54675]
16:19:09.509 [Forwarding get on session 6ae03fc8bc7c7f5181f1a43a0a9deb81 to remote] DEBUG org.asynchttpclient.netty.request.NettyRequestSender - Using pooled Channel '[id: 0xba975e55, L:/127.0.0.1:63873 - R:localhost/127.0.0.1:54675]' for 'POST' to 'http://localhost:54675/session/6ae03fc8bc7c7f5181f1a43a0a9deb81/url'
16:19:09.510 [Forwarding get on session 6ae03fc8bc7c7f5181f1a43a0a9deb81 to remote] DEBUG org.asynchttpclient.netty.request.NettyRequestSender - Using open Channel [id: 0xba975e55, L:/127.0.0.1:63873 - R:localhost/127.0.0.1:54675] for POST '/session/6ae03fc8bc7c7f5181f1a43a0a9deb81/url'
16:19:10.330 [AsyncHttpClient-1-1] DEBUG org.asynchttpclient.netty.channel.DefaultChannelPool - Entry count for : http://localhost:63874 : 1
16:19:10.443 [AsyncHttpClient-1-3] DEBUG org.asynchttpclient.netty.handler.HttpHandler - 

Request DefaultHttpRequest(decodeResult: success, version: HTTP/1.1)
POST /session/6ae03fc8bc7c7f5181f1a43a0a9deb81/url HTTP/1.1
User-Agent: selenium/4.1.2 (java windows)
Content-Length: 64
Content-Type: application/json; charset=utf-8
host: localhost:54675
accept: */*

Response DefaultHttpResponse(decodeResult: success, version: HTTP/1.1)
HTTP/1.1 200 OK
Content-Type: application/json; charset=utf-8
cache-control: no-cache
content-length: 14

16:19:10.443 [AsyncHttpClient-1-3] DEBUG org.asynchttpclient.netty.channel.ChannelManager - Adding key: http://localhost:54675 for channel [id: 0xba975e55, L:/127.0.0.1:63873 - R:localhost/127.0.0.1:54675]
16:19:10.444 [Forwarding setTimeout on session 6ae03fc8bc7c7f5181f1a43a0a9deb81 to remote] DEBUG org.asynchttpclient.netty.request.NettyRequestSender - Using pooled Channel '[id: 0xba975e55, L:/127.0.0.1:63873 - R:localhost/127.0.0.1:54675]' for 'POST' to 'http://localhost:54675/session/6ae03fc8bc7c7f5181f1a43a0a9deb81/timeouts'
16:19:10.444 [Forwarding setTimeout on session 6ae03fc8bc7c7f5181f1a43a0a9deb81 to remote] DEBUG org.asynchttpclient.netty.request.NettyRequestSender - Using open Channel [id: 0xba975e55, L:/127.0.0.1:63873 - R:localhost/127.0.0.1:54675] for POST '/session/6ae03fc8bc7c7f5181f1a43a0a9deb81/timeouts'
16:19:10.445 [AsyncHttpClient-1-3] DEBUG org.asynchttpclient.netty.handler.HttpHandler - 

Request DefaultHttpRequest(decodeResult: success, version: HTTP/1.1)
POST /session/6ae03fc8bc7c7f5181f1a43a0a9deb81/timeouts HTTP/1.1
User-Agent: selenium/4.1.2 (java windows)
Content-Length: 22
Content-Type: application/json; charset=utf-8
host: localhost:54675
accept: */*

Response DefaultHttpResponse(decodeResult: success, version: HTTP/1.1)
HTTP/1.1 200 OK
Content-Type: application/json; charset=utf-8
cache-control: no-cache
content-length: 14

16:19:10.445 [AsyncHttpClient-1-3] DEBUG org.asynchttpclient.netty.channel.ChannelManager - Adding key: http://localhost:54675 for channel [id: 0xba975e55, L:/127.0.0.1:63873 - R:localhost/127.0.0.1:54675]
16:19:10.447 [Forwarding getCurrentUrl on session 6ae03fc8bc7c7f5181f1a43a0a9deb81 to remote] DEBUG org.asynchttpclient.netty.request.NettyRequestSender - Using pooled Channel '[id: 0xba975e55, L:/127.0.0.1:63873 - R:localhost/127.0.0.1:54675]' for 'GET' to 'http://localhost:54675/session/6ae03fc8bc7c7f5181f1a43a0a9deb81/url'
16:19:10.447 [Forwarding getCurrentUrl on session 6ae03fc8bc7c7f5181f1a43a0a9deb81 to remote] DEBUG org.asynchttpclient.netty.request.NettyRequestSender - Using open Channel [id: 0xba975e55, L:/127.0.0.1:63873 - R:localhost/127.0.0.1:54675] for GET '/session/6ae03fc8bc7c7f5181f1a43a0a9deb81/url'
16:19:10.451 [AsyncHttpClient-1-3] DEBUG org.asynchttpclient.netty.handler.HttpHandler - 

Request DefaultFullHttpRequest(decodeResult: success, version: HTTP/1.1, content: EmptyByteBufBE)
GET /session/6ae03fc8bc7c7f5181f1a43a0a9deb81/url HTTP/1.1
User-Agent: selenium/4.1.2 (java windows)
Cache-Control: no-cache
Content-Type: application/json; charset=utf-8
host: localhost:54675
accept: */*

Response DefaultHttpResponse(decodeResult: success, version: HTTP/1.1)
HTTP/1.1 200 OK
Content-Type: application/json; charset=utf-8
cache-control: no-cache
content-length: 41

16:19:10.451 [AsyncHttpClient-1-3] DEBUG org.asynchttpclient.netty.channel.ChannelManager - Adding key: http://localhost:54675 for channel [id: 0xba975e55, L:/127.0.0.1:63873 - R:localhost/127.0.0.1:54675]
16:19:10.456 [main] DEBUG net.serenitybdd.core.photography.Darkroom - Opening darkroom
16:19:10.457 [Darkroom Processing Line] DEBUG net.serenitybdd.core.photography.DarkroomProcessingLine - Darkroom processing line starting up
16:19:10.457 [Forwarding screenshot on session 6ae03fc8bc7c7f5181f1a43a0a9deb81 to remote] DEBUG org.asynchttpclient.netty.request.NettyRequestSender - Using pooled Channel '[id: 0xba975e55, L:/127.0.0.1:63873 - R:localhost/127.0.0.1:54675]' for 'GET' to 'http://localhost:54675/session/6ae03fc8bc7c7f5181f1a43a0a9deb81/screenshot'
16:19:10.457 [Forwarding screenshot on session 6ae03fc8bc7c7f5181f1a43a0a9deb81 to remote] DEBUG org.asynchttpclient.netty.request.NettyRequestSender - Using open Channel [id: 0xba975e55, L:/127.0.0.1:63873 - R:localhost/127.0.0.1:54675] for GET '/session/6ae03fc8bc7c7f5181f1a43a0a9deb81/screenshot'
16:19:10.725 [AsyncHttpClient-1-3] DEBUG org.asynchttpclient.netty.handler.HttpHandler - 

Request DefaultFullHttpRequest(decodeResult: success, version: HTTP/1.1, content: EmptyByteBufBE)
GET /session/6ae03fc8bc7c7f5181f1a43a0a9deb81/screenshot HTTP/1.1
User-Agent: selenium/4.1.2 (java windows)
Cache-Control: no-cache
Content-Type: application/json; charset=utf-8
host: localhost:54675
accept: */*

Response DefaultHttpResponse(decodeResult: success, version: HTTP/1.1)
HTTP/1.1 200 OK
Content-Type: application/json; charset=utf-8
cache-control: no-cache
content-length: 31092

16:19:10.725 [AsyncHttpClient-1-3] DEBUG org.asynchttpclient.netty.channel.ChannelManager - Adding key: http://localhost:54675 for channel [id: 0xba975e55, L:/127.0.0.1:63873 - R:localhost/127.0.0.1:54675]
16:19:10.727 [main] DEBUG net.serenitybdd.core.photography.Darkroom - Send negative for processing for target\site\serenity\b625743ee732bdb87af642911c7f9583a57576024640458a3bdf0adf445bf9cb.png
16:19:10.728 [main] DEBUG net.thucydides.core.steps.StepInterceptor - STARTING STEP: TransaksiStep.iAmOnTheLoginxPagess - validateOnLoginPage
16:19:10.730 [Forwarding findElement on session 6ae03fc8bc7c7f5181f1a43a0a9deb81 to remote] DEBUG org.asynchttpclient.netty.request.NettyRequestSender - Using pooled Channel '[id: 0xba975e55, L:/127.0.0.1:63873 - R:localhost/127.0.0.1:54675]' for 'POST' to 'http://localhost:54675/session/6ae03fc8bc7c7f5181f1a43a0a9deb81/element'
16:19:10.730 [Forwarding findElement on session 6ae03fc8bc7c7f5181f1a43a0a9deb81 to remote] DEBUG org.asynchttpclient.netty.request.NettyRequestSender - Using open Channel [id: 0xba975e55, L:/127.0.0.1:63873 - R:localhost/127.0.0.1:54675] for POST '/session/6ae03fc8bc7c7f5181f1a43a0a9deb81/element'
16:19:10.738 [AsyncHttpClient-1-3] DEBUG org.asynchttpclient.netty.handler.HttpHandler - 

Request DefaultHttpRequest(decodeResult: success, version: HTTP/1.1)
POST /session/6ae03fc8bc7c7f5181f1a43a0a9deb81/element HTTP/1.1
User-Agent: selenium/4.1.2 (java windows)
Content-Length: 136
Content-Type: application/json; charset=utf-8
host: localhost:54675
accept: */*

Response DefaultHttpResponse(decodeResult: success, version: HTTP/1.1)
HTTP/1.1 200 OK
Content-Type: application/json; charset=utf-8
cache-control: no-cache
content-length: 88

16:19:10.738 [AsyncHttpClient-1-3] DEBUG org.asynchttpclient.netty.channel.ChannelManager - Adding key: http://localhost:54675 for channel [id: 0xba975e55, L:/127.0.0.1:63873 - R:localhost/127.0.0.1:54675]
16:19:10.742 [Forwarding isElementDisplayed on session 6ae03fc8bc7c7f5181f1a43a0a9deb81 to remote] DEBUG org.asynchttpclient.netty.request.NettyRequestSender - Using pooled Channel '[id: 0xba975e55, L:/127.0.0.1:63873 - R:localhost/127.0.0.1:54675]' for 'POST' to 'http://localhost:54675/session/6ae03fc8bc7c7f5181f1a43a0a9deb81/execute/sync'
16:19:10.742 [Forwarding isElementDisplayed on session 6ae03fc8bc7c7f5181f1a43a0a9deb81 to remote] DEBUG org.asynchttpclient.netty.request.NettyRequestSender - Using open Channel [id: 0xba975e55, L:/127.0.0.1:63873 - R:localhost/127.0.0.1:54675] for POST '/session/6ae03fc8bc7c7f5181f1a43a0a9deb81/execute/sync'
16:19:10.752 [AsyncHttpClient-1-3] DEBUG org.asynchttpclient.netty.handler.HttpHandler - 

Request DefaultHttpRequest(decodeResult: success, version: HTTP/1.1)
POST /session/6ae03fc8bc7c7f5181f1a43a0a9deb81/execute/sync HTTP/1.1
User-Agent: selenium/4.1.2 (java windows)
Content-Length: 48780
Content-Type: application/json; charset=utf-8
host: localhost:54675
accept: */*

Response DefaultHttpResponse(decodeResult: success, version: HTTP/1.1)
HTTP/1.1 200 OK
Content-Type: application/json; charset=utf-8
cache-control: no-cache
content-length: 14

16:19:10.752 [AsyncHttpClient-1-3] DEBUG org.asynchttpclient.netty.channel.ChannelManager - Adding key: http://localhost:54675 for channel [id: 0xba975e55, L:/127.0.0.1:63873 - R:localhost/127.0.0.1:54675]
16:19:10.755 [main] DEBUG net.thucydides.core.steps.StepInterceptor - STEP DONE: validateOnLoginPage
  &amp#27;[32mGiven &amp#27;[0m&amp#27;[32mI am on the login pagess&amp#27;[0m                                                  &amp#27;[90m# Starter.StepDefinitions.TransaksiStep.iAmOnTheLoginxPagess()&amp#27;[0m
16:19:10.765 [main] DEBUG net.thucydides.core.steps.StepInterceptor - STARTING STEP: TransaksiStep.iInputdEmail - inputEmail
16:19:10.768 [Forwarding findElement on session 6ae03fc8bc7c7f5181f1a43a0a9deb81 to remote] DEBUG org.asynchttpclient.netty.request.NettyRequestSender - Using pooled Channel '[id: 0xba975e55, L:/127.0.0.1:63873 - R:localhost/127.0.0.1:54675]' for 'POST' to 'http://localhost:54675/session/6ae03fc8bc7c7f5181f1a43a0a9deb81/element'
16:19:10.768 [Forwarding findElement on session 6ae03fc8bc7c7f5181f1a43a0a9deb81 to remote] DEBUG org.asynchttpclient.netty.request.NettyRequestSender - Using open Channel [id: 0xba975e55, L:/127.0.0.1:63873 - R:localhost/127.0.0.1:54675] for POST '/session/6ae03fc8bc7c7f5181f1a43a0a9deb81/element'
16:19:10.775 [AsyncHttpClient-1-3] DEBUG org.asynchttpclient.netty.handler.HttpHandler - 

Request DefaultHttpRequest(decodeResult: success, version: HTTP/1.1)
POST /session/6ae03fc8bc7c7f5181f1a43a0a9deb81/element HTTP/1.1
User-Agent: selenium/4.1.2 (java windows)
Content-Length: 91
Content-Type: application/json; charset=utf-8
host: localhost:54675
accept: */*

Response DefaultHttpResponse(decodeResult: success, version: HTTP/1.1)
HTTP/1.1 200 OK
Content-Type: application/json; charset=utf-8
cache-control: no-cache
content-length: 88

16:19:10.775 [AsyncHttpClient-1-3] DEBUG org.asynchttpclient.netty.channel.ChannelManager - Adding key: http://localhost:54675 for channel [id: 0xba975e55, L:/127.0.0.1:63873 - R:localhost/127.0.0.1:54675]
16:19:10.776 [Forwarding clearElement on session 6ae03fc8bc7c7f5181f1a43a0a9deb81 to remote] DEBUG org.asynchttpclient.netty.request.NettyRequestSender - Using pooled Channel '[id: 0xba975e55, L:/127.0.0.1:63873 - R:localhost/127.0.0.1:54675]' for 'POST' to 'http://localhost:54675/session/6ae03fc8bc7c7f5181f1a43a0a9deb81/element/773726ee-e52d-495f-932a-7cdedccd3b2d/clear'
16:19:10.776 [Forwarding clearElement on session 6ae03fc8bc7c7f5181f1a43a0a9deb81 to remote] DEBUG org.asynchttpclient.netty.request.NettyRequestSender - Using open Channel [id: 0xba975e55, L:/127.0.0.1:63873 - R:localhost/127.0.0.1:54675] for POST '/session/6ae03fc8bc7c7f5181f1a43a0a9deb81/element/773726ee-e52d-495f-932a-7cdedccd3b2d/clear'
16:19:10.799 [AsyncHttpClient-1-3] DEBUG org.asynchttpclient.netty.handler.HttpHandler - 

Request DefaultHttpRequest(decodeResult: success, version: HTTP/1.1)
POST /session/6ae03fc8bc7c7f5181f1a43a0a9deb81/element/773726ee-e52d-495f-932a-7cdedccd3b2d/clear HTTP/1.1
User-Agent: selenium/4.1.2 (java windows)
Content-Length: 50
Content-Type: application/json; charset=utf-8
host: localhost:54675
accept: */*

Response DefaultHttpResponse(decodeResult: success, version: HTTP/1.1)
HTTP/1.1 200 OK
Content-Type: application/json; charset=utf-8
cache-control: no-cache
content-length: 14

16:19:10.799 [AsyncHttpClient-1-3] DEBUG org.asynchttpclient.netty.channel.ChannelManager - Adding key: http://localhost:54675 for channel [id: 0xba975e55, L:/127.0.0.1:63873 - R:localhost/127.0.0.1:54675]
16:19:10.800 [Forwarding sendKeysToElement on session 6ae03fc8bc7c7f5181f1a43a0a9deb81 to remote] DEBUG org.asynchttpclient.netty.request.NettyRequestSender - Using pooled Channel '[id: 0xba975e55, L:/127.0.0.1:63873 - R:localhost/127.0.0.1:54675]' for 'POST' to 'http://localhost:54675/session/6ae03fc8bc7c7f5181f1a43a0a9deb81/element/773726ee-e52d-495f-932a-7cdedccd3b2d/value'
16:19:10.800 [Forwarding sendKeysToElement on session 6ae03fc8bc7c7f5181f1a43a0a9deb81 to remote] DEBUG org.asynchttpclient.netty.request.NettyRequestSender - Using open Channel [id: 0xba975e55, L:/127.0.0.1:63873 - R:localhost/127.0.0.1:54675] for POST '/session/6ae03fc8bc7c7f5181f1a43a0a9deb81/element/773726ee-e52d-495f-932a-7cdedccd3b2d/value'
16:19:10.933 [AsyncHttpClient-1-3] DEBUG org.asynchttpclient.netty.handler.HttpHandler - 

Request DefaultHttpRequest(decodeResult: success, version: HTTP/1.1)
POST /session/6ae03fc8bc7c7f5181f1a43a0a9deb81/element/773726ee-e52d-495f-932a-7cdedccd3b2d/value HTTP/1.1
User-Agent: selenium/4.1.2 (java windows)
Content-Length: 381
Content-Type: application/json; charset=utf-8
host: localhost:54675
accept: */*

Response DefaultHttpResponse(decodeResult: success, version: HTTP/1.1)
HTTP/1.1 200 OK
Content-Type: application/json; charset=utf-8
cache-control: no-cache
content-length: 14

16:19:10.934 [AsyncHttpClient-1-3] DEBUG org.asynchttpclient.netty.channel.ChannelManager - Adding key: http://localhost:54675 for channel [id: 0xba975e55, L:/127.0.0.1:63873 - R:localhost/127.0.0.1:54675]
16:19:10.938 [Forwarding screenshot on session 6ae03fc8bc7c7f5181f1a43a0a9deb81 to remote] DEBUG org.asynchttpclient.netty.request.NettyRequestSender - Using pooled Channel '[id: 0xba975e55, L:/127.0.0.1:63873 - R:localhost/127.0.0.1:54675]' for 'GET' to 'http://localhost:54675/session/6ae03fc8bc7c7f5181f1a43a0a9deb81/screenshot'
16:19:10.938 [Forwarding screenshot on session 6ae03fc8bc7c7f5181f1a43a0a9deb81 to remote] DEBUG org.asynchttpclient.netty.request.NettyRequestSender - Using open Channel [id: 0xba975e55, L:/127.0.0.1:63873 - R:localhost/127.0.0.1:54675] for GET '/session/6ae03fc8bc7c7f5181f1a43a0a9deb81/screenshot'
16:19:11.123 [AsyncHttpClient-1-3] DEBUG org.asynchttpclient.netty.handler.HttpHandler - 

Request DefaultFullHttpRequest(decodeResult: success, version: HTTP/1.1, content: EmptyByteBufBE)
GET /session/6ae03fc8bc7c7f5181f1a43a0a9deb81/screenshot HTTP/1.1
User-Agent: selenium/4.1.2 (java windows)
Cache-Control: no-cache
Content-Type: application/json; charset=utf-8
host: localhost:54675
accept: */*

Response DefaultHttpResponse(decodeResult: success, version: HTTP/1.1)
HTTP/1.1 200 OK
Content-Type: application/json; charset=utf-8
cache-control: no-cache
content-length: 36828

16:19:11.123 [AsyncHttpClient-1-3] DEBUG org.asynchttpclient.netty.channel.ChannelManager - Adding key: http://localhost:54675 for channel [id: 0xba975e55, L:/127.0.0.1:63873 - R:localhost/127.0.0.1:54675]
16:19:11.124 [main] DEBUG net.serenitybdd.core.photography.Darkroom - Send negative for processing for target\site\serenity\4aa8e57be180109b3f9835a954d7c19a7bb58089ab11ded69cf3b248dcbb61d6.png
16:19:11.125 [main] DEBUG net.thucydides.core.steps.StepInterceptor - STEP DONE: inputEmail
16:19:11.125 [Darkroom Processing Line] DEBUG net.serenitybdd.core.photography.DarkroomProcessingLine - Processing screenshot image in /var/screenshots/screenshot-9019583367259568878
16:19:11.125 [Darkroom Processing Line] DEBUG net.serenitybdd.core.photography.DarkroomProcessingLine - Saving screenshot to target\site\serenity\4aa8e57be180109b3f9835a954d7c19a7bb58089ab11ded69cf3b248dcbb61d6.png
16:19:11.131 [main] DEBUG net.thucydides.core.steps.StepInterceptor - STARTING STEP: TransaksiStep.iInputdEmail - inputPassword
16:19:11.133 [Forwarding findElement on session 6ae03fc8bc7c7f5181f1a43a0a9deb81 to remote] DEBUG org.asynchttpclient.netty.request.NettyRequestSender - Using pooled Channel '[id: 0xba975e55, L:/127.0.0.1:63873 - R:localhost/127.0.0.1:54675]' for 'POST' to 'http://localhost:54675/session/6ae03fc8bc7c7f5181f1a43a0a9deb81/element'
16:19:11.133 [Forwarding findElement on session 6ae03fc8bc7c7f5181f1a43a0a9deb81 to remote] DEBUG org.asynchttpclient.netty.request.NettyRequestSender - Using open Channel [id: 0xba975e55, L:/127.0.0.1:63873 - R:localhost/127.0.0.1:54675] for POST '/session/6ae03fc8bc7c7f5181f1a43a0a9deb81/element'
16:19:11.143 [AsyncHttpClient-1-3] DEBUG org.asynchttpclient.netty.handler.HttpHandler - 

Request DefaultHttpRequest(decodeResult: success, version: HTTP/1.1)
POST /session/6ae03fc8bc7c7f5181f1a43a0a9deb81/element HTTP/1.1
User-Agent: selenium/4.1.2 (java windows)
Content-Length: 94
Content-Type: application/json; charset=utf-8
host: localhost:54675
accept: */*

Response DefaultHttpResponse(decodeResult: success, version: HTTP/1.1)
HTTP/1.1 200 OK
Content-Type: application/json; charset=utf-8
cache-control: no-cache
content-length: 88

16:19:11.143 [AsyncHttpClient-1-3] DEBUG org.asynchttpclient.netty.channel.ChannelManager - Adding key: http://localhost:54675 for channel [id: 0xba975e55, L:/127.0.0.1:63873 - R:localhost/127.0.0.1:54675]
16:19:11.144 [Forwarding clearElement on session 6ae03fc8bc7c7f5181f1a43a0a9deb81 to remote] DEBUG org.asynchttpclient.netty.request.NettyRequestSender - Using pooled Channel '[id: 0xba975e55, L:/127.0.0.1:63873 - R:localhost/127.0.0.1:54675]' for 'POST' to 'http://localhost:54675/session/6ae03fc8bc7c7f5181f1a43a0a9deb81/element/caf14cfe-0965-4811-8a40-b4a4b1d5bd49/clear'
16:19:11.144 [Forwarding clearElement on session 6ae03fc8bc7c7f5181f1a43a0a9deb81 to remote] DEBUG org.asynchttpclient.netty.request.NettyRequestSender - Using open Channel [id: 0xba975e55, L:/127.0.0.1:63873 - R:localhost/127.0.0.1:54675] for POST '/session/6ae03fc8bc7c7f5181f1a43a0a9deb81/element/caf14cfe-0965-4811-8a40-b4a4b1d5bd49/clear'
16:19:11.171 [AsyncHttpClient-1-3] DEBUG org.asynchttpclient.netty.handler.HttpHandler - 

Request DefaultHttpRequest(decodeResult: success, version: HTTP/1.1)
POST /session/6ae03fc8bc7c7f5181f1a43a0a9deb81/element/caf14cfe-0965-4811-8a40-b4a4b1d5bd49/clear HTTP/1.1
User-Agent: selenium/4.1.2 (java windows)
Content-Length: 50
Content-Type: application/json; charset=utf-8
host: localhost:54675
accept: */*

Response DefaultHttpResponse(decodeResult: success, version: HTTP/1.1)
HTTP/1.1 200 OK
Content-Type: application/json; charset=utf-8
cache-control: no-cache
content-length: 14

16:19:11.171 [AsyncHttpClient-1-3] DEBUG org.asynchttpclient.netty.channel.ChannelManager - Adding key: http://localhost:54675 for channel [id: 0xba975e55, L:/127.0.0.1:63873 - R:localhost/127.0.0.1:54675]
16:19:11.172 [Forwarding sendKeysToElement on session 6ae03fc8bc7c7f5181f1a43a0a9deb81 to remote] DEBUG org.asynchttpclient.netty.request.NettyRequestSender - Using pooled Channel '[id: 0xba975e55, L:/127.0.0.1:63873 - R:localhost/127.0.0.1:54675]' for 'POST' to 'http://localhost:54675/session/6ae03fc8bc7c7f5181f1a43a0a9deb81/element/caf14cfe-0965-4811-8a40-b4a4b1d5bd49/value'
16:19:11.172 [Forwarding sendKeysToElement on session 6ae03fc8bc7c7f5181f1a43a0a9deb81 to remote] DEBUG org.asynchttpclient.netty.request.NettyRequestSender - Using open Channel [id: 0xba975e55, L:/127.0.0.1:63873 - R:localhost/127.0.0.1:54675] for POST '/session/6ae03fc8bc7c7f5181f1a43a0a9deb81/element/caf14cfe-0965-4811-8a40-b4a4b1d5bd49/value'
16:19:11.244 [AsyncHttpClient-1-3] DEBUG org.asynchttpclient.netty.handler.HttpHandler - 

Request DefaultHttpRequest(decodeResult: success, version: HTTP/1.1)
POST /session/6ae03fc8bc7c7f5181f1a43a0a9deb81/element/caf14cfe-0965-4811-8a40-b4a4b1d5bd49/value HTTP/1.1
User-Agent: selenium/4.1.2 (java windows)
Content-Length: 181
Content-Type: application/json; charset=utf-8
host: localhost:54675
accept: */*

Response DefaultHttpResponse(decodeResult: success, version: HTTP/1.1)
HTTP/1.1 200 OK
Content-Type: application/json; charset=utf-8
cache-control: no-cache
content-length: 14

16:19:11.244 [AsyncHttpClient-1-3] DEBUG org.asynchttpclient.netty.channel.ChannelManager - Adding key: http://localhost:54675 for channel [id: 0xba975e55, L:/127.0.0.1:63873 - R:localhost/127.0.0.1:54675]
16:19:11.252 [Forwarding screenshot on session 6ae03fc8bc7c7f5181f1a43a0a9deb81 to remote] DEBUG org.asynchttpclient.netty.request.NettyRequestSender - Using pooled Channel '[id: 0xba975e55, L:/127.0.0.1:63873 - R:localhost/127.0.0.1:54675]' for 'GET' to 'http://localhost:54675/session/6ae03fc8bc7c7f5181f1a43a0a9deb81/screenshot'
16:19:11.252 [Forwarding screenshot on session 6ae03fc8bc7c7f5181f1a43a0a9deb81 to remote] DEBUG org.asynchttpclient.netty.request.NettyRequestSender - Using open Channel [id: 0xba975e55, L:/127.0.0.1:63873 - R:localhost/127.0.0.1:54675] for GET '/session/6ae03fc8bc7c7f5181f1a43a0a9deb81/screenshot'
16:19:11.431 [AsyncHttpClient-1-1] DEBUG org.asynchttpclient.netty.channel.DefaultChannelPool - Entry count for : http://localhost:63874 : 1
16:19:11.444 [AsyncHttpClient-1-3] DEBUG org.asynchttpclient.netty.handler.HttpHandler - 

Request DefaultFullHttpRequest(decodeResult: success, version: HTTP/1.1, content: EmptyByteBufBE)
GET /session/6ae03fc8bc7c7f5181f1a43a0a9deb81/screenshot HTTP/1.1
User-Agent: selenium/4.1.2 (java windows)
Cache-Control: no-cache
Content-Type: application/json; charset=utf-8
host: localhost:54675
accept: */*

Response DefaultHttpResponse(decodeResult: success, version: HTTP/1.1)
HTTP/1.1 200 OK
Content-Type: application/json; charset=utf-8
cache-control: no-cache
content-length: 39184

16:19:11.444 [AsyncHttpClient-1-3] DEBUG org.asynchttpclient.netty.channel.ChannelManager - Adding key: http://localhost:54675 for channel [id: 0xba975e55, L:/127.0.0.1:63873 - R:localhost/127.0.0.1:54675]
16:19:11.445 [main] DEBUG net.serenitybdd.core.photography.Darkroom - Send negative for processing for target\site\serenity\c1115e228da621b367c107b542aaa3ad190c5ab53eb633d042bae739ebb1f2a5.png
16:19:11.445 [main] DEBUG net.thucydides.core.steps.StepInterceptor - STEP DONE: inputPassword
  &amp#27;[32mWhen &amp#27;[0m&amp#27;[32mI inputd &amp#27;[0m&amp#27;[32m&amp#27;[1m"imamrayhanekadinataa@gmail.com"&amp#27;[0m&amp#27;[32m email with &amp#27;[0m&amp#27;[32m&amp#27;[1m"rayhan1234"&amp#27;[0m&amp#27;[32m password&amp#27;[0m &amp#27;[90m# Starter.StepDefinitions.TransaksiStep.iInputdEmail(java.lang.String,java.lang.String)&amp#27;[0m
16:19:11.446 [Darkroom Processing Line] DEBUG net.serenitybdd.core.photography.DarkroomProcessingLine - Processing screenshot image in /var/screenshots/screenshot-10828281348548008759
16:19:11.446 [Darkroom Processing Line] DEBUG net.serenitybdd.core.photography.DarkroomProcessingLine - Saving screenshot to target\site\serenity\c1115e228da621b367c107b542aaa3ad190c5ab53eb633d042bae739ebb1f2a5.png
16:19:11.457 [main] DEBUG net.thucydides.core.steps.StepInterceptor - STARTING STEP: TransaksiStep.clickLogindButton - clickLoginButton
16:19:11.460 [Forwarding findElement on session 6ae03fc8bc7c7f5181f1a43a0a9deb81 to remote] DEBUG org.asynchttpclient.netty.request.NettyRequestSender - Using pooled Channel '[id: 0xba975e55, L:/127.0.0.1:63873 - R:localhost/127.0.0.1:54675]' for 'POST' to 'http://localhost:54675/session/6ae03fc8bc7c7f5181f1a43a0a9deb81/element'
16:19:11.460 [Forwarding findElement on session 6ae03fc8bc7c7f5181f1a43a0a9deb81 to remote] DEBUG org.asynchttpclient.netty.request.NettyRequestSender - Using open Channel [id: 0xba975e55, L:/127.0.0.1:63873 - R:localhost/127.0.0.1:54675] for POST '/session/6ae03fc8bc7c7f5181f1a43a0a9deb81/element'
16:19:11.467 [AsyncHttpClient-1-3] DEBUG org.asynchttpclient.netty.handler.HttpHandler - 

Request DefaultHttpRequest(decodeResult: success, version: HTTP/1.1)
POST /session/6ae03fc8bc7c7f5181f1a43a0a9deb81/element HTTP/1.1
User-Agent: selenium/4.1.2 (java windows)
Content-Length: 136
Content-Type: application/json; charset=utf-8
host: localhost:54675
accept: */*

Response DefaultHttpResponse(decodeResult: success, version: HTTP/1.1)
HTTP/1.1 200 OK
Content-Type: application/json; charset=utf-8
cache-control: no-cache
content-length: 88

16:19:11.467 [AsyncHttpClient-1-3] DEBUG org.asynchttpclient.netty.channel.ChannelManager - Adding key: http://localhost:54675 for channel [id: 0xba975e55, L:/127.0.0.1:63873 - R:localhost/127.0.0.1:54675]
16:19:11.468 [Forwarding getElementTagName on session 6ae03fc8bc7c7f5181f1a43a0a9deb81 to remote] DEBUG org.asynchttpclient.netty.request.NettyRequestSender - Using pooled Channel '[id: 0xba975e55, L:/127.0.0.1:63873 - R:localhost/127.0.0.1:54675]' for 'GET' to 'http://localhost:54675/session/6ae03fc8bc7c7f5181f1a43a0a9deb81/element/b47bc10f-4f65-4981-b41b-c95b3378e06c/name'
16:19:11.469 [Forwarding getElementTagName on session 6ae03fc8bc7c7f5181f1a43a0a9deb81 to remote] DEBUG org.asynchttpclient.netty.request.NettyRequestSender - Using open Channel [id: 0xba975e55, L:/127.0.0.1:63873 - R:localhost/127.0.0.1:54675] for GET '/session/6ae03fc8bc7c7f5181f1a43a0a9deb81/element/b47bc10f-4f65-4981-b41b-c95b3378e06c/name'
16:19:11.474 [AsyncHttpClient-1-3] DEBUG org.asynchttpclient.netty.handler.HttpHandler - 

Request DefaultFullHttpRequest(decodeResult: success, version: HTTP/1.1, content: EmptyByteBufBE)
GET /session/6ae03fc8bc7c7f5181f1a43a0a9deb81/element/b47bc10f-4f65-4981-b41b-c95b3378e06c/name HTTP/1.1
User-Agent: selenium/4.1.2 (java windows)
Cache-Control: no-cache
Content-Type: application/json; charset=utf-8
host: localhost:54675
accept: */*

Response DefaultHttpResponse(decodeResult: success, version: HTTP/1.1)
HTTP/1.1 200 OK
Content-Type: application/json; charset=utf-8
cache-control: no-cache
content-length: 18

16:19:11.474 [AsyncHttpClient-1-3] DEBUG org.asynchttpclient.netty.channel.ChannelManager - Adding key: http://localhost:54675 for channel [id: 0xba975e55, L:/127.0.0.1:63873 - R:localhost/127.0.0.1:54675]
16:19:11.476 [Forwarding getElementTagName on session 6ae03fc8bc7c7f5181f1a43a0a9deb81 to remote] DEBUG org.asynchttpclient.netty.request.NettyRequestSender - Using pooled Channel '[id: 0xba975e55, L:/127.0.0.1:63873 - R:localhost/127.0.0.1:54675]' for 'GET' to 'http://localhost:54675/session/6ae03fc8bc7c7f5181f1a43a0a9deb81/element/b47bc10f-4f65-4981-b41b-c95b3378e06c/name'
16:19:11.476 [Forwarding getElementTagName on session 6ae03fc8bc7c7f5181f1a43a0a9deb81 to remote] DEBUG org.asynchttpclient.netty.request.NettyRequestSender - Using open Channel [id: 0xba975e55, L:/127.0.0.1:63873 - R:localhost/127.0.0.1:54675] for GET '/session/6ae03fc8bc7c7f5181f1a43a0a9deb81/element/b47bc10f-4f65-4981-b41b-c95b3378e06c/name'
16:19:11.479 [AsyncHttpClient-1-3] DEBUG org.asynchttpclient.netty.handler.HttpHandler - 

Request DefaultFullHttpRequest(decodeResult: success, version: HTTP/1.1, content: EmptyByteBufBE)
GET /session/6ae03fc8bc7c7f5181f1a43a0a9deb81/element/b47bc10f-4f65-4981-b41b-c95b3378e06c/name HTTP/1.1
User-Agent: selenium/4.1.2 (java windows)
Cache-Control: no-cache
Content-Type: application/json; charset=utf-8
host: localhost:54675
accept: */*

Response DefaultHttpResponse(decodeResult: success, version: HTTP/1.1)
HTTP/1.1 200 OK
Content-Type: application/json; charset=utf-8
cache-control: no-cache
content-length: 18

16:19:11.480 [AsyncHttpClient-1-3] DEBUG org.asynchttpclient.netty.channel.ChannelManager - Adding key: http://localhost:54675 for channel [id: 0xba975e55, L:/127.0.0.1:63873 - R:localhost/127.0.0.1:54675]
16:19:11.482 [Forwarding isElementEnabled on session 6ae03fc8bc7c7f5181f1a43a0a9deb81 to remote] DEBUG org.asynchttpclient.netty.request.NettyRequestSender - Using pooled Channel '[id: 0xba975e55, L:/127.0.0.1:63873 - R:localhost/127.0.0.1:54675]' for 'GET' to 'http://localhost:54675/session/6ae03fc8bc7c7f5181f1a43a0a9deb81/element/b47bc10f-4f65-4981-b41b-c95b3378e06c/enabled'
16:19:11.482 [Forwarding isElementEnabled on session 6ae03fc8bc7c7f5181f1a43a0a9deb81 to remote] DEBUG org.asynchttpclient.netty.request.NettyRequestSender - Using open Channel [id: 0xba975e55, L:/127.0.0.1:63873 - R:localhost/127.0.0.1:54675] for GET '/session/6ae03fc8bc7c7f5181f1a43a0a9deb81/element/b47bc10f-4f65-4981-b41b-c95b3378e06c/enabled'
16:19:11.492 [AsyncHttpClient-1-3] DEBUG org.asynchttpclient.netty.handler.HttpHandler - 

Request DefaultFullHttpRequest(decodeResult: success, version: HTTP/1.1, content: EmptyByteBufBE)
GET /session/6ae03fc8bc7c7f5181f1a43a0a9deb81/element/b47bc10f-4f65-4981-b41b-c95b3378e06c/enabled HTTP/1.1
User-Agent: selenium/4.1.2 (java windows)
Cache-Control: no-cache
Content-Type: application/json; charset=utf-8
host: localhost:54675
accept: */*

Response DefaultHttpResponse(decodeResult: success, version: HTTP/1.1)
HTTP/1.1 200 OK
Content-Type: application/json; charset=utf-8
cache-control: no-cache
content-length: 14

16:19:11.492 [AsyncHttpClient-1-3] DEBUG org.asynchttpclient.netty.channel.ChannelManager - Adding key: http://localhost:54675 for channel [id: 0xba975e55, L:/127.0.0.1:63873 - R:localhost/127.0.0.1:54675]
16:19:11.493 [Forwarding isElementEnabled on session 6ae03fc8bc7c7f5181f1a43a0a9deb81 to remote] DEBUG org.asynchttpclient.netty.request.NettyRequestSender - Using pooled Channel '[id: 0xba975e55, L:/127.0.0.1:63873 - R:localhost/127.0.0.1:54675]' for 'GET' to 'http://localhost:54675/session/6ae03fc8bc7c7f5181f1a43a0a9deb81/element/b47bc10f-4f65-4981-b41b-c95b3378e06c/enabled'
16:19:11.493 [Forwarding isElementEnabled on session 6ae03fc8bc7c7f5181f1a43a0a9deb81 to remote] DEBUG org.asynchttpclient.netty.request.NettyRequestSender - Using open Channel [id: 0xba975e55, L:/127.0.0.1:63873 - R:localhost/127.0.0.1:54675] for GET '/session/6ae03fc8bc7c7f5181f1a43a0a9deb81/element/b47bc10f-4f65-4981-b41b-c95b3378e06c/enabled'
16:19:11.499 [AsyncHttpClient-1-3] DEBUG org.asynchttpclient.netty.handler.HttpHandler - 

Request DefaultFullHttpRequest(decodeResult: success, version: HTTP/1.1, content: EmptyByteBufBE)
GET /session/6ae03fc8bc7c7f5181f1a43a0a9deb81/element/b47bc10f-4f65-4981-b41b-c95b3378e06c/enabled HTTP/1.1
User-Agent: selenium/4.1.2 (java windows)
Cache-Control: no-cache
Content-Type: application/json; charset=utf-8
host: localhost:54675
accept: */*

Response DefaultHttpResponse(decodeResult: success, version: HTTP/1.1)
HTTP/1.1 200 OK
Content-Type: application/json; charset=utf-8
cache-control: no-cache
content-length: 14

16:19:11.499 [AsyncHttpClient-1-3] DEBUG org.asynchttpclient.netty.channel.ChannelManager - Adding key: http://localhost:54675 for channel [id: 0xba975e55, L:/127.0.0.1:63873 - R:localhost/127.0.0.1:54675]
16:19:11.503 [Forwarding findElement on session 6ae03fc8bc7c7f5181f1a43a0a9deb81 to remote] DEBUG org.asynchttpclient.netty.request.NettyRequestSender - Using pooled Channel '[id: 0xba975e55, L:/127.0.0.1:63873 - R:localhost/127.0.0.1:54675]' for 'POST' to 'http://localhost:54675/session/6ae03fc8bc7c7f5181f1a43a0a9deb81/element'
16:19:11.503 [Forwarding findElement on session 6ae03fc8bc7c7f5181f1a43a0a9deb81 to remote] DEBUG org.asynchttpclient.netty.request.NettyRequestSender - Using open Channel [id: 0xba975e55, L:/127.0.0.1:63873 - R:localhost/127.0.0.1:54675] for POST '/session/6ae03fc8bc7c7f5181f1a43a0a9deb81/element'
16:19:11.509 [AsyncHttpClient-1-3] DEBUG org.asynchttpclient.netty.handler.HttpHandler - 

Request DefaultHttpRequest(decodeResult: success, version: HTTP/1.1)
POST /session/6ae03fc8bc7c7f5181f1a43a0a9deb81/element HTTP/1.1
User-Agent: selenium/4.1.2 (java windows)
Content-Length: 136
Content-Type: application/json; charset=utf-8
host: localhost:54675
accept: */*

Response DefaultHttpResponse(decodeResult: success, version: HTTP/1.1)
HTTP/1.1 200 OK
Content-Type: application/json; charset=utf-8
cache-control: no-cache
content-length: 88

16:19:11.510 [AsyncHttpClient-1-3] DEBUG org.asynchttpclient.netty.channel.ChannelManager - Adding key: http://localhost:54675 for channel [id: 0xba975e55, L:/127.0.0.1:63873 - R:localhost/127.0.0.1:54675]
16:19:11.510 [Forwarding clickElement on session 6ae03fc8bc7c7f5181f1a43a0a9deb81 to remote] DEBUG org.asynchttpclient.netty.request.NettyRequestSender - Using pooled Channel '[id: 0xba975e55, L:/127.0.0.1:63873 - R:localhost/127.0.0.1:54675]' for 'POST' to 'http://localhost:54675/session/6ae03fc8bc7c7f5181f1a43a0a9deb81/element/b47bc10f-4f65-4981-b41b-c95b3378e06c/click'
16:19:11.511 [Forwarding clickElement on session 6ae03fc8bc7c7f5181f1a43a0a9deb81 to remote] DEBUG org.asynchttpclient.netty.request.NettyRequestSender - Using open Channel [id: 0xba975e55, L:/127.0.0.1:63873 - R:localhost/127.0.0.1:54675] for POST '/session/6ae03fc8bc7c7f5181f1a43a0a9deb81/element/b47bc10f-4f65-4981-b41b-c95b3378e06c/click'
16:19:11.550 [AsyncHttpClient-1-3] DEBUG org.asynchttpclient.netty.handler.HttpHandler - 

Request DefaultHttpRequest(decodeResult: success, version: HTTP/1.1)
POST /session/6ae03fc8bc7c7f5181f1a43a0a9deb81/element/b47bc10f-4f65-4981-b41b-c95b3378e06c/click HTTP/1.1
User-Agent: selenium/4.1.2 (java windows)
Content-Length: 50
Content-Type: application/json; charset=utf-8
host: localhost:54675
accept: */*

Response DefaultHttpResponse(decodeResult: success, version: HTTP/1.1)
HTTP/1.1 200 OK
Content-Type: application/json; charset=utf-8
cache-control: no-cache
content-length: 14

16:19:11.550 [AsyncHttpClient-1-3] DEBUG org.asynchttpclient.netty.channel.ChannelManager - Adding key: http://localhost:54675 for channel [id: 0xba975e55, L:/127.0.0.1:63873 - R:localhost/127.0.0.1:54675]
16:19:11.557 [Forwarding screenshot on session 6ae03fc8bc7c7f5181f1a43a0a9deb81 to remote] DEBUG org.asynchttpclient.netty.request.NettyRequestSender - Using pooled Channel '[id: 0xba975e55, L:/127.0.0.1:63873 - R:localhost/127.0.0.1:54675]' for 'GET' to 'http://localhost:54675/session/6ae03fc8bc7c7f5181f1a43a0a9deb81/screenshot'
16:19:11.557 [Forwarding screenshot on session 6ae03fc8bc7c7f5181f1a43a0a9deb81 to remote] DEBUG org.asynchttpclient.netty.request.NettyRequestSender - Using open Channel [id: 0xba975e55, L:/127.0.0.1:63873 - R:localhost/127.0.0.1:54675] for GET '/session/6ae03fc8bc7c7f5181f1a43a0a9deb81/screenshot'
16:19:11.763 [AsyncHttpClient-1-3] DEBUG org.asynchttpclient.netty.handler.HttpHandler - 

Request DefaultFullHttpRequest(decodeResult: success, version: HTTP/1.1, content: EmptyByteBufBE)
GET /session/6ae03fc8bc7c7f5181f1a43a0a9deb81/screenshot HTTP/1.1
User-Agent: selenium/4.1.2 (java windows)
Cache-Control: no-cache
Content-Type: application/json; charset=utf-8
host: localhost:54675
accept: */*

Response DefaultHttpResponse(decodeResult: success, version: HTTP/1.1)
HTTP/1.1 200 OK
Content-Type: application/json; charset=utf-8
cache-control: no-cache
content-length: 38536

16:19:11.764 [AsyncHttpClient-1-3] DEBUG org.asynchttpclient.netty.channel.ChannelManager - Adding key: http://localhost:54675 for channel [id: 0xba975e55, L:/127.0.0.1:63873 - R:localhost/127.0.0.1:54675]
16:19:11.766 [main] DEBUG net.serenitybdd.core.photography.Darkroom - Send negative for processing for target\site\serenity\6b5a525ef021a8c1ef160efd512c3a25efebaddbc643d3211657266f6106fa7b.png
16:19:11.766 [main] DEBUG net.thucydides.core.steps.StepInterceptor - STEP DONE: clickLoginButton
  &amp#27;[32mAnd &amp#27;[0m&amp#27;[32mclickd login button&amp#27;[0m                                                         &amp#27;[90m# Starter.StepDefinitions.TransaksiStep.clickLogindButton()&amp#27;[0m
16:19:11.766 [Darkroom Processing Line] DEBUG net.serenitybdd.core.photography.DarkroomProcessingLine - Processing screenshot image in /var/screenshots/screenshot-1898438335105388328
16:19:11.766 [Darkroom Processing Line] DEBUG net.serenitybdd.core.photography.DarkroomProcessingLine - Saving screenshot to target\site\serenity\6b5a525ef021a8c1ef160efd512c3a25efebaddbc643d3211657266f6106fa7b.png
16:19:11.781 [main] DEBUG net.thucydides.core.steps.StepInterceptor - STARTING STEP: TransaksiStep.iClickBuyButton - clickBuyButton
16:19:11.784 [Forwarding findElement on session 6ae03fc8bc7c7f5181f1a43a0a9deb81 to remote] DEBUG org.asynchttpclient.netty.request.NettyRequestSender - Using pooled Channel '[id: 0xba975e55, L:/127.0.0.1:63873 - R:localhost/127.0.0.1:54675]' for 'POST' to 'http://localhost:54675/session/6ae03fc8bc7c7f5181f1a43a0a9deb81/element'
16:19:11.784 [Forwarding findElement on session 6ae03fc8bc7c7f5181f1a43a0a9deb81 to remote] DEBUG org.asynchttpclient.netty.request.NettyRequestSender - Using open Channel [id: 0xba975e55, L:/127.0.0.1:63873 - R:localhost/127.0.0.1:54675] for POST '/session/6ae03fc8bc7c7f5181f1a43a0a9deb81/element'
16:19:12.531 [AsyncHttpClient-1-1] DEBUG org.asynchttpclient.netty.channel.DefaultChannelPool - Entry count for : http://localhost:63874 : 1
16:19:13.376 [AsyncHttpClient-1-3] DEBUG org.asynchttpclient.netty.handler.HttpHandler - 

Request DefaultHttpRequest(decodeResult: success, version: HTTP/1.1)
POST /session/6ae03fc8bc7c7f5181f1a43a0a9deb81/element HTTP/1.1
User-Agent: selenium/4.1.2 (java windows)
Content-Length: 142
Content-Type: application/json; charset=utf-8
host: localhost:54675
accept: */*

Response DefaultHttpResponse(decodeResult: success, version: HTTP/1.1)
HTTP/1.1 200 OK
Content-Type: application/json; charset=utf-8
cache-control: no-cache
content-length: 88

16:19:13.376 [AsyncHttpClient-1-3] DEBUG org.asynchttpclient.netty.channel.ChannelManager - Adding key: http://localhost:54675 for channel [id: 0xba975e55, L:/127.0.0.1:63873 - R:localhost/127.0.0.1:54675]
16:19:13.377 [Forwarding getElementTagName on session 6ae03fc8bc7c7f5181f1a43a0a9deb81 to remote] DEBUG org.asynchttpclient.netty.request.NettyRequestSender - Using pooled Channel '[id: 0xba975e55, L:/127.0.0.1:63873 - R:localhost/127.0.0.1:54675]' for 'GET' to 'http://localhost:54675/session/6ae03fc8bc7c7f5181f1a43a0a9deb81/element/90212633-6b93-4a6d-8d67-a8875da44f1a/name'
16:19:13.377 [Forwarding getElementTagName on session 6ae03fc8bc7c7f5181f1a43a0a9deb81 to remote] DEBUG org.asynchttpclient.netty.request.NettyRequestSender - Using open Channel [id: 0xba975e55, L:/127.0.0.1:63873 - R:localhost/127.0.0.1:54675] for GET '/session/6ae03fc8bc7c7f5181f1a43a0a9deb81/element/90212633-6b93-4a6d-8d67-a8875da44f1a/name'
16:19:13.383 [AsyncHttpClient-1-3] DEBUG org.asynchttpclient.netty.handler.HttpHandler - 

Request DefaultFullHttpRequest(decodeResult: success, version: HTTP/1.1, content: EmptyByteBufBE)
GET /session/6ae03fc8bc7c7f5181f1a43a0a9deb81/element/90212633-6b93-4a6d-8d67-a8875da44f1a/name HTTP/1.1
User-Agent: selenium/4.1.2 (java windows)
Cache-Control: no-cache
Content-Type: application/json; charset=utf-8
host: localhost:54675
accept: */*

Response DefaultHttpResponse(decodeResult: success, version: HTTP/1.1)
HTTP/1.1 200 OK
Content-Type: application/json; charset=utf-8
cache-control: no-cache
content-length: 18

16:19:13.383 [AsyncHttpClient-1-3] DEBUG org.asynchttpclient.netty.channel.ChannelManager - Adding key: http://localhost:54675 for channel [id: 0xba975e55, L:/127.0.0.1:63873 - R:localhost/127.0.0.1:54675]
16:19:13.384 [Forwarding getElementTagName on session 6ae03fc8bc7c7f5181f1a43a0a9deb81 to remote] DEBUG org.asynchttpclient.netty.request.NettyRequestSender - Using pooled Channel '[id: 0xba975e55, L:/127.0.0.1:63873 - R:localhost/127.0.0.1:54675]' for 'GET' to 'http://localhost:54675/session/6ae03fc8bc7c7f5181f1a43a0a9deb81/element/90212633-6b93-4a6d-8d67-a8875da44f1a/name'
16:19:13.384 [Forwarding getElementTagName on session 6ae03fc8bc7c7f5181f1a43a0a9deb81 to remote] DEBUG org.asynchttpclient.netty.request.NettyRequestSender - Using open Channel [id: 0xba975e55, L:/127.0.0.1:63873 - R:localhost/127.0.0.1:54675] for GET '/session/6ae03fc8bc7c7f5181f1a43a0a9deb81/element/90212633-6b93-4a6d-8d67-a8875da44f1a/name'
16:19:13.386 [AsyncHttpClient-1-3] DEBUG org.asynchttpclient.netty.handler.HttpHandler - 

Request DefaultFullHttpRequest(decodeResult: success, version: HTTP/1.1, content: EmptyByteBufBE)
GET /session/6ae03fc8bc7c7f5181f1a43a0a9deb81/element/90212633-6b93-4a6d-8d67-a8875da44f1a/name HTTP/1.1
User-Agent: selenium/4.1.2 (java windows)
Cache-Control: no-cache
Content-Type: application/json; charset=utf-8
host: localhost:54675
accept: */*

Response DefaultHttpResponse(decodeResult: success, version: HTTP/1.1)
HTTP/1.1 200 OK
Content-Type: application/json; charset=utf-8
cache-control: no-cache
content-length: 18

16:19:13.386 [AsyncHttpClient-1-3] DEBUG org.asynchttpclient.netty.channel.ChannelManager - Adding key: http://localhost:54675 for channel [id: 0xba975e55, L:/127.0.0.1:63873 - R:localhost/127.0.0.1:54675]
16:19:13.388 [Forwarding isElementEnabled on session 6ae03fc8bc7c7f5181f1a43a0a9deb81 to remote] DEBUG org.asynchttpclient.netty.request.NettyRequestSender - Using pooled Channel '[id: 0xba975e55, L:/127.0.0.1:63873 - R:localhost/127.0.0.1:54675]' for 'GET' to 'http://localhost:54675/session/6ae03fc8bc7c7f5181f1a43a0a9deb81/element/90212633-6b93-4a6d-8d67-a8875da44f1a/enabled'
16:19:13.388 [Forwarding isElementEnabled on session 6ae03fc8bc7c7f5181f1a43a0a9deb81 to remote] DEBUG org.asynchttpclient.netty.request.NettyRequestSender - Using open Channel [id: 0xba975e55, L:/127.0.0.1:63873 - R:localhost/127.0.0.1:54675] for GET '/session/6ae03fc8bc7c7f5181f1a43a0a9deb81/element/90212633-6b93-4a6d-8d67-a8875da44f1a/enabled'
16:19:13.393 [AsyncHttpClient-1-3] DEBUG org.asynchttpclient.netty.handler.HttpHandler - 

Request DefaultFullHttpRequest(decodeResult: success, version: HTTP/1.1, content: EmptyByteBufBE)
GET /session/6ae03fc8bc7c7f5181f1a43a0a9deb81/element/90212633-6b93-4a6d-8d67-a8875da44f1a/enabled HTTP/1.1
User-Agent: selenium/4.1.2 (java windows)
Cache-Control: no-cache
Content-Type: application/json; charset=utf-8
host: localhost:54675
accept: */*

Response DefaultHttpResponse(decodeResult: success, version: HTTP/1.1)
HTTP/1.1 200 OK
Content-Type: application/json; charset=utf-8
cache-control: no-cache
content-length: 14

16:19:13.393 [AsyncHttpClient-1-3] DEBUG org.asynchttpclient.netty.channel.ChannelManager - Adding key: http://localhost:54675 for channel [id: 0xba975e55, L:/127.0.0.1:63873 - R:localhost/127.0.0.1:54675]
16:19:13.394 [Forwarding isElementEnabled on session 6ae03fc8bc7c7f5181f1a43a0a9deb81 to remote] DEBUG org.asynchttpclient.netty.request.NettyRequestSender - Using pooled Channel '[id: 0xba975e55, L:/127.0.0.1:63873 - R:localhost/127.0.0.1:54675]' for 'GET' to 'http://localhost:54675/session/6ae03fc8bc7c7f5181f1a43a0a9deb81/element/90212633-6b93-4a6d-8d67-a8875da44f1a/enabled'
16:19:13.394 [Forwarding isElementEnabled on session 6ae03fc8bc7c7f5181f1a43a0a9deb81 to remote] DEBUG org.asynchttpclient.netty.request.NettyRequestSender - Using open Channel [id: 0xba975e55, L:/127.0.0.1:63873 - R:localhost/127.0.0.1:54675] for GET '/session/6ae03fc8bc7c7f5181f1a43a0a9deb81/element/90212633-6b93-4a6d-8d67-a8875da44f1a/enabled'
16:19:13.398 [AsyncHttpClient-1-3] DEBUG org.asynchttpclient.netty.handler.HttpHandler - 

Request DefaultFullHttpRequest(decodeResult: success, version: HTTP/1.1, content: EmptyByteBufBE)
GET /session/6ae03fc8bc7c7f5181f1a43a0a9deb81/element/90212633-6b93-4a6d-8d67-a8875da44f1a/enabled HTTP/1.1
User-Agent: selenium/4.1.2 (java windows)
Cache-Control: no-cache
Content-Type: application/json; charset=utf-8
host: localhost:54675
accept: */*

Response DefaultHttpResponse(decodeResult: success, version: HTTP/1.1)
HTTP/1.1 200 OK
Content-Type: application/json; charset=utf-8
cache-control: no-cache
content-length: 14

16:19:13.398 [AsyncHttpClient-1-3] DEBUG org.asynchttpclient.netty.channel.ChannelManager - Adding key: http://localhost:54675 for channel [id: 0xba975e55, L:/127.0.0.1:63873 - R:localhost/127.0.0.1:54675]
16:19:13.400 [Forwarding findElement on session 6ae03fc8bc7c7f5181f1a43a0a9deb81 to remote] DEBUG org.asynchttpclient.netty.request.NettyRequestSender - Using pooled Channel '[id: 0xba975e55, L:/127.0.0.1:63873 - R:localhost/127.0.0.1:54675]' for 'POST' to 'http://localhost:54675/session/6ae03fc8bc7c7f5181f1a43a0a9deb81/element'
16:19:13.400 [Forwarding findElement on session 6ae03fc8bc7c7f5181f1a43a0a9deb81 to remote] DEBUG org.asynchttpclient.netty.request.NettyRequestSender - Using open Channel [id: 0xba975e55, L:/127.0.0.1:63873 - R:localhost/127.0.0.1:54675] for POST '/session/6ae03fc8bc7c7f5181f1a43a0a9deb81/element'
16:19:13.408 [AsyncHttpClient-1-3] DEBUG org.asynchttpclient.netty.handler.HttpHandler - 

Request DefaultHttpRequest(decodeResult: success, version: HTTP/1.1)
POST /session/6ae03fc8bc7c7f5181f1a43a0a9deb81/element HTTP/1.1
User-Agent: selenium/4.1.2 (java windows)
Content-Length: 142
Content-Type: application/json; charset=utf-8
host: localhost:54675
accept: */*

Response DefaultHttpResponse(decodeResult: success, version: HTTP/1.1)
HTTP/1.1 200 OK
Content-Type: application/json; charset=utf-8
cache-control: no-cache
content-length: 88

16:19:13.408 [AsyncHttpClient-1-3] DEBUG org.asynchttpclient.netty.channel.ChannelManager - Adding key: http://localhost:54675 for channel [id: 0xba975e55, L:/127.0.0.1:63873 - R:localhost/127.0.0.1:54675]
16:19:13.409 [Forwarding clickElement on session 6ae03fc8bc7c7f5181f1a43a0a9deb81 to remote] DEBUG org.asynchttpclient.netty.request.NettyRequestSender - Using pooled Channel '[id: 0xba975e55, L:/127.0.0.1:63873 - R:localhost/127.0.0.1:54675]' for 'POST' to 'http://localhost:54675/session/6ae03fc8bc7c7f5181f1a43a0a9deb81/element/90212633-6b93-4a6d-8d67-a8875da44f1a/click'
16:19:13.409 [Forwarding clickElement on session 6ae03fc8bc7c7f5181f1a43a0a9deb81 to remote] DEBUG org.asynchttpclient.netty.request.NettyRequestSender - Using open Channel [id: 0xba975e55, L:/127.0.0.1:63873 - R:localhost/127.0.0.1:54675] for POST '/session/6ae03fc8bc7c7f5181f1a43a0a9deb81/element/90212633-6b93-4a6d-8d67-a8875da44f1a/click'
16:19:13.468 [AsyncHttpClient-1-3] DEBUG org.asynchttpclient.netty.handler.HttpHandler - 

Request DefaultHttpRequest(decodeResult: success, version: HTTP/1.1)
POST /session/6ae03fc8bc7c7f5181f1a43a0a9deb81/element/90212633-6b93-4a6d-8d67-a8875da44f1a/click HTTP/1.1
User-Agent: selenium/4.1.2 (java windows)
Content-Length: 50
Content-Type: application/json; charset=utf-8
host: localhost:54675
accept: */*

Response DefaultHttpResponse(decodeResult: success, version: HTTP/1.1)
HTTP/1.1 200 OK
Content-Type: application/json; charset=utf-8
cache-control: no-cache
content-length: 14

16:19:13.468 [AsyncHttpClient-1-3] DEBUG org.asynchttpclient.netty.channel.ChannelManager - Adding key: http://localhost:54675 for channel [id: 0xba975e55, L:/127.0.0.1:63873 - R:localhost/127.0.0.1:54675]
16:19:13.473 [Forwarding screenshot on session 6ae03fc8bc7c7f5181f1a43a0a9deb81 to remote] DEBUG org.asynchttpclient.netty.request.NettyRequestSender - Using pooled Channel '[id: 0xba975e55, L:/127.0.0.1:63873 - R:localhost/127.0.0.1:54675]' for 'GET' to 'http://localhost:54675/session/6ae03fc8bc7c7f5181f1a43a0a9deb81/screenshot'
16:19:13.473 [Forwarding screenshot on session 6ae03fc8bc7c7f5181f1a43a0a9deb81 to remote] DEBUG org.asynchttpclient.netty.request.NettyRequestSender - Using open Channel [id: 0xba975e55, L:/127.0.0.1:63873 - R:localhost/127.0.0.1:54675] for GET '/session/6ae03fc8bc7c7f5181f1a43a0a9deb81/screenshot'
16:19:13.630 [AsyncHttpClient-1-1] DEBUG org.asynchttpclient.netty.channel.DefaultChannelPool - Entry count for : http://localhost:63874 : 1
16:19:13.660 [AsyncHttpClient-1-3] DEBUG org.asynchttpclient.netty.handler.HttpHandler - 

Request DefaultFullHttpRequest(decodeResult: success, version: HTTP/1.1, content: EmptyByteBufBE)
GET /session/6ae03fc8bc7c7f5181f1a43a0a9deb81/screenshot HTTP/1.1
User-Agent: selenium/4.1.2 (java windows)
Cache-Control: no-cache
Content-Type: application/json; charset=utf-8
host: localhost:54675
accept: */*

Response DefaultHttpResponse(decodeResult: success, version: HTTP/1.1)
HTTP/1.1 200 OK
Content-Type: application/json; charset=utf-8
cache-control: no-cache
content-length: 137144

16:19:13.660 [AsyncHttpClient-1-3] DEBUG org.asynchttpclient.netty.channel.ChannelManager - Adding key: http://localhost:54675 for channel [id: 0xba975e55, L:/127.0.0.1:63873 - R:localhost/127.0.0.1:54675]
16:19:13.665 [main] DEBUG net.serenitybdd.core.photography.Darkroom - Send negative for processing for target\site\serenity\b435387c83e3fa3ac63b91eb925a5cad8c589c93b4695939dbcee62086354e13.png
16:19:13.665 [main] DEBUG net.thucydides.core.steps.StepInterceptor - STEP DONE: clickBuyButton
  &amp#27;[32mAnd &amp#27;[0m&amp#27;[32mclickd buy button&amp#27;[0m                                                           &amp#27;[90m# Starter.StepDefinitions.TransaksiStep.iClickBuyButton()&amp#27;[0m
16:19:13.666 [Darkroom Processing Line] DEBUG net.serenitybdd.core.photography.DarkroomProcessingLine - Processing screenshot image in /var/screenshots/screenshot-10281040624415363670
16:19:13.666 [Darkroom Processing Line] DEBUG net.serenitybdd.core.photography.DarkroomProcessingLine - Saving screenshot to target\site\serenity\b435387c83e3fa3ac63b91eb925a5cad8c589c93b4695939dbcee62086354e13.png
16:19:13.680 [main] DEBUG net.thucydides.core.steps.StepInterceptor - STARTING STEP: TransaksiStep.iClickCartButton - clickCartButton
16:19:13.682 [Forwarding findElement on session 6ae03fc8bc7c7f5181f1a43a0a9deb81 to remote] DEBUG org.asynchttpclient.netty.request.NettyRequestSender - Using pooled Channel '[id: 0xba975e55, L:/127.0.0.1:63873 - R:localhost/127.0.0.1:54675]' for 'POST' to 'http://localhost:54675/session/6ae03fc8bc7c7f5181f1a43a0a9deb81/element'
16:19:13.682 [Forwarding findElement on session 6ae03fc8bc7c7f5181f1a43a0a9deb81 to remote] DEBUG org.asynchttpclient.netty.request.NettyRequestSender - Using open Channel [id: 0xba975e55, L:/127.0.0.1:63873 - R:localhost/127.0.0.1:54675] for POST '/session/6ae03fc8bc7c7f5181f1a43a0a9deb81/element'
16:19:13.697 [AsyncHttpClient-1-3] DEBUG org.asynchttpclient.netty.handler.HttpHandler - 

Request DefaultHttpRequest(decodeResult: success, version: HTTP/1.1)
POST /session/6ae03fc8bc7c7f5181f1a43a0a9deb81/element HTTP/1.1
User-Agent: selenium/4.1.2 (java windows)
Content-Length: 121
Content-Type: application/json; charset=utf-8
host: localhost:54675
accept: */*

Response DefaultHttpResponse(decodeResult: success, version: HTTP/1.1)
HTTP/1.1 200 OK
Content-Type: application/json; charset=utf-8
cache-control: no-cache
content-length: 88

16:19:13.697 [AsyncHttpClient-1-3] DEBUG org.asynchttpclient.netty.channel.ChannelManager - Adding key: http://localhost:54675 for channel [id: 0xba975e55, L:/127.0.0.1:63873 - R:localhost/127.0.0.1:54675]
16:19:13.698 [Forwarding getElementTagName on session 6ae03fc8bc7c7f5181f1a43a0a9deb81 to remote] DEBUG org.asynchttpclient.netty.request.NettyRequestSender - Using pooled Channel '[id: 0xba975e55, L:/127.0.0.1:63873 - R:localhost/127.0.0.1:54675]' for 'GET' to 'http://localhost:54675/session/6ae03fc8bc7c7f5181f1a43a0a9deb81/element/0334020c-4485-4290-98db-547e6e68a890/name'
16:19:13.698 [Forwarding getElementTagName on session 6ae03fc8bc7c7f5181f1a43a0a9deb81 to remote] DEBUG org.asynchttpclient.netty.request.NettyRequestSender - Using open Channel [id: 0xba975e55, L:/127.0.0.1:63873 - R:localhost/127.0.0.1:54675] for GET '/session/6ae03fc8bc7c7f5181f1a43a0a9deb81/element/0334020c-4485-4290-98db-547e6e68a890/name'
16:19:13.707 [AsyncHttpClient-1-3] DEBUG org.asynchttpclient.netty.handler.HttpHandler - 

Request DefaultFullHttpRequest(decodeResult: success, version: HTTP/1.1, content: EmptyByteBufBE)
GET /session/6ae03fc8bc7c7f5181f1a43a0a9deb81/element/0334020c-4485-4290-98db-547e6e68a890/name HTTP/1.1
User-Agent: selenium/4.1.2 (java windows)
Cache-Control: no-cache
Content-Type: application/json; charset=utf-8
host: localhost:54675
accept: */*

Response DefaultHttpResponse(decodeResult: success, version: HTTP/1.1)
HTTP/1.1 200 OK
Content-Type: application/json; charset=utf-8
cache-control: no-cache
content-length: 18

16:19:13.708 [AsyncHttpClient-1-3] DEBUG org.asynchttpclient.netty.channel.ChannelManager - Adding key: http://localhost:54675 for channel [id: 0xba975e55, L:/127.0.0.1:63873 - R:localhost/127.0.0.1:54675]
16:19:13.709 [Forwarding getElementTagName on session 6ae03fc8bc7c7f5181f1a43a0a9deb81 to remote] DEBUG org.asynchttpclient.netty.request.NettyRequestSender - Using pooled Channel '[id: 0xba975e55, L:/127.0.0.1:63873 - R:localhost/127.0.0.1:54675]' for 'GET' to 'http://localhost:54675/session/6ae03fc8bc7c7f5181f1a43a0a9deb81/element/0334020c-4485-4290-98db-547e6e68a890/name'
16:19:13.709 [Forwarding getElementTagName on session 6ae03fc8bc7c7f5181f1a43a0a9deb81 to remote] DEBUG org.asynchttpclient.netty.request.NettyRequestSender - Using open Channel [id: 0xba975e55, L:/127.0.0.1:63873 - R:localhost/127.0.0.1:54675] for GET '/session/6ae03fc8bc7c7f5181f1a43a0a9deb81/element/0334020c-4485-4290-98db-547e6e68a890/name'
16:19:13.711 [AsyncHttpClient-1-3] DEBUG org.asynchttpclient.netty.handler.HttpHandler - 

Request DefaultFullHttpRequest(decodeResult: success, version: HTTP/1.1, content: EmptyByteBufBE)
GET /session/6ae03fc8bc7c7f5181f1a43a0a9deb81/element/0334020c-4485-4290-98db-547e6e68a890/name HTTP/1.1
User-Agent: selenium/4.1.2 (java windows)
Cache-Control: no-cache
Content-Type: application/json; charset=utf-8
host: localhost:54675
accept: */*

Response DefaultHttpResponse(decodeResult: success, version: HTTP/1.1)
HTTP/1.1 200 OK
Content-Type: application/json; charset=utf-8
cache-control: no-cache
content-length: 18

16:19:13.712 [AsyncHttpClient-1-3] DEBUG org.asynchttpclient.netty.channel.ChannelManager - Adding key: http://localhost:54675 for channel [id: 0xba975e55, L:/127.0.0.1:63873 - R:localhost/127.0.0.1:54675]
16:19:13.713 [Forwarding isElementEnabled on session 6ae03fc8bc7c7f5181f1a43a0a9deb81 to remote] DEBUG org.asynchttpclient.netty.request.NettyRequestSender - Using pooled Channel '[id: 0xba975e55, L:/127.0.0.1:63873 - R:localhost/127.0.0.1:54675]' for 'GET' to 'http://localhost:54675/session/6ae03fc8bc7c7f5181f1a43a0a9deb81/element/0334020c-4485-4290-98db-547e6e68a890/enabled'
16:19:13.713 [Forwarding isElementEnabled on session 6ae03fc8bc7c7f5181f1a43a0a9deb81 to remote] DEBUG org.asynchttpclient.netty.request.NettyRequestSender - Using open Channel [id: 0xba975e55, L:/127.0.0.1:63873 - R:localhost/127.0.0.1:54675] for GET '/session/6ae03fc8bc7c7f5181f1a43a0a9deb81/element/0334020c-4485-4290-98db-547e6e68a890/enabled'
16:19:13.723 [AsyncHttpClient-1-3] DEBUG org.asynchttpclient.netty.handler.HttpHandler - 

Request DefaultFullHttpRequest(decodeResult: success, version: HTTP/1.1, content: EmptyByteBufBE)
GET /session/6ae03fc8bc7c7f5181f1a43a0a9deb81/element/0334020c-4485-4290-98db-547e6e68a890/enabled HTTP/1.1
User-Agent: selenium/4.1.2 (java windows)
Cache-Control: no-cache
Content-Type: application/json; charset=utf-8
host: localhost:54675
accept: */*

Response DefaultHttpResponse(decodeResult: success, version: HTTP/1.1)
HTTP/1.1 200 OK
Content-Type: application/json; charset=utf-8
cache-control: no-cache
content-length: 14

16:19:13.723 [AsyncHttpClient-1-3] DEBUG org.asynchttpclient.netty.channel.ChannelManager - Adding key: http://localhost:54675 for channel [id: 0xba975e55, L:/127.0.0.1:63873 - R:localhost/127.0.0.1:54675]
16:19:13.724 [Forwarding isElementEnabled on session 6ae03fc8bc7c7f5181f1a43a0a9deb81 to remote] DEBUG org.asynchttpclient.netty.request.NettyRequestSender - Using pooled Channel '[id: 0xba975e55, L:/127.0.0.1:63873 - R:localhost/127.0.0.1:54675]' for 'GET' to 'http://localhost:54675/session/6ae03fc8bc7c7f5181f1a43a0a9deb81/element/0334020c-4485-4290-98db-547e6e68a890/enabled'
16:19:13.724 [Forwarding isElementEnabled on session 6ae03fc8bc7c7f5181f1a43a0a9deb81 to remote] DEBUG org.asynchttpclient.netty.request.NettyRequestSender - Using open Channel [id: 0xba975e55, L:/127.0.0.1:63873 - R:localhost/127.0.0.1:54675] for GET '/session/6ae03fc8bc7c7f5181f1a43a0a9deb81/element/0334020c-4485-4290-98db-547e6e68a890/enabled'
16:19:13.731 [AsyncHttpClient-1-3] DEBUG org.asynchttpclient.netty.handler.HttpHandler - 

Request DefaultFullHttpRequest(decodeResult: success, version: HTTP/1.1, content: EmptyByteBufBE)
GET /session/6ae03fc8bc7c7f5181f1a43a0a9deb81/element/0334020c-4485-4290-98db-547e6e68a890/enabled HTTP/1.1
User-Agent: selenium/4.1.2 (java windows)
Cache-Control: no-cache
Content-Type: application/json; charset=utf-8
host: localhost:54675
accept: */*

Response DefaultHttpResponse(decodeResult: success, version: HTTP/1.1)
HTTP/1.1 200 OK
Content-Type: application/json; charset=utf-8
cache-control: no-cache
content-length: 14

16:19:13.731 [AsyncHttpClient-1-3] DEBUG org.asynchttpclient.netty.channel.ChannelManager - Adding key: http://localhost:54675 for channel [id: 0xba975e55, L:/127.0.0.1:63873 - R:localhost/127.0.0.1:54675]
16:19:13.733 [Forwarding findElement on session 6ae03fc8bc7c7f5181f1a43a0a9deb81 to remote] DEBUG org.asynchttpclient.netty.request.NettyRequestSender - Using pooled Channel '[id: 0xba975e55, L:/127.0.0.1:63873 - R:localhost/127.0.0.1:54675]' for 'POST' to 'http://localhost:54675/session/6ae03fc8bc7c7f5181f1a43a0a9deb81/element'
16:19:13.733 [Forwarding findElement on session 6ae03fc8bc7c7f5181f1a43a0a9deb81 to remote] DEBUG org.asynchttpclient.netty.request.NettyRequestSender - Using open Channel [id: 0xba975e55, L:/127.0.0.1:63873 - R:localhost/127.0.0.1:54675] for POST '/session/6ae03fc8bc7c7f5181f1a43a0a9deb81/element'
16:19:13.745 [AsyncHttpClient-1-3] DEBUG org.asynchttpclient.netty.handler.HttpHandler - 

Request DefaultHttpRequest(decodeResult: success, version: HTTP/1.1)
POST /session/6ae03fc8bc7c7f5181f1a43a0a9deb81/element HTTP/1.1
User-Agent: selenium/4.1.2 (java windows)
Content-Length: 121
Content-Type: application/json; charset=utf-8
host: localhost:54675
accept: */*

Response DefaultHttpResponse(decodeResult: success, version: HTTP/1.1)
HTTP/1.1 200 OK
Content-Type: application/json; charset=utf-8
cache-control: no-cache
content-length: 88

16:19:13.745 [AsyncHttpClient-1-3] DEBUG org.asynchttpclient.netty.channel.ChannelManager - Adding key: http://localhost:54675 for channel [id: 0xba975e55, L:/127.0.0.1:63873 - R:localhost/127.0.0.1:54675]
16:19:13.746 [Forwarding clickElement on session 6ae03fc8bc7c7f5181f1a43a0a9deb81 to remote] DEBUG org.asynchttpclient.netty.request.NettyRequestSender - Using pooled Channel '[id: 0xba975e55, L:/127.0.0.1:63873 - R:localhost/127.0.0.1:54675]' for 'POST' to 'http://localhost:54675/session/6ae03fc8bc7c7f5181f1a43a0a9deb81/element/0334020c-4485-4290-98db-547e6e68a890/click'
16:19:13.746 [Forwarding clickElement on session 6ae03fc8bc7c7f5181f1a43a0a9deb81 to remote] DEBUG org.asynchttpclient.netty.request.NettyRequestSender - Using open Channel [id: 0xba975e55, L:/127.0.0.1:63873 - R:localhost/127.0.0.1:54675] for POST '/session/6ae03fc8bc7c7f5181f1a43a0a9deb81/element/0334020c-4485-4290-98db-547e6e68a890/click'
16:19:13.792 [AsyncHttpClient-1-3] DEBUG org.asynchttpclient.netty.handler.HttpHandler - 

Request DefaultHttpRequest(decodeResult: success, version: HTTP/1.1)
POST /session/6ae03fc8bc7c7f5181f1a43a0a9deb81/element/0334020c-4485-4290-98db-547e6e68a890/click HTTP/1.1
User-Agent: selenium/4.1.2 (java windows)
Content-Length: 50
Content-Type: application/json; charset=utf-8
host: localhost:54675
accept: */*

Response DefaultHttpResponse(decodeResult: success, version: HTTP/1.1)
HTTP/1.1 200 OK
Content-Type: application/json; charset=utf-8
cache-control: no-cache
content-length: 14

16:19:13.793 [AsyncHttpClient-1-3] DEBUG org.asynchttpclient.netty.channel.ChannelManager - Adding key: http://localhost:54675 for channel [id: 0xba975e55, L:/127.0.0.1:63873 - R:localhost/127.0.0.1:54675]
16:19:13.799 [Forwarding screenshot on session 6ae03fc8bc7c7f5181f1a43a0a9deb81 to remote] DEBUG org.asynchttpclient.netty.request.NettyRequestSender - Using pooled Channel '[id: 0xba975e55, L:/127.0.0.1:63873 - R:localhost/127.0.0.1:54675]' for 'GET' to 'http://localhost:54675/session/6ae03fc8bc7c7f5181f1a43a0a9deb81/screenshot'
16:19:13.799 [Forwarding screenshot on session 6ae03fc8bc7c7f5181f1a43a0a9deb81 to remote] DEBUG org.asynchttpclient.netty.request.NettyRequestSender - Using open Channel [id: 0xba975e55, L:/127.0.0.1:63873 - R:localhost/127.0.0.1:54675] for GET '/session/6ae03fc8bc7c7f5181f1a43a0a9deb81/screenshot'
16:19:14.064 [AsyncHttpClient-1-3] DEBUG org.asynchttpclient.netty.handler.HttpHandler - 

Request DefaultFullHttpRequest(decodeResult: success, version: HTTP/1.1, content: EmptyByteBufBE)
GET /session/6ae03fc8bc7c7f5181f1a43a0a9deb81/screenshot HTTP/1.1
User-Agent: selenium/4.1.2 (java windows)
Cache-Control: no-cache
Content-Type: application/json; charset=utf-8
host: localhost:54675
accept: */*

Response DefaultHttpResponse(decodeResult: success, version: HTTP/1.1)
HTTP/1.1 200 OK
Content-Type: application/json; charset=utf-8
cache-control: no-cache
content-length: 39184

16:19:14.064 [AsyncHttpClient-1-3] DEBUG org.asynchttpclient.netty.channel.ChannelManager - Adding key: http://localhost:54675 for channel [id: 0xba975e55, L:/127.0.0.1:63873 - R:localhost/127.0.0.1:54675]
16:19:14.065 [main] DEBUG net.serenitybdd.core.photography.Darkroom - Send negative for processing for target\site\serenity\185d36567a8d3278431d14d344710eafa0bcb373cd0286b21753516e548aac73.png
16:19:14.066 [main] DEBUG net.thucydides.core.steps.StepInterceptor - STEP DONE: clickCartButton
  &amp#27;[32mAnd &amp#27;[0m&amp#27;[32mclickd cart button&amp#27;[0m                                                          &amp#27;[90m# Starter.StepDefinitions.TransaksiStep.iClickCartButton()&amp#27;[0m
16:19:14.066 [Darkroom Processing Line] DEBUG net.serenitybdd.core.photography.DarkroomProcessingLine - Processing screenshot image in /var/screenshots/screenshot-6236937819229519742
16:19:14.066 [Darkroom Processing Line] DEBUG net.serenitybdd.core.photography.DarkroomProcessingLine - Saving screenshot to target\site\serenity\185d36567a8d3278431d14d344710eafa0bcb373cd0286b21753516e548aac73.png
16:19:14.076 [main] DEBUG net.thucydides.core.steps.StepInterceptor - STARTING STEP: TransaksiStep.iClickPaidButton - clickPaidButton
16:19:14.077 [Forwarding findElement on session 6ae03fc8bc7c7f5181f1a43a0a9deb81 to remote] DEBUG org.asynchttpclient.netty.request.NettyRequestSender - Using pooled Channel '[id: 0xba975e55, L:/127.0.0.1:63873 - R:localhost/127.0.0.1:54675]' for 'POST' to 'http://localhost:54675/session/6ae03fc8bc7c7f5181f1a43a0a9deb81/element'
16:19:14.078 [Forwarding findElement on session 6ae03fc8bc7c7f5181f1a43a0a9deb81 to remote] DEBUG org.asynchttpclient.netty.request.NettyRequestSender - Using open Channel [id: 0xba975e55, L:/127.0.0.1:63873 - R:localhost/127.0.0.1:54675] for POST '/session/6ae03fc8bc7c7f5181f1a43a0a9deb81/element'
16:19:14.085 [AsyncHttpClient-1-3] DEBUG org.asynchttpclient.netty.handler.HttpHandler - 

Request DefaultHttpRequest(decodeResult: success, version: HTTP/1.1)
POST /session/6ae03fc8bc7c7f5181f1a43a0a9deb81/element HTTP/1.1
User-Agent: selenium/4.1.2 (java windows)
Content-Length: 136
Content-Type: application/json; charset=utf-8
host: localhost:54675
accept: */*

Response DefaultHttpResponse(decodeResult: success, version: HTTP/1.1)
HTTP/1.1 200 OK
Content-Type: application/json; charset=utf-8
cache-control: no-cache
content-length: 88

16:19:14.085 [AsyncHttpClient-1-3] DEBUG org.asynchttpclient.netty.channel.ChannelManager - Adding key: http://localhost:54675 for channel [id: 0xba975e55, L:/127.0.0.1:63873 - R:localhost/127.0.0.1:54675]
16:19:14.086 [Forwarding getElementTagName on session 6ae03fc8bc7c7f5181f1a43a0a9deb81 to remote] DEBUG org.asynchttpclient.netty.request.NettyRequestSender - Using pooled Channel '[id: 0xba975e55, L:/127.0.0.1:63873 - R:localhost/127.0.0.1:54675]' for 'GET' to 'http://localhost:54675/session/6ae03fc8bc7c7f5181f1a43a0a9deb81/element/06a10a50-479f-42cb-9ded-0189acee38ec/name'
16:19:14.086 [Forwarding getElementTagName on session 6ae03fc8bc7c7f5181f1a43a0a9deb81 to remote] DEBUG org.asynchttpclient.netty.request.NettyRequestSender - Using open Channel [id: 0xba975e55, L:/127.0.0.1:63873 - R:localhost/127.0.0.1:54675] for GET '/session/6ae03fc8bc7c7f5181f1a43a0a9deb81/element/06a10a50-479f-42cb-9ded-0189acee38ec/name'
16:19:14.089 [AsyncHttpClient-1-3] DEBUG org.asynchttpclient.netty.handler.HttpHandler - 

Request DefaultFullHttpRequest(decodeResult: success, version: HTTP/1.1, content: EmptyByteBufBE)
GET /session/6ae03fc8bc7c7f5181f1a43a0a9deb81/element/06a10a50-479f-42cb-9ded-0189acee38ec/name HTTP/1.1
User-Agent: selenium/4.1.2 (java windows)
Cache-Control: no-cache
Content-Type: application/json; charset=utf-8
host: localhost:54675
accept: */*

Response DefaultHttpResponse(decodeResult: success, version: HTTP/1.1)
HTTP/1.1 200 OK
Content-Type: application/json; charset=utf-8
cache-control: no-cache
content-length: 18

16:19:14.090 [AsyncHttpClient-1-3] DEBUG org.asynchttpclient.netty.channel.ChannelManager - Adding key: http://localhost:54675 for channel [id: 0xba975e55, L:/127.0.0.1:63873 - R:localhost/127.0.0.1:54675]
16:19:14.090 [Forwarding getElementTagName on session 6ae03fc8bc7c7f5181f1a43a0a9deb81 to remote] DEBUG org.asynchttpclient.netty.request.NettyRequestSender - Using pooled Channel '[id: 0xba975e55, L:/127.0.0.1:63873 - R:localhost/127.0.0.1:54675]' for 'GET' to 'http://localhost:54675/session/6ae03fc8bc7c7f5181f1a43a0a9deb81/element/06a10a50-479f-42cb-9ded-0189acee38ec/name'
16:19:14.090 [Forwarding getElementTagName on session 6ae03fc8bc7c7f5181f1a43a0a9deb81 to remote] DEBUG org.asynchttpclient.netty.request.NettyRequestSender - Using open Channel [id: 0xba975e55, L:/127.0.0.1:63873 - R:localhost/127.0.0.1:54675] for GET '/session/6ae03fc8bc7c7f5181f1a43a0a9deb81/element/06a10a50-479f-42cb-9ded-0189acee38ec/name'
16:19:14.092 [AsyncHttpClient-1-3] DEBUG org.asynchttpclient.netty.handler.HttpHandler - 

Request DefaultFullHttpRequest(decodeResult: success, version: HTTP/1.1, content: EmptyByteBufBE)
GET /session/6ae03fc8bc7c7f5181f1a43a0a9deb81/element/06a10a50-479f-42cb-9ded-0189acee38ec/name HTTP/1.1
User-Agent: selenium/4.1.2 (java windows)
Cache-Control: no-cache
Content-Type: application/json; charset=utf-8
host: localhost:54675
accept: */*

Response DefaultHttpResponse(decodeResult: success, version: HTTP/1.1)
HTTP/1.1 200 OK
Content-Type: application/json; charset=utf-8
cache-control: no-cache
content-length: 18

16:19:14.092 [AsyncHttpClient-1-3] DEBUG org.asynchttpclient.netty.channel.ChannelManager - Adding key: http://localhost:54675 for channel [id: 0xba975e55, L:/127.0.0.1:63873 - R:localhost/127.0.0.1:54675]
16:19:14.095 [Forwarding isElementEnabled on session 6ae03fc8bc7c7f5181f1a43a0a9deb81 to remote] DEBUG org.asynchttpclient.netty.request.NettyRequestSender - Using pooled Channel '[id: 0xba975e55, L:/127.0.0.1:63873 - R:localhost/127.0.0.1:54675]' for 'GET' to 'http://localhost:54675/session/6ae03fc8bc7c7f5181f1a43a0a9deb81/element/06a10a50-479f-42cb-9ded-0189acee38ec/enabled'
16:19:14.095 [Forwarding isElementEnabled on session 6ae03fc8bc7c7f5181f1a43a0a9deb81 to remote] DEBUG org.asynchttpclient.netty.request.NettyRequestSender - Using open Channel [id: 0xba975e55, L:/127.0.0.1:63873 - R:localhost/127.0.0.1:54675] for GET '/session/6ae03fc8bc7c7f5181f1a43a0a9deb81/element/06a10a50-479f-42cb-9ded-0189acee38ec/enabled'
16:19:14.102 [AsyncHttpClient-1-3] DEBUG org.asynchttpclient.netty.handler.HttpHandler - 

Request DefaultFullHttpRequest(decodeResult: success, version: HTTP/1.1, content: EmptyByteBufBE)
GET /session/6ae03fc8bc7c7f5181f1a43a0a9deb81/element/06a10a50-479f-42cb-9ded-0189acee38ec/enabled HTTP/1.1
User-Agent: selenium/4.1.2 (java windows)
Cache-Control: no-cache
Content-Type: application/json; charset=utf-8
host: localhost:54675
accept: */*

Response DefaultHttpResponse(decodeResult: success, version: HTTP/1.1)
HTTP/1.1 200 OK
Content-Type: application/json; charset=utf-8
cache-control: no-cache
content-length: 14

16:19:14.102 [AsyncHttpClient-1-3] DEBUG org.asynchttpclient.netty.channel.ChannelManager - Adding key: http://localhost:54675 for channel [id: 0xba975e55, L:/127.0.0.1:63873 - R:localhost/127.0.0.1:54675]
16:19:14.103 [Forwarding isElementEnabled on session 6ae03fc8bc7c7f5181f1a43a0a9deb81 to remote] DEBUG org.asynchttpclient.netty.request.NettyRequestSender - Using pooled Channel '[id: 0xba975e55, L:/127.0.0.1:63873 - R:localhost/127.0.0.1:54675]' for 'GET' to 'http://localhost:54675/session/6ae03fc8bc7c7f5181f1a43a0a9deb81/element/06a10a50-479f-42cb-9ded-0189acee38ec/enabled'
16:19:14.104 [Forwarding isElementEnabled on session 6ae03fc8bc7c7f5181f1a43a0a9deb81 to remote] DEBUG org.asynchttpclient.netty.request.NettyRequestSender - Using open Channel [id: 0xba975e55, L:/127.0.0.1:63873 - R:localhost/127.0.0.1:54675] for GET '/session/6ae03fc8bc7c7f5181f1a43a0a9deb81/element/06a10a50-479f-42cb-9ded-0189acee38ec/enabled'
16:19:14.108 [AsyncHttpClient-1-3] DEBUG org.asynchttpclient.netty.handler.HttpHandler - 

Request DefaultFullHttpRequest(decodeResult: success, version: HTTP/1.1, content: EmptyByteBufBE)
GET /session/6ae03fc8bc7c7f5181f1a43a0a9deb81/element/06a10a50-479f-42cb-9ded-0189acee38ec/enabled HTTP/1.1
User-Agent: selenium/4.1.2 (java windows)
Cache-Control: no-cache
Content-Type: application/json; charset=utf-8
host: localhost:54675
accept: */*

Response DefaultHttpResponse(decodeResult: success, version: HTTP/1.1)
HTTP/1.1 200 OK
Content-Type: application/json; charset=utf-8
cache-control: no-cache
content-length: 14

16:19:14.108 [AsyncHttpClient-1-3] DEBUG org.asynchttpclient.netty.channel.ChannelManager - Adding key: http://localhost:54675 for channel [id: 0xba975e55, L:/127.0.0.1:63873 - R:localhost/127.0.0.1:54675]
16:19:14.110 [Forwarding findElement on session 6ae03fc8bc7c7f5181f1a43a0a9deb81 to remote] DEBUG org.asynchttpclient.netty.request.NettyRequestSender - Using pooled Channel '[id: 0xba975e55, L:/127.0.0.1:63873 - R:localhost/127.0.0.1:54675]' for 'POST' to 'http://localhost:54675/session/6ae03fc8bc7c7f5181f1a43a0a9deb81/element'
16:19:14.110 [Forwarding findElement on session 6ae03fc8bc7c7f5181f1a43a0a9deb81 to remote] DEBUG org.asynchttpclient.netty.request.NettyRequestSender - Using open Channel [id: 0xba975e55, L:/127.0.0.1:63873 - R:localhost/127.0.0.1:54675] for POST '/session/6ae03fc8bc7c7f5181f1a43a0a9deb81/element'
16:19:14.116 [AsyncHttpClient-1-3] DEBUG org.asynchttpclient.netty.handler.HttpHandler - 

Request DefaultHttpRequest(decodeResult: success, version: HTTP/1.1)
POST /session/6ae03fc8bc7c7f5181f1a43a0a9deb81/element HTTP/1.1
User-Agent: selenium/4.1.2 (java windows)
Content-Length: 136
Content-Type: application/json; charset=utf-8
host: localhost:54675
accept: */*

Response DefaultHttpResponse(decodeResult: success, version: HTTP/1.1)
HTTP/1.1 200 OK
Content-Type: application/json; charset=utf-8
cache-control: no-cache
content-length: 88

16:19:14.116 [AsyncHttpClient-1-3] DEBUG org.asynchttpclient.netty.channel.ChannelManager - Adding key: http://localhost:54675 for channel [id: 0xba975e55, L:/127.0.0.1:63873 - R:localhost/127.0.0.1:54675]
16:19:14.117 [Forwarding clickElement on session 6ae03fc8bc7c7f5181f1a43a0a9deb81 to remote] DEBUG org.asynchttpclient.netty.request.NettyRequestSender - Using pooled Channel '[id: 0xba975e55, L:/127.0.0.1:63873 - R:localhost/127.0.0.1:54675]' for 'POST' to 'http://localhost:54675/session/6ae03fc8bc7c7f5181f1a43a0a9deb81/element/06a10a50-479f-42cb-9ded-0189acee38ec/click'
16:19:14.118 [Forwarding clickElement on session 6ae03fc8bc7c7f5181f1a43a0a9deb81 to remote] DEBUG org.asynchttpclient.netty.request.NettyRequestSender - Using open Channel [id: 0xba975e55, L:/127.0.0.1:63873 - R:localhost/127.0.0.1:54675] for POST '/session/6ae03fc8bc7c7f5181f1a43a0a9deb81/element/06a10a50-479f-42cb-9ded-0189acee38ec/click'
16:19:14.149 [AsyncHttpClient-1-3] DEBUG org.asynchttpclient.netty.handler.HttpHandler - 

Request DefaultHttpRequest(decodeResult: success, version: HTTP/1.1)
POST /session/6ae03fc8bc7c7f5181f1a43a0a9deb81/element/06a10a50-479f-42cb-9ded-0189acee38ec/click HTTP/1.1
User-Agent: selenium/4.1.2 (java windows)
Content-Length: 50
Content-Type: application/json; charset=utf-8
host: localhost:54675
accept: */*

Response DefaultHttpResponse(decodeResult: success, version: HTTP/1.1)
HTTP/1.1 200 OK
Content-Type: application/json; charset=utf-8
cache-control: no-cache
content-length: 14

16:19:14.149 [AsyncHttpClient-1-3] DEBUG org.asynchttpclient.netty.channel.ChannelManager - Adding key: http://localhost:54675 for channel [id: 0xba975e55, L:/127.0.0.1:63873 - R:localhost/127.0.0.1:54675]
16:19:14.153 [Forwarding screenshot on session 6ae03fc8bc7c7f5181f1a43a0a9deb81 to remote] DEBUG org.asynchttpclient.netty.request.NettyRequestSender - Using pooled Channel '[id: 0xba975e55, L:/127.0.0.1:63873 - R:localhost/127.0.0.1:54675]' for 'GET' to 'http://localhost:54675/session/6ae03fc8bc7c7f5181f1a43a0a9deb81/screenshot'
16:19:14.153 [Forwarding screenshot on session 6ae03fc8bc7c7f5181f1a43a0a9deb81 to remote] DEBUG org.asynchttpclient.netty.request.NettyRequestSender - Using open Channel [id: 0xba975e55, L:/127.0.0.1:63873 - R:localhost/127.0.0.1:54675] for GET '/session/6ae03fc8bc7c7f5181f1a43a0a9deb81/screenshot'
16:19:14.579 [AsyncHttpClient-1-3] DEBUG org.asynchttpclient.netty.handler.HttpHandler - 

Request DefaultFullHttpRequest(decodeResult: success, version: HTTP/1.1, content: EmptyByteBufBE)
GET /session/6ae03fc8bc7c7f5181f1a43a0a9deb81/screenshot HTTP/1.1
User-Agent: selenium/4.1.2 (java windows)
Cache-Control: no-cache
Content-Type: application/json; charset=utf-8
host: localhost:54675
accept: */*

Response DefaultHttpResponse(decodeResult: success, version: HTTP/1.1)
HTTP/1.1 200 OK
Content-Type: application/json; charset=utf-8
cache-control: no-cache
content-length: 37688

16:19:14.579 [AsyncHttpClient-1-3] DEBUG org.asynchttpclient.netty.channel.ChannelManager - Adding key: http://localhost:54675 for channel [id: 0xba975e55, L:/127.0.0.1:63873 - R:localhost/127.0.0.1:54675]
16:19:14.581 [main] DEBUG net.serenitybdd.core.photography.Darkroom - Send negative for processing for target\site\serenity\91e2b0df60e76974825c648f44697a3f7bf4492c2c89d261cb7b6d3307779a66.png
16:19:14.581 [main] DEBUG net.thucydides.core.steps.StepInterceptor - STEP DONE: clickPaidButton
  &amp#27;[32mAnd &amp#27;[0m&amp#27;[32mclick paid button&amp#27;[0m                                                           &amp#27;[90m# Starter.StepDefinitions.TransaksiStep.iClickPaidButton()&amp#27;[0m
16:19:14.581 [Darkroom Processing Line] DEBUG net.serenitybdd.core.photography.DarkroomProcessingLine - Processing screenshot image in /var/screenshots/screenshot-16368087740191347455
16:19:14.581 [Darkroom Processing Line] DEBUG net.serenitybdd.core.photography.DarkroomProcessingLine - Saving screenshot to target\site\serenity\91e2b0df60e76974825c648f44697a3f7bf4492c2c89d261cb7b6d3307779a66.png
16:19:14.593 [main] DEBUG net.thucydides.core.steps.StepInterceptor - STARTING STEP: TransaksiStep.iValidateToTransactionsPage - clickProfileButton
16:19:14.595 [Forwarding findElement on session 6ae03fc8bc7c7f5181f1a43a0a9deb81 to remote] DEBUG org.asynchttpclient.netty.request.NettyRequestSender - Using pooled Channel '[id: 0xba975e55, L:/127.0.0.1:63873 - R:localhost/127.0.0.1:54675]' for 'POST' to 'http://localhost:54675/session/6ae03fc8bc7c7f5181f1a43a0a9deb81/element'
16:19:14.595 [Forwarding findElement on session 6ae03fc8bc7c7f5181f1a43a0a9deb81 to remote] DEBUG org.asynchttpclient.netty.request.NettyRequestSender - Using open Channel [id: 0xba975e55, L:/127.0.0.1:63873 - R:localhost/127.0.0.1:54675] for POST '/session/6ae03fc8bc7c7f5181f1a43a0a9deb81/element'
16:19:14.604 [AsyncHttpClient-1-3] DEBUG org.asynchttpclient.netty.handler.HttpHandler - 

Request DefaultHttpRequest(decodeResult: success, version: HTTP/1.1)
POST /session/6ae03fc8bc7c7f5181f1a43a0a9deb81/element HTTP/1.1
User-Agent: selenium/4.1.2 (java windows)
Content-Length: 105
Content-Type: application/json; charset=utf-8
host: localhost:54675
accept: */*

Response DefaultHttpResponse(decodeResult: success, version: HTTP/1.1)
HTTP/1.1 200 OK
Content-Type: application/json; charset=utf-8
cache-control: no-cache
content-length: 88

16:19:14.604 [AsyncHttpClient-1-3] DEBUG org.asynchttpclient.netty.channel.ChannelManager - Adding key: http://localhost:54675 for channel [id: 0xba975e55, L:/127.0.0.1:63873 - R:localhost/127.0.0.1:54675]
16:19:14.605 [Forwarding getElementTagName on session 6ae03fc8bc7c7f5181f1a43a0a9deb81 to remote] DEBUG org.asynchttpclient.netty.request.NettyRequestSender - Using pooled Channel '[id: 0xba975e55, L:/127.0.0.1:63873 - R:localhost/127.0.0.1:54675]' for 'GET' to 'http://localhost:54675/session/6ae03fc8bc7c7f5181f1a43a0a9deb81/element/c1c36aac-13dc-48b1-8300-028ffb47d067/name'
16:19:14.605 [Forwarding getElementTagName on session 6ae03fc8bc7c7f5181f1a43a0a9deb81 to remote] DEBUG org.asynchttpclient.netty.request.NettyRequestSender - Using open Channel [id: 0xba975e55, L:/127.0.0.1:63873 - R:localhost/127.0.0.1:54675] for GET '/session/6ae03fc8bc7c7f5181f1a43a0a9deb81/element/c1c36aac-13dc-48b1-8300-028ffb47d067/name'
16:19:14.608 [AsyncHttpClient-1-3] DEBUG org.asynchttpclient.netty.handler.HttpHandler - 

Request DefaultFullHttpRequest(decodeResult: success, version: HTTP/1.1, content: EmptyByteBufBE)
GET /session/6ae03fc8bc7c7f5181f1a43a0a9deb81/element/c1c36aac-13dc-48b1-8300-028ffb47d067/name HTTP/1.1
User-Agent: selenium/4.1.2 (java windows)
Cache-Control: no-cache
Content-Type: application/json; charset=utf-8
host: localhost:54675
accept: */*

Response DefaultHttpResponse(decodeResult: success, version: HTTP/1.1)
HTTP/1.1 200 OK
Content-Type: application/json; charset=utf-8
cache-control: no-cache
content-length: 13

16:19:14.608 [AsyncHttpClient-1-3] DEBUG org.asynchttpclient.netty.channel.ChannelManager - Adding key: http://localhost:54675 for channel [id: 0xba975e55, L:/127.0.0.1:63873 - R:localhost/127.0.0.1:54675]
16:19:14.609 [Forwarding getElementTagName on session 6ae03fc8bc7c7f5181f1a43a0a9deb81 to remote] DEBUG org.asynchttpclient.netty.request.NettyRequestSender - Using pooled Channel '[id: 0xba975e55, L:/127.0.0.1:63873 - R:localhost/127.0.0.1:54675]' for 'GET' to 'http://localhost:54675/session/6ae03fc8bc7c7f5181f1a43a0a9deb81/element/c1c36aac-13dc-48b1-8300-028ffb47d067/name'
16:19:14.609 [Forwarding getElementTagName on session 6ae03fc8bc7c7f5181f1a43a0a9deb81 to remote] DEBUG org.asynchttpclient.netty.request.NettyRequestSender - Using open Channel [id: 0xba975e55, L:/127.0.0.1:63873 - R:localhost/127.0.0.1:54675] for GET '/session/6ae03fc8bc7c7f5181f1a43a0a9deb81/element/c1c36aac-13dc-48b1-8300-028ffb47d067/name'
16:19:14.611 [AsyncHttpClient-1-3] DEBUG org.asynchttpclient.netty.handler.HttpHandler - 

Request DefaultFullHttpRequest(decodeResult: success, version: HTTP/1.1, content: EmptyByteBufBE)
GET /session/6ae03fc8bc7c7f5181f1a43a0a9deb81/element/c1c36aac-13dc-48b1-8300-028ffb47d067/name HTTP/1.1
User-Agent: selenium/4.1.2 (java windows)
Cache-Control: no-cache
Content-Type: application/json; charset=utf-8
host: localhost:54675
accept: */*

Response DefaultHttpResponse(decodeResult: success, version: HTTP/1.1)
HTTP/1.1 200 OK
Content-Type: application/json; charset=utf-8
cache-control: no-cache
content-length: 13

16:19:14.611 [AsyncHttpClient-1-3] DEBUG org.asynchttpclient.netty.channel.ChannelManager - Adding key: http://localhost:54675 for channel [id: 0xba975e55, L:/127.0.0.1:63873 - R:localhost/127.0.0.1:54675]
16:19:14.612 [Forwarding findElement on session 6ae03fc8bc7c7f5181f1a43a0a9deb81 to remote] DEBUG org.asynchttpclient.netty.request.NettyRequestSender - Using pooled Channel '[id: 0xba975e55, L:/127.0.0.1:63873 - R:localhost/127.0.0.1:54675]' for 'POST' to 'http://localhost:54675/session/6ae03fc8bc7c7f5181f1a43a0a9deb81/element'
16:19:14.612 [Forwarding findElement on session 6ae03fc8bc7c7f5181f1a43a0a9deb81 to remote] DEBUG org.asynchttpclient.netty.request.NettyRequestSender - Using open Channel [id: 0xba975e55, L:/127.0.0.1:63873 - R:localhost/127.0.0.1:54675] for POST '/session/6ae03fc8bc7c7f5181f1a43a0a9deb81/element'
16:19:14.617 [AsyncHttpClient-1-3] DEBUG org.asynchttpclient.netty.handler.HttpHandler - 

Request DefaultHttpRequest(decodeResult: success, version: HTTP/1.1)
POST /session/6ae03fc8bc7c7f5181f1a43a0a9deb81/element HTTP/1.1
User-Agent: selenium/4.1.2 (java windows)
Content-Length: 105
Content-Type: application/json; charset=utf-8
host: localhost:54675
accept: */*

Response DefaultHttpResponse(decodeResult: success, version: HTTP/1.1)
HTTP/1.1 200 OK
Content-Type: application/json; charset=utf-8
cache-control: no-cache
content-length: 88

16:19:14.617 [AsyncHttpClient-1-3] DEBUG org.asynchttpclient.netty.channel.ChannelManager - Adding key: http://localhost:54675 for channel [id: 0xba975e55, L:/127.0.0.1:63873 - R:localhost/127.0.0.1:54675]
16:19:14.618 [Forwarding clickElement on session 6ae03fc8bc7c7f5181f1a43a0a9deb81 to remote] DEBUG org.asynchttpclient.netty.request.NettyRequestSender - Using pooled Channel '[id: 0xba975e55, L:/127.0.0.1:63873 - R:localhost/127.0.0.1:54675]' for 'POST' to 'http://localhost:54675/session/6ae03fc8bc7c7f5181f1a43a0a9deb81/element/c1c36aac-13dc-48b1-8300-028ffb47d067/click'
16:19:14.618 [Forwarding clickElement on session 6ae03fc8bc7c7f5181f1a43a0a9deb81 to remote] DEBUG org.asynchttpclient.netty.request.NettyRequestSender - Using open Channel [id: 0xba975e55, L:/127.0.0.1:63873 - R:localhost/127.0.0.1:54675] for POST '/session/6ae03fc8bc7c7f5181f1a43a0a9deb81/element/c1c36aac-13dc-48b1-8300-028ffb47d067/click'
16:19:14.660 [AsyncHttpClient-1-3] DEBUG org.asynchttpclient.netty.handler.HttpHandler - 

Request DefaultHttpRequest(decodeResult: success, version: HTTP/1.1)
POST /session/6ae03fc8bc7c7f5181f1a43a0a9deb81/element/c1c36aac-13dc-48b1-8300-028ffb47d067/click HTTP/1.1
User-Agent: selenium/4.1.2 (java windows)
Content-Length: 50
Content-Type: application/json; charset=utf-8
host: localhost:54675
accept: */*

Response DefaultHttpResponse(decodeResult: success, version: HTTP/1.1)
HTTP/1.1 200 OK
Content-Type: application/json; charset=utf-8
cache-control: no-cache
content-length: 14

16:19:14.660 [AsyncHttpClient-1-3] DEBUG org.asynchttpclient.netty.channel.ChannelManager - Adding key: http://localhost:54675 for channel [id: 0xba975e55, L:/127.0.0.1:63873 - R:localhost/127.0.0.1:54675]
16:19:14.664 [Forwarding screenshot on session 6ae03fc8bc7c7f5181f1a43a0a9deb81 to remote] DEBUG org.asynchttpclient.netty.request.NettyRequestSender - Using pooled Channel '[id: 0xba975e55, L:/127.0.0.1:63873 - R:localhost/127.0.0.1:54675]' for 'GET' to 'http://localhost:54675/session/6ae03fc8bc7c7f5181f1a43a0a9deb81/screenshot'
16:19:14.664 [Forwarding screenshot on session 6ae03fc8bc7c7f5181f1a43a0a9deb81 to remote] DEBUG org.asynchttpclient.netty.request.NettyRequestSender - Using open Channel [id: 0xba975e55, L:/127.0.0.1:63873 - R:localhost/127.0.0.1:54675] for GET '/session/6ae03fc8bc7c7f5181f1a43a0a9deb81/screenshot'
16:19:14.732 [AsyncHttpClient-1-1] DEBUG org.asynchttpclient.netty.channel.DefaultChannelPool - Entry count for : http://localhost:63874 : 1
16:19:14.878 [AsyncHttpClient-1-3] DEBUG org.asynchttpclient.netty.handler.HttpHandler - 

Request DefaultFullHttpRequest(decodeResult: success, version: HTTP/1.1, content: EmptyByteBufBE)
GET /session/6ae03fc8bc7c7f5181f1a43a0a9deb81/screenshot HTTP/1.1
User-Agent: selenium/4.1.2 (java windows)
Cache-Control: no-cache
Content-Type: application/json; charset=utf-8
host: localhost:54675
accept: */*

Response DefaultHttpResponse(decodeResult: success, version: HTTP/1.1)
HTTP/1.1 200 OK
Content-Type: application/json; charset=utf-8
cache-control: no-cache
content-length: 46244

16:19:14.878 [AsyncHttpClient-1-3] DEBUG org.asynchttpclient.netty.channel.ChannelManager - Adding key: http://localhost:54675 for channel [id: 0xba975e55, L:/127.0.0.1:63873 - R:localhost/127.0.0.1:54675]
16:19:14.879 [main] DEBUG net.serenitybdd.core.photography.Darkroom - Send negative for processing for target\site\serenity\2466ed7a54acce74095846a71d2f8f52dc449a9226ff6c0a5b16e44d1c23dd1d.png
16:19:14.880 [main] DEBUG net.thucydides.core.steps.StepInterceptor - STEP DONE: clickProfileButton
16:19:14.880 [Darkroom Processing Line] DEBUG net.serenitybdd.core.photography.DarkroomProcessingLine - Processing screenshot image in /var/screenshots/screenshot-11527769868795604429
16:19:14.880 [Darkroom Processing Line] DEBUG net.serenitybdd.core.photography.DarkroomProcessingLine - Saving screenshot to target\site\serenity\2466ed7a54acce74095846a71d2f8f52dc449a9226ff6c0a5b16e44d1c23dd1d.png
16:19:14.883 [main] DEBUG net.thucydides.core.steps.StepInterceptor - STARTING STEP: TransaksiStep.iValidateToTransactionsPage - clickTransButton
16:19:14.885 [Forwarding findElement on session 6ae03fc8bc7c7f5181f1a43a0a9deb81 to remote] DEBUG org.asynchttpclient.netty.request.NettyRequestSender - Using pooled Channel '[id: 0xba975e55, L:/127.0.0.1:63873 - R:localhost/127.0.0.1:54675]' for 'POST' to 'http://localhost:54675/session/6ae03fc8bc7c7f5181f1a43a0a9deb81/element'
16:19:14.885 [Forwarding findElement on session 6ae03fc8bc7c7f5181f1a43a0a9deb81 to remote] DEBUG org.asynchttpclient.netty.request.NettyRequestSender - Using open Channel [id: 0xba975e55, L:/127.0.0.1:63873 - R:localhost/127.0.0.1:54675] for POST '/session/6ae03fc8bc7c7f5181f1a43a0a9deb81/element'
16:19:14.893 [AsyncHttpClient-1-3] DEBUG org.asynchttpclient.netty.handler.HttpHandler - 

Request DefaultHttpRequest(decodeResult: success, version: HTTP/1.1)
POST /session/6ae03fc8bc7c7f5181f1a43a0a9deb81/element HTTP/1.1
User-Agent: selenium/4.1.2 (java windows)
Content-Length: 138
Content-Type: application/json; charset=utf-8
host: localhost:54675
accept: */*

Response DefaultHttpResponse(decodeResult: success, version: HTTP/1.1)
HTTP/1.1 200 OK
Content-Type: application/json; charset=utf-8
cache-control: no-cache
content-length: 88

16:19:14.893 [AsyncHttpClient-1-3] DEBUG org.asynchttpclient.netty.channel.ChannelManager - Adding key: http://localhost:54675 for channel [id: 0xba975e55, L:/127.0.0.1:63873 - R:localhost/127.0.0.1:54675]
16:19:14.894 [Forwarding getElementTagName on session 6ae03fc8bc7c7f5181f1a43a0a9deb81 to remote] DEBUG org.asynchttpclient.netty.request.NettyRequestSender - Using pooled Channel '[id: 0xba975e55, L:/127.0.0.1:63873 - R:localhost/127.0.0.1:54675]' for 'GET' to 'http://localhost:54675/session/6ae03fc8bc7c7f5181f1a43a0a9deb81/element/6f378797-4ec2-456d-b685-0efb0a331349/name'
16:19:14.894 [Forwarding getElementTagName on session 6ae03fc8bc7c7f5181f1a43a0a9deb81 to remote] DEBUG org.asynchttpclient.netty.request.NettyRequestSender - Using open Channel [id: 0xba975e55, L:/127.0.0.1:63873 - R:localhost/127.0.0.1:54675] for GET '/session/6ae03fc8bc7c7f5181f1a43a0a9deb81/element/6f378797-4ec2-456d-b685-0efb0a331349/name'
16:19:14.897 [AsyncHttpClient-1-3] DEBUG org.asynchttpclient.netty.handler.HttpHandler - 

Request DefaultFullHttpRequest(decodeResult: success, version: HTTP/1.1, content: EmptyByteBufBE)
GET /session/6ae03fc8bc7c7f5181f1a43a0a9deb81/element/6f378797-4ec2-456d-b685-0efb0a331349/name HTTP/1.1
User-Agent: selenium/4.1.2 (java windows)
Cache-Control: no-cache
Content-Type: application/json; charset=utf-8
host: localhost:54675
accept: */*

Response DefaultHttpResponse(decodeResult: success, version: HTTP/1.1)
HTTP/1.1 200 OK
Content-Type: application/json; charset=utf-8
cache-control: no-cache
content-length: 15

16:19:14.897 [AsyncHttpClient-1-3] DEBUG org.asynchttpclient.netty.channel.ChannelManager - Adding key: http://localhost:54675 for channel [id: 0xba975e55, L:/127.0.0.1:63873 - R:localhost/127.0.0.1:54675]
16:19:14.898 [Forwarding getElementTagName on session 6ae03fc8bc7c7f5181f1a43a0a9deb81 to remote] DEBUG org.asynchttpclient.netty.request.NettyRequestSender - Using pooled Channel '[id: 0xba975e55, L:/127.0.0.1:63873 - R:localhost/127.0.0.1:54675]' for 'GET' to 'http://localhost:54675/session/6ae03fc8bc7c7f5181f1a43a0a9deb81/element/6f378797-4ec2-456d-b685-0efb0a331349/name'
16:19:14.898 [Forwarding getElementTagName on session 6ae03fc8bc7c7f5181f1a43a0a9deb81 to remote] DEBUG org.asynchttpclient.netty.request.NettyRequestSender - Using open Channel [id: 0xba975e55, L:/127.0.0.1:63873 - R:localhost/127.0.0.1:54675] for GET '/session/6ae03fc8bc7c7f5181f1a43a0a9deb81/element/6f378797-4ec2-456d-b685-0efb0a331349/name'
16:19:14.900 [AsyncHttpClient-1-3] DEBUG org.asynchttpclient.netty.handler.HttpHandler - 

Request DefaultFullHttpRequest(decodeResult: success, version: HTTP/1.1, content: EmptyByteBufBE)
GET /session/6ae03fc8bc7c7f5181f1a43a0a9deb81/element/6f378797-4ec2-456d-b685-0efb0a331349/name HTTP/1.1
User-Agent: selenium/4.1.2 (java windows)
Cache-Control: no-cache
Content-Type: application/json; charset=utf-8
host: localhost:54675
accept: */*

Response DefaultHttpResponse(decodeResult: success, version: HTTP/1.1)
HTTP/1.1 200 OK
Content-Type: application/json; charset=utf-8
cache-control: no-cache
content-length: 15

16:19:14.900 [AsyncHttpClient-1-3] DEBUG org.asynchttpclient.netty.channel.ChannelManager - Adding key: http://localhost:54675 for channel [id: 0xba975e55, L:/127.0.0.1:63873 - R:localhost/127.0.0.1:54675]
16:19:14.902 [Forwarding findElement on session 6ae03fc8bc7c7f5181f1a43a0a9deb81 to remote] DEBUG org.asynchttpclient.netty.request.NettyRequestSender - Using pooled Channel '[id: 0xba975e55, L:/127.0.0.1:63873 - R:localhost/127.0.0.1:54675]' for 'POST' to 'http://localhost:54675/session/6ae03fc8bc7c7f5181f1a43a0a9deb81/element'
16:19:14.902 [Forwarding findElement on session 6ae03fc8bc7c7f5181f1a43a0a9deb81 to remote] DEBUG org.asynchttpclient.netty.request.NettyRequestSender - Using open Channel [id: 0xba975e55, L:/127.0.0.1:63873 - R:localhost/127.0.0.1:54675] for POST '/session/6ae03fc8bc7c7f5181f1a43a0a9deb81/element'
16:19:14.907 [AsyncHttpClient-1-3] DEBUG org.asynchttpclient.netty.handler.HttpHandler - 

Request DefaultHttpRequest(decodeResult: success, version: HTTP/1.1)
POST /session/6ae03fc8bc7c7f5181f1a43a0a9deb81/element HTTP/1.1
User-Agent: selenium/4.1.2 (java windows)
Content-Length: 138
Content-Type: application/json; charset=utf-8
host: localhost:54675
accept: */*

Response DefaultHttpResponse(decodeResult: success, version: HTTP/1.1)
HTTP/1.1 200 OK
Content-Type: application/json; charset=utf-8
cache-control: no-cache
content-length: 88

16:19:14.907 [AsyncHttpClient-1-3] DEBUG org.asynchttpclient.netty.channel.ChannelManager - Adding key: http://localhost:54675 for channel [id: 0xba975e55, L:/127.0.0.1:63873 - R:localhost/127.0.0.1:54675]
16:19:14.908 [Forwarding clickElement on session 6ae03fc8bc7c7f5181f1a43a0a9deb81 to remote] DEBUG org.asynchttpclient.netty.request.NettyRequestSender - Using pooled Channel '[id: 0xba975e55, L:/127.0.0.1:63873 - R:localhost/127.0.0.1:54675]' for 'POST' to 'http://localhost:54675/session/6ae03fc8bc7c7f5181f1a43a0a9deb81/element/6f378797-4ec2-456d-b685-0efb0a331349/click'
16:19:14.908 [Forwarding clickElement on session 6ae03fc8bc7c7f5181f1a43a0a9deb81 to remote] DEBUG org.asynchttpclient.netty.request.NettyRequestSender - Using open Channel [id: 0xba975e55, L:/127.0.0.1:63873 - R:localhost/127.0.0.1:54675] for POST '/session/6ae03fc8bc7c7f5181f1a43a0a9deb81/element/6f378797-4ec2-456d-b685-0efb0a331349/click'
16:19:14.934 [AsyncHttpClient-1-3] DEBUG org.asynchttpclient.netty.handler.HttpHandler - 

Request DefaultHttpRequest(decodeResult: success, version: HTTP/1.1)
POST /session/6ae03fc8bc7c7f5181f1a43a0a9deb81/element/6f378797-4ec2-456d-b685-0efb0a331349/click HTTP/1.1
User-Agent: selenium/4.1.2 (java windows)
Content-Length: 50
Content-Type: application/json; charset=utf-8
host: localhost:54675
accept: */*

Response DefaultHttpResponse(decodeResult: success, version: HTTP/1.1)
HTTP/1.1 200 OK
Content-Type: application/json; charset=utf-8
cache-control: no-cache
content-length: 14

16:19:14.934 [AsyncHttpClient-1-3] DEBUG org.asynchttpclient.netty.channel.ChannelManager - Adding key: http://localhost:54675 for channel [id: 0xba975e55, L:/127.0.0.1:63873 - R:localhost/127.0.0.1:54675]
16:19:14.938 [Forwarding screenshot on session 6ae03fc8bc7c7f5181f1a43a0a9deb81 to remote] DEBUG org.asynchttpclient.netty.request.NettyRequestSender - Using pooled Channel '[id: 0xba975e55, L:/127.0.0.1:63873 - R:localhost/127.0.0.1:54675]' for 'GET' to 'http://localhost:54675/session/6ae03fc8bc7c7f5181f1a43a0a9deb81/screenshot'
16:19:14.938 [Forwarding screenshot on session 6ae03fc8bc7c7f5181f1a43a0a9deb81 to remote] DEBUG org.asynchttpclient.netty.request.NettyRequestSender - Using open Channel [id: 0xba975e55, L:/127.0.0.1:63873 - R:localhost/127.0.0.1:54675] for GET '/session/6ae03fc8bc7c7f5181f1a43a0a9deb81/screenshot'
16:19:15.099 [AsyncHttpClient-1-3] DEBUG org.asynchttpclient.netty.handler.HttpHandler - 

Request DefaultFullHttpRequest(decodeResult: success, version: HTTP/1.1, content: EmptyByteBufBE)
GET /session/6ae03fc8bc7c7f5181f1a43a0a9deb81/screenshot HTTP/1.1
User-Agent: selenium/4.1.2 (java windows)
Cache-Control: no-cache
Content-Type: application/json; charset=utf-8
host: localhost:54675
accept: */*

Response DefaultHttpResponse(decodeResult: success, version: HTTP/1.1)
HTTP/1.1 200 OK
Content-Type: application/json; charset=utf-8
cache-control: no-cache
content-length: 46360

16:19:15.100 [AsyncHttpClient-1-3] DEBUG org.asynchttpclient.netty.channel.ChannelManager - Adding key: http://localhost:54675 for channel [id: 0xba975e55, L:/127.0.0.1:63873 - R:localhost/127.0.0.1:54675]
16:19:15.101 [main] DEBUG net.serenitybdd.core.photography.Darkroom - Send negative for processing for target\site\serenity\bb6dd90f538b8a54a03b9f2df15cc315d82d022999af5f88cb5622d0f6e226e2.png
16:19:15.102 [main] DEBUG net.thucydides.core.steps.StepInterceptor - STEP DONE: clickTransButton
  &amp#27;[32mThen &amp#27;[0m&amp#27;[32mI validate to transactions page&amp#27;[0m                                            &amp#27;[90m# Starter.StepDefinitions.TransaksiStep.iValidateToTransactionsPage()&amp#27;[0m
16:19:15.102 [Darkroom Processing Line] DEBUG net.serenitybdd.core.photography.DarkroomProcessingLine - Processing screenshot image in /var/screenshots/screenshot-14368746693994911510
16:19:15.102 [Darkroom Processing Line] DEBUG net.serenitybdd.core.photography.DarkroomProcessingLine - Saving screenshot to target\site\serenity\bb6dd90f538b8a54a03b9f2df15cc315d82d022999af5f88cb5622d0f6e226e2.png
16:19:15.111 [AsyncHttpClient-1-5] DEBUG org.asynchttpclient.netty.handler.WebSocketHandler - Channel Closed: [id: 0x4bae5c6d, L:/127.0.0.1:63881 ! R:localhost/127.0.0.1:63874] with attribute NettyResponseFuture{currentRetry=5,
	isDone=1,
	isCancelled=0,
	asyncHandler=org.asynchttpclient.ws.WebSocketUpgradeHandler@2d0d4dc,
	nettyRequest=org.asynchttpclient.netty.request.NettyRequest@7213aebc,
	future=java.util.concurrent.CompletableFuture@1ac1116f[Completed normally],
	uri=ws://localhost:63874/devtools/browser/8dab88af-9e9b-431a-abd3-60177b1a4647,
	keepAlive=true,
	redirectCount=0,
	timeoutsHolder=null,
	inAuth=0,
	touch=1653038349378}
16:19:15.111 [AsyncHttpClient-1-5] DEBUG org.asynchttpclient.netty.channel.ChannelManager - Closing Channel [id: 0x4bae5c6d, L:/127.0.0.1:63881 ! R:localhost/127.0.0.1:63874] 
16:19:15.111 [Driver Command Executor] DEBUG org.asynchttpclient.netty.request.NettyRequestSender - Using pooled Channel '[id: 0xba975e55, L:/127.0.0.1:63873 - R:localhost/127.0.0.1:54675]' for 'DELETE' to 'http://localhost:54675/session/6ae03fc8bc7c7f5181f1a43a0a9deb81'
16:19:15.111 [Driver Command Executor] DEBUG org.asynchttpclient.netty.request.NettyRequestSender - Using open Channel [id: 0xba975e55, L:/127.0.0.1:63873 - R:localhost/127.0.0.1:54675] for DELETE '/session/6ae03fc8bc7c7f5181f1a43a0a9deb81'
16:19:15.144 [AsyncHttpClient-1-4] DEBUG org.asynchttpclient.netty.handler.HttpHandler - Unexpected I/O exception on channel [id: 0x70783380, L:/127.0.0.1:63880 - R:localhost/127.0.0.1:63874]
java.net.SocketException: Connection reset
	at java.base/sun.nio.ch.SocketChannelImpl.throwConnectionReset(SocketChannelImpl.java:367)
	at java.base/sun.nio.ch.SocketChannelImpl.read(SocketChannelImpl.java:398)
	at io.netty.buffer.PooledByteBuf.setBytes(PooledByteBuf.java:258)
	at io.netty.buffer.AbstractByteBuf.writeBytes(AbstractByteBuf.java:1132)
	at io.netty.channel.socket.nio.NioSocketChannel.doReadBytes(NioSocketChannel.java:350)
	at io.netty.channel.nio.AbstractNioByteChannel$NioByteUnsafe.read(AbstractNioByteChannel.java:151)
	at io.netty.channel.nio.NioEventLoop.processSelectedKey(NioEventLoop.java:722)
	at io.netty.channel.nio.NioEventLoop.processSelectedKeysOptimized(NioEventLoop.java:658)
	at io.netty.channel.nio.NioEventLoop.processSelectedKeys(NioEventLoop.java:584)
	at io.netty.channel.nio.NioEventLoop.run(NioEventLoop.java:496)
	at io.netty.util.concurrent.SingleThreadEventExecutor$4.run(SingleThreadEventExecutor.java:986)
	at io.netty.util.internal.ThreadExecutorMap$2.run(ThreadExecutorMap.java:74)
	at io.netty.util.concurrent.FastThreadLocalRunnable.run(FastThreadLocalRunnable.java:30)
	at java.base/java.lang.Thread.run(Thread.java:832)
16:19:15.144 [AsyncHttpClient-1-4] DEBUG org.asynchttpclient.netty.channel.ChannelManager - Closing Channel [id: 0x70783380, L:/127.0.0.1:63880 - R:localhost/127.0.0.1:63874] 
16:19:15.144 [AsyncHttpClient-1-4] DEBUG org.asynchttpclient.netty.handler.HttpHandler - Channel Closed: [id: 0x70783380, L:/127.0.0.1:63880 ! R:localhost/127.0.0.1:63874] with attribute DISCARD
16:19:15.159 [AsyncHttpClient-1-3] DEBUG org.asynchttpclient.netty.handler.HttpHandler - 

Request DefaultFullHttpRequest(decodeResult: success, version: HTTP/1.1, content: EmptyByteBufBE)
DELETE /session/6ae03fc8bc7c7f5181f1a43a0a9deb81 HTTP/1.1
User-Agent: selenium/4.1.2 (java windows)
Content-Type: application/json; charset=utf-8
host: localhost:54675
accept: */*

Response DefaultHttpResponse(decodeResult: success, version: HTTP/1.1)
HTTP/1.1 200 OK
Content-Type: application/json; charset=utf-8
cache-control: no-cache
content-length: 14

16:19:15.159 [AsyncHttpClient-1-3] DEBUG org.asynchttpclient.netty.channel.ChannelManager - Adding key: http://localhost:54675 for channel [id: 0xba975e55, L:/127.0.0.1:63873 - R:localhost/127.0.0.1:54675]
16:19:15.839 [AsyncHttpClient-1-1] DEBUG org.asynchttpclient.netty.channel.DefaultChannelPool - Entry count for : http://localhost:63874 : 1
16:19:15.839 [AsyncHttpClient-1-1] DEBUG org.asynchttpclient.netty.channel.DefaultChannelPool - Entry count for : http://localhost:54675 : 1
16:19:15.839 [AsyncHttpClient-1-1] DEBUG org.asynchttpclient.netty.channel.DefaultChannelPool - Adding Candidate expired Channel [id: 0x70783380, L:/127.0.0.1:63880 ! R:localhost/127.0.0.1:63874] isIdleTimeoutExpired=false isRemotelyClosed=true isTtlExpired=false
16:19:15.839 [AsyncHttpClient-1-1] DEBUG org.asynchttpclient.netty.channel.DefaultChannelPool - Closing Idle Channel [id: 0x70783380, L:/127.0.0.1:63880 ! R:localhost/127.0.0.1:63874]
16:19:15.839 [AsyncHttpClient-1-1] DEBUG org.asynchttpclient.netty.channel.DefaultChannelPool - Closed 1 connections out of 2 in 0 ms
16:19:16.174 [AsyncHttpClient-1-3] DEBUG org.asynchttpclient.netty.handler.HttpHandler - Unexpected I/O exception on channel [id: 0xba975e55, L:/127.0.0.1:63873 - R:localhost/127.0.0.1:54675]
java.net.SocketException: Connection reset
	at java.base/sun.nio.ch.SocketChannelImpl.throwConnectionReset(SocketChannelImpl.java:367)
	at java.base/sun.nio.ch.SocketChannelImpl.read(SocketChannelImpl.java:398)
	at io.netty.buffer.PooledByteBuf.setBytes(PooledByteBuf.java:258)
	at io.netty.buffer.AbstractByteBuf.writeBytes(AbstractByteBuf.java:1132)
	at io.netty.channel.socket.nio.NioSocketChannel.doReadBytes(NioSocketChannel.java:350)
	at io.netty.channel.nio.AbstractNioByteChannel$NioByteUnsafe.read(AbstractNioByteChannel.java:151)
	at io.netty.channel.nio.NioEventLoop.processSelectedKey(NioEventLoop.java:722)
	at io.netty.channel.nio.NioEventLoop.processSelectedKeysOptimized(NioEventLoop.java:658)
	at io.netty.channel.nio.NioEventLoop.processSelectedKeys(NioEventLoop.java:584)
	at io.netty.channel.nio.NioEventLoop.run(NioEventLoop.java:496)
	at io.netty.util.concurrent.SingleThreadEventExecutor$4.run(SingleThreadEventExecutor.java:986)
	at io.netty.util.internal.ThreadExecutorMap$2.run(ThreadExecutorMap.java:74)
	at io.netty.util.concurrent.FastThreadLocalRunnable.run(FastThreadLocalRunnable.java:30)
	at java.base/java.lang.Thread.run(Thread.java:832)
16:19:16.174 [AsyncHttpClient-1-3] DEBUG org.asynchttpclient.netty.channel.ChannelManager - Closing Channel [id: 0xba975e55, L:/127.0.0.1:63873 - R:localhost/127.0.0.1:54675] 
16:19:16.175 [AsyncHttpClient-1-3] DEBUG org.asynchttpclient.netty.handler.HttpHandler - Channel Closed: [id: 0xba975e55, L:/127.0.0.1:63873 ! R:localhost/127.0.0.1:54675] with attribute DISCARD
16:19:16.255 [main] INFO  - 
  _____   ___   ___   _____     ___     _     ___   ___   ___   ___  
 |_   _| | __| / __| |_   _|   | _ \   /_\   / __| / __| | __| |   \ 
   | |   | _|  \__ \   | |     |  _/  / _ \  \__ \ \__ \ | _|  | |) |
   |_|   |___| |___/   |_|     |_|   /_/ \_\ |___/ |___/ |___| |___/ 

Transaksi
----------------------------------------------------------------------
]]></system-out>
    <system-err><![CDATA[Starting ChromeDriver 101.0.4951.41 (93c720db8323b3ec10d056025ab95c23a31997c9-refs/branch-heads/4951@{#904}) on port 54675
Only local connections are allowed.
Please see https://chromedriver.chromium.org/security-considerations for suggestions on keeping ChromeDriver safe.
ChromeDriver was started successfully.
May 20, 2022 4:19:09 PM org.openqa.selenium.remote.ProtocolHandshake createSession
INFO: Detected dialect: W3C
May 20, 2022 4:19:09 PM org.openqa.selenium.devtools.CdpVersionFinder findNearestMatch
WARNING: Unable to find an exact match for CDP version 101, so returning the closest version found: 97
May 20, 2022 4:19:09 PM org.openqa.selenium.devtools.CdpVersionFinder findNearestMatch
INFO: Found CDP implementation for version 101 of 97
]]></system-err>
  </testcase>
</testsuite>